<?xml version="1.0" encoding="utf-8"?>
<TestRun id="b04196fc-99a9-4569-a693-f2218536b899" name="namng@RAY 2025-09-07 22:30:01" runUser="RAY\namng" xmlns="http://microsoft.com/schemas/VisualStudio/TeamTest/2010">
  <Times creation="2025-09-07T22:30:01.1713304+07:00" queuing="2025-09-07T22:30:01.1713307+07:00" start="2025-09-07T22:30:00.3752813+07:00" finish="2025-09-07T22:30:01.2930165+07:00" />
  <TestSettings name="default" id="cb7879e1-9795-4339-bf40-f7006f271895">
    <Deployment runDeploymentRoot="namng_RAY_2025-09-07_22_30_01" />
  </TestSettings>
  <Results>
    <UnitTestResult executionId="a135152d-1f44-49bb-9499-46add4441011" testId="ead1bc3c-7c14-6fc6-a76f-e89d49472238" testName="ShopFlow.Domain.Tests.ValueObjects.PhoneNumberTests.Constructor_ValidVietnameseMobileNumbers_ShouldCreatePhoneNumberObject(validPhone: &quot;0934567890&quot;)" computerName="RAY" duration="00:00:00.0006729" startTime="2025-09-07T22:30:01.1110399+07:00" endTime="2025-09-07T22:30:01.1110400+07:00" testType="13cdc9d9-ddb5-4fa4-a97d-d965ccfc6d4b" outcome="Passed" testListId="8c84fa94-04c1-424b-9868-57a2d4851a1d" relativeResultsDirectory="a135152d-1f44-49bb-9499-46add4441011" />
    <UnitTestResult executionId="99726390-f759-41ca-ac56-ac370b5c5cdd" testId="248f57ec-5f34-89a8-48ab-daf2f00d3536" testName="ShopFlow.Domain.Tests.ValueObjects.EmailTests.Constructor_InvalidEmailFormat_ShouldThrowArgumentException(invalidEmail: &quot;test@&quot;)" computerName="RAY" duration="00:00:00.0008225" startTime="2025-09-07T22:30:01.1241114+07:00" endTime="2025-09-07T22:30:01.1241115+07:00" testType="13cdc9d9-ddb5-4fa4-a97d-d965ccfc6d4b" outcome="Passed" testListId="8c84fa94-04c1-424b-9868-57a2d4851a1d" relativeResultsDirectory="99726390-f759-41ca-ac56-ac370b5c5cdd" />
    <UnitTestResult executionId="e668be3d-3d0e-4df5-a121-36d26329a4b5" testId="9eea0cc8-ab11-8963-dec4-4c41687a9a5f" testName="ShopFlow.Domain.Tests.ValueObjects.EmailTests.Constructor_EmptyOrWhitespaceEmail_ShouldThrowArgumentException(invalidEmail: &quot;&quot;)" computerName="RAY" duration="00:00:00.0009162" startTime="2025-09-07T22:30:01.1125183+07:00" endTime="2025-09-07T22:30:01.1125184+07:00" testType="13cdc9d9-ddb5-4fa4-a97d-d965ccfc6d4b" outcome="Passed" testListId="8c84fa94-04c1-424b-9868-57a2d4851a1d" relativeResultsDirectory="e668be3d-3d0e-4df5-a121-36d26329a4b5" />
    <UnitTestResult executionId="7798b97b-5b12-4fbb-b277-92471264fb2a" testId="f70e9f2f-d1ab-315d-3e4d-a27f323a779d" testName="ShopFlow.Domain.Tests.ValueObjects.PhoneNumberTests.Constructor_ValidVietnameseMobileNumbers_ShouldCreatePhoneNumberObject(validPhone: &quot;0912345678&quot;)" computerName="RAY" duration="00:00:00.0005947" startTime="2025-09-07T22:30:01.1124237+07:00" endTime="2025-09-07T22:30:01.1124238+07:00" testType="13cdc9d9-ddb5-4fa4-a97d-d965ccfc6d4b" outcome="Passed" testListId="8c84fa94-04c1-424b-9868-57a2d4851a1d" relativeResultsDirectory="7798b97b-5b12-4fbb-b277-92471264fb2a" />
    <UnitTestResult executionId="b109cf2b-e89f-44c6-9275-4dc0f8b2f25e" testId="785b1a14-4b08-1c34-371f-7c06f3409df8" testName="ShopFlow.Domain.Tests.DomainServices.PricingServiceTests.CalculatePrice_ValidOfferAndQuantity_ShouldReturnCorrectPrice" computerName="RAY" duration="00:00:00.0015292" startTime="2025-09-07T22:30:01.1111139+07:00" endTime="2025-09-07T22:30:01.1111139+07:00" testType="13cdc9d9-ddb5-4fa4-a97d-d965ccfc6d4b" outcome="Passed" testListId="8c84fa94-04c1-424b-9868-57a2d4851a1d" relativeResultsDirectory="b109cf2b-e89f-44c6-9275-4dc0f8b2f25e" />
    <UnitTestResult executionId="42c359fc-ff8c-4347-a25c-0e4d3ccb4632" testId="72003abc-dd77-74ef-7265-34dcb8d39883" testName="ShopFlow.Domain.Tests.Entities.CoreUserTests.Constructor_NullEmail_ShouldThrowException" computerName="RAY" duration="00:00:00.0007386" startTime="2025-09-07T22:30:01.1976751+07:00" endTime="2025-09-07T22:30:01.1976752+07:00" testType="13cdc9d9-ddb5-4fa4-a97d-d965ccfc6d4b" outcome="Passed" testListId="8c84fa94-04c1-424b-9868-57a2d4851a1d" relativeResultsDirectory="42c359fc-ff8c-4347-a25c-0e4d3ccb4632" />
    <UnitTestResult executionId="811a4dba-6c34-4bc3-86a9-43edb9929bea" testId="b81ae511-7191-ccca-2cae-a0f1b8b777fa" testName="ShopFlow.Domain.Tests.Entities.CatProductTests.RemoveCategory_NullCategory_ShouldThrowException" computerName="RAY" duration="00:00:00.0011949" startTime="2025-09-07T22:30:01.1125438+07:00" endTime="2025-09-07T22:30:01.1125438+07:00" testType="13cdc9d9-ddb5-4fa4-a97d-d965ccfc6d4b" outcome="Passed" testListId="8c84fa94-04c1-424b-9868-57a2d4851a1d" relativeResultsDirectory="811a4dba-6c34-4bc3-86a9-43edb9929bea" />
    <UnitTestResult executionId="ee84629d-efee-4586-ac8a-905f6595fe43" testId="44b04f12-35b3-762a-2992-38190e021938" testName="ShopFlow.Domain.Tests.DomainServices.PricingServiceTests.CalculateTax_DifferentCurrency_ShouldPreserveCurrency" computerName="RAY" duration="00:00:00.0006652" startTime="2025-09-07T22:30:01.1117716+07:00" endTime="2025-09-07T22:30:01.1117716+07:00" testType="13cdc9d9-ddb5-4fa4-a97d-d965ccfc6d4b" outcome="Passed" testListId="8c84fa94-04c1-424b-9868-57a2d4851a1d" relativeResultsDirectory="ee84629d-efee-4586-ac8a-905f6595fe43" />
    <UnitTestResult executionId="ef25986c-bb2f-4169-8d4f-0e0560c53fae" testId="0f7ebf89-9abd-4e10-8a52-3e2117395bbb" testName="ShopFlow.Domain.Tests.Entities.CatProductTests.Constructor_VariousReturnDays_ShouldCreateProduct(returnDays: 0)" computerName="RAY" duration="00:00:00.0009666" startTime="2025-09-07T22:30:01.1623035+07:00" endTime="2025-09-07T22:30:01.1623036+07:00" testType="13cdc9d9-ddb5-4fa4-a97d-d965ccfc6d4b" outcome="Passed" testListId="8c84fa94-04c1-424b-9868-57a2d4851a1d" relativeResultsDirectory="ef25986c-bb2f-4169-8d4f-0e0560c53fae" />
    <UnitTestResult executionId="3c512b12-2d64-4cab-b6f6-374c5da97298" testId="3a417501-337f-a7dc-c9b3-bd9f40933236" testName="ShopFlow.Domain.Tests.DomainServices.PricingServiceTests.CalculatePrice_LargeQuantity_ShouldCalculateCorrectly" computerName="RAY" duration="00:00:00.0009206" startTime="2025-09-07T22:30:01.1644734+07:00" endTime="2025-09-07T22:30:01.1644735+07:00" testType="13cdc9d9-ddb5-4fa4-a97d-d965ccfc6d4b" outcome="Passed" testListId="8c84fa94-04c1-424b-9868-57a2d4851a1d" relativeResultsDirectory="3c512b12-2d64-4cab-b6f6-374c5da97298" />
    <UnitTestResult executionId="4b10c826-f261-4f5a-a6e7-8f0bbe64d9d6" testId="c4925a94-1819-a230-7546-6d73996c4d00" testName="ShopFlow.Domain.Tests.Entities.CatProductTests.Constructor_WithoutReturnDays_ShouldCreateProduct" computerName="RAY" duration="00:00:00.0011318" startTime="2025-09-07T22:30:01.1960989+07:00" endTime="2025-09-07T22:30:01.1960989+07:00" testType="13cdc9d9-ddb5-4fa4-a97d-d965ccfc6d4b" outcome="Passed" testListId="8c84fa94-04c1-424b-9868-57a2d4851a1d" relativeResultsDirectory="4b10c826-f261-4f5a-a6e7-8f0bbe64d9d6" />
    <UnitTestResult executionId="c3407321-907f-4eb1-aceb-8baef756a6a0" testId="62d0f97e-bdb8-742a-1a37-f9f69c8ebde5" testName="ShopFlow.Domain.Tests.Entities.CoreUserTests.UpdateEmail_ValidEmail_ShouldUpdateAndResetVerification" computerName="RAY" duration="00:00:00.0010962" startTime="2025-09-07T22:30:01.1934397+07:00" endTime="2025-09-07T22:30:01.1934397+07:00" testType="13cdc9d9-ddb5-4fa4-a97d-d965ccfc6d4b" outcome="Passed" testListId="8c84fa94-04c1-424b-9868-57a2d4851a1d" relativeResultsDirectory="c3407321-907f-4eb1-aceb-8baef756a6a0" />
    <UnitTestResult executionId="58e969eb-e112-43e2-bd4a-5463b3dda64a" testId="81515737-6cbe-6a47-4f3f-90cb2c639187" testName="ShopFlow.Domain.Tests.Entities.CatProductTests.AddCategory_DuplicateCategory_ShouldNotAddDuplicate" computerName="RAY" duration="00:00:00.0013503" startTime="2025-09-07T22:30:01.1745757+07:00" endTime="2025-09-07T22:30:01.1745758+07:00" testType="13cdc9d9-ddb5-4fa4-a97d-d965ccfc6d4b" outcome="Passed" testListId="8c84fa94-04c1-424b-9868-57a2d4851a1d" relativeResultsDirectory="58e969eb-e112-43e2-bd4a-5463b3dda64a" />
    <UnitTestResult executionId="92a14d34-8bf9-4b95-982e-ae7d92ee1f29" testId="6a54b469-f464-6fc4-a151-96e4b314ace6" testName="ShopFlow.Domain.Tests.Entities.CoreUserTests.Carts_ShouldBeReadOnlyCollection" computerName="RAY" duration="00:00:00.0012526" startTime="2025-09-07T22:30:01.1768730+07:00" endTime="2025-09-07T22:30:01.1768731+07:00" testType="13cdc9d9-ddb5-4fa4-a97d-d965ccfc6d4b" outcome="Passed" testListId="8c84fa94-04c1-424b-9868-57a2d4851a1d" relativeResultsDirectory="92a14d34-8bf9-4b95-982e-ae7d92ee1f29" />
    <UnitTestResult executionId="7c768334-1bd7-4cb9-b515-79c58694f78e" testId="d1ebe375-31ed-748d-8bab-b8701181e687" testName="ShopFlow.Domain.Tests.DomainServices.PricingServiceTests.CalculateShippingFee_EmptyOrWhitespaceZone_ShouldThrowArgumentException(invalidZone: &quot;&quot;)" computerName="RAY" duration="00:00:00.0008453" startTime="2025-09-07T22:30:01.1922521+07:00" endTime="2025-09-07T22:30:01.1922521+07:00" testType="13cdc9d9-ddb5-4fa4-a97d-d965ccfc6d4b" outcome="Passed" testListId="8c84fa94-04c1-424b-9868-57a2d4851a1d" relativeResultsDirectory="7c768334-1bd7-4cb9-b515-79c58694f78e" />
    <UnitTestResult executionId="11d0465c-ee50-4106-a5a3-041a3bcbf36e" testId="c1ca7d91-84db-23b8-6457-76b45debd27c" testName="ShopFlow.Domain.Tests.Entities.CoreUserTests.Constructor_ShouldRaiseUserCreatedEvent" computerName="RAY" duration="00:00:00.0027417" startTime="2025-09-07T22:30:01.1923194+07:00" endTime="2025-09-07T22:30:01.1923194+07:00" testType="13cdc9d9-ddb5-4fa4-a97d-d965ccfc6d4b" outcome="Passed" testListId="8c84fa94-04c1-424b-9868-57a2d4851a1d" relativeResultsDirectory="11d0465c-ee50-4106-a5a3-041a3bcbf36e" />
    <UnitTestResult executionId="2cc5ec1f-ad74-4c2f-9e87-a2e1e7f040d7" testId="11b45b42-4656-9a28-325b-0da0ab9cfd18" testName="ShopFlow.Domain.Tests.ValueObjects.PhoneNumberTests.Constructor_PhoneWithSpecialCharacters_ShouldThrowArgumentException(phoneWithSpecialChars: &quot;090-123-4567&quot;)" computerName="RAY" duration="00:00:00.0005280" startTime="2025-09-07T22:30:01.1076461+07:00" endTime="2025-09-07T22:30:01.1076462+07:00" testType="13cdc9d9-ddb5-4fa4-a97d-d965ccfc6d4b" outcome="Passed" testListId="8c84fa94-04c1-424b-9868-57a2d4851a1d" relativeResultsDirectory="2cc5ec1f-ad74-4c2f-9e87-a2e1e7f040d7" />
    <UnitTestResult executionId="dae42d60-ca20-4943-9842-51bf950e7b0c" testId="5c0c022d-493c-efab-4147-6e2c222772cc" testName="ShopFlow.Domain.Tests.Entities.CatProductTests.CanBeOrdered_ActiveProductWithMixedSkus_ShouldReturnTrue" computerName="RAY" duration="00:00:00.0040640" startTime="2025-09-07T22:30:01.1933250+07:00" endTime="2025-09-07T22:30:01.1933251+07:00" testType="13cdc9d9-ddb5-4fa4-a97d-d965ccfc6d4b" outcome="Passed" testListId="8c84fa94-04c1-424b-9868-57a2d4851a1d" relativeResultsDirectory="dae42d60-ca20-4943-9842-51bf950e7b0c" />
    <UnitTestResult executionId="2e71a03d-1015-40f5-9eaf-53ba3daacabe" testId="664a11bb-263b-b948-def2-1f93d0ce21ce" testName="ShopFlow.Domain.Tests.Entities.CoreUserTests.Constructor_NullPasswordHash_ShouldThrowException" computerName="RAY" duration="00:00:00.0011624" startTime="2025-09-07T22:30:01.1943033+07:00" endTime="2025-09-07T22:30:01.1943034+07:00" testType="13cdc9d9-ddb5-4fa4-a97d-d965ccfc6d4b" outcome="Passed" testListId="8c84fa94-04c1-424b-9868-57a2d4851a1d" relativeResultsDirectory="2e71a03d-1015-40f5-9eaf-53ba3daacabe" />
    <UnitTestResult executionId="c513a7a9-e140-4945-b14d-a6e9fe091395" testId="5f838a5e-c0df-3c26-8ac8-40ca255252a8" testName="ShopFlow.Domain.Tests.DomainServices.PricingServiceTests.CalculateTax_ZeroAmount_ShouldReturnZeroTax" computerName="RAY" duration="00:00:00.0010994" startTime="2025-09-07T22:30:01.1936052+07:00" endTime="2025-09-07T22:30:01.1936052+07:00" testType="13cdc9d9-ddb5-4fa4-a97d-d965ccfc6d4b" outcome="Passed" testListId="8c84fa94-04c1-424b-9868-57a2d4851a1d" relativeResultsDirectory="c513a7a9-e140-4945-b14d-a6e9fe091395" />
    <UnitTestResult executionId="76d5455f-6473-4597-9653-dbf41b4e8b49" testId="ab909d33-ead0-f510-62f7-b4c213c46540" testName="ShopFlow.Domain.Tests.DomainServices.PricingServiceTests.ApplyDiscount_ZeroPercentage_ShouldReturnOriginalAmount" computerName="RAY" duration="00:00:00.0032900" startTime="2025-09-07T22:30:01.1658366+07:00" endTime="2025-09-07T22:30:01.1658366+07:00" testType="13cdc9d9-ddb5-4fa4-a97d-d965ccfc6d4b" outcome="Passed" testListId="8c84fa94-04c1-424b-9868-57a2d4851a1d" relativeResultsDirectory="76d5455f-6473-4597-9653-dbf41b4e8b49" />
    <UnitTestResult executionId="092d3fe3-cba6-44fe-83a8-b60ff6640b1c" testId="2ab3f4e7-4e06-e1e2-18fb-fe5c54676536" testName="ShopFlow.Domain.Tests.Entities.CatProductTests.Discontinue_AnyProduct_ShouldDiscontinueProduct" computerName="RAY" duration="00:00:00.0009858" startTime="2025-09-07T22:30:01.1921976+07:00" endTime="2025-09-07T22:30:01.1921976+07:00" testType="13cdc9d9-ddb5-4fa4-a97d-d965ccfc6d4b" outcome="Passed" testListId="8c84fa94-04c1-424b-9868-57a2d4851a1d" relativeResultsDirectory="092d3fe3-cba6-44fe-83a8-b60ff6640b1c" />
    <UnitTestResult executionId="892713c2-a58a-4378-88b7-0e5865af8eb8" testId="b9ac74c5-e41c-24a8-afc4-b8890807d9ca" testName="ShopFlow.Domain.Tests.DomainServices.PricingServiceTests.CalculatePrice_DecimalPrice_ShouldCalculateCorrectly" computerName="RAY" duration="00:00:00.0520161" startTime="2025-09-07T22:30:01.0506296+07:00" endTime="2025-09-07T22:30:01.0506296+07:00" testType="13cdc9d9-ddb5-4fa4-a97d-d965ccfc6d4b" outcome="Passed" testListId="8c84fa94-04c1-424b-9868-57a2d4851a1d" relativeResultsDirectory="892713c2-a58a-4378-88b7-0e5865af8eb8" />
    <UnitTestResult executionId="34b964bc-38ac-4d7f-8868-022010e2b1c4" testId="49df7065-5f98-eeef-fb6c-62a85dcfa6bd" testName="ShopFlow.Domain.Tests.ValueObjects.MoneyTests.Division_WithZeroDivisor_ShouldThrowDivideByZeroException" computerName="RAY" duration="00:00:00.0009587" startTime="2025-09-07T22:30:01.1258103+07:00" endTime="2025-09-07T22:30:01.1258104+07:00" testType="13cdc9d9-ddb5-4fa4-a97d-d965ccfc6d4b" outcome="Passed" testListId="8c84fa94-04c1-424b-9868-57a2d4851a1d" relativeResultsDirectory="34b964bc-38ac-4d7f-8868-022010e2b1c4" />
    <UnitTestResult executionId="3394d0a3-62ef-4f53-9093-f4083fbf30ef" testId="428052d8-7882-dd77-29a9-baaef9dda7cb" testName="ShopFlow.Domain.Tests.DomainServices.PricingServiceTests.CalculateShippingFee_ValidInputs_ShouldCalculateCorrectly" computerName="RAY" duration="00:00:00.0012263" startTime="2025-09-07T22:30:01.1124567+07:00" endTime="2025-09-07T22:30:01.1124568+07:00" testType="13cdc9d9-ddb5-4fa4-a97d-d965ccfc6d4b" outcome="Passed" testListId="8c84fa94-04c1-424b-9868-57a2d4851a1d" relativeResultsDirectory="3394d0a3-62ef-4f53-9093-f4083fbf30ef" />
    <UnitTestResult executionId="e1e95952-a5f3-4651-8302-01c28b62fad0" testId="d9fd218d-a39e-f63b-4bdf-e6b60408c1f6" testName="ShopFlow.Domain.Tests.ValueObjects.EmailTests.Equals_DifferentEmailValues_ShouldReturnFalse" computerName="RAY" duration="00:00:00.0008555" startTime="2025-09-07T22:30:01.1622570+07:00" endTime="2025-09-07T22:30:01.1622570+07:00" testType="13cdc9d9-ddb5-4fa4-a97d-d965ccfc6d4b" outcome="Passed" testListId="8c84fa94-04c1-424b-9868-57a2d4851a1d" relativeResultsDirectory="e1e95952-a5f3-4651-8302-01c28b62fad0" />
    <UnitTestResult executionId="03d3cdf4-cbaf-4d15-a27e-cd8185002b07" testId="d2743171-1c43-3951-f79f-92abb08a800c" testName="ShopFlow.Domain.Tests.ValueObjects.PhoneNumberTests.Constructor_PhoneStartingWith84_ShouldRemoveCountryCode" computerName="RAY" duration="00:00:00.0009992" startTime="2025-09-07T22:30:01.1233459+07:00" endTime="2025-09-07T22:30:01.1233459+07:00" testType="13cdc9d9-ddb5-4fa4-a97d-d965ccfc6d4b" outcome="Passed" testListId="8c84fa94-04c1-424b-9868-57a2d4851a1d" relativeResultsDirectory="03d3cdf4-cbaf-4d15-a27e-cd8185002b07" />
    <UnitTestResult executionId="137f6dd0-dc5e-4413-a65c-ce5bc605f926" testId="6c899109-2aa0-7921-8c18-7b097807c0f4" testName="ShopFlow.Domain.Tests.Entities.CatProductTests.Activate_InactiveProduct_ShouldActivateProduct" computerName="RAY" duration="00:00:00.0011513" startTime="2025-09-07T22:30:01.1182490+07:00" endTime="2025-09-07T22:30:01.1182490+07:00" testType="13cdc9d9-ddb5-4fa4-a97d-d965ccfc6d4b" outcome="Passed" testListId="8c84fa94-04c1-424b-9868-57a2d4851a1d" relativeResultsDirectory="137f6dd0-dc5e-4413-a65c-ce5bc605f926" />
    <UnitTestResult executionId="4c60f755-f37e-48ab-9a07-64e25b2282b2" testId="b5932fcb-4c37-0441-b5e6-68bc6dd6051d" testName="ShopFlow.Domain.Tests.ValueObjects.MoneyTests.Constructor_ValidAmountAndCurrency_ShouldCreateMoneyObject" computerName="RAY" duration="00:00:00.0009336" startTime="2025-09-07T22:30:01.1206863+07:00" endTime="2025-09-07T22:30:01.1206864+07:00" testType="13cdc9d9-ddb5-4fa4-a97d-d965ccfc6d4b" outcome="Passed" testListId="8c84fa94-04c1-424b-9868-57a2d4851a1d" relativeResultsDirectory="4c60f755-f37e-48ab-9a07-64e25b2282b2" />
    <UnitTestResult executionId="285d4770-715b-40f1-a2c6-0c0e6a046758" testId="f8a95b44-1e62-0c8d-8e35-4976fa7a3784" testName="ShopFlow.Domain.Tests.DomainServices.PricingServiceTests.ApplyDiscount_InvalidDiscountPercentage_ShouldThrowArgumentException(invalidPercentage: -0,1)" computerName="RAY" duration="00:00:00.0011785" startTime="2025-09-07T22:30:01.1075339+07:00" endTime="2025-09-07T22:30:01.1075340+07:00" testType="13cdc9d9-ddb5-4fa4-a97d-d965ccfc6d4b" outcome="Passed" testListId="8c84fa94-04c1-424b-9868-57a2d4851a1d" relativeResultsDirectory="285d4770-715b-40f1-a2c6-0c0e6a046758" />
    <UnitTestResult executionId="86b38d04-5984-4937-ab67-79c0986a26eb" testId="63651d06-1619-fbbe-968a-0eb5a0b314f2" testName="ShopFlow.Domain.Tests.DomainServices.PricingServiceTests.CalculateTax_PrecisionCalculation_ShouldMaintainAccuracy" computerName="RAY" duration="00:00:00.0038521" startTime="2025-09-07T22:30:01.1265174+07:00" endTime="2025-09-07T22:30:01.1265174+07:00" testType="13cdc9d9-ddb5-4fa4-a97d-d965ccfc6d4b" outcome="Passed" testListId="8c84fa94-04c1-424b-9868-57a2d4851a1d" relativeResultsDirectory="86b38d04-5984-4937-ab67-79c0986a26eb" />
    <UnitTestResult executionId="8d72d136-ef91-47e3-8c2c-0b6b4209f019" testId="b251b759-b56c-2c15-d53e-79277be353c5" testName="ShopFlow.Domain.Tests.Entities.CoreUserTests.Constructor_WithoutPhone_ShouldCreateUser" computerName="RAY" duration="00:00:00.0011820" startTime="2025-09-07T22:30:01.1747090+07:00" endTime="2025-09-07T22:30:01.1747090+07:00" testType="13cdc9d9-ddb5-4fa4-a97d-d965ccfc6d4b" outcome="Passed" testListId="8c84fa94-04c1-424b-9868-57a2d4851a1d" relativeResultsDirectory="8d72d136-ef91-47e3-8c2c-0b6b4209f019" />
    <UnitTestResult executionId="c44e86a9-87d6-49c1-afde-ea32273b5d96" testId="e0c28ef0-a292-b8a1-93a9-7d23a9e30c04" testName="ShopFlow.Domain.Tests.Entities.CoreUserTests.AddAddress_NullAddress_ShouldThrowException" computerName="RAY" duration="00:00:00.0007469" startTime="2025-09-07T22:30:01.1642991+07:00" endTime="2025-09-07T22:30:01.1642992+07:00" testType="13cdc9d9-ddb5-4fa4-a97d-d965ccfc6d4b" outcome="Passed" testListId="8c84fa94-04c1-424b-9868-57a2d4851a1d" relativeResultsDirectory="c44e86a9-87d6-49c1-afde-ea32273b5d96" />
    <UnitTestResult executionId="5d64dcd3-a11d-424f-be5a-2b5dff9276f0" testId="20fc2039-6aa7-3901-68f2-3b205d538d7e" testName="ShopFlow.Domain.Tests.Entities.CoreUserTests.Orders_ShouldBeReadOnlyCollection" computerName="RAY" duration="00:00:00.0030203" startTime="2025-09-07T22:30:01.1231841+07:00" endTime="2025-09-07T22:30:01.1231843+07:00" testType="13cdc9d9-ddb5-4fa4-a97d-d965ccfc6d4b" outcome="Passed" testListId="8c84fa94-04c1-424b-9868-57a2d4851a1d" relativeResultsDirectory="5d64dcd3-a11d-424f-be5a-2b5dff9276f0" />
    <UnitTestResult executionId="bd870506-5e1f-4dc6-9eae-dd5d5e862466" testId="51c1ab4e-5980-a7ad-9af4-2fa0c6fa0da9" testName="ShopFlow.Domain.Tests.ValueObjects.MoneyTests.Equals_DifferentAmountSameCurrency_ShouldReturnFalse" computerName="RAY" duration="00:00:00.0011717" startTime="2025-09-07T22:30:01.1110284+07:00" endTime="2025-09-07T22:30:01.1110285+07:00" testType="13cdc9d9-ddb5-4fa4-a97d-d965ccfc6d4b" outcome="Passed" testListId="8c84fa94-04c1-424b-9868-57a2d4851a1d" relativeResultsDirectory="bd870506-5e1f-4dc6-9eae-dd5d5e862466" />
    <UnitTestResult executionId="ccffa884-afaa-451f-9fb5-c8e4b3f7f284" testId="12faf06f-7b3a-0d21-8d57-e2f456bf19e9" testName="ShopFlow.Domain.Tests.DomainServices.PricingServiceTests.CalculateTax_NullAmount_ShouldThrowArgumentNullException" computerName="RAY" duration="00:00:00.0008767" startTime="2025-09-07T22:30:01.1747613+07:00" endTime="2025-09-07T22:30:01.1747613+07:00" testType="13cdc9d9-ddb5-4fa4-a97d-d965ccfc6d4b" outcome="Passed" testListId="8c84fa94-04c1-424b-9868-57a2d4851a1d" relativeResultsDirectory="ccffa884-afaa-451f-9fb5-c8e4b3f7f284" />
    <UnitTestResult executionId="8708c2cd-f107-4584-9635-a0b7fcd6c601" testId="d6c734e5-b549-cf04-a0df-7c0345645822" testName="ShopFlow.Domain.Tests.ValueObjects.EmailTests.Constructor_NullEmail_ShouldThrowArgumentException" computerName="RAY" duration="00:00:00.0011354" startTime="2025-09-07T22:30:01.1736725+07:00" endTime="2025-09-07T22:30:01.1736726+07:00" testType="13cdc9d9-ddb5-4fa4-a97d-d965ccfc6d4b" outcome="Passed" testListId="8c84fa94-04c1-424b-9868-57a2d4851a1d" relativeResultsDirectory="8708c2cd-f107-4584-9635-a0b7fcd6c601" />
    <UnitTestResult executionId="763dc8a6-03b7-4af9-8bca-6a9e1321ffc6" testId="2ee18862-4e71-c5e0-efd4-9ebc5c202d61" testName="ShopFlow.Domain.Tests.ValueObjects.EmailTests.Constructor_InvalidEmailFormat_ShouldThrowArgumentException(invalidEmail: &quot;invalid-email&quot;)" computerName="RAY" duration="00:00:00.0009087" startTime="2025-09-07T22:30:01.1207491+07:00" endTime="2025-09-07T22:30:01.1207492+07:00" testType="13cdc9d9-ddb5-4fa4-a97d-d965ccfc6d4b" outcome="Passed" testListId="8c84fa94-04c1-424b-9868-57a2d4851a1d" relativeResultsDirectory="763dc8a6-03b7-4af9-8bca-6a9e1321ffc6" />
    <UnitTestResult executionId="9db3360c-6e39-4c91-a114-a8d5e8db9706" testId="0102d947-d787-64d1-35c9-a375adad05b5" testName="ShopFlow.Domain.Tests.Entities.CatProductTests.Constructor_ValidParameters_ShouldCreateProduct" computerName="RAY" duration="00:00:00.0133190" startTime="2025-09-07T22:30:01.1232953+07:00" endTime="2025-09-07T22:30:01.1232954+07:00" testType="13cdc9d9-ddb5-4fa4-a97d-d965ccfc6d4b" outcome="Passed" testListId="8c84fa94-04c1-424b-9868-57a2d4851a1d" relativeResultsDirectory="9db3360c-6e39-4c91-a114-a8d5e8db9706" />
    <UnitTestResult executionId="7c1e563d-7666-4641-8a2c-f6a5743fa7da" testId="5281dede-359e-b0e8-173a-911308f45a74" testName="ShopFlow.Domain.Tests.DomainServices.PricingServiceTests.CalculatePrice_ZeroOrNegativeQuantity_ShouldThrowArgumentException(invalidQuantity: -10)" computerName="RAY" duration="00:00:00.0010661" startTime="2025-09-07T22:30:01.1225753+07:00" endTime="2025-09-07T22:30:01.1225754+07:00" testType="13cdc9d9-ddb5-4fa4-a97d-d965ccfc6d4b" outcome="Passed" testListId="8c84fa94-04c1-424b-9868-57a2d4851a1d" relativeResultsDirectory="7c1e563d-7666-4641-8a2c-f6a5743fa7da" />
    <UnitTestResult executionId="a2566de4-ce8a-4e6b-aedc-5525b0c4fd38" testId="de5a8ad5-4a44-36d9-37cc-26d95dca0320" testName="ShopFlow.Domain.Tests.DomainServices.PricingServiceTests.CalculateTotal_PrecisionCalculation_ShouldMaintainAccuracy" computerName="RAY" duration="00:00:00.0011985" startTime="2025-09-07T22:30:01.1960508+07:00" endTime="2025-09-07T22:30:01.1960509+07:00" testType="13cdc9d9-ddb5-4fa4-a97d-d965ccfc6d4b" outcome="Passed" testListId="8c84fa94-04c1-424b-9868-57a2d4851a1d" relativeResultsDirectory="a2566de4-ce8a-4e6b-aedc-5525b0c4fd38" />
    <UnitTestResult executionId="a2dcc986-18cc-43a9-9142-95841114ecd1" testId="976871b9-e3e5-b6a8-f973-545d05bc9da4" testName="ShopFlow.Domain.Tests.Entities.CatProductTests.UpdateReturnDays_ValidDays_ShouldUpdateReturnDays" computerName="RAY" duration="00:00:00.0007899" startTime="2025-09-07T22:30:01.1970611+07:00" endTime="2025-09-07T22:30:01.1970612+07:00" testType="13cdc9d9-ddb5-4fa4-a97d-d965ccfc6d4b" outcome="Passed" testListId="8c84fa94-04c1-424b-9868-57a2d4851a1d" relativeResultsDirectory="a2dcc986-18cc-43a9-9142-95841114ecd1" />
    <UnitTestResult executionId="7ff66789-667d-445d-8b08-42b35fb5a244" testId="76ae6fe4-721b-3385-a9d0-3b8d1c2dc22b" testName="ShopFlow.Domain.Tests.ValueObjects.PhoneNumberTests.Constructor_ValidVietnamesePhone_ShouldCreatePhoneNumberObject(input: &quot;+84901234567&quot;, expected: &quot;901234567&quot;)" computerName="RAY" duration="00:00:00.0091662" startTime="2025-09-07T22:30:01.1214489+07:00" endTime="2025-09-07T22:30:01.1214490+07:00" testType="13cdc9d9-ddb5-4fa4-a97d-d965ccfc6d4b" outcome="Passed" testListId="8c84fa94-04c1-424b-9868-57a2d4851a1d" relativeResultsDirectory="7ff66789-667d-445d-8b08-42b35fb5a244" />
    <UnitTestResult executionId="5f3f333d-795d-4575-9601-330c6eea70c9" testId="c5689617-157b-3e95-d758-adc4ba7b1d41" testName="ShopFlow.Domain.Tests.Entities.CoreUserTests.IsActive_ActiveUser_ShouldReturnTrue" computerName="RAY" duration="00:00:00.0010073" startTime="2025-09-07T22:30:01.1950828+07:00" endTime="2025-09-07T22:30:01.1950828+07:00" testType="13cdc9d9-ddb5-4fa4-a97d-d965ccfc6d4b" outcome="Passed" testListId="8c84fa94-04c1-424b-9868-57a2d4851a1d" relativeResultsDirectory="5f3f333d-795d-4575-9601-330c6eea70c9" />
    <UnitTestResult executionId="6857ab3b-0491-45a2-9316-c570919c09a6" testId="6ec194a5-8a4d-463b-e43a-5172b9278b6b" testName="ShopFlow.Domain.Tests.DomainServices.PricingServiceTests.IsValidPrice_ValidPrices_ShouldReturnTrue(validAmount: 100)" computerName="RAY" duration="00:00:00.0090176" startTime="2025-09-07T22:30:01.1215541+07:00" endTime="2025-09-07T22:30:01.1215541+07:00" testType="13cdc9d9-ddb5-4fa4-a97d-d965ccfc6d4b" outcome="Passed" testListId="8c84fa94-04c1-424b-9868-57a2d4851a1d" relativeResultsDirectory="6857ab3b-0491-45a2-9316-c570919c09a6" />
    <UnitTestResult executionId="b340fae5-65a9-4ec7-a5ed-3b5b10daf873" testId="b9f31684-cce6-a2d3-b7ad-6e5a6fd7a8d9" testName="ShopFlow.Domain.Tests.DomainServices.PricingServiceTests.ApplyDiscount_MaximumPercentage_ShouldReturnZero" computerName="RAY" duration="00:00:00.0010515" startTime="2025-09-07T22:30:01.1256805+07:00" endTime="2025-09-07T22:30:01.1256805+07:00" testType="13cdc9d9-ddb5-4fa4-a97d-d965ccfc6d4b" outcome="Passed" testListId="8c84fa94-04c1-424b-9868-57a2d4851a1d" relativeResultsDirectory="b340fae5-65a9-4ec7-a5ed-3b5b10daf873" />
    <UnitTestResult executionId="c8a4b2da-909d-4836-a3d8-f6b8d923eed6" testId="b820a673-3374-0a5f-6c59-d079c6861030" testName="ShopFlow.Domain.Tests.DomainServices.PricingServiceTests.CalculatePrice_ZeroPrice_ShouldReturnZero" computerName="RAY" duration="00:00:00.0009631" startTime="2025-09-07T22:30:01.1622000+07:00" endTime="2025-09-07T22:30:01.1622001+07:00" testType="13cdc9d9-ddb5-4fa4-a97d-d965ccfc6d4b" outcome="Passed" testListId="8c84fa94-04c1-424b-9868-57a2d4851a1d" relativeResultsDirectory="c8a4b2da-909d-4836-a3d8-f6b8d923eed6" />
    <UnitTestResult executionId="5a4dc411-da24-431b-92c5-6dba23de9aaf" testId="5965bb70-4daa-f3cd-c616-6f2ec7a907dd" testName="ShopFlow.Domain.Tests.Entities.CoreUserTests.HasRole_ExistingRole_ShouldReturnTrue" computerName="RAY" duration="00:00:00.0009891" startTime="2025-09-07T22:30:01.1629134+07:00" endTime="2025-09-07T22:30:01.1629135+07:00" testType="13cdc9d9-ddb5-4fa4-a97d-d965ccfc6d4b" outcome="Passed" testListId="8c84fa94-04c1-424b-9868-57a2d4851a1d" relativeResultsDirectory="5a4dc411-da24-431b-92c5-6dba23de9aaf" />
    <UnitTestResult executionId="17e0aa8c-ac2c-42a2-a1ba-e365bca1910b" testId="98fe0b63-37cb-8f2b-8b06-b4fc7066141c" testName="ShopFlow.Domain.Tests.DomainServices.PricingServiceTests.ApplyDiscount_PrecisionCalculation_ShouldMaintainAccuracy" computerName="RAY" duration="00:00:00.0007646" startTime="2025-09-07T22:30:01.1755088+07:00" endTime="2025-09-07T22:30:01.1755088+07:00" testType="13cdc9d9-ddb5-4fa4-a97d-d965ccfc6d4b" outcome="Passed" testListId="8c84fa94-04c1-424b-9868-57a2d4851a1d" relativeResultsDirectory="17e0aa8c-ac2c-42a2-a1ba-e365bca1910b" />
    <UnitTestResult executionId="a1839b08-fc54-4141-af25-e49438f5a859" testId="1ddcdaa1-7424-efd4-e8cf-fbe6c1da9826" testName="ShopFlow.Domain.Tests.ValueObjects.MoneyTests.Constructor_EmptyOrWhitespaceCurrency_ShouldThrowArgumentException(invalidCurrency: &quot;&quot;)" computerName="RAY" duration="00:00:00.0514334" startTime="2025-09-07T22:30:01.0506384+07:00" endTime="2025-09-07T22:30:01.0506385+07:00" testType="13cdc9d9-ddb5-4fa4-a97d-d965ccfc6d4b" outcome="Passed" testListId="8c84fa94-04c1-424b-9868-57a2d4851a1d" relativeResultsDirectory="a1839b08-fc54-4141-af25-e49438f5a859" />
    <UnitTestResult executionId="d4029c44-a579-4efb-b697-467453f2243a" testId="d4d1e0fb-3a0f-5262-fdf5-bb0908ed430a" testName="ShopFlow.Domain.Tests.ValueObjects.MoneyTests.Addition_DifferentCurrency_ShouldThrowInvalidOperationException" computerName="RAY" duration="00:00:00.0011813" startTime="2025-09-07T22:30:01.1216469+07:00" endTime="2025-09-07T22:30:01.1216469+07:00" testType="13cdc9d9-ddb5-4fa4-a97d-d965ccfc6d4b" outcome="Passed" testListId="8c84fa94-04c1-424b-9868-57a2d4851a1d" relativeResultsDirectory="d4029c44-a579-4efb-b697-467453f2243a" />
    <UnitTestResult executionId="a1923603-3f55-4e41-b7dd-2c8efcd30da7" testId="b119e76e-e18b-e606-8a28-bb0f028f0c29" testName="ShopFlow.Domain.Tests.ValueObjects.EmailTests.Constructor_ValidEmail_ShouldCreateEmailObject" computerName="RAY" duration="00:00:00.0036870" startTime="2025-09-07T22:30:01.1139025+07:00" endTime="2025-09-07T22:30:01.1139025+07:00" testType="13cdc9d9-ddb5-4fa4-a97d-d965ccfc6d4b" outcome="Passed" testListId="8c84fa94-04c1-424b-9868-57a2d4851a1d" relativeResultsDirectory="a1923603-3f55-4e41-b7dd-2c8efcd30da7" />
    <UnitTestResult executionId="f9f8192f-c0aa-4c31-b0ee-b3c8bc1b11b6" testId="61017103-881a-2e18-0f8b-b2f7f3239faa" testName="ShopFlow.Domain.Tests.Entities.CatProductTests.AddCategory_MultipleCategories_ShouldAddAllCategories" computerName="RAY" duration="00:00:00.0636610" startTime="2025-09-07T22:30:01.1104946+07:00" endTime="2025-09-07T22:30:01.1104947+07:00" testType="13cdc9d9-ddb5-4fa4-a97d-d965ccfc6d4b" outcome="Passed" testListId="8c84fa94-04c1-424b-9868-57a2d4851a1d" relativeResultsDirectory="f9f8192f-c0aa-4c31-b0ee-b3c8bc1b11b6" />
    <UnitTestResult executionId="5ccc1a43-de9a-4201-b163-1698c09963eb" testId="cd56bb72-ee08-febd-4e16-288868200a20" testName="ShopFlow.Domain.Tests.ValueObjects.EmailTests.Constructor_EmailWithUpperCase_ShouldNormalizeToLowerCase" computerName="RAY" duration="00:00:00.0006250" startTime="2025-09-07T22:30:01.1199566+07:00" endTime="2025-09-07T22:30:01.1199567+07:00" testType="13cdc9d9-ddb5-4fa4-a97d-d965ccfc6d4b" outcome="Passed" testListId="8c84fa94-04c1-424b-9868-57a2d4851a1d" relativeResultsDirectory="5ccc1a43-de9a-4201-b163-1698c09963eb" />
    <UnitTestResult executionId="0fe0f959-2a7f-4510-acc4-19fd178a5d33" testId="d669172f-1bef-cf95-b351-7843af45b606" testName="ShopFlow.Domain.Tests.Entities.CatProductTests.Reviews_ShouldBeReadOnlyCollection" computerName="RAY" duration="00:00:00.0009940" startTime="2025-09-07T22:30:01.1920468+07:00" endTime="2025-09-07T22:30:01.1920469+07:00" testType="13cdc9d9-ddb5-4fa4-a97d-d965ccfc6d4b" outcome="Passed" testListId="8c84fa94-04c1-424b-9868-57a2d4851a1d" relativeResultsDirectory="0fe0f959-2a7f-4510-acc4-19fd178a5d33" />
    <UnitTestResult executionId="f4e2bdaf-2760-40e0-abc4-6d9bd894093a" testId="f8a8970a-390d-63e3-5fd4-4750485b34dc" testName="ShopFlow.Domain.Tests.Entities.CoreUserTests.Suspend_ActiveUser_ShouldSuspendUser" computerName="RAY" duration="00:00:00.0010735" startTime="2025-09-07T22:30:01.1778130+07:00" endTime="2025-09-07T22:30:01.1778131+07:00" testType="13cdc9d9-ddb5-4fa4-a97d-d965ccfc6d4b" outcome="Passed" testListId="8c84fa94-04c1-424b-9868-57a2d4851a1d" relativeResultsDirectory="f4e2bdaf-2760-40e0-abc4-6d9bd894093a" />
    <UnitTestResult executionId="e4a7c71a-c840-4cd2-a833-02c0afa71437" testId="b6922195-efc4-83b1-0ba3-9fa16eb58963" testName="ShopFlow.Domain.Tests.Entities.CatProductTests.IsActive_NonActiveProduct_ShouldReturnFalse(status: Inactive)" computerName="RAY" duration="00:00:00.0006971" startTime="2025-09-07T22:30:01.1754652+07:00" endTime="2025-09-07T22:30:01.1754653+07:00" testType="13cdc9d9-ddb5-4fa4-a97d-d965ccfc6d4b" outcome="Passed" testListId="8c84fa94-04c1-424b-9868-57a2d4851a1d" relativeResultsDirectory="e4a7c71a-c840-4cd2-a833-02c0afa71437" />
    <UnitTestResult executionId="e5fefa84-9063-4371-9f1b-578827a22fbb" testId="175bd445-b191-2e96-d71a-7eeb182b0517" testName="ShopFlow.Domain.Tests.Entities.CoreUserTests.IsActive_NonActiveUser_ShouldReturnFalse(status: Suspended)" computerName="RAY" duration="00:00:00.0011401" startTime="2025-09-07T22:30:01.1737125+07:00" endTime="2025-09-07T22:30:01.1737125+07:00" testType="13cdc9d9-ddb5-4fa4-a97d-d965ccfc6d4b" outcome="Passed" testListId="8c84fa94-04c1-424b-9868-57a2d4851a1d" relativeResultsDirectory="e5fefa84-9063-4371-9f1b-578827a22fbb" />
    <UnitTestResult executionId="54d4657d-6bfd-4e4e-ba4b-eb8cb0546dd7" testId="3e5c8ef4-df1a-7767-0819-2ea5ae25d0f6" testName="ShopFlow.Domain.Tests.ValueObjects.PhoneNumberTests.Constructor_InvalidPhoneFormat_ShouldThrowArgumentException(invalidPhone: &quot;123&quot;)" computerName="RAY" duration="00:00:00.0040142" startTime="2025-09-07T22:30:01.1139421+07:00" endTime="2025-09-07T22:30:01.1139421+07:00" testType="13cdc9d9-ddb5-4fa4-a97d-d965ccfc6d4b" outcome="Passed" testListId="8c84fa94-04c1-424b-9868-57a2d4851a1d" relativeResultsDirectory="54d4657d-6bfd-4e4e-ba4b-eb8cb0546dd7" />
    <UnitTestResult executionId="48d132da-4d08-4591-85fd-ad2acd1ec67b" testId="a10b48e5-7ad3-87ce-3932-dfdd067f76e1" testName="ShopFlow.Domain.Tests.DomainServices.PricingServiceTests.CalculateShippingFee_DifferentCurrency_ShouldMaintainCurrency" computerName="RAY" duration="00:00:00.0008238" startTime="2025-09-07T22:30:01.1760580+07:00" endTime="2025-09-07T22:30:01.1760581+07:00" testType="13cdc9d9-ddb5-4fa4-a97d-d965ccfc6d4b" outcome="Passed" testListId="8c84fa94-04c1-424b-9868-57a2d4851a1d" relativeResultsDirectory="48d132da-4d08-4591-85fd-ad2acd1ec67b" />
    <UnitTestResult executionId="2eeedc7c-0cb7-49cd-be3c-daf61ebcacfc" testId="9275c802-bced-7974-15f3-5b71d5853b7a" testName="ShopFlow.Domain.Tests.ValueObjects.MoneyTests.Constructor_ZeroAmount_ShouldCreateValidMoneyObject" computerName="RAY" duration="00:00:00.0090667" startTime="2025-09-07T22:30:01.1214182+07:00" endTime="2025-09-07T22:30:01.1214183+07:00" testType="13cdc9d9-ddb5-4fa4-a97d-d965ccfc6d4b" outcome="Passed" testListId="8c84fa94-04c1-424b-9868-57a2d4851a1d" relativeResultsDirectory="2eeedc7c-0cb7-49cd-be3c-daf61ebcacfc" />
    <UnitTestResult executionId="fa3c59e7-1cd9-48e1-8998-3d3b1f38d1c4" testId="e9e9b3eb-0aa1-4a7d-e0f7-9c306dafa9a5" testName="ShopFlow.Domain.Tests.Entities.CoreUserTests.AddRole_ValidUserRole_ShouldAddRole" computerName="RAY" duration="00:00:00.0013588" startTime="2025-09-07T22:30:01.1753109+07:00" endTime="2025-09-07T22:30:01.1753110+07:00" testType="13cdc9d9-ddb5-4fa4-a97d-d965ccfc6d4b" outcome="Passed" testListId="8c84fa94-04c1-424b-9868-57a2d4851a1d" relativeResultsDirectory="fa3c59e7-1cd9-48e1-8998-3d3b1f38d1c4" />
    <UnitTestResult executionId="ff0602b0-0372-497e-8497-00ec1a05d698" testId="8c26801c-2a75-5ae3-cbf7-adc0bc316ab0" testName="ShopFlow.Domain.Tests.Entities.CatProductTests.UpdateReturnDays_ZeroDays_ShouldUpdateReturnDays" computerName="RAY" duration="00:00:00.0010423" startTime="2025-09-07T22:30:01.1950593+07:00" endTime="2025-09-07T22:30:01.1950594+07:00" testType="13cdc9d9-ddb5-4fa4-a97d-d965ccfc6d4b" outcome="Passed" testListId="8c84fa94-04c1-424b-9868-57a2d4851a1d" relativeResultsDirectory="ff0602b0-0372-497e-8497-00ec1a05d698" />
    <UnitTestResult executionId="0d72f874-36e0-41d1-b338-3e983cf4abfe" testId="af9f2b58-c460-7c46-7be3-493eb54312c4" testName="ShopFlow.Domain.Tests.Entities.CatProductTests.Categories_ShouldBeReadOnlyCollection" computerName="RAY" duration="00:00:00.0012335" startTime="2025-09-07T22:30:01.1737618+07:00" endTime="2025-09-07T22:30:01.1737619+07:00" testType="13cdc9d9-ddb5-4fa4-a97d-d965ccfc6d4b" outcome="Passed" testListId="8c84fa94-04c1-424b-9868-57a2d4851a1d" relativeResultsDirectory="0d72f874-36e0-41d1-b338-3e983cf4abfe" />
    <UnitTestResult executionId="35a5a1c3-eeb8-4616-b072-3bcd2aecc02d" testId="9162760f-7a92-4313-8801-aaa9b9d5ea56" testName="ShopFlow.Domain.Tests.DomainServices.PricingServiceTests.IsValidPrice_ValidPrices_ShouldReturnTrue(validAmount: 0)" computerName="RAY" duration="00:00:00.0008772" startTime="2025-09-07T22:30:01.1223600+07:00" endTime="2025-09-07T22:30:01.1223601+07:00" testType="13cdc9d9-ddb5-4fa4-a97d-d965ccfc6d4b" outcome="Passed" testListId="8c84fa94-04c1-424b-9868-57a2d4851a1d" relativeResultsDirectory="35a5a1c3-eeb8-4616-b072-3bcd2aecc02d" />
    <UnitTestResult executionId="600a5ef2-ef6b-443d-b17c-f119c68d2ec3" testId="a433ee57-a2b0-e881-257a-12bdf52cdff4" testName="ShopFlow.Domain.Tests.Entities.CoreUserTests.Activate_InactiveUser_ShouldActivateUser" computerName="RAY" duration="00:00:00.0010094" startTime="2025-09-07T22:30:01.1745173+07:00" endTime="2025-09-07T22:30:01.1745174+07:00" testType="13cdc9d9-ddb5-4fa4-a97d-d965ccfc6d4b" outcome="Passed" testListId="8c84fa94-04c1-424b-9868-57a2d4851a1d" relativeResultsDirectory="600a5ef2-ef6b-443d-b17c-f119c68d2ec3" />
    <UnitTestResult executionId="c3295208-d3f2-4ad6-984b-c32ff39870e4" testId="74111794-6dff-91e6-4f2b-7636775d48bd" testName="ShopFlow.Domain.Tests.DomainServices.PricingServiceTests.CalculateShippingFee_MinimalWeight_ShouldIncludeBaseFee" computerName="RAY" duration="00:00:00.0009874" startTime="2025-09-07T22:30:01.1942571+07:00" endTime="2025-09-07T22:30:01.1942572+07:00" testType="13cdc9d9-ddb5-4fa4-a97d-d965ccfc6d4b" outcome="Passed" testListId="8c84fa94-04c1-424b-9868-57a2d4851a1d" relativeResultsDirectory="c3295208-d3f2-4ad6-984b-c32ff39870e4" />
    <UnitTestResult executionId="4fea8a40-3c3c-48d3-b732-cc0bffdcfbc0" testId="c701119c-4de8-34f9-4037-4d632db40ca7" testName="ShopFlow.Domain.Tests.ValueObjects.MoneyTests.Division_WithValidDivisor_ShouldDivideAmount" computerName="RAY" duration="00:00:00.0040207" startTime="2025-09-07T22:30:01.1140129+07:00" endTime="2025-09-07T22:30:01.1140129+07:00" testType="13cdc9d9-ddb5-4fa4-a97d-d965ccfc6d4b" outcome="Passed" testListId="8c84fa94-04c1-424b-9868-57a2d4851a1d" relativeResultsDirectory="4fea8a40-3c3c-48d3-b732-cc0bffdcfbc0" />
    <UnitTestResult executionId="69ae0245-badc-4724-84bb-5a97b1776f5a" testId="f496865f-5b97-2f56-0467-a866c3a0c44b" testName="ShopFlow.Domain.Tests.ValueObjects.EmailTests.GetHashCode_SameEmailValues_ShouldReturnSameHashCode" computerName="RAY" duration="00:00:00.0514033" startTime="2025-09-07T22:30:01.0503277+07:00" endTime="2025-09-07T22:30:01.0503279+07:00" testType="13cdc9d9-ddb5-4fa4-a97d-d965ccfc6d4b" outcome="Passed" testListId="8c84fa94-04c1-424b-9868-57a2d4851a1d" relativeResultsDirectory="69ae0245-badc-4724-84bb-5a97b1776f5a" />
    <UnitTestResult executionId="7c0af911-3433-4de9-a59a-60adad764aa8" testId="38d5ca41-3c1f-aaf3-5ad1-f088b96220e5" testName="ShopFlow.Domain.Tests.Entities.CoreUserTests.Ban_AnyUser_ShouldBanUser" computerName="RAY" duration="00:00:00.0009299" startTime="2025-09-07T22:30:01.1952253+07:00" endTime="2025-09-07T22:30:01.1952254+07:00" testType="13cdc9d9-ddb5-4fa4-a97d-d965ccfc6d4b" outcome="Passed" testListId="8c84fa94-04c1-424b-9868-57a2d4851a1d" relativeResultsDirectory="7c0af911-3433-4de9-a59a-60adad764aa8" />
    <UnitTestResult executionId="90d677ab-953c-43f1-b663-b9a161d4d1a7" testId="f7d805f1-0959-3570-4505-7fdf579785bc" testName="ShopFlow.Domain.Tests.ValueObjects.EmailTests.ImplicitStringConversion_ShouldReturnEmailValue" computerName="RAY" duration="00:00:00.0031055" startTime="2025-09-07T22:30:01.1659060+07:00" endTime="2025-09-07T22:30:01.1659060+07:00" testType="13cdc9d9-ddb5-4fa4-a97d-d965ccfc6d4b" outcome="Passed" testListId="8c84fa94-04c1-424b-9868-57a2d4851a1d" relativeResultsDirectory="90d677ab-953c-43f1-b663-b9a161d4d1a7" />
    <UnitTestResult executionId="9e3f023c-2662-4c70-9621-ca6efcc7277b" testId="6a980786-6fa6-67f1-9c0a-cc710344bf12" testName="ShopFlow.Domain.Tests.DomainServices.PricingServiceTests.CalculatePrice_OfferBelowMinQuantity_ShouldCalculateNormally" computerName="RAY" duration="00:00:00.0008282" startTime="2025-09-07T22:30:01.1752610+07:00" endTime="2025-09-07T22:30:01.1752611+07:00" testType="13cdc9d9-ddb5-4fa4-a97d-d965ccfc6d4b" outcome="Passed" testListId="8c84fa94-04c1-424b-9868-57a2d4851a1d" relativeResultsDirectory="9e3f023c-2662-4c70-9621-ca6efcc7277b" />
    <UnitTestResult executionId="076199be-7aab-49cd-907e-b5ce463b90cb" testId="ab766660-3569-6124-ff57-ac0b9246e162" testName="ShopFlow.Domain.Tests.ValueObjects.MoneyTests.Constructor_VeryLargeAmount_ShouldCreateValidMoneyObject" computerName="RAY" duration="00:00:00.0008876" startTime="2025-09-07T22:30:01.1152024+07:00" endTime="2025-09-07T22:30:01.1152024+07:00" testType="13cdc9d9-ddb5-4fa4-a97d-d965ccfc6d4b" outcome="Passed" testListId="8c84fa94-04c1-424b-9868-57a2d4851a1d" relativeResultsDirectory="076199be-7aab-49cd-907e-b5ce463b90cb" />
    <UnitTestResult executionId="5c0fbb06-41c9-4340-b472-b6e991ceb306" testId="5e76006e-cedc-5f17-2fcf-18d9ff89c96e" testName="ShopFlow.Domain.Tests.Entities.CoreUserTests.UserLifecycle_CompleteFlow_ShouldWorkCorrectly" computerName="RAY" duration="00:00:00.0068054" startTime="2025-09-07T22:30:01.1762688+07:00" endTime="2025-09-07T22:30:01.1762688+07:00" testType="13cdc9d9-ddb5-4fa4-a97d-d965ccfc6d4b" outcome="Passed" testListId="8c84fa94-04c1-424b-9868-57a2d4851a1d" relativeResultsDirectory="5c0fbb06-41c9-4340-b472-b6e991ceb306" />
    <UnitTestResult executionId="5fbd62f0-999d-44eb-92e0-763835ab0154" testId="ff7b49f6-de60-6c3d-360b-a6f40745a7d0" testName="ShopFlow.Domain.Tests.ValueObjects.EmailTests.Constructor_EmptyOrWhitespaceEmail_ShouldThrowArgumentException(invalidEmail: &quot; &quot;)" computerName="RAY" duration="00:00:00.0010322" startTime="2025-09-07T22:30:01.1123786+07:00" endTime="2025-09-07T22:30:01.1123787+07:00" testType="13cdc9d9-ddb5-4fa4-a97d-d965ccfc6d4b" outcome="Passed" testListId="8c84fa94-04c1-424b-9868-57a2d4851a1d" relativeResultsDirectory="5fbd62f0-999d-44eb-92e0-763835ab0154" />
    <UnitTestResult executionId="9343503f-9243-4ceb-ac5e-d6d626ac5c42" testId="cf6c64d9-adf8-439e-136f-b5535dd9aead" testName="ShopFlow.Domain.Tests.DomainServices.PricingServiceTests.IsValidPrice_ValidPrices_ShouldReturnTrue(validAmount: 999999,99)" computerName="RAY" duration="00:00:00.0010762" startTime="2025-09-07T22:30:01.1207859+07:00" endTime="2025-09-07T22:30:01.1207859+07:00" testType="13cdc9d9-ddb5-4fa4-a97d-d965ccfc6d4b" outcome="Passed" testListId="8c84fa94-04c1-424b-9868-57a2d4851a1d" relativeResultsDirectory="9343503f-9243-4ceb-ac5e-d6d626ac5c42" />
    <UnitTestResult executionId="91436fc1-32e9-4ca9-bf16-4e9f4a2a72a3" testId="b6ec0be4-a778-7730-8025-fceb74f1be59" testName="ShopFlow.Domain.Tests.Entities.CatProductTests.UpdateReturnDays_NullDays_ShouldSetToNull" computerName="RAY" duration="00:00:00.0041871" startTime="2025-09-07T22:30:01.1265947+07:00" endTime="2025-09-07T22:30:01.1265947+07:00" testType="13cdc9d9-ddb5-4fa4-a97d-d965ccfc6d4b" outcome="Passed" testListId="8c84fa94-04c1-424b-9868-57a2d4851a1d" relativeResultsDirectory="91436fc1-32e9-4ca9-bf16-4e9f4a2a72a3" />
    <UnitTestResult executionId="d427356d-7168-4fc5-92a6-4821d1a0718a" testId="2725e4d8-00f0-565e-cb44-f63d4216b36d" testName="ShopFlow.Domain.Tests.Entities.CatProductTests.UpdateReturnDays_NegativeDays_ShouldThrowException" computerName="RAY" duration="00:00:00.0007919" startTime="2025-09-07T22:30:01.1971878+07:00" endTime="2025-09-07T22:30:01.1971879+07:00" testType="13cdc9d9-ddb5-4fa4-a97d-d965ccfc6d4b" outcome="Passed" testListId="8c84fa94-04c1-424b-9868-57a2d4851a1d" relativeResultsDirectory="d427356d-7168-4fc5-92a6-4821d1a0718a" />
    <UnitTestResult executionId="caf62b33-ee26-4597-8641-1ac31dc3ffb9" testId="5ff0f98f-03f0-f146-6118-597b50f86b87" testName="ShopFlow.Domain.Tests.DomainServices.PricingServiceTests.ApplyDiscount_ValidAmountAndPercentage_ShouldCalculateCorrectly(amount: 100000, discountPercentage: 0,1, expectedResult: 90000)" computerName="RAY" duration="00:00:00.0009572" startTime="2025-09-07T22:30:01.1664858+07:00" endTime="2025-09-07T22:30:01.1664858+07:00" testType="13cdc9d9-ddb5-4fa4-a97d-d965ccfc6d4b" outcome="Passed" testListId="8c84fa94-04c1-424b-9868-57a2d4851a1d" relativeResultsDirectory="caf62b33-ee26-4597-8641-1ac31dc3ffb9" />
    <UnitTestResult executionId="85f2beac-894f-470e-945d-144f260509d3" testId="65cbeb20-68a2-2270-6d27-ac6ea42a2c0f" testName="ShopFlow.Domain.Tests.Entities.CoreUserTests.ChangePassword_InvalidPasswordHash_ShouldThrowException(invalidPasswordHash: &quot;&quot;)" computerName="RAY" duration="00:00:00.0009797" startTime="2025-09-07T22:30:01.1620053+07:00" endTime="2025-09-07T22:30:01.1620055+07:00" testType="13cdc9d9-ddb5-4fa4-a97d-d965ccfc6d4b" outcome="Passed" testListId="8c84fa94-04c1-424b-9868-57a2d4851a1d" relativeResultsDirectory="85f2beac-894f-470e-945d-144f260509d3" />
    <UnitTestResult executionId="618f473b-214c-4eb2-9799-e29cd93c173c" testId="9c23c586-4bc5-908e-7311-9471a636e3e3" testName="ShopFlow.Domain.Tests.Entities.CoreUserTests.AddRole_NullUserRole_ShouldThrowException" computerName="RAY" duration="00:00:00.0011139" startTime="2025-09-07T22:30:01.1958550+07:00" endTime="2025-09-07T22:30:01.1958550+07:00" testType="13cdc9d9-ddb5-4fa4-a97d-d965ccfc6d4b" outcome="Passed" testListId="8c84fa94-04c1-424b-9868-57a2d4851a1d" relativeResultsDirectory="618f473b-214c-4eb2-9799-e29cd93c173c" />
    <UnitTestResult executionId="bf074c24-e16b-43ef-838d-d0f805796cb9" testId="e7ddc4e7-233e-bd05-db85-65781e45e703" testName="ShopFlow.Domain.Tests.DomainServices.PricingServiceTests.ApplyDiscount_ValidAmountAndPercentage_ShouldCalculateCorrectly(amount: 500000, discountPercentage: 0,05, expectedResult: 475000)" computerName="RAY" duration="00:00:00.0011064" startTime="2025-09-07T22:30:01.1736189+07:00" endTime="2025-09-07T22:30:01.1736189+07:00" testType="13cdc9d9-ddb5-4fa4-a97d-d965ccfc6d4b" outcome="Passed" testListId="8c84fa94-04c1-424b-9868-57a2d4851a1d" relativeResultsDirectory="bf074c24-e16b-43ef-838d-d0f805796cb9" />
    <UnitTestResult executionId="e37c2044-fc67-4e2f-bc5a-f0f4127566c0" testId="099a1caa-c4be-4f2c-8472-fdf4e819f8d5" testName="ShopFlow.Domain.Tests.Entities.CoreUserTests.HasRole_MultipleRoles_ShouldReturnCorrectResult" computerName="RAY" duration="00:00:00.0547552" startTime="2025-09-07T22:30:01.0506169+07:00" endTime="2025-09-07T22:30:01.0506170+07:00" testType="13cdc9d9-ddb5-4fa4-a97d-d965ccfc6d4b" outcome="Passed" testListId="8c84fa94-04c1-424b-9868-57a2d4851a1d" relativeResultsDirectory="e37c2044-fc67-4e2f-bc5a-f0f4127566c0" />
    <UnitTestResult executionId="d9e37989-70ef-434f-93b2-9fe8a20812e5" testId="cc550a42-32bd-536c-6f9b-101019217d15" testName="ShopFlow.Domain.Tests.DomainServices.PricingServiceTests.CalculateTax_ValidAmountAndTaxRate_ShouldCalculateCorrectly(amount: 100000, taxRate: 0,1, expectedTax: 10000)" computerName="RAY" duration="00:00:00.0007522" startTime="2025-09-07T22:30:01.1763216+07:00" endTime="2025-09-07T22:30:01.1763217+07:00" testType="13cdc9d9-ddb5-4fa4-a97d-d965ccfc6d4b" outcome="Passed" testListId="8c84fa94-04c1-424b-9868-57a2d4851a1d" relativeResultsDirectory="d9e37989-70ef-434f-93b2-9fe8a20812e5" />
    <UnitTestResult executionId="5d30f164-c755-4944-9902-1727f70670c2" testId="bbb0bc2d-fe25-e803-c6be-aa595a381c32" testName="ShopFlow.Domain.Tests.DomainServices.PricingServiceTests.CalculateShippingFee_EmptyOrWhitespaceZone_ShouldThrowArgumentException(invalidZone: &quot; &quot;)" computerName="RAY" duration="00:00:00.0011176" startTime="2025-09-07T22:30:01.1921353+07:00" endTime="2025-09-07T22:30:01.1921354+07:00" testType="13cdc9d9-ddb5-4fa4-a97d-d965ccfc6d4b" outcome="Passed" testListId="8c84fa94-04c1-424b-9868-57a2d4851a1d" relativeResultsDirectory="5d30f164-c755-4944-9902-1727f70670c2" />
    <UnitTestResult executionId="837ad2ff-e570-4ab4-98f1-0f8b8dbb1497" testId="3ebefe60-d45f-c561-bec3-35fd3bc290fe" testName="ShopFlow.Domain.Tests.ValueObjects.EmailTests.Equals_SameEmailValues_ShouldReturnTrue" computerName="RAY" duration="00:00:00.0009063" startTime="2025-09-07T22:30:01.1665616+07:00" endTime="2025-09-07T22:30:01.1665617+07:00" testType="13cdc9d9-ddb5-4fa4-a97d-d965ccfc6d4b" outcome="Passed" testListId="8c84fa94-04c1-424b-9868-57a2d4851a1d" relativeResultsDirectory="837ad2ff-e570-4ab4-98f1-0f8b8dbb1497" />
    <UnitTestResult executionId="79f8b9da-2f3f-4a81-bdc8-b78b74feb0c6" testId="dc8e0a4f-cfc3-4885-ef9c-a62fa51590d7" testName="ShopFlow.Domain.Tests.DomainServices.PricingServiceTests.CalculateTotal_NullParameter_ShouldThrowArgumentNullException(nullParameter: &quot;tax&quot;)" computerName="RAY" duration="00:00:00.0008226" startTime="2025-09-07T22:30:01.1145396+07:00" endTime="2025-09-07T22:30:01.1145396+07:00" testType="13cdc9d9-ddb5-4fa4-a97d-d965ccfc6d4b" outcome="Passed" testListId="8c84fa94-04c1-424b-9868-57a2d4851a1d" relativeResultsDirectory="79f8b9da-2f3f-4a81-bdc8-b78b74feb0c6" />
    <UnitTestResult executionId="5a326c53-ef15-4143-8d5e-10762d765c3a" testId="d11afebf-98cc-4bb8-c7c3-2a2d36d2b56b" testName="ShopFlow.Domain.Tests.ValueObjects.PhoneNumberTests.EqualityOperator_NormalizedValues_ShouldReturnTrue" computerName="RAY" duration="00:00:00.0010032" startTime="2025-09-07T22:30:01.1744681+07:00" endTime="2025-09-07T22:30:01.1744682+07:00" testType="13cdc9d9-ddb5-4fa4-a97d-d965ccfc6d4b" outcome="Passed" testListId="8c84fa94-04c1-424b-9868-57a2d4851a1d" relativeResultsDirectory="5a326c53-ef15-4143-8d5e-10762d765c3a" />
    <UnitTestResult executionId="cb35e1a3-b95e-4356-85b3-7af4a083b501" testId="47107c25-74f6-756a-c4cd-f6080afcf3e4" testName="ShopFlow.Domain.Tests.ValueObjects.PhoneNumberTests.Equals_DifferentPhoneValues_ShouldReturnFalse" computerName="RAY" duration="00:00:00.0013504" startTime="2025-09-07T22:30:01.1621404+07:00" endTime="2025-09-07T22:30:01.1621405+07:00" testType="13cdc9d9-ddb5-4fa4-a97d-d965ccfc6d4b" outcome="Passed" testListId="8c84fa94-04c1-424b-9868-57a2d4851a1d" relativeResultsDirectory="cb35e1a3-b95e-4356-85b3-7af4a083b501" />
    <UnitTestResult executionId="1121d36c-8b74-4e81-ad5f-3e96ae7f1068" testId="23959bcb-a051-1c85-8466-f6c4766f3676" testName="ShopFlow.Domain.Tests.DomainServices.PricingServiceTests.CalculateShippingFee_DifferentZones_ShouldCalculateSame" computerName="RAY" duration="00:00:00.0010194" startTime="2025-09-07T22:30:01.1746265+07:00" endTime="2025-09-07T22:30:01.1746266+07:00" testType="13cdc9d9-ddb5-4fa4-a97d-d965ccfc6d4b" outcome="Passed" testListId="8c84fa94-04c1-424b-9868-57a2d4851a1d" relativeResultsDirectory="1121d36c-8b74-4e81-ad5f-3e96ae7f1068" />
    <UnitTestResult executionId="e48e13f4-cfc2-46b0-b661-0176e04081de" testId="02f80128-4937-8905-e9d5-9b62b01ea616" testName="ShopFlow.Domain.Tests.ValueObjects.PhoneNumberTests.Equals_WithNull_ShouldReturnFalse" computerName="RAY" duration="00:00:00.0010537" startTime="2025-09-07T22:30:01.1153276+07:00" endTime="2025-09-07T22:30:01.1180778+07:00" testType="13cdc9d9-ddb5-4fa4-a97d-d965ccfc6d4b" outcome="Passed" testListId="8c84fa94-04c1-424b-9868-57a2d4851a1d" relativeResultsDirectory="e48e13f4-cfc2-46b0-b661-0176e04081de" />
    <UnitTestResult executionId="7a670c47-4178-4c3c-a17a-032bf370b8a8" testId="6a82f305-bb24-dfb4-21d0-d614d5943265" testName="ShopFlow.Domain.Tests.ValueObjects.PhoneNumberTests.Constructor_EmptyOrWhitespacePhone_ShouldThrowArgumentException(invalidPhone: &quot; &quot;)" computerName="RAY" duration="00:00:00.0008193" startTime="2025-09-07T22:30:01.1255855+07:00" endTime="2025-09-07T22:30:01.1255856+07:00" testType="13cdc9d9-ddb5-4fa4-a97d-d965ccfc6d4b" outcome="Passed" testListId="8c84fa94-04c1-424b-9868-57a2d4851a1d" relativeResultsDirectory="7a670c47-4178-4c3c-a17a-032bf370b8a8" />
    <UnitTestResult executionId="46609b7d-0016-4292-a0e9-788dc63a2c2a" testId="6b230a50-f2a7-19d8-8209-f2ec41e29998" testName="ShopFlow.Domain.Tests.DomainServices.PricingServiceTests.ApplyDiscount_InvalidDiscountPercentage_ShouldThrowArgumentException(invalidPercentage: 1,1)" computerName="RAY" duration="00:00:00.0060605" startTime="2025-09-07T22:30:01.1096746+07:00" endTime="2025-09-07T22:30:01.1096747+07:00" testType="13cdc9d9-ddb5-4fa4-a97d-d965ccfc6d4b" outcome="Passed" testListId="8c84fa94-04c1-424b-9868-57a2d4851a1d" relativeResultsDirectory="46609b7d-0016-4292-a0e9-788dc63a2c2a" />
    <UnitTestResult executionId="bb4f305a-23f3-4569-81ad-be19ee55d3bd" testId="bd90f36d-58fe-ca87-7a93-55778b7904aa" testName="ShopFlow.Domain.Tests.ValueObjects.EmailTests.Constructor_EmailWithSpecialCharacters_ShouldCreateEmailObject(emailWithSpecialChars: &quot;test-name@example.com&quot;)" computerName="RAY" duration="00:00:00.0006220" startTime="2025-09-07T22:30:01.1190909+07:00" endTime="2025-09-07T22:30:01.1190909+07:00" testType="13cdc9d9-ddb5-4fa4-a97d-d965ccfc6d4b" outcome="Passed" testListId="8c84fa94-04c1-424b-9868-57a2d4851a1d" relativeResultsDirectory="bb4f305a-23f3-4569-81ad-be19ee55d3bd" />
    <UnitTestResult executionId="5c392e5a-1c78-46df-bde7-f4610ab3d2b9" testId="b095f523-bb6d-5a3c-c615-b9b955d71fa5" testName="ShopFlow.Domain.Tests.DomainServices.PricingServiceTests.CalculateTotal_NullParameter_ShouldThrowArgumentNullException(nullParameter: &quot;discount&quot;)" computerName="RAY" duration="00:00:00.0008472" startTime="2025-09-07T22:30:01.1146255+07:00" endTime="2025-09-07T22:30:01.1146255+07:00" testType="13cdc9d9-ddb5-4fa4-a97d-d965ccfc6d4b" outcome="Passed" testListId="8c84fa94-04c1-424b-9868-57a2d4851a1d" relativeResultsDirectory="5c392e5a-1c78-46df-bde7-f4610ab3d2b9" />
    <UnitTestResult executionId="83895c40-7422-4d9f-838f-a107fb7c8950" testId="1286d986-ad89-0ae1-0573-a7a3eac4e449" testName="ShopFlow.Domain.Tests.DomainServices.PricingServiceTests.CalculatePrice_OfferWithMinQuantity_ShouldApplyBulkPricing" computerName="RAY" duration="00:00:00.0008715" startTime="2025-09-07T22:30:01.1949950+07:00" endTime="2025-09-07T22:30:01.1949951+07:00" testType="13cdc9d9-ddb5-4fa4-a97d-d965ccfc6d4b" outcome="Passed" testListId="8c84fa94-04c1-424b-9868-57a2d4851a1d" relativeResultsDirectory="83895c40-7422-4d9f-838f-a107fb7c8950" />
    <UnitTestResult executionId="2973443c-a8c3-42f9-8feb-c2f583995207" testId="1e4d4614-056a-1644-37c8-c9386704e478" testName="ShopFlow.Domain.Tests.DomainServices.PricingServiceTests.CalculateTax_ValidAmountAndTaxRate_ShouldCalculateCorrectly(amount: 1000000, taxRate: 0,2, expectedTax: 200000)" computerName="RAY" duration="00:00:00.0007619" startTime="2025-09-07T22:30:01.1769754+07:00" endTime="2025-09-07T22:30:01.1769755+07:00" testType="13cdc9d9-ddb5-4fa4-a97d-d965ccfc6d4b" outcome="Passed" testListId="8c84fa94-04c1-424b-9868-57a2d4851a1d" relativeResultsDirectory="2973443c-a8c3-42f9-8feb-c2f583995207" />
    <UnitTestResult executionId="5178d666-a92f-498f-bc8d-dd458dcb64b8" testId="7a68ed83-521f-8f4f-ed77-8126dcb94941" testName="ShopFlow.Domain.Tests.ValueObjects.MoneyTests.Addition_SameCurrency_ShouldAddAmounts" computerName="RAY" duration="00:00:00.0009235" startTime="2025-09-07T22:30:01.1133099+07:00" endTime="2025-09-07T22:30:01.1133099+07:00" testType="13cdc9d9-ddb5-4fa4-a97d-d965ccfc6d4b" outcome="Passed" testListId="8c84fa94-04c1-424b-9868-57a2d4851a1d" relativeResultsDirectory="5178d666-a92f-498f-bc8d-dd458dcb64b8" />
    <UnitTestResult executionId="0c76a923-d5f5-43ba-84da-f59183c2be48" testId="686e3df9-427c-987b-79ae-05ed6ae236c3" testName="ShopFlow.Domain.Tests.ValueObjects.PhoneNumberTests.Constructor_ValidPhoneWithNormalization_ShouldNormalizeCorrectly" computerName="RAY" duration="00:00:00.0009144" startTime="2025-09-07T22:30:01.1746451+07:00" endTime="2025-09-07T22:30:01.1746451+07:00" testType="13cdc9d9-ddb5-4fa4-a97d-d965ccfc6d4b" outcome="Passed" testListId="8c84fa94-04c1-424b-9868-57a2d4851a1d" relativeResultsDirectory="0c76a923-d5f5-43ba-84da-f59183c2be48" />
    <UnitTestResult executionId="ea1594c2-6986-4c73-b1d5-22ad1775bee9" testId="4bf1aef0-cd2d-34dd-30c0-14eaad310a29" testName="ShopFlow.Domain.Tests.Entities.CoreUserTests.Suspend_BannedUser_ShouldThrowException" computerName="RAY" duration="00:00:00.0008032" startTime="2025-09-07T22:30:01.1645328+07:00" endTime="2025-09-07T22:30:01.1645329+07:00" testType="13cdc9d9-ddb5-4fa4-a97d-d965ccfc6d4b" outcome="Passed" testListId="8c84fa94-04c1-424b-9868-57a2d4851a1d" relativeResultsDirectory="ea1594c2-6986-4c73-b1d5-22ad1775bee9" />
    <UnitTestResult executionId="8d070f9d-fccc-4279-a3d7-c689b5d15bc4" testId="02842bee-58ef-ddaa-6566-060b91848051" testName="ShopFlow.Domain.Tests.ValueObjects.EmailTests.EqualityOperator_WithNull_ShouldHandleCorrectly" computerName="RAY" duration="00:00:00.0010788" startTime="2025-09-07T22:30:01.1265724+07:00" endTime="2025-09-07T22:30:01.1265724+07:00" testType="13cdc9d9-ddb5-4fa4-a97d-d965ccfc6d4b" outcome="Passed" testListId="8c84fa94-04c1-424b-9868-57a2d4851a1d" relativeResultsDirectory="8d070f9d-fccc-4279-a3d7-c689b5d15bc4" />
    <UnitTestResult executionId="c4b54383-754e-4f21-949b-21c6ecddd746" testId="350832a1-e94f-6e58-be7d-f1a32e7b56f7" testName="ShopFlow.Domain.Tests.ValueObjects.PhoneNumberTests.Constructor_ValidVietnameseMobileNumbers_ShouldCreatePhoneNumberObject(validPhone: &quot;0923456789&quot;)" computerName="RAY" duration="00:00:00.0011536" startTime="2025-09-07T22:30:01.1109735+07:00" endTime="2025-09-07T22:30:01.1109736+07:00" testType="13cdc9d9-ddb5-4fa4-a97d-d965ccfc6d4b" outcome="Passed" testListId="8c84fa94-04c1-424b-9868-57a2d4851a1d" relativeResultsDirectory="c4b54383-754e-4f21-949b-21c6ecddd746" />
    <UnitTestResult executionId="03609e33-8540-4372-b51f-ede5f3141e88" testId="04a6d51e-f58b-1226-581b-72746476ccca" testName="ShopFlow.Domain.Tests.ValueObjects.EmailTests.Constructor_EmailWithWhitespace_ShouldHandleCorrectly" computerName="RAY" duration="00:00:00.0010516" startTime="2025-09-07T22:30:01.1652477+07:00" endTime="2025-09-07T22:30:01.1652477+07:00" testType="13cdc9d9-ddb5-4fa4-a97d-d965ccfc6d4b" outcome="Passed" testListId="8c84fa94-04c1-424b-9868-57a2d4851a1d" relativeResultsDirectory="03609e33-8540-4372-b51f-ede5f3141e88" />
    <UnitTestResult executionId="1e77f359-d6e2-478c-a7a8-9d4940e685b0" testId="2fa6c3a2-f131-73d3-ed74-5bdecd355a87" testName="ShopFlow.Domain.Tests.DomainServices.PricingServiceTests.CalculatePrice_ZeroOrNegativeQuantity_ShouldThrowArgumentException(invalidQuantity: -1)" computerName="RAY" duration="00:00:00.0008744" startTime="2025-09-07T22:30:01.1248001+07:00" endTime="2025-09-07T22:30:01.1248002+07:00" testType="13cdc9d9-ddb5-4fa4-a97d-d965ccfc6d4b" outcome="Passed" testListId="8c84fa94-04c1-424b-9868-57a2d4851a1d" relativeResultsDirectory="1e77f359-d6e2-478c-a7a8-9d4940e685b0" />
    <UnitTestResult executionId="6d797510-9837-4d28-875d-b4105560bc01" testId="f8cab81c-c4da-516a-0717-8f51486e331c" testName="ShopFlow.Domain.Tests.ValueObjects.PhoneNumberTests.Constructor_PhoneWithSpecialCharacters_ShouldThrowArgumentException(phoneWithSpecialChars: &quot;090 123 4567&quot;)" computerName="RAY" duration="00:00:00.0005421" startTime="2025-09-07T22:30:01.1075606+07:00" endTime="2025-09-07T22:30:01.1075606+07:00" testType="13cdc9d9-ddb5-4fa4-a97d-d965ccfc6d4b" outcome="Passed" testListId="8c84fa94-04c1-424b-9868-57a2d4851a1d" relativeResultsDirectory="6d797510-9837-4d28-875d-b4105560bc01" />
    <UnitTestResult executionId="2e044157-7e5e-4342-8a2a-ce027fd5941b" testId="a19daab8-4404-e039-91af-1d7e2df78ec5" testName="ShopFlow.Domain.Tests.Entities.CatProductTests.CanBeOrdered_ActiveProductWithoutSkus_ShouldReturnFalse" computerName="RAY" duration="00:00:00.0009951" startTime="2025-09-07T22:30:01.1959255+07:00" endTime="2025-09-07T22:30:01.1959256+07:00" testType="13cdc9d9-ddb5-4fa4-a97d-d965ccfc6d4b" outcome="Passed" testListId="8c84fa94-04c1-424b-9868-57a2d4851a1d" relativeResultsDirectory="2e044157-7e5e-4342-8a2a-ce027fd5941b" />
    <UnitTestResult executionId="ecee884c-ebb8-4361-928a-49219dc9cfca" testId="5ec1a1c8-8690-0aed-b5ac-ec1898c6a02c" testName="ShopFlow.Domain.Tests.ValueObjects.PhoneNumberTests.ExplicitPhoneConversion_ValidString_ShouldCreatePhone" computerName="RAY" duration="00:00:00.0009368" startTime="2025-09-07T22:30:01.1636667+07:00" endTime="2025-09-07T22:30:01.1636668+07:00" testType="13cdc9d9-ddb5-4fa4-a97d-d965ccfc6d4b" outcome="Passed" testListId="8c84fa94-04c1-424b-9868-57a2d4851a1d" relativeResultsDirectory="ecee884c-ebb8-4361-928a-49219dc9cfca" />
    <UnitTestResult executionId="df20207c-e8b8-4ffc-9f13-1690b7c2dc6c" testId="03342a62-c671-786c-1f08-b89752fa9253" testName="ShopFlow.Domain.Tests.DomainServices.PricingServiceTests.CalculateShippingFee_ZeroOrNegativeWeight_ShouldThrowArgumentException(invalidWeight: -5,5)" computerName="RAY" duration="00:00:00.0008851" startTime="2025-09-07T22:30:01.1199829+07:00" endTime="2025-09-07T22:30:01.1199830+07:00" testType="13cdc9d9-ddb5-4fa4-a97d-d965ccfc6d4b" outcome="Passed" testListId="8c84fa94-04c1-424b-9868-57a2d4851a1d" relativeResultsDirectory="df20207c-e8b8-4ffc-9f13-1690b7c2dc6c" />
    <UnitTestResult executionId="a55cd2df-1e86-4aa1-bd11-86e6b9ff2e3a" testId="b1e40d23-6334-fd1f-256b-139e40aa0325" testName="ShopFlow.Domain.Tests.Entities.CatProductTests.Discontinue_InactiveProduct_ShouldDiscontinueProduct" computerName="RAY" duration="00:00:00.0040336" startTime="2025-09-07T22:30:01.1762219+07:00" endTime="2025-09-07T22:30:01.1762220+07:00" testType="13cdc9d9-ddb5-4fa4-a97d-d965ccfc6d4b" outcome="Passed" testListId="8c84fa94-04c1-424b-9868-57a2d4851a1d" relativeResultsDirectory="a55cd2df-1e86-4aa1-bd11-86e6b9ff2e3a" />
    <UnitTestResult executionId="eb736c61-f50b-41b9-8a60-54ed374343ff" testId="42146c62-504e-c46b-a485-d69b4f28292c" testName="ShopFlow.Domain.Tests.ValueObjects.PhoneNumberTests.Constructor_InvalidPhoneFormat_ShouldThrowArgumentException(invalidPhone: &quot;12345&quot;)" computerName="RAY" duration="00:00:00.0008569" startTime="2025-09-07T22:30:01.1140605+07:00" endTime="2025-09-07T22:30:01.1140606+07:00" testType="13cdc9d9-ddb5-4fa4-a97d-d965ccfc6d4b" outcome="Passed" testListId="8c84fa94-04c1-424b-9868-57a2d4851a1d" relativeResultsDirectory="eb736c61-f50b-41b9-8a60-54ed374343ff" />
    <UnitTestResult executionId="cb386ce7-4dbb-4bb7-8561-79f091e4e020" testId="eb38a30f-0300-d9ea-1acd-35a309a33d63" testName="ShopFlow.Domain.Tests.ValueObjects.EmailTests.Equals_WithSameReference_ShouldReturnTrue" computerName="RAY" duration="00:00:00.0009681" startTime="2025-09-07T22:30:01.1630891+07:00" endTime="2025-09-07T22:30:01.1630892+07:00" testType="13cdc9d9-ddb5-4fa4-a97d-d965ccfc6d4b" outcome="Passed" testListId="8c84fa94-04c1-424b-9868-57a2d4851a1d" relativeResultsDirectory="cb386ce7-4dbb-4bb7-8561-79f091e4e020" />
    <UnitTestResult executionId="4b2aa2f0-b872-4c79-b15b-ec1d878a5597" testId="a378124c-fbc1-e14c-9b62-431a623fdea0" testName="ShopFlow.Domain.Tests.Entities.CoreUserTests.UserRoles_ShouldBeReadOnlyCollection" computerName="RAY" duration="00:00:00.0008736" startTime="2025-09-07T22:30:01.1970037+07:00" endTime="2025-09-07T22:30:01.1970038+07:00" testType="13cdc9d9-ddb5-4fa4-a97d-d965ccfc6d4b" outcome="Passed" testListId="8c84fa94-04c1-424b-9868-57a2d4851a1d" relativeResultsDirectory="4b2aa2f0-b872-4c79-b15b-ec1d878a5597" />
    <UnitTestResult executionId="ab941a83-918b-4057-b165-bdc9e4cd3615" testId="54e4ddb2-aef6-898e-d9e1-68eb80b8d222" testName="ShopFlow.Domain.Tests.ValueObjects.PhoneNumberTests.Constructor_ValidVietnameseMobileNumbers_ShouldCreatePhoneNumberObject(validPhone: &quot;0901234567&quot;)" computerName="RAY" duration="00:00:00.0005615" startTime="2025-09-07T22:30:01.1117291+07:00" endTime="2025-09-07T22:30:01.1117292+07:00" testType="13cdc9d9-ddb5-4fa4-a97d-d965ccfc6d4b" outcome="Passed" testListId="8c84fa94-04c1-424b-9868-57a2d4851a1d" relativeResultsDirectory="ab941a83-918b-4057-b165-bdc9e4cd3615" />
    <UnitTestResult executionId="db32bab4-202f-404f-9d67-647dc33f8a06" testId="2cbfe38b-b012-4992-4a50-1f6c3c480a3d" testName="ShopFlow.Domain.Tests.ValueObjects.PhoneNumberTests.Constructor_InvalidPhoneFormat_ShouldThrowArgumentException(invalidPhone: &quot;abc1234567&quot;)" computerName="RAY" duration="00:00:00.0010842" startTime="2025-09-07T22:30:01.1131746+07:00" endTime="2025-09-07T22:30:01.1131747+07:00" testType="13cdc9d9-ddb5-4fa4-a97d-d965ccfc6d4b" outcome="Passed" testListId="8c84fa94-04c1-424b-9868-57a2d4851a1d" relativeResultsDirectory="db32bab4-202f-404f-9d67-647dc33f8a06" />
    <UnitTestResult executionId="d1ec2d1c-0b8c-44df-a663-860a0f5b8ef8" testId="0087f13b-1314-cf32-af94-8db5c62b9de3" testName="ShopFlow.Domain.Tests.ValueObjects.PhoneNumberTests.Constructor_ValidVietnamesePhone_ShouldCreatePhoneNumberObject(input: &quot;0901234567&quot;, expected: &quot;901234567&quot;)" computerName="RAY" duration="00:00:00.0009439" startTime="2025-09-07T22:30:01.1206399+07:00" endTime="2025-09-07T22:30:01.1206400+07:00" testType="13cdc9d9-ddb5-4fa4-a97d-d965ccfc6d4b" outcome="Passed" testListId="8c84fa94-04c1-424b-9868-57a2d4851a1d" relativeResultsDirectory="d1ec2d1c-0b8c-44df-a663-860a0f5b8ef8" />
    <UnitTestResult executionId="976fbcee-8019-4550-8bfc-f644f582e662" testId="c28b970a-bf15-a853-acb5-cdbf52d26806" testName="ShopFlow.Domain.Tests.ValueObjects.PhoneNumberTests.Constructor_InvalidVietnamesePrefixes_ShouldThrowArgumentException(invalidPrefix: &quot;0001234567&quot;)" computerName="RAY" duration="00:00:00.0009413" startTime="2025-09-07T22:30:01.1643571+07:00" endTime="2025-09-07T22:30:01.1643571+07:00" testType="13cdc9d9-ddb5-4fa4-a97d-d965ccfc6d4b" outcome="Passed" testListId="8c84fa94-04c1-424b-9868-57a2d4851a1d" relativeResultsDirectory="976fbcee-8019-4550-8bfc-f644f582e662" />
    <UnitTestResult executionId="c121d89f-855c-43ec-a76a-b1a6afa65e6c" testId="8c93b9fd-98c5-f2cc-88a5-07d2a373329b" testName="ShopFlow.Domain.Tests.ValueObjects.MoneyTests.Subtraction_SameCurrency_ShouldSubtractAmounts" computerName="RAY" duration="00:00:00.0007408" startTime="2025-09-07T22:30:01.1104652+07:00" endTime="2025-09-07T22:30:01.1104652+07:00" testType="13cdc9d9-ddb5-4fa4-a97d-d965ccfc6d4b" outcome="Passed" testListId="8c84fa94-04c1-424b-9868-57a2d4851a1d" relativeResultsDirectory="c121d89f-855c-43ec-a76a-b1a6afa65e6c" />
    <UnitTestResult executionId="519d0ad1-f99e-4789-8c55-146a9199b41b" testId="de7bdf3c-cbb5-8931-de7f-015a28c1c0ae" testName="ShopFlow.Domain.Tests.Entities.CoreUserTests.Activate_BannedUser_ShouldThrowException" computerName="RAY" duration="00:00:00.0006891" startTime="2025-09-07T22:30:01.1650534+07:00" endTime="2025-09-07T22:30:01.1650535+07:00" testType="13cdc9d9-ddb5-4fa4-a97d-d965ccfc6d4b" outcome="Passed" testListId="8c84fa94-04c1-424b-9868-57a2d4851a1d" relativeResultsDirectory="519d0ad1-f99e-4789-8c55-146a9199b41b" />
    <UnitTestResult executionId="4788ba04-5da3-4b30-963c-336792389b4e" testId="78f0c639-4a50-f219-f205-d83f18550864" testName="ShopFlow.Domain.Tests.Entities.CatProductTests.AddSku_MultipleSkus_ShouldAddAllSkus" computerName="RAY" duration="00:00:00.0031625" startTime="2025-09-07T22:30:01.1969439+07:00" endTime="2025-09-07T22:30:01.1969440+07:00" testType="13cdc9d9-ddb5-4fa4-a97d-d965ccfc6d4b" outcome="Passed" testListId="8c84fa94-04c1-424b-9868-57a2d4851a1d" relativeResultsDirectory="4788ba04-5da3-4b30-963c-336792389b4e" />
    <UnitTestResult executionId="c5762293-6d3f-4474-bcec-aeedc843673b" testId="2449ef5d-6bef-4146-b726-61a685312f4f" testName="ShopFlow.Domain.Tests.DomainServices.PricingServiceTests.CalculateTotal_NullParameter_ShouldThrowArgumentNullException(nullParameter: &quot;subtotal&quot;)" computerName="RAY" duration="00:00:00.0010406" startTime="2025-09-07T22:30:01.1132663+07:00" endTime="2025-09-07T22:30:01.1132663+07:00" testType="13cdc9d9-ddb5-4fa4-a97d-d965ccfc6d4b" outcome="Passed" testListId="8c84fa94-04c1-424b-9868-57a2d4851a1d" relativeResultsDirectory="c5762293-6d3f-4474-bcec-aeedc843673b" />
    <UnitTestResult executionId="5268daa9-0265-4128-856f-d525362bd60c" testId="b2a6a34b-188a-7015-69c9-dd621fb68f79" testName="ShopFlow.Domain.Tests.Entities.CatProductTests.Skus_ShouldBeReadOnlyCollection" computerName="RAY" duration="00:00:00.0011179" startTime="2025-09-07T22:30:01.1763877+07:00" endTime="2025-09-07T22:30:01.1763878+07:00" testType="13cdc9d9-ddb5-4fa4-a97d-d965ccfc6d4b" outcome="Passed" testListId="8c84fa94-04c1-424b-9868-57a2d4851a1d" relativeResultsDirectory="5268daa9-0265-4128-856f-d525362bd60c" />
    <UnitTestResult executionId="883a34ba-c424-4154-80d8-69847710d42f" testId="9403de0b-3ec1-4222-e1cf-0d46330dda71" testName="ShopFlow.Domain.Tests.ValueObjects.MoneyTests.CompareTo_SameCurrency_ShouldCompareAmounts" computerName="RAY" duration="00:00:00.0012927" startTime="2025-09-07T22:30:01.1119057+07:00" endTime="2025-09-07T22:30:01.1119058+07:00" testType="13cdc9d9-ddb5-4fa4-a97d-d965ccfc6d4b" outcome="Passed" testListId="8c84fa94-04c1-424b-9868-57a2d4851a1d" relativeResultsDirectory="883a34ba-c424-4154-80d8-69847710d42f" />
    <UnitTestResult executionId="667a0360-5b75-4587-b333-16b1d6de5af4" testId="599ca3f9-cc9e-c8a0-b5d5-bbf1d797404c" testName="ShopFlow.Domain.Tests.ValueObjects.EmailTests.Constructor_InvalidEmailFormat_ShouldThrowArgumentException(invalidEmail: &quot;test@.com&quot;)" computerName="RAY" duration="00:00:00.0009118" startTime="2025-09-07T22:30:01.1234019+07:00" endTime="2025-09-07T22:30:01.1234019+07:00" testType="13cdc9d9-ddb5-4fa4-a97d-d965ccfc6d4b" outcome="Passed" testListId="8c84fa94-04c1-424b-9868-57a2d4851a1d" relativeResultsDirectory="667a0360-5b75-4587-b333-16b1d6de5af4" />
    <UnitTestResult executionId="2bc9e500-5b99-45e3-9fc7-ce5ff760a0e3" testId="64b6bcd9-3dca-c05b-e272-b4205dfa307d" testName="ShopFlow.Domain.Tests.ValueObjects.EmailTests.InequalityOperator_DifferentValues_ShouldReturnTrue" computerName="RAY" duration="00:00:00.0010016" startTime="2025-09-07T22:30:01.1645776+07:00" endTime="2025-09-07T22:30:01.1645777+07:00" testType="13cdc9d9-ddb5-4fa4-a97d-d965ccfc6d4b" outcome="Passed" testListId="8c84fa94-04c1-424b-9868-57a2d4851a1d" relativeResultsDirectory="2bc9e500-5b99-45e3-9fc7-ce5ff760a0e3" />
    <UnitTestResult executionId="e43a16ef-be25-4477-87a7-c010b3acf340" testId="8457349a-3463-eafd-228f-f71776ca72b8" testName="ShopFlow.Domain.Tests.ValueObjects.PhoneNumberTests.Constructor_PhoneStartingWithZero_ShouldRemoveLeadingZero" computerName="RAY" duration="00:00:00.0013611" startTime="2025-09-07T22:30:01.1197971+07:00" endTime="2025-09-07T22:30:01.1197972+07:00" testType="13cdc9d9-ddb5-4fa4-a97d-d965ccfc6d4b" outcome="Passed" testListId="8c84fa94-04c1-424b-9868-57a2d4851a1d" relativeResultsDirectory="e43a16ef-be25-4477-87a7-c010b3acf340" />
    <UnitTestResult executionId="f68622cf-39ca-412c-ac45-643146351bbd" testId="5180e411-3992-ca19-fa45-01f299856246" testName="ShopFlow.Domain.Tests.ValueObjects.EmailTests.EqualityOperator_SameValues_ShouldReturnTrue" computerName="RAY" duration="00:00:00.0010625" startTime="2025-09-07T22:30:01.1116763+07:00" endTime="2025-09-07T22:30:01.1116763+07:00" testType="13cdc9d9-ddb5-4fa4-a97d-d965ccfc6d4b" outcome="Passed" testListId="8c84fa94-04c1-424b-9868-57a2d4851a1d" relativeResultsDirectory="f68622cf-39ca-412c-ac45-643146351bbd" />
    <UnitTestResult executionId="1832b0f5-1e0d-4e32-80db-42fbe8dbc47f" testId="0c123a8c-ee3d-4ec8-c156-e17c2858344c" testName="ShopFlow.Domain.Tests.DomainServices.PricingServiceTests.CalculatePrice_SingleQuantity_ShouldReturnBasePrice" computerName="RAY" duration="00:00:00.0010667" startTime="2025-09-07T22:30:01.1924419+07:00" endTime="2025-09-07T22:30:01.1924419+07:00" testType="13cdc9d9-ddb5-4fa4-a97d-d965ccfc6d4b" outcome="Passed" testListId="8c84fa94-04c1-424b-9868-57a2d4851a1d" relativeResultsDirectory="1832b0f5-1e0d-4e32-80db-42fbe8dbc47f" />
    <UnitTestResult executionId="521c3c66-41db-42f2-a18d-b00276987673" testId="283c2f61-5bea-e19b-0136-ae8f0da92e79" testName="ShopFlow.Domain.Tests.Entities.CoreUserTests.ClearDomainEvents_ShouldRemoveAllEvents" computerName="RAY" duration="00:00:00.0012154" startTime="2025-09-07T22:30:01.1961653+07:00" endTime="2025-09-07T22:30:01.1961654+07:00" testType="13cdc9d9-ddb5-4fa4-a97d-d965ccfc6d4b" outcome="Passed" testListId="8c84fa94-04c1-424b-9868-57a2d4851a1d" relativeResultsDirectory="521c3c66-41db-42f2-a18d-b00276987673" />
    <UnitTestResult executionId="446d604f-4384-4080-903f-0d309d39bb4f" testId="6331362b-9c58-7503-b444-72ac258e84cf" testName="ShopFlow.Domain.Tests.Entities.CatProductTests.RemoveCategory_NonExistingCategory_ShouldNotThrow" computerName="RAY" duration="00:00:00.0011402" startTime="2025-09-07T22:30:01.1651992+07:00" endTime="2025-09-07T22:30:01.1651992+07:00" testType="13cdc9d9-ddb5-4fa4-a97d-d965ccfc6d4b" outcome="Passed" testListId="8c84fa94-04c1-424b-9868-57a2d4851a1d" relativeResultsDirectory="446d604f-4384-4080-903f-0d309d39bb4f" />
    <UnitTestResult executionId="d223697b-0fb0-4f6d-849f-a700466a9893" testId="e7e6c5fa-e16e-8c54-06e5-8592cb3328c0" testName="ShopFlow.Domain.Tests.Entities.CoreUserTests.Constructor_EmptyPasswordHash_ShouldAcceptEmptyString" computerName="RAY" duration="00:00:00.0010293" startTime="2025-09-07T22:30:01.1240054+07:00" endTime="2025-09-07T22:30:01.1240055+07:00" testType="13cdc9d9-ddb5-4fa4-a97d-d965ccfc6d4b" outcome="Passed" testListId="8c84fa94-04c1-424b-9868-57a2d4851a1d" relativeResultsDirectory="d223697b-0fb0-4f6d-849f-a700466a9893" />
    <UnitTestResult executionId="1b129200-31b7-4df9-a171-e8eeeb961412" testId="265056d7-87e9-cd3d-9557-0a41f5841fcf" testName="ShopFlow.Domain.Tests.Entities.CatProductTests.IsActive_NonActiveProduct_ShouldReturnFalse(status: Draft)" computerName="RAY" duration="00:00:00.0007769" startTime="2025-09-07T22:30:01.1761149+07:00" endTime="2025-09-07T22:30:01.1761149+07:00" testType="13cdc9d9-ddb5-4fa4-a97d-d965ccfc6d4b" outcome="Passed" testListId="8c84fa94-04c1-424b-9868-57a2d4851a1d" relativeResultsDirectory="1b129200-31b7-4df9-a171-e8eeeb961412" />
    <UnitTestResult executionId="92ae2e6b-99cc-4ec3-b76f-00dbe94f70d7" testId="20e680d3-37bd-5dcd-6cd9-321a1c196e07" testName="ShopFlow.Domain.Tests.DomainServices.PricingServiceTests.CalculateShippingFee_PreciseWeight_ShouldCalculateCorrectly" computerName="RAY" duration="00:00:00.0009487" startTime="2025-09-07T22:30:01.1934972+07:00" endTime="2025-09-07T22:30:01.1934972+07:00" testType="13cdc9d9-ddb5-4fa4-a97d-d965ccfc6d4b" outcome="Passed" testListId="8c84fa94-04c1-424b-9868-57a2d4851a1d" relativeResultsDirectory="92ae2e6b-99cc-4ec3-b76f-00dbe94f70d7" />
    <UnitTestResult executionId="3e673842-aabb-4640-a8b3-d66b1a5384e5" testId="83f5bdcd-2c1c-9e19-76e8-646b42a221e4" testName="ShopFlow.Domain.Tests.ValueObjects.MoneyTests.Constructor_DefaultCurrency_ShouldUseVND" computerName="RAY" duration="00:00:00.0010869" startTime="2025-09-07T22:30:01.1103417+07:00" endTime="2025-09-07T22:30:01.1103418+07:00" testType="13cdc9d9-ddb5-4fa4-a97d-d965ccfc6d4b" outcome="Passed" testListId="8c84fa94-04c1-424b-9868-57a2d4851a1d" relativeResultsDirectory="3e673842-aabb-4640-a8b3-d66b1a5384e5" />
    <UnitTestResult executionId="bd2b3ced-6c47-4ee5-a92b-cdf034a0dbaf" testId="9a007a00-e44b-4471-8591-53dcac8274ff" testName="ShopFlow.Domain.Tests.ValueObjects.PhoneNumberTests.Constructor_InvalidPhoneFormat_ShouldThrowArgumentException(invalidPhone: &quot;0123456789012&quot;)" computerName="RAY" duration="00:00:00.0008823" startTime="2025-09-07T22:30:01.1146025+07:00" endTime="2025-09-07T22:30:01.1146025+07:00" testType="13cdc9d9-ddb5-4fa4-a97d-d965ccfc6d4b" outcome="Passed" testListId="8c84fa94-04c1-424b-9868-57a2d4851a1d" relativeResultsDirectory="bd2b3ced-6c47-4ee5-a92b-cdf034a0dbaf" />
    <UnitTestResult executionId="11978b6a-a4a9-4c85-b1ba-4ae200b08f12" testId="8227669a-089c-c315-f950-a96230acb800" testName="ShopFlow.Domain.Tests.ValueObjects.MoneyTests.Zero_WithSpecificCurrency_ShouldCreateZeroMoney" computerName="RAY" duration="00:00:00.0009420" startTime="2025-09-07T22:30:01.1198487+07:00" endTime="2025-09-07T22:30:01.1198488+07:00" testType="13cdc9d9-ddb5-4fa4-a97d-d965ccfc6d4b" outcome="Passed" testListId="8c84fa94-04c1-424b-9868-57a2d4851a1d" relativeResultsDirectory="11978b6a-a4a9-4c85-b1ba-4ae200b08f12" />
    <UnitTestResult executionId="f668bbbe-f93a-440b-b7e5-c08483ed75ad" testId="9360ccc8-e628-6476-62fa-8cb6546f9b33" testName="ShopFlow.Domain.Tests.ValueObjects.EmailTests.Constructor_EmailWithSpecialCharacters_ShouldCreateEmailObject(emailWithSpecialChars: &quot;test+tag@example.com&quot;)" computerName="RAY" duration="00:00:00.0009856" startTime="2025-09-07T22:30:01.1147039+07:00" endTime="2025-09-07T22:30:01.1147039+07:00" testType="13cdc9d9-ddb5-4fa4-a97d-d965ccfc6d4b" outcome="Passed" testListId="8c84fa94-04c1-424b-9868-57a2d4851a1d" relativeResultsDirectory="f668bbbe-f93a-440b-b7e5-c08483ed75ad" />
    <UnitTestResult executionId="b60c1ef8-55db-4628-b312-fa091b83f5b1" testId="ef9556a1-43ea-55c6-65f3-631bed6db249" testName="ShopFlow.Domain.Tests.DomainServices.PricingServiceTests.CalculateShippingFee_NullOrderValue_ShouldThrowArgumentNullException" computerName="RAY" duration="00:00:00.0009624" startTime="2025-09-07T22:30:01.1951646+07:00" endTime="2025-09-07T22:30:01.1951647+07:00" testType="13cdc9d9-ddb5-4fa4-a97d-d965ccfc6d4b" outcome="Passed" testListId="8c84fa94-04c1-424b-9868-57a2d4851a1d" relativeResultsDirectory="b60c1ef8-55db-4628-b312-fa091b83f5b1" />
    <UnitTestResult executionId="6af6f98f-7556-40c3-8d5d-5098b26e00f0" testId="51d4e05c-c0a2-baca-58a6-8b5de7318d9f" testName="ShopFlow.Domain.Tests.Entities.CoreUserTests.UpdatePhone_ValidPhone_ShouldUpdatePhone" computerName="RAY" duration="00:00:00.0015793" startTime="2025-09-07T22:30:01.1199027+07:00" endTime="2025-09-07T22:30:01.1199027+07:00" testType="13cdc9d9-ddb5-4fa4-a97d-d965ccfc6d4b" outcome="Passed" testListId="8c84fa94-04c1-424b-9868-57a2d4851a1d" relativeResultsDirectory="6af6f98f-7556-40c3-8d5d-5098b26e00f0" />
    <UnitTestResult executionId="f3a1f7b2-7b92-4886-815d-e73b8782deb9" testId="b04c4fc4-0b4c-de75-1429-e6b7f4254d67" testName="ShopFlow.Domain.Tests.ValueObjects.PhoneNumberTests.Constructor_PhoneWithSpecialCharacters_ShouldThrowArgumentException(phoneWithSpecialChars: &quot;+84-90-123-4567&quot;)" computerName="RAY" duration="00:00:00.0513740" startTime="2025-09-07T22:30:01.0426086+07:00" endTime="2025-09-07T22:30:01.0426316+07:00" testType="13cdc9d9-ddb5-4fa4-a97d-d965ccfc6d4b" outcome="Passed" testListId="8c84fa94-04c1-424b-9868-57a2d4851a1d" relativeResultsDirectory="f3a1f7b2-7b92-4886-815d-e73b8782deb9" />
    <UnitTestResult executionId="cef7f069-cf0a-420e-90e0-a5868cf90fcb" testId="489f187d-0468-63e3-0e3c-46a80a2e55a4" testName="ShopFlow.Domain.Tests.ValueObjects.EmailTests.Constructor_ValidEmailFormats_ShouldCreateEmailObject(validEmail: &quot;user.name@domain.co.uk&quot;)" computerName="RAY" duration="00:00:00.0009389" startTime="2025-09-07T22:30:01.1074926+07:00" endTime="2025-09-07T22:30:01.1074926+07:00" testType="13cdc9d9-ddb5-4fa4-a97d-d965ccfc6d4b" outcome="Passed" testListId="8c84fa94-04c1-424b-9868-57a2d4851a1d" relativeResultsDirectory="cef7f069-cf0a-420e-90e0-a5868cf90fcb" />
    <UnitTestResult executionId="a3556d05-4ad0-4a10-ba45-5b01a1ea318c" testId="052ee71f-26c2-9859-72b9-feadda7d966d" testName="ShopFlow.Domain.Tests.ValueObjects.PhoneNumberTests.Constructor_PhoneWithSpecialCharacters_ShouldThrowArgumentException(phoneWithSpecialChars: &quot;(090) 123-4567&quot;)" computerName="RAY" duration="00:00:00.0010361" startTime="2025-09-07T22:30:01.1074130+07:00" endTime="2025-09-07T22:30:01.1074130+07:00" testType="13cdc9d9-ddb5-4fa4-a97d-d965ccfc6d4b" outcome="Passed" testListId="8c84fa94-04c1-424b-9868-57a2d4851a1d" relativeResultsDirectory="a3556d05-4ad0-4a10-ba45-5b01a1ea318c" />
    <UnitTestResult executionId="4196dae1-fc50-4a32-bde7-8fffc438d15a" testId="82a235da-de78-ba4a-bc15-106870e18ce5" testName="ShopFlow.Domain.Tests.ValueObjects.PhoneNumberTests.Constructor_ValidVietnamesePhone_ShouldCreatePhoneNumberObject(input: &quot;0912345678&quot;, expected: &quot;912345678&quot;)" computerName="RAY" duration="00:00:00.0009027" startTime="2025-09-07T22:30:01.1224241+07:00" endTime="2025-09-07T22:30:01.1224241+07:00" testType="13cdc9d9-ddb5-4fa4-a97d-d965ccfc6d4b" outcome="Passed" testListId="8c84fa94-04c1-424b-9868-57a2d4851a1d" relativeResultsDirectory="4196dae1-fc50-4a32-bde7-8fffc438d15a" />
    <UnitTestResult executionId="c251b02c-a963-422a-82ff-f33c3f99701f" testId="3d90761a-15e7-75a1-ae51-2bfb2c629dc0" testName="ShopFlow.Domain.Tests.ValueObjects.PhoneNumberTests.Constructor_ValidVietnameseMobileNumbers_ShouldCreatePhoneNumberObject(validPhone: &quot;0945678901&quot;)" computerName="RAY" duration="00:00:00.0005343" startTime="2025-09-07T22:30:01.1118184+07:00" endTime="2025-09-07T22:30:01.1118185+07:00" testType="13cdc9d9-ddb5-4fa4-a97d-d965ccfc6d4b" outcome="Passed" testListId="8c84fa94-04c1-424b-9868-57a2d4851a1d" relativeResultsDirectory="c251b02c-a963-422a-82ff-f33c3f99701f" />
    <UnitTestResult executionId="10dd36ef-db75-452d-afab-56e65da77431" testId="94fa0ab4-61ce-c6ab-5c59-07967741738a" testName="ShopFlow.Domain.Tests.DomainServices.PricingServiceTests.CalculatePrice_NullOffer_ShouldThrowArgumentNullException" computerName="RAY" duration="00:00:00.0011000" startTime="2025-09-07T22:30:01.1962075+07:00" endTime="2025-09-07T22:30:01.1962076+07:00" testType="13cdc9d9-ddb5-4fa4-a97d-d965ccfc6d4b" outcome="Passed" testListId="8c84fa94-04c1-424b-9868-57a2d4851a1d" relativeResultsDirectory="10dd36ef-db75-452d-afab-56e65da77431" />
    <UnitTestResult executionId="235b2e0f-6d80-42c0-bb94-f9f86acb26ce" testId="e59e8aa4-eeae-8916-aa6d-620e8eab4aa8" testName="ShopFlow.Domain.Tests.DomainServices.PricingServiceTests.CalculateShippingFee_LargeWeight_ShouldCalculateCorrectly" computerName="RAY" duration="00:00:00.0016560" startTime="2025-09-07T22:30:01.1953368+07:00" endTime="2025-09-07T22:30:01.1953368+07:00" testType="13cdc9d9-ddb5-4fa4-a97d-d965ccfc6d4b" outcome="Passed" testListId="8c84fa94-04c1-424b-9868-57a2d4851a1d" relativeResultsDirectory="235b2e0f-6d80-42c0-bb94-f9f86acb26ce" />
    <UnitTestResult executionId="33b52b48-15df-429b-a176-65a58cf46512" testId="64209470-d058-3cea-6c75-fff70dcf3d5d" testName="ShopFlow.Domain.Tests.Entities.CoreUserTests.Reviews_ShouldBeReadOnlyCollection" computerName="RAY" duration="00:00:00.0029695" startTime="2025-09-07T22:30:01.1968491+07:00" endTime="2025-09-07T22:30:01.1968492+07:00" testType="13cdc9d9-ddb5-4fa4-a97d-d965ccfc6d4b" outcome="Passed" testListId="8c84fa94-04c1-424b-9868-57a2d4851a1d" relativeResultsDirectory="33b52b48-15df-429b-a176-65a58cf46512" />
    <UnitTestResult executionId="726b93e3-e876-4d91-91bd-7dd84e3764d7" testId="490636a1-cc1a-e079-4fb4-4c9f2f773374" testName="ShopFlow.Domain.Tests.Entities.CatProductTests.UpdateReturnDays_VariousNegativeValues_ShouldThrowException(negativeDays: -10)" computerName="RAY" duration="00:00:00.0005599" startTime="2025-09-07T22:30:01.1257429+07:00" endTime="2025-09-07T22:30:01.1257430+07:00" testType="13cdc9d9-ddb5-4fa4-a97d-d965ccfc6d4b" outcome="Passed" testListId="8c84fa94-04c1-424b-9868-57a2d4851a1d" relativeResultsDirectory="726b93e3-e876-4d91-91bd-7dd84e3764d7" />
    <UnitTestResult executionId="a1d20a2d-b912-4bbf-8134-05dda75f6aca" testId="1613560e-07a8-4cbd-1167-d80d28347abb" testName="ShopFlow.Domain.Tests.DomainServices.PricingServiceTests.CalculateShippingFee_NullShippingZone_ShouldThrowArgumentException" computerName="RAY" duration="00:00:00.0010372" startTime="2025-09-07T22:30:01.1637253+07:00" endTime="2025-09-07T22:30:01.1637253+07:00" testType="13cdc9d9-ddb5-4fa4-a97d-d965ccfc6d4b" outcome="Passed" testListId="8c84fa94-04c1-424b-9868-57a2d4851a1d" relativeResultsDirectory="a1d20a2d-b912-4bbf-8134-05dda75f6aca" />
    <UnitTestResult executionId="76a86201-15ac-4658-8ecb-fc55c5b359e8" testId="3acbbe98-c61f-9d46-3fdf-7766f22f4fc9" testName="ShopFlow.Domain.Tests.ValueObjects.PhoneNumberTests.Constructor_NullPhone_ShouldThrowArgumentException" computerName="RAY" duration="00:00:00.0059547" startTime="2025-09-07T22:30:01.1097261+07:00" endTime="2025-09-07T22:30:01.1097261+07:00" testType="13cdc9d9-ddb5-4fa4-a97d-d965ccfc6d4b" outcome="Passed" testListId="8c84fa94-04c1-424b-9868-57a2d4851a1d" relativeResultsDirectory="76a86201-15ac-4658-8ecb-fc55c5b359e8" />
    <UnitTestResult executionId="1d27e8bb-b88f-433b-a494-09a03499e235" testId="c673d55e-61ed-3eb6-41ab-ae60b4e47391" testName="ShopFlow.Domain.Tests.DomainServices.PricingServiceTests.CalculateTax_InvalidTaxRate_ShouldThrowArgumentException(invalidTaxRate: 1,1)" computerName="RAY" duration="00:00:00.0010692" startTime="2025-09-07T22:30:01.1776372+07:00" endTime="2025-09-07T22:30:01.1776373+07:00" testType="13cdc9d9-ddb5-4fa4-a97d-d965ccfc6d4b" outcome="Passed" testListId="8c84fa94-04c1-424b-9868-57a2d4851a1d" relativeResultsDirectory="1d27e8bb-b88f-433b-a494-09a03499e235" />
    <UnitTestResult executionId="a53f62d4-0e12-4815-9a14-a88216eddb27" testId="67a9263d-3a19-034f-57e3-ff5323ef61c9" testName="ShopFlow.Domain.Tests.Entities.CatProductTests.AddSku_NullSku_ShouldThrowException" computerName="RAY" duration="00:00:00.0040498" startTime="2025-09-07T22:30:01.1133710+07:00" endTime="2025-09-07T22:30:01.1133710+07:00" testType="13cdc9d9-ddb5-4fa4-a97d-d965ccfc6d4b" outcome="Passed" testListId="8c84fa94-04c1-424b-9868-57a2d4851a1d" relativeResultsDirectory="a53f62d4-0e12-4815-9a14-a88216eddb27" />
    <UnitTestResult executionId="e9d488e2-4f46-4168-aeb4-4b9a45a70922" testId="b614e99a-e42f-5ceb-c611-8702698b9bf1" testName="ShopFlow.Domain.Tests.Entities.CatProductTests.RemoveCategory_OneOfMultipleCategories_ShouldRemoveOnlySpecified" computerName="RAY" duration="00:00:00.0012718" startTime="2025-09-07T22:30:01.1778639+07:00" endTime="2025-09-07T22:30:01.1778640+07:00" testType="13cdc9d9-ddb5-4fa4-a97d-d965ccfc6d4b" outcome="Passed" testListId="8c84fa94-04c1-424b-9868-57a2d4851a1d" relativeResultsDirectory="e9d488e2-4f46-4168-aeb4-4b9a45a70922" />
    <UnitTestResult executionId="66744198-edfc-49d8-a416-5c39e4cfe7ff" testId="19660cff-a1de-c0e5-5e2f-640bdd7db3ec" testName="ShopFlow.Domain.Tests.DomainServices.PricingServiceTests.CalculateShippingFee_ZeroOrNegativeWeight_ShouldThrowArgumentException(invalidWeight: 0)" computerName="RAY" duration="00:00:00.0010130" startTime="2025-09-07T22:30:01.1152882+07:00" endTime="2025-09-07T22:30:01.1152883+07:00" testType="13cdc9d9-ddb5-4fa4-a97d-d965ccfc6d4b" outcome="Passed" testListId="8c84fa94-04c1-424b-9868-57a2d4851a1d" relativeResultsDirectory="66744198-edfc-49d8-a416-5c39e4cfe7ff" />
    <UnitTestResult executionId="d26eb687-6f6d-4bf3-9948-36ff3e9b1a25" testId="c349a500-9814-8897-b266-1b220601c7b5" testName="ShopFlow.Domain.Tests.Entities.CatProductTests.Constructor_VariousReturnDays_ShouldCreateProduct(returnDays: 90)" computerName="RAY" duration="00:00:00.0008232" startTime="2025-09-07T22:30:01.1637739+07:00" endTime="2025-09-07T22:30:01.1637739+07:00" testType="13cdc9d9-ddb5-4fa4-a97d-d965ccfc6d4b" outcome="Passed" testListId="8c84fa94-04c1-424b-9868-57a2d4851a1d" relativeResultsDirectory="d26eb687-6f6d-4bf3-9948-36ff3e9b1a25" />
    <UnitTestResult executionId="a5407729-308f-4083-83e8-d8f71664cf64" testId="784ba244-b990-3b2e-f6c3-993ce8ce6ef5" testName="ShopFlow.Domain.Tests.Entities.CatProductTests.Deactivate_DraftProduct_ShouldDeactivateProduct" computerName="RAY" duration="00:00:00.0009755" startTime="2025-09-07T22:30:01.1923815+07:00" endTime="2025-09-07T22:30:01.1923816+07:00" testType="13cdc9d9-ddb5-4fa4-a97d-d965ccfc6d4b" outcome="Passed" testListId="8c84fa94-04c1-424b-9868-57a2d4851a1d" relativeResultsDirectory="a5407729-308f-4083-83e8-d8f71664cf64" />
    <UnitTestResult executionId="17d0ba5a-1816-4702-8a5e-4a0106ebc38b" testId="7e86f5eb-5a95-f243-503d-4bfe55305a83" testName="ShopFlow.Domain.Tests.ValueObjects.MoneyTests.Multiplication_WithDecimalMultiplier_ShouldMultiplyAmount" computerName="RAY" duration="00:00:00.0007366" startTime="2025-09-07T22:30:01.1232383+07:00" endTime="2025-09-07T22:30:01.1232383+07:00" testType="13cdc9d9-ddb5-4fa4-a97d-d965ccfc6d4b" outcome="Passed" testListId="8c84fa94-04c1-424b-9868-57a2d4851a1d" relativeResultsDirectory="17d0ba5a-1816-4702-8a5e-4a0106ebc38b" />
    <UnitTestResult executionId="d8d9daf0-e35f-46b0-82cb-b58043ece686" testId="51d931e0-4a6d-e9e2-d239-1736dc358211" testName="ShopFlow.Domain.Tests.ValueObjects.PhoneNumberTests.Equals_DifferentFormatsButSameNumber_ShouldReturnTrue" computerName="RAY" duration="00:00:00.0032539" startTime="2025-09-07T22:30:01.1657421+07:00" endTime="2025-09-07T22:30:01.1657422+07:00" testType="13cdc9d9-ddb5-4fa4-a97d-d965ccfc6d4b" outcome="Passed" testListId="8c84fa94-04c1-424b-9868-57a2d4851a1d" relativeResultsDirectory="d8d9daf0-e35f-46b0-82cb-b58043ece686" />
    <UnitTestResult executionId="55f670c4-a2b6-464c-9025-0e2c948e3aaf" testId="e417a92b-be8d-ea49-a654-9a3d9502f3e0" testName="ShopFlow.Domain.Tests.ValueObjects.PhoneNumberTests.ImplicitStringConversion_ShouldReturnNormalizedPhoneValue" computerName="RAY" duration="00:00:00.0038634" startTime="2025-09-07T22:30:01.1264134+07:00" endTime="2025-09-07T22:30:01.1264135+07:00" testType="13cdc9d9-ddb5-4fa4-a97d-d965ccfc6d4b" outcome="Passed" testListId="8c84fa94-04c1-424b-9868-57a2d4851a1d" relativeResultsDirectory="55f670c4-a2b6-464c-9025-0e2c948e3aaf" />
    <UnitTestResult executionId="17089ce5-6795-4192-a337-1a20c9f3ce13" testId="27c23e06-a466-dd2e-8213-895213eda3ab" testName="ShopFlow.Domain.Tests.Entities.CatProductTests.Activate_DiscontinuedProduct_ShouldThrowException" computerName="RAY" duration="00:00:00.0011402" startTime="2025-09-07T22:30:01.1952759+07:00" endTime="2025-09-07T22:30:01.1952760+07:00" testType="13cdc9d9-ddb5-4fa4-a97d-d965ccfc6d4b" outcome="Passed" testListId="8c84fa94-04c1-424b-9868-57a2d4851a1d" relativeResultsDirectory="17089ce5-6795-4192-a337-1a20c9f3ce13" />
    <UnitTestResult executionId="1495efb0-1650-4a6c-9320-5260bb9e9065" testId="26d6bbd6-0508-8780-628e-152475655955" testName="ShopFlow.Domain.Tests.ValueObjects.PhoneNumberTests.Constructor_PhoneNumberNormalization_ShouldHandleComplexFormats" computerName="RAY" duration="00:00:00.0009854" startTime="2025-09-07T22:30:01.1629828+07:00" endTime="2025-09-07T22:30:01.1629829+07:00" testType="13cdc9d9-ddb5-4fa4-a97d-d965ccfc6d4b" outcome="Passed" testListId="8c84fa94-04c1-424b-9868-57a2d4851a1d" relativeResultsDirectory="1495efb0-1650-4a6c-9320-5260bb9e9065" />
    <UnitTestResult executionId="5932b647-1751-4cb0-88b3-56c278b2922e" testId="21ee0cf7-92ff-a69e-6fab-1adda00b32df" testName="ShopFlow.Domain.Tests.ValueObjects.PhoneNumberTests.GetHashCode_NormalizedPhoneValues_ShouldReturnSameHashCode" computerName="RAY" duration="00:00:00.0007178" startTime="2025-09-07T22:30:01.1103743+07:00" endTime="2025-09-07T22:30:01.1103744+07:00" testType="13cdc9d9-ddb5-4fa4-a97d-d965ccfc6d4b" outcome="Passed" testListId="8c84fa94-04c1-424b-9868-57a2d4851a1d" relativeResultsDirectory="5932b647-1751-4cb0-88b3-56c278b2922e" />
    <UnitTestResult executionId="f7320341-1be0-469f-8fc3-10b4e38e81e0" testId="f326b5f8-1830-ef38-5782-9bd8fb54e336" testName="ShopFlow.Domain.Tests.ValueObjects.EmailTests.Constructor_EmailWithSpecialCharacters_ShouldCreateEmailObject(emailWithSpecialChars: &quot;test_name@example.com&quot;)" computerName="RAY" duration="00:00:00.0005626" startTime="2025-09-07T22:30:01.1197385+07:00" endTime="2025-09-07T22:30:01.1197390+07:00" testType="13cdc9d9-ddb5-4fa4-a97d-d965ccfc6d4b" outcome="Passed" testListId="8c84fa94-04c1-424b-9868-57a2d4851a1d" relativeResultsDirectory="f7320341-1be0-469f-8fc3-10b4e38e81e0" />
    <UnitTestResult executionId="5aba4e23-ee14-4227-9d0d-a62651f74371" testId="698fafc3-e03a-1a54-9a5c-d310e521006b" testName="ShopFlow.Domain.Tests.Entities.CatProductTests.ProductLifecycle_CompleteFlow_ShouldWorkCorrectly" computerName="RAY" duration="00:00:00.0017879" startTime="2025-09-07T22:30:01.1942037+07:00" endTime="2025-09-07T22:30:01.1942038+07:00" testType="13cdc9d9-ddb5-4fa4-a97d-d965ccfc6d4b" outcome="Passed" testListId="8c84fa94-04c1-424b-9868-57a2d4851a1d" relativeResultsDirectory="5aba4e23-ee14-4227-9d0d-a62651f74371" />
    <UnitTestResult executionId="445a7da6-aeea-4bfe-8708-5bb601d7301a" testId="66a712f0-1239-a974-628e-103cd5419f14" testName="ShopFlow.Domain.Tests.DomainServices.PricingServiceTests.ApplyDiscount_InvalidDiscountPercentage_ShouldThrowArgumentException(invalidPercentage: 2)" computerName="RAY" duration="00:00:00.0006491" startTime="2025-09-07T22:30:01.1097728+07:00" endTime="2025-09-07T22:30:01.1097729+07:00" testType="13cdc9d9-ddb5-4fa4-a97d-d965ccfc6d4b" outcome="Passed" testListId="8c84fa94-04c1-424b-9868-57a2d4851a1d" relativeResultsDirectory="445a7da6-aeea-4bfe-8708-5bb601d7301a" />
    <UnitTestResult executionId="839e71bc-85a2-4329-8bee-ee824d2d22bc" testId="8698d5b3-9a57-0708-93ce-8e38d668e009" testName="ShopFlow.Domain.Tests.Entities.CatProductTests.Constructor_VariousReturnDays_ShouldCreateProduct(returnDays: 365)" computerName="RAY" duration="00:00:00.0008120" startTime="2025-09-07T22:30:01.1644194+07:00" endTime="2025-09-07T22:30:01.1644194+07:00" testType="13cdc9d9-ddb5-4fa4-a97d-d965ccfc6d4b" outcome="Passed" testListId="8c84fa94-04c1-424b-9868-57a2d4851a1d" relativeResultsDirectory="839e71bc-85a2-4329-8bee-ee824d2d22bc" />
    <UnitTestResult executionId="af83338a-3f2e-4be8-9e6e-849d2410b098" testId="02899070-be20-188d-b8d1-2f75c98f396f" testName="ShopFlow.Domain.Tests.Entities.CatProductTests.Constructor_VariousReturnDays_ShouldCreateProduct(returnDays: 15)" computerName="RAY" duration="00:00:00.0009494" startTime="2025-09-07T22:30:01.1631403+07:00" endTime="2025-09-07T22:30:01.1631404+07:00" testType="13cdc9d9-ddb5-4fa4-a97d-d965ccfc6d4b" outcome="Passed" testListId="8c84fa94-04c1-424b-9868-57a2d4851a1d" relativeResultsDirectory="af83338a-3f2e-4be8-9e6e-849d2410b098" />
    <UnitTestResult executionId="af5d82aa-8c60-4ed8-9169-85b2106ed145" testId="e3c6b8bd-2717-8ba4-43a1-dd794fde5e54" testName="ShopFlow.Domain.Tests.DomainServices.PricingServiceTests.CalculateTotal_LargeDiscountExceedsSubtotal_ShouldThrowException" computerName="RAY" duration="00:00:00.0010730" startTime="2025-09-07T22:30:01.1630345+07:00" endTime="2025-09-07T22:30:01.1630346+07:00" testType="13cdc9d9-ddb5-4fa4-a97d-d965ccfc6d4b" outcome="Passed" testListId="8c84fa94-04c1-424b-9868-57a2d4851a1d" relativeResultsDirectory="af5d82aa-8c60-4ed8-9169-85b2106ed145" />
    <UnitTestResult executionId="5a4560fa-b02e-48b9-8472-cd46902bc0ea" testId="f97b4287-9130-4273-2524-920e467deab9" testName="ShopFlow.Domain.Tests.ValueObjects.MoneyTests.Subtraction_DifferentCurrency_ShouldThrowInvalidOperationException" computerName="RAY" duration="00:00:00.0014146" startTime="2025-09-07T22:30:01.1096246+07:00" endTime="2025-09-07T22:30:01.1096247+07:00" testType="13cdc9d9-ddb5-4fa4-a97d-d965ccfc6d4b" outcome="Passed" testListId="8c84fa94-04c1-424b-9868-57a2d4851a1d" relativeResultsDirectory="5a4560fa-b02e-48b9-8472-cd46902bc0ea" />
    <UnitTestResult executionId="8df8b3b3-9e92-47db-922c-65dc20a5d70d" testId="47728473-b9e5-4b51-7b23-7416763c7769" testName="ShopFlow.Domain.Tests.ValueObjects.EmailTests.Constructor_InvalidEmailFormat_ShouldThrowArgumentException(invalidEmail: &quot;test.domain.com&quot;)" computerName="RAY" duration="00:00:00.0089914" startTime="2025-09-07T22:30:01.1215122+07:00" endTime="2025-09-07T22:30:01.1215123+07:00" testType="13cdc9d9-ddb5-4fa4-a97d-d965ccfc6d4b" outcome="Passed" testListId="8c84fa94-04c1-424b-9868-57a2d4851a1d" relativeResultsDirectory="8df8b3b3-9e92-47db-922c-65dc20a5d70d" />
    <UnitTestResult executionId="45909f3b-4b08-4091-8296-6c469ee989aa" testId="37268108-18da-b9d3-075e-a58a9390dae2" testName="ShopFlow.Domain.Tests.Entities.CatProductTests.UpdateReturnDays_VariousNegativeValues_ShouldThrowException(negativeDays: -100)" computerName="RAY" duration="00:00:00.0009618" startTime="2025-09-07T22:30:01.1255552+07:00" endTime="2025-09-07T22:30:01.1255553+07:00" testType="13cdc9d9-ddb5-4fa4-a97d-d965ccfc6d4b" outcome="Passed" testListId="8c84fa94-04c1-424b-9868-57a2d4851a1d" relativeResultsDirectory="45909f3b-4b08-4091-8296-6c469ee989aa" />
    <UnitTestResult executionId="25f6cc99-bca9-4800-84d2-25ff7a87df25" testId="49d7b575-ad9f-89d2-f6b6-832f2b3660f8" testName="ShopFlow.Domain.Tests.DomainServices.PricingServiceTests.CalculatePrice_ZeroOrNegativeQuantity_ShouldThrowArgumentException(invalidQuantity: 0)" computerName="RAY" duration="00:00:00.0010192" startTime="2025-09-07T22:30:01.1239466+07:00" endTime="2025-09-07T22:30:01.1239466+07:00" testType="13cdc9d9-ddb5-4fa4-a97d-d965ccfc6d4b" outcome="Passed" testListId="8c84fa94-04c1-424b-9868-57a2d4851a1d" relativeResultsDirectory="25f6cc99-bca9-4800-84d2-25ff7a87df25" />
    <UnitTestResult executionId="b04e9658-7ac2-4521-a4a9-f54cb32056dc" testId="6f58c3ef-7d94-8667-b912-cdc1678e7d0a" testName="ShopFlow.Domain.Tests.ValueObjects.EmailTests.Constructor_VeryLongEmail_ShouldCreateEmailObject" computerName="RAY" duration="00:00:00.0007117" startTime="2025-09-07T22:30:01.1132284+07:00" endTime="2025-09-07T22:30:01.1132284+07:00" testType="13cdc9d9-ddb5-4fa4-a97d-d965ccfc6d4b" outcome="Passed" testListId="8c84fa94-04c1-424b-9868-57a2d4851a1d" relativeResultsDirectory="b04e9658-7ac2-4521-a4a9-f54cb32056dc" />
    <UnitTestResult executionId="a641b2e3-19a7-40ed-9274-9a7264901817" testId="bea138e1-1fad-cac8-5bf5-4387f1606a5b" testName="ShopFlow.Domain.Tests.ValueObjects.MoneyTests.CompareTo_DifferentCurrency_ShouldThrowInvalidOperationException" computerName="RAY" duration="00:00:00.0010800" startTime="2025-09-07T22:30:01.1145687+07:00" endTime="2025-09-07T22:30:01.1145687+07:00" testType="13cdc9d9-ddb5-4fa4-a97d-d965ccfc6d4b" outcome="Passed" testListId="8c84fa94-04c1-424b-9868-57a2d4851a1d" relativeResultsDirectory="a641b2e3-19a7-40ed-9274-9a7264901817" />
    <UnitTestResult executionId="910dea94-ec33-462b-9a54-c2c99437dd5f" testId="c22a34fc-e95e-5094-0b07-6980e351c5e4" testName="ShopFlow.Domain.Tests.ValueObjects.EmailTests.Constructor_ValidEmailFormats_ShouldCreateEmailObject(validEmail: &quot;a@b.co&quot;)" computerName="RAY" duration="00:00:00.0008976" startTime="2025-09-07T22:30:01.1094939+07:00" endTime="2025-09-07T22:30:01.1094940+07:00" testType="13cdc9d9-ddb5-4fa4-a97d-d965ccfc6d4b" outcome="Passed" testListId="8c84fa94-04c1-424b-9868-57a2d4851a1d" relativeResultsDirectory="910dea94-ec33-462b-9a54-c2c99437dd5f" />
    <UnitTestResult executionId="9d2fb524-413c-45ff-bb00-281db2448f2a" testId="45082cfc-5327-3fdd-d41d-406b8dd179be" testName="ShopFlow.Domain.Tests.ValueObjects.MoneyTests.Constructor_NegativeAmount_ShouldThrowArgumentException" computerName="RAY" duration="00:00:00.0010571" startTime="2025-09-07T22:30:01.1190231+07:00" endTime="2025-09-07T22:30:01.1190232+07:00" testType="13cdc9d9-ddb5-4fa4-a97d-d965ccfc6d4b" outcome="Passed" testListId="8c84fa94-04c1-424b-9868-57a2d4851a1d" relativeResultsDirectory="9d2fb524-413c-45ff-bb00-281db2448f2a" />
    <UnitTestResult executionId="08a8f104-689a-46ee-a015-b1c64b193b30" testId="1807b013-3efc-338b-5515-25690da0f308" testName="ShopFlow.Domain.Tests.Entities.CatProductTests.IsActive_NonActiveProduct_ShouldReturnFalse(status: Discontinued)" computerName="RAY" duration="00:00:00.0008611" startTime="2025-09-07T22:30:01.1755585+07:00" endTime="2025-09-07T22:30:01.1755585+07:00" testType="13cdc9d9-ddb5-4fa4-a97d-d965ccfc6d4b" outcome="Passed" testListId="8c84fa94-04c1-424b-9868-57a2d4851a1d" relativeResultsDirectory="08a8f104-689a-46ee-a015-b1c64b193b30" />
    <UnitTestResult executionId="9a249400-aba7-454d-bbd7-8ae9a9ff5326" testId="0ea52cb3-a170-fe99-a05c-139d909b8fbc" testName="ShopFlow.Domain.Tests.Entities.CatProductTests.RemoveCategory_ExistingCategory_ShouldRemoveCategory" computerName="RAY" duration="00:00:00.0012619" startTime="2025-09-07T22:30:01.1935480+07:00" endTime="2025-09-07T22:30:01.1935481+07:00" testType="13cdc9d9-ddb5-4fa4-a97d-d965ccfc6d4b" outcome="Passed" testListId="8c84fa94-04c1-424b-9868-57a2d4851a1d" relativeResultsDirectory="9a249400-aba7-454d-bbd7-8ae9a9ff5326" />
    <UnitTestResult executionId="7572f952-35da-4c81-869d-4abe2fa5fe4f" testId="1c2d2e1e-0fd3-fc86-5d43-170f0b68775e" testName="ShopFlow.Domain.Tests.Entities.CoreUserTests.UpdateEmail_NullEmail_ShouldThrowException" computerName="RAY" duration="00:00:00.0011604" startTime="2025-09-07T22:30:01.1776785+07:00" endTime="2025-09-07T22:30:01.1776786+07:00" testType="13cdc9d9-ddb5-4fa4-a97d-d965ccfc6d4b" outcome="Passed" testListId="8c84fa94-04c1-424b-9868-57a2d4851a1d" relativeResultsDirectory="7572f952-35da-4c81-869d-4abe2fa5fe4f" />
    <UnitTestResult executionId="d0d4dcc8-8c62-4e6f-b923-a881a9e515ca" testId="676fdd5c-23ef-1c9f-7ec3-7aa35d6a212e" testName="ShopFlow.Domain.Tests.ValueObjects.PhoneNumberTests.Equals_SamePhoneValues_ShouldReturnTrue" computerName="RAY" duration="00:00:00.0010522" startTime="2025-09-07T22:30:01.1735355+07:00" endTime="2025-09-07T22:30:01.1735356+07:00" testType="13cdc9d9-ddb5-4fa4-a97d-d965ccfc6d4b" outcome="Passed" testListId="8c84fa94-04c1-424b-9868-57a2d4851a1d" relativeResultsDirectory="d0d4dcc8-8c62-4e6f-b923-a881a9e515ca" />
    <UnitTestResult executionId="1648b10a-2c95-4b05-960e-a76b8b4f2bd3" testId="f235275b-3e48-57c2-555d-e0dc21c6f743" testName="ShopFlow.Domain.Tests.ValueObjects.PhoneNumberTests.Constructor_ValidVietnamesePhone_ShouldCreatePhoneNumberObject(input: &quot;84901234567&quot;, expected: &quot;901234567&quot;)" computerName="RAY" duration="00:00:00.0010111" startTime="2025-09-07T22:30:01.1216074+07:00" endTime="2025-09-07T22:30:01.1216075+07:00" testType="13cdc9d9-ddb5-4fa4-a97d-d965ccfc6d4b" outcome="Passed" testListId="8c84fa94-04c1-424b-9868-57a2d4851a1d" relativeResultsDirectory="1648b10a-2c95-4b05-960e-a76b8b4f2bd3" />
    <UnitTestResult executionId="8cbbc868-0dee-441a-b27a-a418af0a5acd" testId="ee1adf46-3dbc-4fa4-6624-c5866a212d87" testName="ShopFlow.Domain.Tests.Entities.CoreUserTests.VerifyEmail_ShouldSetEmailVerifiedToTrue" computerName="RAY" duration="00:00:00.0008378" startTime="2025-09-07T22:30:01.1924654+07:00" endTime="2025-09-07T22:30:01.1924655+07:00" testType="13cdc9d9-ddb5-4fa4-a97d-d965ccfc6d4b" outcome="Passed" testListId="8c84fa94-04c1-424b-9868-57a2d4851a1d" relativeResultsDirectory="8cbbc868-0dee-441a-b27a-a418af0a5acd" />
    <UnitTestResult executionId="d9fe22f5-db5d-4968-8ac0-cbb019600dbb" testId="31378fda-0f31-0b08-d74b-18a508f11802" testName="ShopFlow.Domain.Tests.ValueObjects.EmailTests.Equals_DifferentCaseEmailValues_ShouldReturnTrue" computerName="RAY" duration="00:00:00.0010231" startTime="2025-09-07T22:30:01.1257993+07:00" endTime="2025-09-07T22:30:01.1257993+07:00" testType="13cdc9d9-ddb5-4fa4-a97d-d965ccfc6d4b" outcome="Passed" testListId="8c84fa94-04c1-424b-9868-57a2d4851a1d" relativeResultsDirectory="d9fe22f5-db5d-4968-8ac0-cbb019600dbb" />
    <UnitTestResult executionId="fe99c10e-056b-4698-8f81-f15adb25f5d0" testId="6b92b6b7-2771-31a1-ed47-e54ddaba14a7" testName="ShopFlow.Domain.Tests.DomainServices.PricingServiceTests.ApplyDiscount_ValidAmountAndPercentage_ShouldCalculateCorrectly(amount: 250000, discountPercentage: 0,2, expectedResult: 200000)" computerName="RAY" duration="00:00:00.0008488" startTime="2025-09-07T22:30:01.1738220+07:00" endTime="2025-09-07T22:30:01.1738221+07:00" testType="13cdc9d9-ddb5-4fa4-a97d-d965ccfc6d4b" outcome="Passed" testListId="8c84fa94-04c1-424b-9868-57a2d4851a1d" relativeResultsDirectory="fe99c10e-056b-4698-8f81-f15adb25f5d0" />
    <UnitTestResult executionId="7020b9d2-af81-4e7b-80f0-8d78d33d0364" testId="b64eff7d-2849-b441-532d-2379356b2b61" testName="ShopFlow.Domain.Tests.ValueObjects.PhoneNumberTests.Constructor_EmptyOrWhitespacePhone_ShouldThrowArgumentException(invalidPhone: &quot;&quot;)" computerName="RAY" duration="00:00:00.0011314" startTime="2025-09-07T22:30:01.1247468+07:00" endTime="2025-09-07T22:30:01.1247469+07:00" testType="13cdc9d9-ddb5-4fa4-a97d-d965ccfc6d4b" outcome="Passed" testListId="8c84fa94-04c1-424b-9868-57a2d4851a1d" relativeResultsDirectory="7020b9d2-af81-4e7b-80f0-8d78d33d0364" />
    <UnitTestResult executionId="741fc0e7-70ea-43e4-beaa-dfb6ff72654a" testId="7cb39dd4-cb2d-85c2-7c67-b89e50ca6ebd" testName="ShopFlow.Domain.Tests.Entities.CoreUserTests.ChangePassword_ValidPasswordHash_ShouldUpdatePassword" computerName="RAY" duration="00:00:00.0010783" startTime="2025-09-07T22:30:01.1944840+07:00" endTime="2025-09-07T22:30:01.1944841+07:00" testType="13cdc9d9-ddb5-4fa4-a97d-d965ccfc6d4b" outcome="Passed" testListId="8c84fa94-04c1-424b-9868-57a2d4851a1d" relativeResultsDirectory="741fc0e7-70ea-43e4-beaa-dfb6ff72654a" />
    <UnitTestResult executionId="8df83237-7643-4aa5-b015-e2bf96a3c0d9" testId="558b3c36-4bfa-d017-852f-a510fa197df8" testName="ShopFlow.Domain.Tests.Entities.CoreUserTests.HasRole_EmptyRoles_ShouldReturnFalse" computerName="RAY" duration="00:00:00.0010169" startTime="2025-09-07T22:30:01.1959977+07:00" endTime="2025-09-07T22:30:01.1959978+07:00" testType="13cdc9d9-ddb5-4fa4-a97d-d965ccfc6d4b" outcome="Passed" testListId="8c84fa94-04c1-424b-9868-57a2d4851a1d" relativeResultsDirectory="8df83237-7643-4aa5-b015-e2bf96a3c0d9" />
    <UnitTestResult executionId="e27e2c3b-8cf0-483f-b7e8-78e994c1ff15" testId="dca3a84d-4ece-7664-1d57-025529f11686" testName="ShopFlow.Domain.Tests.ValueObjects.MoneyTests.Constructor_EmptyOrWhitespaceCurrency_ShouldThrowArgumentException(invalidCurrency: &quot; &quot;)" computerName="RAY" duration="00:00:00.0010139" startTime="2025-09-07T22:30:01.1072593+07:00" endTime="2025-09-07T22:30:01.1072594+07:00" testType="13cdc9d9-ddb5-4fa4-a97d-d965ccfc6d4b" outcome="Passed" testListId="8c84fa94-04c1-424b-9868-57a2d4851a1d" relativeResultsDirectory="e27e2c3b-8cf0-483f-b7e8-78e994c1ff15" />
    <UnitTestResult executionId="b1c6abcd-bdee-4530-8d27-a16d434d9328" testId="8cb05ff7-3893-426b-0a54-24c8fd2d7e89" testName="ShopFlow.Domain.Tests.Entities.CoreUserTests.AddAddress_MultipleAddresses_ShouldAddAllAddresses" computerName="RAY" duration="00:00:00.0206097" startTime="2025-09-07T22:30:01.1189582+07:00" endTime="2025-09-07T22:30:01.1189583+07:00" testType="13cdc9d9-ddb5-4fa4-a97d-d965ccfc6d4b" outcome="Passed" testListId="8c84fa94-04c1-424b-9868-57a2d4851a1d" relativeResultsDirectory="b1c6abcd-bdee-4530-8d27-a16d434d9328" />
    <UnitTestResult executionId="337428ce-17da-4019-bc91-d0426bbc6be9" testId="8e0a9cee-2598-724d-3ca2-4a214d7ba7e8" testName="ShopFlow.Domain.Tests.ValueObjects.EmailTests.Constructor_InvalidEmailFormat_ShouldThrowArgumentException(invalidEmail: &quot;test@domain.&quot;)" computerName="RAY" duration="00:00:00.0007986" startTime="2025-09-07T22:30:01.1248695+07:00" endTime="2025-09-07T22:30:01.1248696+07:00" testType="13cdc9d9-ddb5-4fa4-a97d-d965ccfc6d4b" outcome="Passed" testListId="8c84fa94-04c1-424b-9868-57a2d4851a1d" relativeResultsDirectory="337428ce-17da-4019-bc91-d0426bbc6be9" />
    <UnitTestResult executionId="0de02d9a-3d1d-4d49-88c4-97f5c67e8491" testId="7b573cfc-abab-ac9f-6083-33dbb3052041" testName="ShopFlow.Domain.Tests.DomainServices.PricingServiceTests.CalculateTax_MaximumTaxRate_ShouldReturnFullAmount" computerName="RAY" duration="00:00:00.0039357" startTime="2025-09-07T22:30:01.1933760+07:00" endTime="2025-09-07T22:30:01.1933760+07:00" testType="13cdc9d9-ddb5-4fa4-a97d-d965ccfc6d4b" outcome="Passed" testListId="8c84fa94-04c1-424b-9868-57a2d4851a1d" relativeResultsDirectory="0de02d9a-3d1d-4d49-88c4-97f5c67e8491" />
    <UnitTestResult executionId="bcd19459-31ef-4a62-87d0-afe7b0f530f0" testId="bbf44016-4f44-60af-a29d-a1548af75744" testName="ShopFlow.Domain.Tests.Entities.CatProductTests.AddCategory_NullCategory_ShouldThrowException" computerName="RAY" duration="00:00:00.0032464" startTime="2025-09-07T22:30:01.1658841+07:00" endTime="2025-09-07T22:30:01.1658842+07:00" testType="13cdc9d9-ddb5-4fa4-a97d-d965ccfc6d4b" outcome="Passed" testListId="8c84fa94-04c1-424b-9868-57a2d4851a1d" relativeResultsDirectory="bcd19459-31ef-4a62-87d0-afe7b0f530f0" />
    <UnitTestResult executionId="a7c2f4f3-1d72-4bf1-ae0d-309d4a4f4816" testId="abf3d1b0-0a87-e1ac-9237-e866dd26696b" testName="ShopFlow.Domain.Tests.ValueObjects.EmailTests.Constructor_ValidEmailFormats_ShouldCreateEmailObject(validEmail: &quot;test@example.com&quot;)" computerName="RAY" duration="00:00:00.0061593" startTime="2025-09-07T22:30:01.1098090+07:00" endTime="2025-09-07T22:30:01.1098091+07:00" testType="13cdc9d9-ddb5-4fa4-a97d-d965ccfc6d4b" outcome="Passed" testListId="8c84fa94-04c1-424b-9868-57a2d4851a1d" relativeResultsDirectory="a7c2f4f3-1d72-4bf1-ae0d-309d4a4f4816" />
    <UnitTestResult executionId="e4809fb5-e557-4ea7-9a24-9fbcd8d152a4" testId="a8616b4a-8b45-e777-31ba-757ec01761a4" testName="ShopFlow.Domain.Tests.Entities.CoreUserTests.HasRole_NonExistingRole_ShouldReturnFalse" computerName="RAY" duration="00:00:00.0006754" startTime="2025-09-07T22:30:01.1971264+07:00" endTime="2025-09-07T22:30:01.1971265+07:00" testType="13cdc9d9-ddb5-4fa4-a97d-d965ccfc6d4b" outcome="Passed" testListId="8c84fa94-04c1-424b-9868-57a2d4851a1d" relativeResultsDirectory="e4809fb5-e557-4ea7-9a24-9fbcd8d152a4" />
    <UnitTestResult executionId="23ba10f2-de98-4422-95ba-5f386e7bf2f1" testId="79b2e787-75eb-ada0-1fb7-9139ee283fa0" testName="ShopFlow.Domain.Tests.DomainServices.PricingServiceTests.CalculatePrice_PrecisionHandling_ShouldMaintainAccuracy" computerName="RAY" duration="00:00:00.0040867" startTime="2025-09-07T22:30:01.1761687+07:00" endTime="2025-09-07T22:30:01.1761688+07:00" testType="13cdc9d9-ddb5-4fa4-a97d-d965ccfc6d4b" outcome="Passed" testListId="8c84fa94-04c1-424b-9868-57a2d4851a1d" relativeResultsDirectory="23ba10f2-de98-4422-95ba-5f386e7bf2f1" />
    <UnitTestResult executionId="1a28b1e2-234a-40fa-8135-1e3a489035c0" testId="bd9a101b-15ce-6716-abd4-489bab9cc742" testName="ShopFlow.Domain.Tests.DomainServices.PricingServiceTests.CalculateTax_InvalidTaxRate_ShouldThrowArgumentException(invalidTaxRate: -0,1)" computerName="RAY" duration="00:00:00.0007278" startTime="2025-09-07T22:30:01.1779116+07:00" endTime="2025-09-07T22:30:01.1779117+07:00" testType="13cdc9d9-ddb5-4fa4-a97d-d965ccfc6d4b" outcome="Passed" testListId="8c84fa94-04c1-424b-9868-57a2d4851a1d" relativeResultsDirectory="1a28b1e2-234a-40fa-8135-1e3a489035c0" />
    <UnitTestResult executionId="5fc01ded-2d5f-43de-b3c2-51c25069f54e" testId="6a0d94b9-be6d-23cd-64bc-d59669bc2f33" testName="ShopFlow.Domain.Tests.Entities.CoreUserTests.ChangePassword_InvalidPasswordHash_ShouldThrowException(invalidPasswordHash: null)" computerName="RAY" duration="00:00:00.0011996" startTime="2025-09-07T22:30:01.1249815+07:00" endTime="2025-09-07T22:30:01.1249816+07:00" testType="13cdc9d9-ddb5-4fa4-a97d-d965ccfc6d4b" outcome="Passed" testListId="8c84fa94-04c1-424b-9868-57a2d4851a1d" relativeResultsDirectory="5fc01ded-2d5f-43de-b3c2-51c25069f54e" />
    <UnitTestResult executionId="e91dd0de-1fb0-48a5-b9a2-49a53dd27d44" testId="31bdbc99-0e38-b05a-bfc7-f7c211e4f869" testName="ShopFlow.Domain.Tests.ValueObjects.PhoneNumberTests.ToString_ShouldReturnNormalizedPhoneValue" computerName="RAY" duration="00:00:00.0010730" startTime="2025-09-07T22:30:01.1664592+07:00" endTime="2025-09-07T22:30:01.1664593+07:00" testType="13cdc9d9-ddb5-4fa4-a97d-d965ccfc6d4b" outcome="Passed" testListId="8c84fa94-04c1-424b-9868-57a2d4851a1d" relativeResultsDirectory="e91dd0de-1fb0-48a5-b9a2-49a53dd27d44" />
    <UnitTestResult executionId="179e377a-1af9-4ee3-b435-779305f4656f" testId="8d523190-9f67-adef-340e-83b2a27022a7" testName="ShopFlow.Domain.Tests.ValueObjects.EmailTests.Constructor_EmailWithSpecialCharacters_ShouldCreateEmailObject(emailWithSpecialChars: &quot;test.name+tag@example.com&quot;)" computerName="RAY" duration="00:00:00.0010089" startTime="2025-09-07T22:30:01.1182087+07:00" endTime="2025-09-07T22:30:01.1182087+07:00" testType="13cdc9d9-ddb5-4fa4-a97d-d965ccfc6d4b" outcome="Passed" testListId="8c84fa94-04c1-424b-9868-57a2d4851a1d" relativeResultsDirectory="179e377a-1af9-4ee3-b435-779305f4656f" />
    <UnitTestResult executionId="58105ca9-38b2-497e-8319-db34c942eb33" testId="7839b1cc-fc32-8268-0fbc-44f9ecd9a6fc" testName="ShopFlow.Domain.Tests.Entities.CoreUserTests.IsActive_NonActiveUser_ShouldReturnFalse(status: Inactive)" computerName="RAY" duration="00:00:00.0033272" startTime="2025-09-07T22:30:01.1657851+07:00" endTime="2025-09-07T22:30:01.1657851+07:00" testType="13cdc9d9-ddb5-4fa4-a97d-d965ccfc6d4b" outcome="Passed" testListId="8c84fa94-04c1-424b-9868-57a2d4851a1d" relativeResultsDirectory="58105ca9-38b2-497e-8319-db34c942eb33" />
    <UnitTestResult executionId="d750dde8-727c-4b1c-b1db-7456b6c2643e" testId="f9746748-86d6-845b-270f-2273d35cd085" testName="ShopFlow.Domain.Tests.ValueObjects.MoneyTests.Constructor_AmountWithManyDecimals_ShouldRoundToFourDecimals" computerName="RAY" duration="00:00:00.0009346" startTime="2025-09-07T22:30:01.1240466+07:00" endTime="2025-09-07T22:30:01.1240467+07:00" testType="13cdc9d9-ddb5-4fa4-a97d-d965ccfc6d4b" outcome="Passed" testListId="8c84fa94-04c1-424b-9868-57a2d4851a1d" relativeResultsDirectory="d750dde8-727c-4b1c-b1db-7456b6c2643e" />
    <UnitTestResult executionId="9df379c4-321e-49d2-9d13-80397a382985" testId="14433b58-ac7a-f628-f534-069ece792b0a" testName="ShopFlow.Domain.Tests.ValueObjects.MoneyTests.Constructor_CurrencyWithLowerCase_ShouldNormalizeToUpperCase" computerName="RAY" duration="00:00:00.0008464" startTime="2025-09-07T22:30:01.1124895+07:00" endTime="2025-09-07T22:30:01.1124896+07:00" testType="13cdc9d9-ddb5-4fa4-a97d-d965ccfc6d4b" outcome="Passed" testListId="8c84fa94-04c1-424b-9868-57a2d4851a1d" relativeResultsDirectory="9df379c4-321e-49d2-9d13-80397a382985" />
    <UnitTestResult executionId="b3e534c6-d432-4126-874c-e4fc36610d4c" testId="00ec3ee8-68a3-a137-d508-0e8509b1b810" testName="ShopFlow.Domain.Tests.ValueObjects.EmailTests.ExplicitEmailConversion_ValidString_ShouldCreateEmail" computerName="RAY" duration="00:00:00.0007181" startTime="2025-09-07T22:30:01.1109366+07:00" endTime="2025-09-07T22:30:01.1109367+07:00" testType="13cdc9d9-ddb5-4fa4-a97d-d965ccfc6d4b" outcome="Passed" testListId="8c84fa94-04c1-424b-9868-57a2d4851a1d" relativeResultsDirectory="b3e534c6-d432-4126-874c-e4fc36610d4c" />
    <UnitTestResult executionId="01079b90-ce42-48de-bebd-0cfecc984bfd" testId="e8652ddb-44dd-7267-219e-345707d6380d" testName="ShopFlow.Domain.Tests.DomainServices.PricingServiceTests.IsValidPrice_NullPrice_ShouldReturnFalse" computerName="RAY" duration="00:00:00.0008905" startTime="2025-09-07T22:30:01.1651499+07:00" endTime="2025-09-07T22:30:01.1651499+07:00" testType="13cdc9d9-ddb5-4fa4-a97d-d965ccfc6d4b" outcome="Passed" testListId="8c84fa94-04c1-424b-9868-57a2d4851a1d" relativeResultsDirectory="01079b90-ce42-48de-bebd-0cfecc984bfd" />
    <UnitTestResult executionId="14c08de1-37a6-4760-8500-ddef38ea3924" testId="7c359d95-09c2-5194-7104-23c6787fa98b" testName="ShopFlow.Domain.Tests.ValueObjects.EmailTests.Constructor_InvalidEmailFormat_ShouldThrowArgumentException(invalidEmail: &quot;test@domain&quot;)" computerName="RAY" duration="00:00:00.0007689" startTime="2025-09-07T22:30:01.1225311+07:00" endTime="2025-09-07T22:30:01.1225311+07:00" testType="13cdc9d9-ddb5-4fa4-a97d-d965ccfc6d4b" outcome="Passed" testListId="8c84fa94-04c1-424b-9868-57a2d4851a1d" relativeResultsDirectory="14c08de1-37a6-4760-8500-ddef38ea3924" />
    <UnitTestResult executionId="a740ea7f-b131-4cee-9c5f-6899f9eec886" testId="817734a0-650f-5309-2eea-8bfb9908324d" testName="ShopFlow.Domain.Tests.ValueObjects.PhoneNumberTests.InequalityOperator_DifferentValues_ShouldReturnTrue" computerName="RAY" duration="00:00:00.0010491" startTime="2025-09-07T22:30:01.1650926+07:00" endTime="2025-09-07T22:30:01.1650926+07:00" testType="13cdc9d9-ddb5-4fa4-a97d-d965ccfc6d4b" outcome="Passed" testListId="8c84fa94-04c1-424b-9868-57a2d4851a1d" relativeResultsDirectory="a740ea7f-b131-4cee-9c5f-6899f9eec886" />
    <UnitTestResult executionId="4f6e60a6-4e35-46b9-9453-b0781ab2063e" testId="bdd00bde-b155-18a7-3ea5-be3cb3909dca" testName="ShopFlow.Domain.Tests.Entities.CoreUserTests.IsActive_NonActiveUser_ShouldReturnFalse(status: Banned)" computerName="RAY" duration="00:00:00.0011925" startTime="2025-09-07T22:30:01.1666114+07:00" endTime="2025-09-07T22:30:01.1666114+07:00" testType="13cdc9d9-ddb5-4fa4-a97d-d965ccfc6d4b" outcome="Passed" testListId="8c84fa94-04c1-424b-9868-57a2d4851a1d" relativeResultsDirectory="4f6e60a6-4e35-46b9-9453-b0781ab2063e" />
    <UnitTestResult executionId="278a035c-63b1-4943-a9dc-2e6f8d4c190b" testId="306d5900-e8ef-ff9f-ca16-9368d7a803dc" testName="ShopFlow.Domain.Tests.Entities.CoreUserTests.UpdatePhone_NullPhone_ShouldSetPhoneToNull" computerName="RAY" duration="00:00:00.0035983" startTime="2025-09-07T22:30:01.1932643+07:00" endTime="2025-09-07T22:30:01.1932644+07:00" testType="13cdc9d9-ddb5-4fa4-a97d-d965ccfc6d4b" outcome="Passed" testListId="8c84fa94-04c1-424b-9868-57a2d4851a1d" relativeResultsDirectory="278a035c-63b1-4943-a9dc-2e6f8d4c190b" />
    <UnitTestResult executionId="40e8b7db-4d55-4714-9fa9-f8d5c588e64a" testId="7b0e8ce6-39e4-bdc0-f025-1b82a0a9b806" testName="ShopFlow.Domain.Tests.DomainServices.PricingServiceTests.CalculateShippingFee_ZeroOrNegativeWeight_ShouldThrowArgumentException(invalidWeight: -1)" computerName="RAY" duration="00:00:00.0010353" startTime="2025-09-07T22:30:01.1191520+07:00" endTime="2025-09-07T22:30:01.1191520+07:00" testType="13cdc9d9-ddb5-4fa4-a97d-d965ccfc6d4b" outcome="Passed" testListId="8c84fa94-04c1-424b-9868-57a2d4851a1d" relativeResultsDirectory="40e8b7db-4d55-4714-9fa9-f8d5c588e64a" />
    <UnitTestResult executionId="74f4070f-7939-48b4-9d6b-683a68726f9b" testId="850dc87f-30ca-0124-783e-34e55674b383" testName="ShopFlow.Domain.Tests.Entities.CatProductTests.Deactivate_ActiveProduct_ShouldDeactivateProduct" computerName="RAY" duration="00:00:00.0010901" startTime="2025-09-07T22:30:01.1967787+07:00" endTime="2025-09-07T22:30:01.1967788+07:00" testType="13cdc9d9-ddb5-4fa4-a97d-d965ccfc6d4b" outcome="Passed" testListId="8c84fa94-04c1-424b-9868-57a2d4851a1d" relativeResultsDirectory="74f4070f-7939-48b4-9d6b-683a68726f9b" />
    <UnitTestResult executionId="623a1f9a-f848-4c0b-98a7-f662ba0f0fba" testId="1fe8703c-05f0-b2e4-295f-94e81b117d3b" testName="ShopFlow.Domain.Tests.DomainServices.PricingServiceTests.CalculateTotal_AllZeroAmounts_ShouldReturnZero" computerName="RAY" duration="00:00:00.0010051" startTime="2025-09-07T22:30:01.1770697+07:00" endTime="2025-09-07T22:30:01.1770698+07:00" testType="13cdc9d9-ddb5-4fa4-a97d-d965ccfc6d4b" outcome="Passed" testListId="8c84fa94-04c1-424b-9868-57a2d4851a1d" relativeResultsDirectory="623a1f9a-f848-4c0b-98a7-f662ba0f0fba" />
    <UnitTestResult executionId="3337f4bd-c02b-4286-ae55-012302dc31ba" testId="1b260d25-2350-cdf0-a0f5-e49eb8dab1ac" testName="ShopFlow.Domain.Tests.ValueObjects.EmailTests.Constructor_InvalidEmailFormat_ShouldThrowArgumentException(invalidEmail: &quot;@domain.com&quot;)" computerName="RAY" duration="00:00:00.0009945" startTime="2025-09-07T22:30:01.1223121+07:00" endTime="2025-09-07T22:30:01.1223122+07:00" testType="13cdc9d9-ddb5-4fa4-a97d-d965ccfc6d4b" outcome="Passed" testListId="8c84fa94-04c1-424b-9868-57a2d4851a1d" relativeResultsDirectory="3337f4bd-c02b-4286-ae55-012302dc31ba" />
    <UnitTestResult executionId="7f0617fc-7040-42cf-b90b-4f386d55b990" testId="9bd5bfde-1bd9-bd6e-20e4-328f9754f564" testName="ShopFlow.Domain.Tests.ValueObjects.EmailTests.Equals_WithNull_ShouldReturnFalse" computerName="RAY" duration="00:00:00.0009435" startTime="2025-09-07T22:30:01.1638166+07:00" endTime="2025-09-07T22:30:01.1638167+07:00" testType="13cdc9d9-ddb5-4fa4-a97d-d965ccfc6d4b" outcome="Passed" testListId="8c84fa94-04c1-424b-9868-57a2d4851a1d" relativeResultsDirectory="7f0617fc-7040-42cf-b90b-4f386d55b990" />
    <UnitTestResult executionId="99e73093-8c66-46ac-8c78-7b48772d34c5" testId="39e5fdbf-c251-aff9-474d-a0aeabf1a26a" testName="ShopFlow.Domain.Tests.Entities.CoreUserTests.Activate_SuspendedUser_ShouldActivateUser" computerName="RAY" duration="00:00:00.0093118" startTime="2025-09-07T22:30:01.1208215+07:00" endTime="2025-09-07T22:30:01.1208215+07:00" testType="13cdc9d9-ddb5-4fa4-a97d-d965ccfc6d4b" outcome="Passed" testListId="8c84fa94-04c1-424b-9868-57a2d4851a1d" relativeResultsDirectory="99e73093-8c66-46ac-8c78-7b48772d34c5" />
    <UnitTestResult executionId="20105dbd-4e5a-4e69-8167-4bfc9a437ec7" testId="acdcd4e7-69b8-8479-4c4a-77aaa96b9c64" testName="ShopFlow.Domain.Tests.Entities.CatProductTests.Activate_DraftProduct_ShouldActivateProduct" computerName="RAY" duration="00:00:00.0021471" startTime="2025-09-07T22:30:01.1118591+07:00" endTime="2025-09-07T22:30:01.1118592+07:00" testType="13cdc9d9-ddb5-4fa4-a97d-d965ccfc6d4b" outcome="Passed" testListId="8c84fa94-04c1-424b-9868-57a2d4851a1d" relativeResultsDirectory="20105dbd-4e5a-4e69-8167-4bfc9a437ec7" />
    <UnitTestResult executionId="e81d40ad-59d9-4cc5-ada4-ed3bf780f97c" testId="8bf10d9f-0afa-b6dd-127c-9642859e68ec" testName="ShopFlow.Domain.Tests.Entities.CoreUserTests.Constructor_ValidParameters_ShouldCreateUser" computerName="RAY" duration="00:00:00.0013060" startTime="2025-09-07T22:30:01.1941424+07:00" endTime="2025-09-07T22:30:01.1941424+07:00" testType="13cdc9d9-ddb5-4fa4-a97d-d965ccfc6d4b" outcome="Passed" testListId="8c84fa94-04c1-424b-9868-57a2d4851a1d" relativeResultsDirectory="e81d40ad-59d9-4cc5-ada4-ed3bf780f97c" />
    <UnitTestResult executionId="80ee088a-c7ae-4576-9d06-21e73e0a3a5e" testId="f4ccda9b-20f2-8b36-4f28-423059d61d5d" testName="ShopFlow.Domain.Tests.DomainServices.PricingServiceTests.ApplyDiscount_ZeroAmount_ShouldReturnZero" computerName="RAY" duration="00:00:00.0008262" startTime="2025-09-07T22:30:01.1943830+07:00" endTime="2025-09-07T22:30:01.1943830+07:00" testType="13cdc9d9-ddb5-4fa4-a97d-d965ccfc6d4b" outcome="Passed" testListId="8c84fa94-04c1-424b-9868-57a2d4851a1d" relativeResultsDirectory="80ee088a-c7ae-4576-9d06-21e73e0a3a5e" />
    <UnitTestResult executionId="6c95d46f-417b-476a-ba26-fd949acd9ce7" testId="739c201b-4289-8fea-4e47-f625242937cc" testName="ShopFlow.Domain.Tests.Entities.CatProductTests.CanBeOrdered_ActiveProductWithInactiveSku_ShouldReturnFalse" computerName="RAY" duration="00:00:00.0011203" startTime="2025-09-07T22:30:01.1666469+07:00" endTime="2025-09-07T22:30:01.1666470+07:00" testType="13cdc9d9-ddb5-4fa4-a97d-d965ccfc6d4b" outcome="Passed" testListId="8c84fa94-04c1-424b-9868-57a2d4851a1d" relativeResultsDirectory="6c95d46f-417b-476a-ba26-fd949acd9ce7" />
    <UnitTestResult executionId="af3c82f6-6494-4ae4-b240-40107184bfbe" testId="981cd72f-7507-0d24-dec6-6ff9ceb67cc5" testName="ShopFlow.Domain.Tests.Entities.CatProductTests.CanBeOrdered_InactiveProductWithActiveSku_ShouldReturnFalse" computerName="RAY" duration="00:00:00.0011221" startTime="2025-09-07T22:30:01.1771527+07:00" endTime="2025-09-07T22:30:01.1771528+07:00" testType="13cdc9d9-ddb5-4fa4-a97d-d965ccfc6d4b" outcome="Passed" testListId="8c84fa94-04c1-424b-9868-57a2d4851a1d" relativeResultsDirectory="af3c82f6-6494-4ae4-b240-40107184bfbe" />
    <UnitTestResult executionId="b6467381-5baf-436c-b6fd-ef33ce8f7f95" testId="3f339b29-febf-ee29-5dc9-c8ef840b17d4" testName="ShopFlow.Domain.Tests.Entities.CoreUserTests.Addresses_ShouldBeReadOnlyCollection" computerName="RAY" duration="00:00:00.0010067" startTime="2025-09-07T22:30:01.1636128+07:00" endTime="2025-09-07T22:30:01.1636129+07:00" testType="13cdc9d9-ddb5-4fa4-a97d-d965ccfc6d4b" outcome="Passed" testListId="8c84fa94-04c1-424b-9868-57a2d4851a1d" relativeResultsDirectory="b6467381-5baf-436c-b6fd-ef33ce8f7f95" />
    <UnitTestResult executionId="b75c8214-ad6a-454a-ba75-299d964c860e" testId="b87e15cf-92d6-d770-9066-af27abfcde94" testName="ShopFlow.Domain.Tests.Entities.CoreUserTests.Ban_SuspendedUser_ShouldBanUser" computerName="RAY" duration="00:00:00.0006628" startTime="2025-09-07T22:30:01.1972440+07:00" endTime="2025-09-07T22:30:01.1972441+07:00" testType="13cdc9d9-ddb5-4fa4-a97d-d965ccfc6d4b" outcome="Passed" testListId="8c84fa94-04c1-424b-9868-57a2d4851a1d" relativeResultsDirectory="b75c8214-ad6a-454a-ba75-299d964c860e" />
    <UnitTestResult executionId="0906b65b-ca87-46a2-85c3-55947e5d768a" testId="a278073e-9121-4b4a-fec3-93c889bb4a36" testName="ShopFlow.Domain.Tests.Entities.CatProductTests.AddSku_ValidSku_ShouldAddSku" computerName="RAY" duration="00:00:00.0013638" startTime="2025-09-07T22:30:01.1944374+07:00" endTime="2025-09-07T22:30:01.1944374+07:00" testType="13cdc9d9-ddb5-4fa4-a97d-d965ccfc6d4b" outcome="Passed" testListId="8c84fa94-04c1-424b-9868-57a2d4851a1d" relativeResultsDirectory="0906b65b-ca87-46a2-85c3-55947e5d768a" />
    <UnitTestResult executionId="5df67f9a-3120-4e88-9970-9fdd40be1d3e" testId="ee748996-9cd4-355e-469a-f5cfefd00f4b" testName="ShopFlow.Domain.Tests.Entities.CatProductTests.CanBeOrdered_ActiveProductWithActiveSku_ShouldReturnTrue" computerName="RAY" duration="00:00:00.0021296" startTime="2025-09-07T22:30:01.1146479+07:00" endTime="2025-09-07T22:30:01.1146480+07:00" testType="13cdc9d9-ddb5-4fa4-a97d-d965ccfc6d4b" outcome="Passed" testListId="8c84fa94-04c1-424b-9868-57a2d4851a1d" relativeResultsDirectory="5df67f9a-3120-4e88-9970-9fdd40be1d3e" />
    <UnitTestResult executionId="b30d83d5-a51d-4adf-9df5-b1f86152b82e" testId="b41fd184-51bd-02d7-0f99-0ce51c2c7459" testName="ShopFlow.Domain.Tests.ValueObjects.MoneyTests.Constructor_NullCurrency_ShouldThrowArgumentException" computerName="RAY" duration="00:00:00.0009984" startTime="2025-09-07T22:30:01.1249191+07:00" endTime="2025-09-07T22:30:01.1249191+07:00" testType="13cdc9d9-ddb5-4fa4-a97d-d965ccfc6d4b" outcome="Passed" testListId="8c84fa94-04c1-424b-9868-57a2d4851a1d" relativeResultsDirectory="b30d83d5-a51d-4adf-9df5-b1f86152b82e" />
    <UnitTestResult executionId="166cdd1c-c5cb-4e31-ae6b-9401c3d9fb08" testId="22e7f319-2869-14f0-4c11-1312a43cb76f" testName="ShopFlow.Domain.Tests.Entities.CatProductTests.IsActive_ActiveProduct_ShouldReturnTrue" computerName="RAY" duration="00:00:00.0010206" startTime="2025-09-07T22:30:01.1191892+07:00" endTime="2025-09-07T22:30:01.1191893+07:00" testType="13cdc9d9-ddb5-4fa4-a97d-d965ccfc6d4b" outcome="Passed" testListId="8c84fa94-04c1-424b-9868-57a2d4851a1d" relativeResultsDirectory="166cdd1c-c5cb-4e31-ae6b-9401c3d9fb08" />
    <UnitTestResult executionId="ee6cb11a-fa9b-43d2-a05d-1e2747897091" testId="077d126d-bf82-0850-a786-9bffb554e161" testName="ShopFlow.Domain.Tests.Entities.CoreUserTests.AddAddress_ValidAddress_ShouldAddAddress" computerName="RAY" duration="00:00:00.0019046" startTime="2025-09-07T22:30:01.1771030+07:00" endTime="2025-09-07T22:30:01.1771031+07:00" testType="13cdc9d9-ddb5-4fa4-a97d-d965ccfc6d4b" outcome="Passed" testListId="8c84fa94-04c1-424b-9868-57a2d4851a1d" relativeResultsDirectory="ee6cb11a-fa9b-43d2-a05d-1e2747897091" />
    <UnitTestResult executionId="06995168-8af4-4107-a8a2-580d4c92cf08" testId="5c84f8f2-25d9-8711-019a-52987cd06c94" testName="ShopFlow.Domain.Tests.DomainServices.PricingServiceTests.CalculateTax_InvalidTaxRate_ShouldThrowArgumentException(invalidTaxRate: 2)" computerName="RAY" duration="00:00:00.0009223" startTime="2025-09-07T22:30:01.1777752+07:00" endTime="2025-09-07T22:30:01.1777752+07:00" testType="13cdc9d9-ddb5-4fa4-a97d-d965ccfc6d4b" outcome="Passed" testListId="8c84fa94-04c1-424b-9868-57a2d4851a1d" relativeResultsDirectory="06995168-8af4-4107-a8a2-580d4c92cf08" />
    <UnitTestResult executionId="84f7f5bf-461e-41b9-ab8e-2cfe4379e838" testId="900e3bc2-62c9-09bd-a90d-537bbccd76c9" testName="ShopFlow.Domain.Tests.Entities.CatProductTests.ProductStatusTransitions_AllValidTransitions_ShouldWork" computerName="RAY" duration="00:00:00.0011472" startTime="2025-09-07T22:30:01.1777256+07:00" endTime="2025-09-07T22:30:01.1777256+07:00" testType="13cdc9d9-ddb5-4fa4-a97d-d965ccfc6d4b" outcome="Passed" testListId="8c84fa94-04c1-424b-9868-57a2d4851a1d" relativeResultsDirectory="84f7f5bf-461e-41b9-ab8e-2cfe4379e838" />
    <UnitTestResult executionId="d35b3e01-bc8d-4258-a1cb-afa3ff21e5e1" testId="87fedafe-7c9a-509d-46d0-2824b1a82854" testName="ShopFlow.Domain.Tests.Entities.CoreUserTests.ChangePassword_InvalidPasswordHash_ShouldThrowException(invalidPasswordHash: &quot;   &quot;)" computerName="RAY" duration="00:00:00.0039201" startTime="2025-09-07T22:30:01.1264395+07:00" endTime="2025-09-07T22:30:01.1264396+07:00" testType="13cdc9d9-ddb5-4fa4-a97d-d965ccfc6d4b" outcome="Passed" testListId="8c84fa94-04c1-424b-9868-57a2d4851a1d" relativeResultsDirectory="d35b3e01-bc8d-4258-a1cb-afa3ff21e5e1" />
    <UnitTestResult executionId="aa7b5a01-b704-43a0-9411-d0d9151ec51f" testId="fe0ee952-be40-ff52-3723-3e45a9e80b14" testName="ShopFlow.Domain.Tests.DomainServices.PricingServiceTests.CalculateTotal_NullParameter_ShouldThrowArgumentNullException(nullParameter: &quot;shipping&quot;)" computerName="RAY" duration="00:00:00.0039300" startTime="2025-09-07T22:30:01.1139776+07:00" endTime="2025-09-07T22:30:01.1139776+07:00" testType="13cdc9d9-ddb5-4fa4-a97d-d965ccfc6d4b" outcome="Passed" testListId="8c84fa94-04c1-424b-9868-57a2d4851a1d" relativeResultsDirectory="aa7b5a01-b704-43a0-9411-d0d9151ec51f" />
    <UnitTestResult executionId="cdad8ee9-b4e4-4439-a0a5-cb0232d8902e" testId="67d41ff5-5257-cf3f-7402-5e8db4936dfe" testName="ShopFlow.Domain.Tests.DomainServices.PricingServiceTests.CalculateTotal_ValidInputs_ShouldCalculateCorrectly" computerName="RAY" duration="00:00:00.0007607" startTime="2025-09-07T22:30:01.1754080+07:00" endTime="2025-09-07T22:30:01.1754080+07:00" testType="13cdc9d9-ddb5-4fa4-a97d-d965ccfc6d4b" outcome="Passed" testListId="8c84fa94-04c1-424b-9868-57a2d4851a1d" relativeResultsDirectory="cdad8ee9-b4e4-4439-a0a5-cb0232d8902e" />
    <UnitTestResult executionId="488cc706-8965-4213-b4a1-2b0a36321d45" testId="c297598c-32f8-14c6-3c3e-4a7542022254" testName="ShopFlow.Domain.Tests.Entities.CatProductTests.AddCategory_ValidCategory_ShouldAddCategory" computerName="RAY" duration="00:00:00.0011488" startTime="2025-09-07T22:30:01.1770200+07:00" endTime="2025-09-07T22:30:01.1770200+07:00" testType="13cdc9d9-ddb5-4fa4-a97d-d965ccfc6d4b" outcome="Passed" testListId="8c84fa94-04c1-424b-9868-57a2d4851a1d" relativeResultsDirectory="488cc706-8965-4213-b4a1-2b0a36321d45" />
    <UnitTestResult executionId="7863614a-fc02-4c71-a5e9-4c09c71e253d" testId="88586bc0-d597-f8c5-2900-56a7b3a11fd5" testName="ShopFlow.Domain.Tests.ValueObjects.MoneyTests.Equals_SameAmountAndCurrency_ShouldReturnTrue" computerName="RAY" duration="00:00:00.0008394" startTime="2025-09-07T22:30:01.1224746+07:00" endTime="2025-09-07T22:30:01.1224746+07:00" testType="13cdc9d9-ddb5-4fa4-a97d-d965ccfc6d4b" outcome="Passed" testListId="8c84fa94-04c1-424b-9868-57a2d4851a1d" relativeResultsDirectory="7863614a-fc02-4c71-a5e9-4c09c71e253d" />
    <UnitTestResult executionId="a43e6e8d-f6aa-42e6-bbe5-c5bccf520bbd" testId="8d2fcafc-8596-5e05-3558-e9ea41ed933b" testName="ShopFlow.Domain.Tests.DomainServices.PricingServiceTests.CalculateTax_ValidAmountAndTaxRate_ShouldCalculateCorrectly(amount: 250000, taxRate: 0,05, expectedTax: 12500)" computerName="RAY" duration="00:00:00.0008303" startTime="2025-09-07T22:30:01.1769243+07:00" endTime="2025-09-07T22:30:01.1769244+07:00" testType="13cdc9d9-ddb5-4fa4-a97d-d965ccfc6d4b" outcome="Passed" testListId="8c84fa94-04c1-424b-9868-57a2d4851a1d" relativeResultsDirectory="a43e6e8d-f6aa-42e6-bbe5-c5bccf520bbd" />
    <UnitTestResult executionId="dde28c1d-8cb0-4683-9e19-cb62fb587077" testId="6d04ea57-053f-8179-0feb-46e0a3ecb668" testName="ShopFlow.Domain.Tests.ValueObjects.EmailTests.ToString_ShouldReturnEmailValue" computerName="RAY" duration="00:00:00.0010024" startTime="2025-09-07T22:30:01.1140741+07:00" endTime="2025-09-07T22:30:01.1140742+07:00" testType="13cdc9d9-ddb5-4fa4-a97d-d965ccfc6d4b" outcome="Passed" testListId="8c84fa94-04c1-424b-9868-57a2d4851a1d" relativeResultsDirectory="dde28c1d-8cb0-4683-9e19-cb62fb587077" />
    <UnitTestResult executionId="afdefd95-f865-4e01-a340-ca85fcefead4" testId="b72c2606-5708-4c57-292e-24b59f47238b" testName="ShopFlow.Domain.Tests.Entities.CatProductTests.UpdateReturnDays_VariousNegativeValues_ShouldThrowException(negativeDays: -999)" computerName="RAY" duration="00:00:00.0011116" startTime="2025-09-07T22:30:01.1241568+07:00" endTime="2025-09-07T22:30:01.1241569+07:00" testType="13cdc9d9-ddb5-4fa4-a97d-d965ccfc6d4b" outcome="Passed" testListId="8c84fa94-04c1-424b-9868-57a2d4851a1d" relativeResultsDirectory="afdefd95-f865-4e01-a340-ca85fcefead4" />
    <UnitTestResult executionId="fa040061-1871-4aa0-b9a0-25b53e65ecad" testId="6a65bb7e-98d5-ee3a-8c37-84eb9bebd3f4" testName="ShopFlow.Domain.Tests.Entities.CatProductTests.ProductWithComplexCategoryManagement_ShouldHandleCorrectly" computerName="RAY" duration="00:00:00.0022278" startTime="2025-09-07T22:30:01.1753573+07:00" endTime="2025-09-07T22:30:01.1753573+07:00" testType="13cdc9d9-ddb5-4fa4-a97d-d965ccfc6d4b" outcome="Passed" testListId="8c84fa94-04c1-424b-9868-57a2d4851a1d" relativeResultsDirectory="fa040061-1871-4aa0-b9a0-25b53e65ecad" />
    <UnitTestResult executionId="7c524f45-47be-419d-9f30-b331d2cd1c64" testId="4b6ba6ee-801f-8cdb-9eeb-8252d6b6ef3b" testName="ShopFlow.Domain.Tests.ValueObjects.EmailTests.Constructor_ValidEmailFormats_ShouldCreateEmailObject(validEmail: &quot;test123@sub.domain.org&quot;)" computerName="RAY" duration="00:00:00.0007556" startTime="2025-09-07T22:30:01.1104074+07:00" endTime="2025-09-07T22:30:01.1104074+07:00" testType="13cdc9d9-ddb5-4fa4-a97d-d965ccfc6d4b" outcome="Passed" testListId="8c84fa94-04c1-424b-9868-57a2d4851a1d" relativeResultsDirectory="7c524f45-47be-419d-9f30-b331d2cd1c64" />
    <UnitTestResult executionId="402146ac-05b7-47bb-90a2-10363643a949" testId="227b8a65-208b-66e2-7e28-8632ba152597" testName="ShopFlow.Domain.Tests.DomainServices.PricingServiceTests.CalculateTax_ZeroTaxRate_ShouldReturnZeroTax" computerName="RAY" duration="00:00:00.0008693" startTime="2025-09-07T22:30:01.1104344+07:00" endTime="2025-09-07T22:30:01.1104345+07:00" testType="13cdc9d9-ddb5-4fa4-a97d-d965ccfc6d4b" outcome="Passed" testListId="8c84fa94-04c1-424b-9868-57a2d4851a1d" relativeResultsDirectory="402146ac-05b7-47bb-90a2-10363643a949" />
    <UnitTestResult executionId="f94b99eb-c694-443e-ace9-17c313131de8" testId="3a23e78c-9b5e-9066-e6f7-8bc201892426" testName="ShopFlow.Domain.Tests.DomainServices.PricingServiceTests.ApplyDiscount_NullAmount_ShouldThrowArgumentNullException" computerName="RAY" duration="00:00:00.0030715" startTime="2025-09-07T22:30:01.1969055+07:00" endTime="2025-09-07T22:30:01.1969055+07:00" testType="13cdc9d9-ddb5-4fa4-a97d-d965ccfc6d4b" outcome="Passed" testListId="8c84fa94-04c1-424b-9868-57a2d4851a1d" relativeResultsDirectory="f94b99eb-c694-443e-ace9-17c313131de8" />
  </Results>
  <TestDefinitions>
    <UnitTest name="ShopFlow.Domain.Tests.DomainServices.PricingServiceTests.CalculatePrice_ValidOfferAndQuantity_ShouldReturnCorrectPrice" storage="d:\code\.net\project_shopflow\tests\shopflow.domain.tests\bin\release\net9.0\shopflow.domain.tests.dll" id="785b1a14-4b08-1c34-371f-7c06f3409df8">
      <Execution id="b109cf2b-e89f-44c6-9275-4dc0f8b2f25e" />
      <TestMethod codeBase="D:\Code\.Net\project_shopflow\Tests\ShopFlow.Domain.Tests\bin\Release\net9.0\ShopFlow.Domain.Tests.dll" adapterTypeName="executor://xunit/VsTestRunner2/netcoreapp" className="ShopFlow.Domain.Tests.DomainServices.PricingServiceTests" name="CalculatePrice_ValidOfferAndQuantity_ShouldReturnCorrectPrice" />
    </UnitTest>
    <UnitTest name="ShopFlow.Domain.Tests.Entities.CatProductTests.Reviews_ShouldBeReadOnlyCollection" storage="d:\code\.net\project_shopflow\tests\shopflow.domain.tests\bin\release\net9.0\shopflow.domain.tests.dll" id="d669172f-1bef-cf95-b351-7843af45b606">
      <Execution id="0fe0f959-2a7f-4510-acc4-19fd178a5d33" />
      <TestMethod codeBase="D:\Code\.Net\project_shopflow\Tests\ShopFlow.Domain.Tests\bin\Release\net9.0\ShopFlow.Domain.Tests.dll" adapterTypeName="executor://xunit/VsTestRunner2/netcoreapp" className="ShopFlow.Domain.Tests.Entities.CatProductTests" name="Reviews_ShouldBeReadOnlyCollection" />
    </UnitTest>
    <UnitTest name="ShopFlow.Domain.Tests.ValueObjects.EmailTests.Constructor_InvalidEmailFormat_ShouldThrowArgumentException(invalidEmail: &quot;test@domain.&quot;)" storage="d:\code\.net\project_shopflow\tests\shopflow.domain.tests\bin\release\net9.0\shopflow.domain.tests.dll" id="8e0a9cee-2598-724d-3ca2-4a214d7ba7e8">
      <Execution id="337428ce-17da-4019-bc91-d0426bbc6be9" />
      <TestMethod codeBase="D:\Code\.Net\project_shopflow\Tests\ShopFlow.Domain.Tests\bin\Release\net9.0\ShopFlow.Domain.Tests.dll" adapterTypeName="executor://xunit/VsTestRunner2/netcoreapp" className="ShopFlow.Domain.Tests.ValueObjects.EmailTests" name="Constructor_InvalidEmailFormat_ShouldThrowArgumentException" />
    </UnitTest>
    <UnitTest name="ShopFlow.Domain.Tests.ValueObjects.PhoneNumberTests.Constructor_PhoneWithSpecialCharacters_ShouldThrowArgumentException(phoneWithSpecialChars: &quot;090 123 4567&quot;)" storage="d:\code\.net\project_shopflow\tests\shopflow.domain.tests\bin\release\net9.0\shopflow.domain.tests.dll" id="f8cab81c-c4da-516a-0717-8f51486e331c">
      <Execution id="6d797510-9837-4d28-875d-b4105560bc01" />
      <TestMethod codeBase="D:\Code\.Net\project_shopflow\Tests\ShopFlow.Domain.Tests\bin\Release\net9.0\ShopFlow.Domain.Tests.dll" adapterTypeName="executor://xunit/VsTestRunner2/netcoreapp" className="ShopFlow.Domain.Tests.ValueObjects.PhoneNumberTests" name="Constructor_PhoneWithSpecialCharacters_ShouldThrowArgumentException" />
    </UnitTest>
    <UnitTest name="ShopFlow.Domain.Tests.DomainServices.PricingServiceTests.CalculatePrice_ZeroPrice_ShouldReturnZero" storage="d:\code\.net\project_shopflow\tests\shopflow.domain.tests\bin\release\net9.0\shopflow.domain.tests.dll" id="b820a673-3374-0a5f-6c59-d079c6861030">
      <Execution id="c8a4b2da-909d-4836-a3d8-f6b8d923eed6" />
      <TestMethod codeBase="D:\Code\.Net\project_shopflow\Tests\ShopFlow.Domain.Tests\bin\Release\net9.0\ShopFlow.Domain.Tests.dll" adapterTypeName="executor://xunit/VsTestRunner2/netcoreapp" className="ShopFlow.Domain.Tests.DomainServices.PricingServiceTests" name="CalculatePrice_ZeroPrice_ShouldReturnZero" />
    </UnitTest>
    <UnitTest name="ShopFlow.Domain.Tests.ValueObjects.EmailTests.Constructor_InvalidEmailFormat_ShouldThrowArgumentException(invalidEmail: &quot;test@.com&quot;)" storage="d:\code\.net\project_shopflow\tests\shopflow.domain.tests\bin\release\net9.0\shopflow.domain.tests.dll" id="599ca3f9-cc9e-c8a0-b5d5-bbf1d797404c">
      <Execution id="667a0360-5b75-4587-b333-16b1d6de5af4" />
      <TestMethod codeBase="D:\Code\.Net\project_shopflow\Tests\ShopFlow.Domain.Tests\bin\Release\net9.0\ShopFlow.Domain.Tests.dll" adapterTypeName="executor://xunit/VsTestRunner2/netcoreapp" className="ShopFlow.Domain.Tests.ValueObjects.EmailTests" name="Constructor_InvalidEmailFormat_ShouldThrowArgumentException" />
    </UnitTest>
    <UnitTest name="ShopFlow.Domain.Tests.ValueObjects.EmailTests.Equals_SameEmailValues_ShouldReturnTrue" storage="d:\code\.net\project_shopflow\tests\shopflow.domain.tests\bin\release\net9.0\shopflow.domain.tests.dll" id="3ebefe60-d45f-c561-bec3-35fd3bc290fe">
      <Execution id="837ad2ff-e570-4ab4-98f1-0f8b8dbb1497" />
      <TestMethod codeBase="D:\Code\.Net\project_shopflow\Tests\ShopFlow.Domain.Tests\bin\Release\net9.0\ShopFlow.Domain.Tests.dll" adapterTypeName="executor://xunit/VsTestRunner2/netcoreapp" className="ShopFlow.Domain.Tests.ValueObjects.EmailTests" name="Equals_SameEmailValues_ShouldReturnTrue" />
    </UnitTest>
    <UnitTest name="ShopFlow.Domain.Tests.Entities.CoreUserTests.Addresses_ShouldBeReadOnlyCollection" storage="d:\code\.net\project_shopflow\tests\shopflow.domain.tests\bin\release\net9.0\shopflow.domain.tests.dll" id="3f339b29-febf-ee29-5dc9-c8ef840b17d4">
      <Execution id="b6467381-5baf-436c-b6fd-ef33ce8f7f95" />
      <TestMethod codeBase="D:\Code\.Net\project_shopflow\Tests\ShopFlow.Domain.Tests\bin\Release\net9.0\ShopFlow.Domain.Tests.dll" adapterTypeName="executor://xunit/VsTestRunner2/netcoreapp" className="ShopFlow.Domain.Tests.Entities.CoreUserTests" name="Addresses_ShouldBeReadOnlyCollection" />
    </UnitTest>
    <UnitTest name="ShopFlow.Domain.Tests.DomainServices.PricingServiceTests.ApplyDiscount_MaximumPercentage_ShouldReturnZero" storage="d:\code\.net\project_shopflow\tests\shopflow.domain.tests\bin\release\net9.0\shopflow.domain.tests.dll" id="b9f31684-cce6-a2d3-b7ad-6e5a6fd7a8d9">
      <Execution id="b340fae5-65a9-4ec7-a5ed-3b5b10daf873" />
      <TestMethod codeBase="D:\Code\.Net\project_shopflow\Tests\ShopFlow.Domain.Tests\bin\Release\net9.0\ShopFlow.Domain.Tests.dll" adapterTypeName="executor://xunit/VsTestRunner2/netcoreapp" className="ShopFlow.Domain.Tests.DomainServices.PricingServiceTests" name="ApplyDiscount_MaximumPercentage_ShouldReturnZero" />
    </UnitTest>
    <UnitTest name="ShopFlow.Domain.Tests.ValueObjects.MoneyTests.Constructor_EmptyOrWhitespaceCurrency_ShouldThrowArgumentException(invalidCurrency: &quot; &quot;)" storage="d:\code\.net\project_shopflow\tests\shopflow.domain.tests\bin\release\net9.0\shopflow.domain.tests.dll" id="dca3a84d-4ece-7664-1d57-025529f11686">
      <Execution id="e27e2c3b-8cf0-483f-b7e8-78e994c1ff15" />
      <TestMethod codeBase="D:\Code\.Net\project_shopflow\Tests\ShopFlow.Domain.Tests\bin\Release\net9.0\ShopFlow.Domain.Tests.dll" adapterTypeName="executor://xunit/VsTestRunner2/netcoreapp" className="ShopFlow.Domain.Tests.ValueObjects.MoneyTests" name="Constructor_EmptyOrWhitespaceCurrency_ShouldThrowArgumentException" />
    </UnitTest>
    <UnitTest name="ShopFlow.Domain.Tests.ValueObjects.EmailTests.Constructor_InvalidEmailFormat_ShouldThrowArgumentException(invalidEmail: &quot;test@domain&quot;)" storage="d:\code\.net\project_shopflow\tests\shopflow.domain.tests\bin\release\net9.0\shopflow.domain.tests.dll" id="7c359d95-09c2-5194-7104-23c6787fa98b">
      <Execution id="14c08de1-37a6-4760-8500-ddef38ea3924" />
      <TestMethod codeBase="D:\Code\.Net\project_shopflow\Tests\ShopFlow.Domain.Tests\bin\Release\net9.0\ShopFlow.Domain.Tests.dll" adapterTypeName="executor://xunit/VsTestRunner2/netcoreapp" className="ShopFlow.Domain.Tests.ValueObjects.EmailTests" name="Constructor_InvalidEmailFormat_ShouldThrowArgumentException" />
    </UnitTest>
    <UnitTest name="ShopFlow.Domain.Tests.ValueObjects.PhoneNumberTests.Constructor_NullPhone_ShouldThrowArgumentException" storage="d:\code\.net\project_shopflow\tests\shopflow.domain.tests\bin\release\net9.0\shopflow.domain.tests.dll" id="3acbbe98-c61f-9d46-3fdf-7766f22f4fc9">
      <Execution id="76a86201-15ac-4658-8ecb-fc55c5b359e8" />
      <TestMethod codeBase="D:\Code\.Net\project_shopflow\Tests\ShopFlow.Domain.Tests\bin\Release\net9.0\ShopFlow.Domain.Tests.dll" adapterTypeName="executor://xunit/VsTestRunner2/netcoreapp" className="ShopFlow.Domain.Tests.ValueObjects.PhoneNumberTests" name="Constructor_NullPhone_ShouldThrowArgumentException" />
    </UnitTest>
    <UnitTest name="ShopFlow.Domain.Tests.ValueObjects.EmailTests.Constructor_ValidEmail_ShouldCreateEmailObject" storage="d:\code\.net\project_shopflow\tests\shopflow.domain.tests\bin\release\net9.0\shopflow.domain.tests.dll" id="b119e76e-e18b-e606-8a28-bb0f028f0c29">
      <Execution id="a1923603-3f55-4e41-b7dd-2c8efcd30da7" />
      <TestMethod codeBase="D:\Code\.Net\project_shopflow\Tests\ShopFlow.Domain.Tests\bin\Release\net9.0\ShopFlow.Domain.Tests.dll" adapterTypeName="executor://xunit/VsTestRunner2/netcoreapp" className="ShopFlow.Domain.Tests.ValueObjects.EmailTests" name="Constructor_ValidEmail_ShouldCreateEmailObject" />
    </UnitTest>
    <UnitTest name="ShopFlow.Domain.Tests.ValueObjects.MoneyTests.Zero_WithSpecificCurrency_ShouldCreateZeroMoney" storage="d:\code\.net\project_shopflow\tests\shopflow.domain.tests\bin\release\net9.0\shopflow.domain.tests.dll" id="8227669a-089c-c315-f950-a96230acb800">
      <Execution id="11978b6a-a4a9-4c85-b1ba-4ae200b08f12" />
      <TestMethod codeBase="D:\Code\.Net\project_shopflow\Tests\ShopFlow.Domain.Tests\bin\Release\net9.0\ShopFlow.Domain.Tests.dll" adapterTypeName="executor://xunit/VsTestRunner2/netcoreapp" className="ShopFlow.Domain.Tests.ValueObjects.MoneyTests" name="Zero_WithSpecificCurrency_ShouldCreateZeroMoney" />
    </UnitTest>
    <UnitTest name="ShopFlow.Domain.Tests.Entities.CatProductTests.Constructor_VariousReturnDays_ShouldCreateProduct(returnDays: 90)" storage="d:\code\.net\project_shopflow\tests\shopflow.domain.tests\bin\release\net9.0\shopflow.domain.tests.dll" id="c349a500-9814-8897-b266-1b220601c7b5">
      <Execution id="d26eb687-6f6d-4bf3-9948-36ff3e9b1a25" />
      <TestMethod codeBase="D:\Code\.Net\project_shopflow\Tests\ShopFlow.Domain.Tests\bin\Release\net9.0\ShopFlow.Domain.Tests.dll" adapterTypeName="executor://xunit/VsTestRunner2/netcoreapp" className="ShopFlow.Domain.Tests.Entities.CatProductTests" name="Constructor_VariousReturnDays_ShouldCreateProduct" />
    </UnitTest>
    <UnitTest name="ShopFlow.Domain.Tests.DomainServices.PricingServiceTests.CalculatePrice_ZeroOrNegativeQuantity_ShouldThrowArgumentException(invalidQuantity: 0)" storage="d:\code\.net\project_shopflow\tests\shopflow.domain.tests\bin\release\net9.0\shopflow.domain.tests.dll" id="49d7b575-ad9f-89d2-f6b6-832f2b3660f8">
      <Execution id="25f6cc99-bca9-4800-84d2-25ff7a87df25" />
      <TestMethod codeBase="D:\Code\.Net\project_shopflow\Tests\ShopFlow.Domain.Tests\bin\Release\net9.0\ShopFlow.Domain.Tests.dll" adapterTypeName="executor://xunit/VsTestRunner2/netcoreapp" className="ShopFlow.Domain.Tests.DomainServices.PricingServiceTests" name="CalculatePrice_ZeroOrNegativeQuantity_ShouldThrowArgumentException" />
    </UnitTest>
    <UnitTest name="ShopFlow.Domain.Tests.ValueObjects.MoneyTests.Addition_SameCurrency_ShouldAddAmounts" storage="d:\code\.net\project_shopflow\tests\shopflow.domain.tests\bin\release\net9.0\shopflow.domain.tests.dll" id="7a68ed83-521f-8f4f-ed77-8126dcb94941">
      <Execution id="5178d666-a92f-498f-bc8d-dd458dcb64b8" />
      <TestMethod codeBase="D:\Code\.Net\project_shopflow\Tests\ShopFlow.Domain.Tests\bin\Release\net9.0\ShopFlow.Domain.Tests.dll" adapterTypeName="executor://xunit/VsTestRunner2/netcoreapp" className="ShopFlow.Domain.Tests.ValueObjects.MoneyTests" name="Addition_SameCurrency_ShouldAddAmounts" />
    </UnitTest>
    <UnitTest name="ShopFlow.Domain.Tests.ValueObjects.EmailTests.Constructor_EmailWithSpecialCharacters_ShouldCreateEmailObject(emailWithSpecialChars: &quot;test+tag@example.com&quot;)" storage="d:\code\.net\project_shopflow\tests\shopflow.domain.tests\bin\release\net9.0\shopflow.domain.tests.dll" id="9360ccc8-e628-6476-62fa-8cb6546f9b33">
      <Execution id="f668bbbe-f93a-440b-b7e5-c08483ed75ad" />
      <TestMethod codeBase="D:\Code\.Net\project_shopflow\Tests\ShopFlow.Domain.Tests\bin\Release\net9.0\ShopFlow.Domain.Tests.dll" adapterTypeName="executor://xunit/VsTestRunner2/netcoreapp" className="ShopFlow.Domain.Tests.ValueObjects.EmailTests" name="Constructor_EmailWithSpecialCharacters_ShouldCreateEmailObject" />
    </UnitTest>
    <UnitTest name="ShopFlow.Domain.Tests.DomainServices.PricingServiceTests.CalculateTax_ZeroAmount_ShouldReturnZeroTax" storage="d:\code\.net\project_shopflow\tests\shopflow.domain.tests\bin\release\net9.0\shopflow.domain.tests.dll" id="5f838a5e-c0df-3c26-8ac8-40ca255252a8">
      <Execution id="c513a7a9-e140-4945-b14d-a6e9fe091395" />
      <TestMethod codeBase="D:\Code\.Net\project_shopflow\Tests\ShopFlow.Domain.Tests\bin\Release\net9.0\ShopFlow.Domain.Tests.dll" adapterTypeName="executor://xunit/VsTestRunner2/netcoreapp" className="ShopFlow.Domain.Tests.DomainServices.PricingServiceTests" name="CalculateTax_ZeroAmount_ShouldReturnZeroTax" />
    </UnitTest>
    <UnitTest name="ShopFlow.Domain.Tests.ValueObjects.MoneyTests.Constructor_ValidAmountAndCurrency_ShouldCreateMoneyObject" storage="d:\code\.net\project_shopflow\tests\shopflow.domain.tests\bin\release\net9.0\shopflow.domain.tests.dll" id="b5932fcb-4c37-0441-b5e6-68bc6dd6051d">
      <Execution id="4c60f755-f37e-48ab-9a07-64e25b2282b2" />
      <TestMethod codeBase="D:\Code\.Net\project_shopflow\Tests\ShopFlow.Domain.Tests\bin\Release\net9.0\ShopFlow.Domain.Tests.dll" adapterTypeName="executor://xunit/VsTestRunner2/netcoreapp" className="ShopFlow.Domain.Tests.ValueObjects.MoneyTests" name="Constructor_ValidAmountAndCurrency_ShouldCreateMoneyObject" />
    </UnitTest>
    <UnitTest name="ShopFlow.Domain.Tests.DomainServices.PricingServiceTests.CalculateShippingFee_DifferentCurrency_ShouldMaintainCurrency" storage="d:\code\.net\project_shopflow\tests\shopflow.domain.tests\bin\release\net9.0\shopflow.domain.tests.dll" id="a10b48e5-7ad3-87ce-3932-dfdd067f76e1">
      <Execution id="48d132da-4d08-4591-85fd-ad2acd1ec67b" />
      <TestMethod codeBase="D:\Code\.Net\project_shopflow\Tests\ShopFlow.Domain.Tests\bin\Release\net9.0\ShopFlow.Domain.Tests.dll" adapterTypeName="executor://xunit/VsTestRunner2/netcoreapp" className="ShopFlow.Domain.Tests.DomainServices.PricingServiceTests" name="CalculateShippingFee_DifferentCurrency_ShouldMaintainCurrency" />
    </UnitTest>
    <UnitTest name="ShopFlow.Domain.Tests.DomainServices.PricingServiceTests.CalculatePrice_OfferWithMinQuantity_ShouldApplyBulkPricing" storage="d:\code\.net\project_shopflow\tests\shopflow.domain.tests\bin\release\net9.0\shopflow.domain.tests.dll" id="1286d986-ad89-0ae1-0573-a7a3eac4e449">
      <Execution id="83895c40-7422-4d9f-838f-a107fb7c8950" />
      <TestMethod codeBase="D:\Code\.Net\project_shopflow\Tests\ShopFlow.Domain.Tests\bin\Release\net9.0\ShopFlow.Domain.Tests.dll" adapterTypeName="executor://xunit/VsTestRunner2/netcoreapp" className="ShopFlow.Domain.Tests.DomainServices.PricingServiceTests" name="CalculatePrice_OfferWithMinQuantity_ShouldApplyBulkPricing" />
    </UnitTest>
    <UnitTest name="ShopFlow.Domain.Tests.ValueObjects.EmailTests.Constructor_EmailWithSpecialCharacters_ShouldCreateEmailObject(emailWithSpecialChars: &quot;test-name@example.com&quot;)" storage="d:\code\.net\project_shopflow\tests\shopflow.domain.tests\bin\release\net9.0\shopflow.domain.tests.dll" id="bd90f36d-58fe-ca87-7a93-55778b7904aa">
      <Execution id="bb4f305a-23f3-4569-81ad-be19ee55d3bd" />
      <TestMethod codeBase="D:\Code\.Net\project_shopflow\Tests\ShopFlow.Domain.Tests\bin\Release\net9.0\ShopFlow.Domain.Tests.dll" adapterTypeName="executor://xunit/VsTestRunner2/netcoreapp" className="ShopFlow.Domain.Tests.ValueObjects.EmailTests" name="Constructor_EmailWithSpecialCharacters_ShouldCreateEmailObject" />
    </UnitTest>
    <UnitTest name="ShopFlow.Domain.Tests.DomainServices.PricingServiceTests.CalculateShippingFee_ZeroOrNegativeWeight_ShouldThrowArgumentException(invalidWeight: -5,5)" storage="d:\code\.net\project_shopflow\tests\shopflow.domain.tests\bin\release\net9.0\shopflow.domain.tests.dll" id="03342a62-c671-786c-1f08-b89752fa9253">
      <Execution id="df20207c-e8b8-4ffc-9f13-1690b7c2dc6c" />
      <TestMethod codeBase="D:\Code\.Net\project_shopflow\Tests\ShopFlow.Domain.Tests\bin\Release\net9.0\ShopFlow.Domain.Tests.dll" adapterTypeName="executor://xunit/VsTestRunner2/netcoreapp" className="ShopFlow.Domain.Tests.DomainServices.PricingServiceTests" name="CalculateShippingFee_ZeroOrNegativeWeight_ShouldThrowArgumentException" />
    </UnitTest>
    <UnitTest name="ShopFlow.Domain.Tests.Entities.CatProductTests.AddCategory_MultipleCategories_ShouldAddAllCategories" storage="d:\code\.net\project_shopflow\tests\shopflow.domain.tests\bin\release\net9.0\shopflow.domain.tests.dll" id="61017103-881a-2e18-0f8b-b2f7f3239faa">
      <Execution id="f9f8192f-c0aa-4c31-b0ee-b3c8bc1b11b6" />
      <TestMethod codeBase="D:\Code\.Net\project_shopflow\Tests\ShopFlow.Domain.Tests\bin\Release\net9.0\ShopFlow.Domain.Tests.dll" adapterTypeName="executor://xunit/VsTestRunner2/netcoreapp" className="ShopFlow.Domain.Tests.Entities.CatProductTests" name="AddCategory_MultipleCategories_ShouldAddAllCategories" />
    </UnitTest>
    <UnitTest name="ShopFlow.Domain.Tests.ValueObjects.PhoneNumberTests.GetHashCode_NormalizedPhoneValues_ShouldReturnSameHashCode" storage="d:\code\.net\project_shopflow\tests\shopflow.domain.tests\bin\release\net9.0\shopflow.domain.tests.dll" id="21ee0cf7-92ff-a69e-6fab-1adda00b32df">
      <Execution id="5932b647-1751-4cb0-88b3-56c278b2922e" />
      <TestMethod codeBase="D:\Code\.Net\project_shopflow\Tests\ShopFlow.Domain.Tests\bin\Release\net9.0\ShopFlow.Domain.Tests.dll" adapterTypeName="executor://xunit/VsTestRunner2/netcoreapp" className="ShopFlow.Domain.Tests.ValueObjects.PhoneNumberTests" name="GetHashCode_NormalizedPhoneValues_ShouldReturnSameHashCode" />
    </UnitTest>
    <UnitTest name="ShopFlow.Domain.Tests.Entities.CatProductTests.Activate_DraftProduct_ShouldActivateProduct" storage="d:\code\.net\project_shopflow\tests\shopflow.domain.tests\bin\release\net9.0\shopflow.domain.tests.dll" id="acdcd4e7-69b8-8479-4c4a-77aaa96b9c64">
      <Execution id="20105dbd-4e5a-4e69-8167-4bfc9a437ec7" />
      <TestMethod codeBase="D:\Code\.Net\project_shopflow\Tests\ShopFlow.Domain.Tests\bin\Release\net9.0\ShopFlow.Domain.Tests.dll" adapterTypeName="executor://xunit/VsTestRunner2/netcoreapp" className="ShopFlow.Domain.Tests.Entities.CatProductTests" name="Activate_DraftProduct_ShouldActivateProduct" />
    </UnitTest>
    <UnitTest name="ShopFlow.Domain.Tests.ValueObjects.EmailTests.InequalityOperator_DifferentValues_ShouldReturnTrue" storage="d:\code\.net\project_shopflow\tests\shopflow.domain.tests\bin\release\net9.0\shopflow.domain.tests.dll" id="64b6bcd9-3dca-c05b-e272-b4205dfa307d">
      <Execution id="2bc9e500-5b99-45e3-9fc7-ce5ff760a0e3" />
      <TestMethod codeBase="D:\Code\.Net\project_shopflow\Tests\ShopFlow.Domain.Tests\bin\Release\net9.0\ShopFlow.Domain.Tests.dll" adapterTypeName="executor://xunit/VsTestRunner2/netcoreapp" className="ShopFlow.Domain.Tests.ValueObjects.EmailTests" name="InequalityOperator_DifferentValues_ShouldReturnTrue" />
    </UnitTest>
    <UnitTest name="ShopFlow.Domain.Tests.ValueObjects.PhoneNumberTests.Constructor_ValidVietnameseMobileNumbers_ShouldCreatePhoneNumberObject(validPhone: &quot;0923456789&quot;)" storage="d:\code\.net\project_shopflow\tests\shopflow.domain.tests\bin\release\net9.0\shopflow.domain.tests.dll" id="350832a1-e94f-6e58-be7d-f1a32e7b56f7">
      <Execution id="c4b54383-754e-4f21-949b-21c6ecddd746" />
      <TestMethod codeBase="D:\Code\.Net\project_shopflow\Tests\ShopFlow.Domain.Tests\bin\Release\net9.0\ShopFlow.Domain.Tests.dll" adapterTypeName="executor://xunit/VsTestRunner2/netcoreapp" className="ShopFlow.Domain.Tests.ValueObjects.PhoneNumberTests" name="Constructor_ValidVietnameseMobileNumbers_ShouldCreatePhoneNumberObject" />
    </UnitTest>
    <UnitTest name="ShopFlow.Domain.Tests.Entities.CoreUserTests.ClearDomainEvents_ShouldRemoveAllEvents" storage="d:\code\.net\project_shopflow\tests\shopflow.domain.tests\bin\release\net9.0\shopflow.domain.tests.dll" id="283c2f61-5bea-e19b-0136-ae8f0da92e79">
      <Execution id="521c3c66-41db-42f2-a18d-b00276987673" />
      <TestMethod codeBase="D:\Code\.Net\project_shopflow\Tests\ShopFlow.Domain.Tests\bin\Release\net9.0\ShopFlow.Domain.Tests.dll" adapterTypeName="executor://xunit/VsTestRunner2/netcoreapp" className="ShopFlow.Domain.Tests.Entities.CoreUserTests" name="ClearDomainEvents_ShouldRemoveAllEvents" />
    </UnitTest>
    <UnitTest name="ShopFlow.Domain.Tests.ValueObjects.EmailTests.Equals_DifferentCaseEmailValues_ShouldReturnTrue" storage="d:\code\.net\project_shopflow\tests\shopflow.domain.tests\bin\release\net9.0\shopflow.domain.tests.dll" id="31378fda-0f31-0b08-d74b-18a508f11802">
      <Execution id="d9fe22f5-db5d-4968-8ac0-cbb019600dbb" />
      <TestMethod codeBase="D:\Code\.Net\project_shopflow\Tests\ShopFlow.Domain.Tests\bin\Release\net9.0\ShopFlow.Domain.Tests.dll" adapterTypeName="executor://xunit/VsTestRunner2/netcoreapp" className="ShopFlow.Domain.Tests.ValueObjects.EmailTests" name="Equals_DifferentCaseEmailValues_ShouldReturnTrue" />
    </UnitTest>
    <UnitTest name="ShopFlow.Domain.Tests.DomainServices.PricingServiceTests.CalculateTax_InvalidTaxRate_ShouldThrowArgumentException(invalidTaxRate: -0,1)" storage="d:\code\.net\project_shopflow\tests\shopflow.domain.tests\bin\release\net9.0\shopflow.domain.tests.dll" id="bd9a101b-15ce-6716-abd4-489bab9cc742">
      <Execution id="1a28b1e2-234a-40fa-8135-1e3a489035c0" />
      <TestMethod codeBase="D:\Code\.Net\project_shopflow\Tests\ShopFlow.Domain.Tests\bin\Release\net9.0\ShopFlow.Domain.Tests.dll" adapterTypeName="executor://xunit/VsTestRunner2/netcoreapp" className="ShopFlow.Domain.Tests.DomainServices.PricingServiceTests" name="CalculateTax_InvalidTaxRate_ShouldThrowArgumentException" />
    </UnitTest>
    <UnitTest name="ShopFlow.Domain.Tests.DomainServices.PricingServiceTests.CalculatePrice_ZeroOrNegativeQuantity_ShouldThrowArgumentException(invalidQuantity: -10)" storage="d:\code\.net\project_shopflow\tests\shopflow.domain.tests\bin\release\net9.0\shopflow.domain.tests.dll" id="5281dede-359e-b0e8-173a-911308f45a74">
      <Execution id="7c1e563d-7666-4641-8a2c-f6a5743fa7da" />
      <TestMethod codeBase="D:\Code\.Net\project_shopflow\Tests\ShopFlow.Domain.Tests\bin\Release\net9.0\ShopFlow.Domain.Tests.dll" adapterTypeName="executor://xunit/VsTestRunner2/netcoreapp" className="ShopFlow.Domain.Tests.DomainServices.PricingServiceTests" name="CalculatePrice_ZeroOrNegativeQuantity_ShouldThrowArgumentException" />
    </UnitTest>
    <UnitTest name="ShopFlow.Domain.Tests.ValueObjects.MoneyTests.Constructor_EmptyOrWhitespaceCurrency_ShouldThrowArgumentException(invalidCurrency: &quot;&quot;)" storage="d:\code\.net\project_shopflow\tests\shopflow.domain.tests\bin\release\net9.0\shopflow.domain.tests.dll" id="1ddcdaa1-7424-efd4-e8cf-fbe6c1da9826">
      <Execution id="a1839b08-fc54-4141-af25-e49438f5a859" />
      <TestMethod codeBase="D:\Code\.Net\project_shopflow\Tests\ShopFlow.Domain.Tests\bin\Release\net9.0\ShopFlow.Domain.Tests.dll" adapterTypeName="executor://xunit/VsTestRunner2/netcoreapp" className="ShopFlow.Domain.Tests.ValueObjects.MoneyTests" name="Constructor_EmptyOrWhitespaceCurrency_ShouldThrowArgumentException" />
    </UnitTest>
    <UnitTest name="ShopFlow.Domain.Tests.Entities.CoreUserTests.AddRole_NullUserRole_ShouldThrowException" storage="d:\code\.net\project_shopflow\tests\shopflow.domain.tests\bin\release\net9.0\shopflow.domain.tests.dll" id="9c23c586-4bc5-908e-7311-9471a636e3e3">
      <Execution id="618f473b-214c-4eb2-9799-e29cd93c173c" />
      <TestMethod codeBase="D:\Code\.Net\project_shopflow\Tests\ShopFlow.Domain.Tests\bin\Release\net9.0\ShopFlow.Domain.Tests.dll" adapterTypeName="executor://xunit/VsTestRunner2/netcoreapp" className="ShopFlow.Domain.Tests.Entities.CoreUserTests" name="AddRole_NullUserRole_ShouldThrowException" />
    </UnitTest>
    <UnitTest name="ShopFlow.Domain.Tests.Entities.CatProductTests.Categories_ShouldBeReadOnlyCollection" storage="d:\code\.net\project_shopflow\tests\shopflow.domain.tests\bin\release\net9.0\shopflow.domain.tests.dll" id="af9f2b58-c460-7c46-7be3-493eb54312c4">
      <Execution id="0d72f874-36e0-41d1-b338-3e983cf4abfe" />
      <TestMethod codeBase="D:\Code\.Net\project_shopflow\Tests\ShopFlow.Domain.Tests\bin\Release\net9.0\ShopFlow.Domain.Tests.dll" adapterTypeName="executor://xunit/VsTestRunner2/netcoreapp" className="ShopFlow.Domain.Tests.Entities.CatProductTests" name="Categories_ShouldBeReadOnlyCollection" />
    </UnitTest>
    <UnitTest name="ShopFlow.Domain.Tests.Entities.CatProductTests.AddSku_NullSku_ShouldThrowException" storage="d:\code\.net\project_shopflow\tests\shopflow.domain.tests\bin\release\net9.0\shopflow.domain.tests.dll" id="67a9263d-3a19-034f-57e3-ff5323ef61c9">
      <Execution id="a53f62d4-0e12-4815-9a14-a88216eddb27" />
      <TestMethod codeBase="D:\Code\.Net\project_shopflow\Tests\ShopFlow.Domain.Tests\bin\Release\net9.0\ShopFlow.Domain.Tests.dll" adapterTypeName="executor://xunit/VsTestRunner2/netcoreapp" className="ShopFlow.Domain.Tests.Entities.CatProductTests" name="AddSku_NullSku_ShouldThrowException" />
    </UnitTest>
    <UnitTest name="ShopFlow.Domain.Tests.Entities.CoreUserTests.Ban_AnyUser_ShouldBanUser" storage="d:\code\.net\project_shopflow\tests\shopflow.domain.tests\bin\release\net9.0\shopflow.domain.tests.dll" id="38d5ca41-3c1f-aaf3-5ad1-f088b96220e5">
      <Execution id="7c0af911-3433-4de9-a59a-60adad764aa8" />
      <TestMethod codeBase="D:\Code\.Net\project_shopflow\Tests\ShopFlow.Domain.Tests\bin\Release\net9.0\ShopFlow.Domain.Tests.dll" adapterTypeName="executor://xunit/VsTestRunner2/netcoreapp" className="ShopFlow.Domain.Tests.Entities.CoreUserTests" name="Ban_AnyUser_ShouldBanUser" />
    </UnitTest>
    <UnitTest name="ShopFlow.Domain.Tests.ValueObjects.EmailTests.Constructor_ValidEmailFormats_ShouldCreateEmailObject(validEmail: &quot;test123@sub.domain.org&quot;)" storage="d:\code\.net\project_shopflow\tests\shopflow.domain.tests\bin\release\net9.0\shopflow.domain.tests.dll" id="4b6ba6ee-801f-8cdb-9eeb-8252d6b6ef3b">
      <Execution id="7c524f45-47be-419d-9f30-b331d2cd1c64" />
      <TestMethod codeBase="D:\Code\.Net\project_shopflow\Tests\ShopFlow.Domain.Tests\bin\Release\net9.0\ShopFlow.Domain.Tests.dll" adapterTypeName="executor://xunit/VsTestRunner2/netcoreapp" className="ShopFlow.Domain.Tests.ValueObjects.EmailTests" name="Constructor_ValidEmailFormats_ShouldCreateEmailObject" />
    </UnitTest>
    <UnitTest name="ShopFlow.Domain.Tests.Entities.CoreUserTests.AddAddress_NullAddress_ShouldThrowException" storage="d:\code\.net\project_shopflow\tests\shopflow.domain.tests\bin\release\net9.0\shopflow.domain.tests.dll" id="e0c28ef0-a292-b8a1-93a9-7d23a9e30c04">
      <Execution id="c44e86a9-87d6-49c1-afde-ea32273b5d96" />
      <TestMethod codeBase="D:\Code\.Net\project_shopflow\Tests\ShopFlow.Domain.Tests\bin\Release\net9.0\ShopFlow.Domain.Tests.dll" adapterTypeName="executor://xunit/VsTestRunner2/netcoreapp" className="ShopFlow.Domain.Tests.Entities.CoreUserTests" name="AddAddress_NullAddress_ShouldThrowException" />
    </UnitTest>
    <UnitTest name="ShopFlow.Domain.Tests.ValueObjects.MoneyTests.Equals_SameAmountAndCurrency_ShouldReturnTrue" storage="d:\code\.net\project_shopflow\tests\shopflow.domain.tests\bin\release\net9.0\shopflow.domain.tests.dll" id="88586bc0-d597-f8c5-2900-56a7b3a11fd5">
      <Execution id="7863614a-fc02-4c71-a5e9-4c09c71e253d" />
      <TestMethod codeBase="D:\Code\.Net\project_shopflow\Tests\ShopFlow.Domain.Tests\bin\Release\net9.0\ShopFlow.Domain.Tests.dll" adapterTypeName="executor://xunit/VsTestRunner2/netcoreapp" className="ShopFlow.Domain.Tests.ValueObjects.MoneyTests" name="Equals_SameAmountAndCurrency_ShouldReturnTrue" />
    </UnitTest>
    <UnitTest name="ShopFlow.Domain.Tests.DomainServices.PricingServiceTests.CalculatePrice_PrecisionHandling_ShouldMaintainAccuracy" storage="d:\code\.net\project_shopflow\tests\shopflow.domain.tests\bin\release\net9.0\shopflow.domain.tests.dll" id="79b2e787-75eb-ada0-1fb7-9139ee283fa0">
      <Execution id="23ba10f2-de98-4422-95ba-5f386e7bf2f1" />
      <TestMethod codeBase="D:\Code\.Net\project_shopflow\Tests\ShopFlow.Domain.Tests\bin\Release\net9.0\ShopFlow.Domain.Tests.dll" adapterTypeName="executor://xunit/VsTestRunner2/netcoreapp" className="ShopFlow.Domain.Tests.DomainServices.PricingServiceTests" name="CalculatePrice_PrecisionHandling_ShouldMaintainAccuracy" />
    </UnitTest>
    <UnitTest name="ShopFlow.Domain.Tests.Entities.CatProductTests.UpdateReturnDays_VariousNegativeValues_ShouldThrowException(negativeDays: -10)" storage="d:\code\.net\project_shopflow\tests\shopflow.domain.tests\bin\release\net9.0\shopflow.domain.tests.dll" id="490636a1-cc1a-e079-4fb4-4c9f2f773374">
      <Execution id="726b93e3-e876-4d91-91bd-7dd84e3764d7" />
      <TestMethod codeBase="D:\Code\.Net\project_shopflow\Tests\ShopFlow.Domain.Tests\bin\Release\net9.0\ShopFlow.Domain.Tests.dll" adapterTypeName="executor://xunit/VsTestRunner2/netcoreapp" className="ShopFlow.Domain.Tests.Entities.CatProductTests" name="UpdateReturnDays_VariousNegativeValues_ShouldThrowException" />
    </UnitTest>
    <UnitTest name="ShopFlow.Domain.Tests.ValueObjects.EmailTests.Constructor_VeryLongEmail_ShouldCreateEmailObject" storage="d:\code\.net\project_shopflow\tests\shopflow.domain.tests\bin\release\net9.0\shopflow.domain.tests.dll" id="6f58c3ef-7d94-8667-b912-cdc1678e7d0a">
      <Execution id="b04e9658-7ac2-4521-a4a9-f54cb32056dc" />
      <TestMethod codeBase="D:\Code\.Net\project_shopflow\Tests\ShopFlow.Domain.Tests\bin\Release\net9.0\ShopFlow.Domain.Tests.dll" adapterTypeName="executor://xunit/VsTestRunner2/netcoreapp" className="ShopFlow.Domain.Tests.ValueObjects.EmailTests" name="Constructor_VeryLongEmail_ShouldCreateEmailObject" />
    </UnitTest>
    <UnitTest name="ShopFlow.Domain.Tests.Entities.CoreUserTests.Constructor_EmptyPasswordHash_ShouldAcceptEmptyString" storage="d:\code\.net\project_shopflow\tests\shopflow.domain.tests\bin\release\net9.0\shopflow.domain.tests.dll" id="e7e6c5fa-e16e-8c54-06e5-8592cb3328c0">
      <Execution id="d223697b-0fb0-4f6d-849f-a700466a9893" />
      <TestMethod codeBase="D:\Code\.Net\project_shopflow\Tests\ShopFlow.Domain.Tests\bin\Release\net9.0\ShopFlow.Domain.Tests.dll" adapterTypeName="executor://xunit/VsTestRunner2/netcoreapp" className="ShopFlow.Domain.Tests.Entities.CoreUserTests" name="Constructor_EmptyPasswordHash_ShouldAcceptEmptyString" />
    </UnitTest>
    <UnitTest name="ShopFlow.Domain.Tests.ValueObjects.PhoneNumberTests.Constructor_InvalidPhoneFormat_ShouldThrowArgumentException(invalidPhone: &quot;12345&quot;)" storage="d:\code\.net\project_shopflow\tests\shopflow.domain.tests\bin\release\net9.0\shopflow.domain.tests.dll" id="42146c62-504e-c46b-a485-d69b4f28292c">
      <Execution id="eb736c61-f50b-41b9-8a60-54ed374343ff" />
      <TestMethod codeBase="D:\Code\.Net\project_shopflow\Tests\ShopFlow.Domain.Tests\bin\Release\net9.0\ShopFlow.Domain.Tests.dll" adapterTypeName="executor://xunit/VsTestRunner2/netcoreapp" className="ShopFlow.Domain.Tests.ValueObjects.PhoneNumberTests" name="Constructor_InvalidPhoneFormat_ShouldThrowArgumentException" />
    </UnitTest>
    <UnitTest name="ShopFlow.Domain.Tests.Entities.CatProductTests.UpdateReturnDays_VariousNegativeValues_ShouldThrowException(negativeDays: -100)" storage="d:\code\.net\project_shopflow\tests\shopflow.domain.tests\bin\release\net9.0\shopflow.domain.tests.dll" id="37268108-18da-b9d3-075e-a58a9390dae2">
      <Execution id="45909f3b-4b08-4091-8296-6c469ee989aa" />
      <TestMethod codeBase="D:\Code\.Net\project_shopflow\Tests\ShopFlow.Domain.Tests\bin\Release\net9.0\ShopFlow.Domain.Tests.dll" adapterTypeName="executor://xunit/VsTestRunner2/netcoreapp" className="ShopFlow.Domain.Tests.Entities.CatProductTests" name="UpdateReturnDays_VariousNegativeValues_ShouldThrowException" />
    </UnitTest>
    <UnitTest name="ShopFlow.Domain.Tests.Entities.CatProductTests.Constructor_VariousReturnDays_ShouldCreateProduct(returnDays: 0)" storage="d:\code\.net\project_shopflow\tests\shopflow.domain.tests\bin\release\net9.0\shopflow.domain.tests.dll" id="0f7ebf89-9abd-4e10-8a52-3e2117395bbb">
      <Execution id="ef25986c-bb2f-4169-8d4f-0e0560c53fae" />
      <TestMethod codeBase="D:\Code\.Net\project_shopflow\Tests\ShopFlow.Domain.Tests\bin\Release\net9.0\ShopFlow.Domain.Tests.dll" adapterTypeName="executor://xunit/VsTestRunner2/netcoreapp" className="ShopFlow.Domain.Tests.Entities.CatProductTests" name="Constructor_VariousReturnDays_ShouldCreateProduct" />
    </UnitTest>
    <UnitTest name="ShopFlow.Domain.Tests.Entities.CatProductTests.UpdateReturnDays_ValidDays_ShouldUpdateReturnDays" storage="d:\code\.net\project_shopflow\tests\shopflow.domain.tests\bin\release\net9.0\shopflow.domain.tests.dll" id="976871b9-e3e5-b6a8-f973-545d05bc9da4">
      <Execution id="a2dcc986-18cc-43a9-9142-95841114ecd1" />
      <TestMethod codeBase="D:\Code\.Net\project_shopflow\Tests\ShopFlow.Domain.Tests\bin\Release\net9.0\ShopFlow.Domain.Tests.dll" adapterTypeName="executor://xunit/VsTestRunner2/netcoreapp" className="ShopFlow.Domain.Tests.Entities.CatProductTests" name="UpdateReturnDays_ValidDays_ShouldUpdateReturnDays" />
    </UnitTest>
    <UnitTest name="ShopFlow.Domain.Tests.Entities.CoreUserTests.Reviews_ShouldBeReadOnlyCollection" storage="d:\code\.net\project_shopflow\tests\shopflow.domain.tests\bin\release\net9.0\shopflow.domain.tests.dll" id="64209470-d058-3cea-6c75-fff70dcf3d5d">
      <Execution id="33b52b48-15df-429b-a176-65a58cf46512" />
      <TestMethod codeBase="D:\Code\.Net\project_shopflow\Tests\ShopFlow.Domain.Tests\bin\Release\net9.0\ShopFlow.Domain.Tests.dll" adapterTypeName="executor://xunit/VsTestRunner2/netcoreapp" className="ShopFlow.Domain.Tests.Entities.CoreUserTests" name="Reviews_ShouldBeReadOnlyCollection" />
    </UnitTest>
    <UnitTest name="ShopFlow.Domain.Tests.DomainServices.PricingServiceTests.ApplyDiscount_NullAmount_ShouldThrowArgumentNullException" storage="d:\code\.net\project_shopflow\tests\shopflow.domain.tests\bin\release\net9.0\shopflow.domain.tests.dll" id="3a23e78c-9b5e-9066-e6f7-8bc201892426">
      <Execution id="f94b99eb-c694-443e-ace9-17c313131de8" />
      <TestMethod codeBase="D:\Code\.Net\project_shopflow\Tests\ShopFlow.Domain.Tests\bin\Release\net9.0\ShopFlow.Domain.Tests.dll" adapterTypeName="executor://xunit/VsTestRunner2/netcoreapp" className="ShopFlow.Domain.Tests.DomainServices.PricingServiceTests" name="ApplyDiscount_NullAmount_ShouldThrowArgumentNullException" />
    </UnitTest>
    <UnitTest name="ShopFlow.Domain.Tests.DomainServices.PricingServiceTests.CalculateTotal_NullParameter_ShouldThrowArgumentNullException(nullParameter: &quot;shipping&quot;)" storage="d:\code\.net\project_shopflow\tests\shopflow.domain.tests\bin\release\net9.0\shopflow.domain.tests.dll" id="fe0ee952-be40-ff52-3723-3e45a9e80b14">
      <Execution id="aa7b5a01-b704-43a0-9411-d0d9151ec51f" />
      <TestMethod codeBase="D:\Code\.Net\project_shopflow\Tests\ShopFlow.Domain.Tests\bin\Release\net9.0\ShopFlow.Domain.Tests.dll" adapterTypeName="executor://xunit/VsTestRunner2/netcoreapp" className="ShopFlow.Domain.Tests.DomainServices.PricingServiceTests" name="CalculateTotal_NullParameter_ShouldThrowArgumentNullException" />
    </UnitTest>
    <UnitTest name="ShopFlow.Domain.Tests.DomainServices.PricingServiceTests.CalculateTax_MaximumTaxRate_ShouldReturnFullAmount" storage="d:\code\.net\project_shopflow\tests\shopflow.domain.tests\bin\release\net9.0\shopflow.domain.tests.dll" id="7b573cfc-abab-ac9f-6083-33dbb3052041">
      <Execution id="0de02d9a-3d1d-4d49-88c4-97f5c67e8491" />
      <TestMethod codeBase="D:\Code\.Net\project_shopflow\Tests\ShopFlow.Domain.Tests\bin\Release\net9.0\ShopFlow.Domain.Tests.dll" adapterTypeName="executor://xunit/VsTestRunner2/netcoreapp" className="ShopFlow.Domain.Tests.DomainServices.PricingServiceTests" name="CalculateTax_MaximumTaxRate_ShouldReturnFullAmount" />
    </UnitTest>
    <UnitTest name="ShopFlow.Domain.Tests.Entities.CatProductTests.CanBeOrdered_ActiveProductWithInactiveSku_ShouldReturnFalse" storage="d:\code\.net\project_shopflow\tests\shopflow.domain.tests\bin\release\net9.0\shopflow.domain.tests.dll" id="739c201b-4289-8fea-4e47-f625242937cc">
      <Execution id="6c95d46f-417b-476a-ba26-fd949acd9ce7" />
      <TestMethod codeBase="D:\Code\.Net\project_shopflow\Tests\ShopFlow.Domain.Tests\bin\Release\net9.0\ShopFlow.Domain.Tests.dll" adapterTypeName="executor://xunit/VsTestRunner2/netcoreapp" className="ShopFlow.Domain.Tests.Entities.CatProductTests" name="CanBeOrdered_ActiveProductWithInactiveSku_ShouldReturnFalse" />
    </UnitTest>
    <UnitTest name="ShopFlow.Domain.Tests.ValueObjects.PhoneNumberTests.Equals_DifferentFormatsButSameNumber_ShouldReturnTrue" storage="d:\code\.net\project_shopflow\tests\shopflow.domain.tests\bin\release\net9.0\shopflow.domain.tests.dll" id="51d931e0-4a6d-e9e2-d239-1736dc358211">
      <Execution id="d8d9daf0-e35f-46b0-82cb-b58043ece686" />
      <TestMethod codeBase="D:\Code\.Net\project_shopflow\Tests\ShopFlow.Domain.Tests\bin\Release\net9.0\ShopFlow.Domain.Tests.dll" adapterTypeName="executor://xunit/VsTestRunner2/netcoreapp" className="ShopFlow.Domain.Tests.ValueObjects.PhoneNumberTests" name="Equals_DifferentFormatsButSameNumber_ShouldReturnTrue" />
    </UnitTest>
    <UnitTest name="ShopFlow.Domain.Tests.Entities.CoreUserTests.UserLifecycle_CompleteFlow_ShouldWorkCorrectly" storage="d:\code\.net\project_shopflow\tests\shopflow.domain.tests\bin\release\net9.0\shopflow.domain.tests.dll" id="5e76006e-cedc-5f17-2fcf-18d9ff89c96e">
      <Execution id="5c0fbb06-41c9-4340-b472-b6e991ceb306" />
      <TestMethod codeBase="D:\Code\.Net\project_shopflow\Tests\ShopFlow.Domain.Tests\bin\Release\net9.0\ShopFlow.Domain.Tests.dll" adapterTypeName="executor://xunit/VsTestRunner2/netcoreapp" className="ShopFlow.Domain.Tests.Entities.CoreUserTests" name="UserLifecycle_CompleteFlow_ShouldWorkCorrectly" />
    </UnitTest>
    <UnitTest name="ShopFlow.Domain.Tests.ValueObjects.PhoneNumberTests.Constructor_InvalidVietnamesePrefixes_ShouldThrowArgumentException(invalidPrefix: &quot;0001234567&quot;)" storage="d:\code\.net\project_shopflow\tests\shopflow.domain.tests\bin\release\net9.0\shopflow.domain.tests.dll" id="c28b970a-bf15-a853-acb5-cdbf52d26806">
      <Execution id="976fbcee-8019-4550-8bfc-f644f582e662" />
      <TestMethod codeBase="D:\Code\.Net\project_shopflow\Tests\ShopFlow.Domain.Tests\bin\Release\net9.0\ShopFlow.Domain.Tests.dll" adapterTypeName="executor://xunit/VsTestRunner2/netcoreapp" className="ShopFlow.Domain.Tests.ValueObjects.PhoneNumberTests" name="Constructor_InvalidVietnamesePrefixes_ShouldThrowArgumentException" />
    </UnitTest>
    <UnitTest name="ShopFlow.Domain.Tests.ValueObjects.PhoneNumberTests.Constructor_PhoneStartingWithZero_ShouldRemoveLeadingZero" storage="d:\code\.net\project_shopflow\tests\shopflow.domain.tests\bin\release\net9.0\shopflow.domain.tests.dll" id="8457349a-3463-eafd-228f-f71776ca72b8">
      <Execution id="e43a16ef-be25-4477-87a7-c010b3acf340" />
      <TestMethod codeBase="D:\Code\.Net\project_shopflow\Tests\ShopFlow.Domain.Tests\bin\Release\net9.0\ShopFlow.Domain.Tests.dll" adapterTypeName="executor://xunit/VsTestRunner2/netcoreapp" className="ShopFlow.Domain.Tests.ValueObjects.PhoneNumberTests" name="Constructor_PhoneStartingWithZero_ShouldRemoveLeadingZero" />
    </UnitTest>
    <UnitTest name="ShopFlow.Domain.Tests.Entities.CatProductTests.ProductStatusTransitions_AllValidTransitions_ShouldWork" storage="d:\code\.net\project_shopflow\tests\shopflow.domain.tests\bin\release\net9.0\shopflow.domain.tests.dll" id="900e3bc2-62c9-09bd-a90d-537bbccd76c9">
      <Execution id="84f7f5bf-461e-41b9-ab8e-2cfe4379e838" />
      <TestMethod codeBase="D:\Code\.Net\project_shopflow\Tests\ShopFlow.Domain.Tests\bin\Release\net9.0\ShopFlow.Domain.Tests.dll" adapterTypeName="executor://xunit/VsTestRunner2/netcoreapp" className="ShopFlow.Domain.Tests.Entities.CatProductTests" name="ProductStatusTransitions_AllValidTransitions_ShouldWork" />
    </UnitTest>
    <UnitTest name="ShopFlow.Domain.Tests.Entities.CoreUserTests.HasRole_ExistingRole_ShouldReturnTrue" storage="d:\code\.net\project_shopflow\tests\shopflow.domain.tests\bin\release\net9.0\shopflow.domain.tests.dll" id="5965bb70-4daa-f3cd-c616-6f2ec7a907dd">
      <Execution id="5a4dc411-da24-431b-92c5-6dba23de9aaf" />
      <TestMethod codeBase="D:\Code\.Net\project_shopflow\Tests\ShopFlow.Domain.Tests\bin\Release\net9.0\ShopFlow.Domain.Tests.dll" adapterTypeName="executor://xunit/VsTestRunner2/netcoreapp" className="ShopFlow.Domain.Tests.Entities.CoreUserTests" name="HasRole_ExistingRole_ShouldReturnTrue" />
    </UnitTest>
    <UnitTest name="ShopFlow.Domain.Tests.Entities.CoreUserTests.Orders_ShouldBeReadOnlyCollection" storage="d:\code\.net\project_shopflow\tests\shopflow.domain.tests\bin\release\net9.0\shopflow.domain.tests.dll" id="20fc2039-6aa7-3901-68f2-3b205d538d7e">
      <Execution id="5d64dcd3-a11d-424f-be5a-2b5dff9276f0" />
      <TestMethod codeBase="D:\Code\.Net\project_shopflow\Tests\ShopFlow.Domain.Tests\bin\Release\net9.0\ShopFlow.Domain.Tests.dll" adapterTypeName="executor://xunit/VsTestRunner2/netcoreapp" className="ShopFlow.Domain.Tests.Entities.CoreUserTests" name="Orders_ShouldBeReadOnlyCollection" />
    </UnitTest>
    <UnitTest name="ShopFlow.Domain.Tests.Entities.CoreUserTests.UpdateEmail_ValidEmail_ShouldUpdateAndResetVerification" storage="d:\code\.net\project_shopflow\tests\shopflow.domain.tests\bin\release\net9.0\shopflow.domain.tests.dll" id="62d0f97e-bdb8-742a-1a37-f9f69c8ebde5">
      <Execution id="c3407321-907f-4eb1-aceb-8baef756a6a0" />
      <TestMethod codeBase="D:\Code\.Net\project_shopflow\Tests\ShopFlow.Domain.Tests\bin\Release\net9.0\ShopFlow.Domain.Tests.dll" adapterTypeName="executor://xunit/VsTestRunner2/netcoreapp" className="ShopFlow.Domain.Tests.Entities.CoreUserTests" name="UpdateEmail_ValidEmail_ShouldUpdateAndResetVerification" />
    </UnitTest>
    <UnitTest name="ShopFlow.Domain.Tests.DomainServices.PricingServiceTests.CalculateTax_InvalidTaxRate_ShouldThrowArgumentException(invalidTaxRate: 2)" storage="d:\code\.net\project_shopflow\tests\shopflow.domain.tests\bin\release\net9.0\shopflow.domain.tests.dll" id="5c84f8f2-25d9-8711-019a-52987cd06c94">
      <Execution id="06995168-8af4-4107-a8a2-580d4c92cf08" />
      <TestMethod codeBase="D:\Code\.Net\project_shopflow\Tests\ShopFlow.Domain.Tests\bin\Release\net9.0\ShopFlow.Domain.Tests.dll" adapterTypeName="executor://xunit/VsTestRunner2/netcoreapp" className="ShopFlow.Domain.Tests.DomainServices.PricingServiceTests" name="CalculateTax_InvalidTaxRate_ShouldThrowArgumentException" />
    </UnitTest>
    <UnitTest name="ShopFlow.Domain.Tests.ValueObjects.MoneyTests.Constructor_DefaultCurrency_ShouldUseVND" storage="d:\code\.net\project_shopflow\tests\shopflow.domain.tests\bin\release\net9.0\shopflow.domain.tests.dll" id="83f5bdcd-2c1c-9e19-76e8-646b42a221e4">
      <Execution id="3e673842-aabb-4640-a8b3-d66b1a5384e5" />
      <TestMethod codeBase="D:\Code\.Net\project_shopflow\Tests\ShopFlow.Domain.Tests\bin\Release\net9.0\ShopFlow.Domain.Tests.dll" adapterTypeName="executor://xunit/VsTestRunner2/netcoreapp" className="ShopFlow.Domain.Tests.ValueObjects.MoneyTests" name="Constructor_DefaultCurrency_ShouldUseVND" />
    </UnitTest>
    <UnitTest name="ShopFlow.Domain.Tests.DomainServices.PricingServiceTests.CalculateTotal_NullParameter_ShouldThrowArgumentNullException(nullParameter: &quot;discount&quot;)" storage="d:\code\.net\project_shopflow\tests\shopflow.domain.tests\bin\release\net9.0\shopflow.domain.tests.dll" id="b095f523-bb6d-5a3c-c615-b9b955d71fa5">
      <Execution id="5c392e5a-1c78-46df-bde7-f4610ab3d2b9" />
      <TestMethod codeBase="D:\Code\.Net\project_shopflow\Tests\ShopFlow.Domain.Tests\bin\Release\net9.0\ShopFlow.Domain.Tests.dll" adapterTypeName="executor://xunit/VsTestRunner2/netcoreapp" className="ShopFlow.Domain.Tests.DomainServices.PricingServiceTests" name="CalculateTotal_NullParameter_ShouldThrowArgumentNullException" />
    </UnitTest>
    <UnitTest name="ShopFlow.Domain.Tests.Entities.CoreUserTests.Carts_ShouldBeReadOnlyCollection" storage="d:\code\.net\project_shopflow\tests\shopflow.domain.tests\bin\release\net9.0\shopflow.domain.tests.dll" id="6a54b469-f464-6fc4-a151-96e4b314ace6">
      <Execution id="92a14d34-8bf9-4b95-982e-ae7d92ee1f29" />
      <TestMethod codeBase="D:\Code\.Net\project_shopflow\Tests\ShopFlow.Domain.Tests\bin\Release\net9.0\ShopFlow.Domain.Tests.dll" adapterTypeName="executor://xunit/VsTestRunner2/netcoreapp" className="ShopFlow.Domain.Tests.Entities.CoreUserTests" name="Carts_ShouldBeReadOnlyCollection" />
    </UnitTest>
    <UnitTest name="ShopFlow.Domain.Tests.Entities.CatProductTests.Discontinue_AnyProduct_ShouldDiscontinueProduct" storage="d:\code\.net\project_shopflow\tests\shopflow.domain.tests\bin\release\net9.0\shopflow.domain.tests.dll" id="2ab3f4e7-4e06-e1e2-18fb-fe5c54676536">
      <Execution id="092d3fe3-cba6-44fe-83a8-b60ff6640b1c" />
      <TestMethod codeBase="D:\Code\.Net\project_shopflow\Tests\ShopFlow.Domain.Tests\bin\Release\net9.0\ShopFlow.Domain.Tests.dll" adapterTypeName="executor://xunit/VsTestRunner2/netcoreapp" className="ShopFlow.Domain.Tests.Entities.CatProductTests" name="Discontinue_AnyProduct_ShouldDiscontinueProduct" />
    </UnitTest>
    <UnitTest name="ShopFlow.Domain.Tests.ValueObjects.PhoneNumberTests.Equals_SamePhoneValues_ShouldReturnTrue" storage="d:\code\.net\project_shopflow\tests\shopflow.domain.tests\bin\release\net9.0\shopflow.domain.tests.dll" id="676fdd5c-23ef-1c9f-7ec3-7aa35d6a212e">
      <Execution id="d0d4dcc8-8c62-4e6f-b923-a881a9e515ca" />
      <TestMethod codeBase="D:\Code\.Net\project_shopflow\Tests\ShopFlow.Domain.Tests\bin\Release\net9.0\ShopFlow.Domain.Tests.dll" adapterTypeName="executor://xunit/VsTestRunner2/netcoreapp" className="ShopFlow.Domain.Tests.ValueObjects.PhoneNumberTests" name="Equals_SamePhoneValues_ShouldReturnTrue" />
    </UnitTest>
    <UnitTest name="ShopFlow.Domain.Tests.Entities.CoreUserTests.UpdatePhone_NullPhone_ShouldSetPhoneToNull" storage="d:\code\.net\project_shopflow\tests\shopflow.domain.tests\bin\release\net9.0\shopflow.domain.tests.dll" id="306d5900-e8ef-ff9f-ca16-9368d7a803dc">
      <Execution id="278a035c-63b1-4943-a9dc-2e6f8d4c190b" />
      <TestMethod codeBase="D:\Code\.Net\project_shopflow\Tests\ShopFlow.Domain.Tests\bin\Release\net9.0\ShopFlow.Domain.Tests.dll" adapterTypeName="executor://xunit/VsTestRunner2/netcoreapp" className="ShopFlow.Domain.Tests.Entities.CoreUserTests" name="UpdatePhone_NullPhone_ShouldSetPhoneToNull" />
    </UnitTest>
    <UnitTest name="ShopFlow.Domain.Tests.Entities.CatProductTests.RemoveCategory_NonExistingCategory_ShouldNotThrow" storage="d:\code\.net\project_shopflow\tests\shopflow.domain.tests\bin\release\net9.0\shopflow.domain.tests.dll" id="6331362b-9c58-7503-b444-72ac258e84cf">
      <Execution id="446d604f-4384-4080-903f-0d309d39bb4f" />
      <TestMethod codeBase="D:\Code\.Net\project_shopflow\Tests\ShopFlow.Domain.Tests\bin\Release\net9.0\ShopFlow.Domain.Tests.dll" adapterTypeName="executor://xunit/VsTestRunner2/netcoreapp" className="ShopFlow.Domain.Tests.Entities.CatProductTests" name="RemoveCategory_NonExistingCategory_ShouldNotThrow" />
    </UnitTest>
    <UnitTest name="ShopFlow.Domain.Tests.ValueObjects.PhoneNumberTests.Constructor_ValidVietnamesePhone_ShouldCreatePhoneNumberObject(input: &quot;0912345678&quot;, expected: &quot;912345678&quot;)" storage="d:\code\.net\project_shopflow\tests\shopflow.domain.tests\bin\release\net9.0\shopflow.domain.tests.dll" id="82a235da-de78-ba4a-bc15-106870e18ce5">
      <Execution id="4196dae1-fc50-4a32-bde7-8fffc438d15a" />
      <TestMethod codeBase="D:\Code\.Net\project_shopflow\Tests\ShopFlow.Domain.Tests\bin\Release\net9.0\ShopFlow.Domain.Tests.dll" adapterTypeName="executor://xunit/VsTestRunner2/netcoreapp" className="ShopFlow.Domain.Tests.ValueObjects.PhoneNumberTests" name="Constructor_ValidVietnamesePhone_ShouldCreatePhoneNumberObject" />
    </UnitTest>
    <UnitTest name="ShopFlow.Domain.Tests.DomainServices.PricingServiceTests.ApplyDiscount_InvalidDiscountPercentage_ShouldThrowArgumentException(invalidPercentage: 2)" storage="d:\code\.net\project_shopflow\tests\shopflow.domain.tests\bin\release\net9.0\shopflow.domain.tests.dll" id="66a712f0-1239-a974-628e-103cd5419f14">
      <Execution id="445a7da6-aeea-4bfe-8708-5bb601d7301a" />
      <TestMethod codeBase="D:\Code\.Net\project_shopflow\Tests\ShopFlow.Domain.Tests\bin\Release\net9.0\ShopFlow.Domain.Tests.dll" adapterTypeName="executor://xunit/VsTestRunner2/netcoreapp" className="ShopFlow.Domain.Tests.DomainServices.PricingServiceTests" name="ApplyDiscount_InvalidDiscountPercentage_ShouldThrowArgumentException" />
    </UnitTest>
    <UnitTest name="ShopFlow.Domain.Tests.ValueObjects.EmailTests.Equals_WithSameReference_ShouldReturnTrue" storage="d:\code\.net\project_shopflow\tests\shopflow.domain.tests\bin\release\net9.0\shopflow.domain.tests.dll" id="eb38a30f-0300-d9ea-1acd-35a309a33d63">
      <Execution id="cb386ce7-4dbb-4bb7-8561-79f091e4e020" />
      <TestMethod codeBase="D:\Code\.Net\project_shopflow\Tests\ShopFlow.Domain.Tests\bin\Release\net9.0\ShopFlow.Domain.Tests.dll" adapterTypeName="executor://xunit/VsTestRunner2/netcoreapp" className="ShopFlow.Domain.Tests.ValueObjects.EmailTests" name="Equals_WithSameReference_ShouldReturnTrue" />
    </UnitTest>
    <UnitTest name="ShopFlow.Domain.Tests.DomainServices.PricingServiceTests.CalculateShippingFee_EmptyOrWhitespaceZone_ShouldThrowArgumentException(invalidZone: &quot; &quot;)" storage="d:\code\.net\project_shopflow\tests\shopflow.domain.tests\bin\release\net9.0\shopflow.domain.tests.dll" id="bbb0bc2d-fe25-e803-c6be-aa595a381c32">
      <Execution id="5d30f164-c755-4944-9902-1727f70670c2" />
      <TestMethod codeBase="D:\Code\.Net\project_shopflow\Tests\ShopFlow.Domain.Tests\bin\Release\net9.0\ShopFlow.Domain.Tests.dll" adapterTypeName="executor://xunit/VsTestRunner2/netcoreapp" className="ShopFlow.Domain.Tests.DomainServices.PricingServiceTests" name="CalculateShippingFee_EmptyOrWhitespaceZone_ShouldThrowArgumentException" />
    </UnitTest>
    <UnitTest name="ShopFlow.Domain.Tests.ValueObjects.EmailTests.Constructor_InvalidEmailFormat_ShouldThrowArgumentException(invalidEmail: &quot;@domain.com&quot;)" storage="d:\code\.net\project_shopflow\tests\shopflow.domain.tests\bin\release\net9.0\shopflow.domain.tests.dll" id="1b260d25-2350-cdf0-a0f5-e49eb8dab1ac">
      <Execution id="3337f4bd-c02b-4286-ae55-012302dc31ba" />
      <TestMethod codeBase="D:\Code\.Net\project_shopflow\Tests\ShopFlow.Domain.Tests\bin\Release\net9.0\ShopFlow.Domain.Tests.dll" adapterTypeName="executor://xunit/VsTestRunner2/netcoreapp" className="ShopFlow.Domain.Tests.ValueObjects.EmailTests" name="Constructor_InvalidEmailFormat_ShouldThrowArgumentException" />
    </UnitTest>
    <UnitTest name="ShopFlow.Domain.Tests.Entities.CatProductTests.Discontinue_InactiveProduct_ShouldDiscontinueProduct" storage="d:\code\.net\project_shopflow\tests\shopflow.domain.tests\bin\release\net9.0\shopflow.domain.tests.dll" id="b1e40d23-6334-fd1f-256b-139e40aa0325">
      <Execution id="a55cd2df-1e86-4aa1-bd11-86e6b9ff2e3a" />
      <TestMethod codeBase="D:\Code\.Net\project_shopflow\Tests\ShopFlow.Domain.Tests\bin\Release\net9.0\ShopFlow.Domain.Tests.dll" adapterTypeName="executor://xunit/VsTestRunner2/netcoreapp" className="ShopFlow.Domain.Tests.Entities.CatProductTests" name="Discontinue_InactiveProduct_ShouldDiscontinueProduct" />
    </UnitTest>
    <UnitTest name="ShopFlow.Domain.Tests.Entities.CoreUserTests.ChangePassword_InvalidPasswordHash_ShouldThrowException(invalidPasswordHash: &quot;   &quot;)" storage="d:\code\.net\project_shopflow\tests\shopflow.domain.tests\bin\release\net9.0\shopflow.domain.tests.dll" id="87fedafe-7c9a-509d-46d0-2824b1a82854">
      <Execution id="d35b3e01-bc8d-4258-a1cb-afa3ff21e5e1" />
      <TestMethod codeBase="D:\Code\.Net\project_shopflow\Tests\ShopFlow.Domain.Tests\bin\Release\net9.0\ShopFlow.Domain.Tests.dll" adapterTypeName="executor://xunit/VsTestRunner2/netcoreapp" className="ShopFlow.Domain.Tests.Entities.CoreUserTests" name="ChangePassword_InvalidPasswordHash_ShouldThrowException" />
    </UnitTest>
    <UnitTest name="ShopFlow.Domain.Tests.ValueObjects.PhoneNumberTests.Constructor_InvalidPhoneFormat_ShouldThrowArgumentException(invalidPhone: &quot;0123456789012&quot;)" storage="d:\code\.net\project_shopflow\tests\shopflow.domain.tests\bin\release\net9.0\shopflow.domain.tests.dll" id="9a007a00-e44b-4471-8591-53dcac8274ff">
      <Execution id="bd2b3ced-6c47-4ee5-a92b-cdf034a0dbaf" />
      <TestMethod codeBase="D:\Code\.Net\project_shopflow\Tests\ShopFlow.Domain.Tests\bin\Release\net9.0\ShopFlow.Domain.Tests.dll" adapterTypeName="executor://xunit/VsTestRunner2/netcoreapp" className="ShopFlow.Domain.Tests.ValueObjects.PhoneNumberTests" name="Constructor_InvalidPhoneFormat_ShouldThrowArgumentException" />
    </UnitTest>
    <UnitTest name="ShopFlow.Domain.Tests.ValueObjects.PhoneNumberTests.Constructor_EmptyOrWhitespacePhone_ShouldThrowArgumentException(invalidPhone: &quot; &quot;)" storage="d:\code\.net\project_shopflow\tests\shopflow.domain.tests\bin\release\net9.0\shopflow.domain.tests.dll" id="6a82f305-bb24-dfb4-21d0-d614d5943265">
      <Execution id="7a670c47-4178-4c3c-a17a-032bf370b8a8" />
      <TestMethod codeBase="D:\Code\.Net\project_shopflow\Tests\ShopFlow.Domain.Tests\bin\Release\net9.0\ShopFlow.Domain.Tests.dll" adapterTypeName="executor://xunit/VsTestRunner2/netcoreapp" className="ShopFlow.Domain.Tests.ValueObjects.PhoneNumberTests" name="Constructor_EmptyOrWhitespacePhone_ShouldThrowArgumentException" />
    </UnitTest>
    <UnitTest name="ShopFlow.Domain.Tests.DomainServices.PricingServiceTests.CalculateShippingFee_ZeroOrNegativeWeight_ShouldThrowArgumentException(invalidWeight: 0)" storage="d:\code\.net\project_shopflow\tests\shopflow.domain.tests\bin\release\net9.0\shopflow.domain.tests.dll" id="19660cff-a1de-c0e5-5e2f-640bdd7db3ec">
      <Execution id="66744198-edfc-49d8-a416-5c39e4cfe7ff" />
      <TestMethod codeBase="D:\Code\.Net\project_shopflow\Tests\ShopFlow.Domain.Tests\bin\Release\net9.0\ShopFlow.Domain.Tests.dll" adapterTypeName="executor://xunit/VsTestRunner2/netcoreapp" className="ShopFlow.Domain.Tests.DomainServices.PricingServiceTests" name="CalculateShippingFee_ZeroOrNegativeWeight_ShouldThrowArgumentException" />
    </UnitTest>
    <UnitTest name="ShopFlow.Domain.Tests.ValueObjects.PhoneNumberTests.Constructor_EmptyOrWhitespacePhone_ShouldThrowArgumentException(invalidPhone: &quot;&quot;)" storage="d:\code\.net\project_shopflow\tests\shopflow.domain.tests\bin\release\net9.0\shopflow.domain.tests.dll" id="b64eff7d-2849-b441-532d-2379356b2b61">
      <Execution id="7020b9d2-af81-4e7b-80f0-8d78d33d0364" />
      <TestMethod codeBase="D:\Code\.Net\project_shopflow\Tests\ShopFlow.Domain.Tests\bin\Release\net9.0\ShopFlow.Domain.Tests.dll" adapterTypeName="executor://xunit/VsTestRunner2/netcoreapp" className="ShopFlow.Domain.Tests.ValueObjects.PhoneNumberTests" name="Constructor_EmptyOrWhitespacePhone_ShouldThrowArgumentException" />
    </UnitTest>
    <UnitTest name="ShopFlow.Domain.Tests.Entities.CatProductTests.UpdateReturnDays_NegativeDays_ShouldThrowException" storage="d:\code\.net\project_shopflow\tests\shopflow.domain.tests\bin\release\net9.0\shopflow.domain.tests.dll" id="2725e4d8-00f0-565e-cb44-f63d4216b36d">
      <Execution id="d427356d-7168-4fc5-92a6-4821d1a0718a" />
      <TestMethod codeBase="D:\Code\.Net\project_shopflow\Tests\ShopFlow.Domain.Tests\bin\Release\net9.0\ShopFlow.Domain.Tests.dll" adapterTypeName="executor://xunit/VsTestRunner2/netcoreapp" className="ShopFlow.Domain.Tests.Entities.CatProductTests" name="UpdateReturnDays_NegativeDays_ShouldThrowException" />
    </UnitTest>
    <UnitTest name="ShopFlow.Domain.Tests.ValueObjects.MoneyTests.Addition_DifferentCurrency_ShouldThrowInvalidOperationException" storage="d:\code\.net\project_shopflow\tests\shopflow.domain.tests\bin\release\net9.0\shopflow.domain.tests.dll" id="d4d1e0fb-3a0f-5262-fdf5-bb0908ed430a">
      <Execution id="d4029c44-a579-4efb-b697-467453f2243a" />
      <TestMethod codeBase="D:\Code\.Net\project_shopflow\Tests\ShopFlow.Domain.Tests\bin\Release\net9.0\ShopFlow.Domain.Tests.dll" adapterTypeName="executor://xunit/VsTestRunner2/netcoreapp" className="ShopFlow.Domain.Tests.ValueObjects.MoneyTests" name="Addition_DifferentCurrency_ShouldThrowInvalidOperationException" />
    </UnitTest>
    <UnitTest name="ShopFlow.Domain.Tests.DomainServices.PricingServiceTests.CalculateShippingFee_EmptyOrWhitespaceZone_ShouldThrowArgumentException(invalidZone: &quot;&quot;)" storage="d:\code\.net\project_shopflow\tests\shopflow.domain.tests\bin\release\net9.0\shopflow.domain.tests.dll" id="d1ebe375-31ed-748d-8bab-b8701181e687">
      <Execution id="7c768334-1bd7-4cb9-b515-79c58694f78e" />
      <TestMethod codeBase="D:\Code\.Net\project_shopflow\Tests\ShopFlow.Domain.Tests\bin\Release\net9.0\ShopFlow.Domain.Tests.dll" adapterTypeName="executor://xunit/VsTestRunner2/netcoreapp" className="ShopFlow.Domain.Tests.DomainServices.PricingServiceTests" name="CalculateShippingFee_EmptyOrWhitespaceZone_ShouldThrowArgumentException" />
    </UnitTest>
    <UnitTest name="ShopFlow.Domain.Tests.Entities.CatProductTests.IsActive_NonActiveProduct_ShouldReturnFalse(status: Discontinued)" storage="d:\code\.net\project_shopflow\tests\shopflow.domain.tests\bin\release\net9.0\shopflow.domain.tests.dll" id="1807b013-3efc-338b-5515-25690da0f308">
      <Execution id="08a8f104-689a-46ee-a015-b1c64b193b30" />
      <TestMethod codeBase="D:\Code\.Net\project_shopflow\Tests\ShopFlow.Domain.Tests\bin\Release\net9.0\ShopFlow.Domain.Tests.dll" adapterTypeName="executor://xunit/VsTestRunner2/netcoreapp" className="ShopFlow.Domain.Tests.Entities.CatProductTests" name="IsActive_NonActiveProduct_ShouldReturnFalse" />
    </UnitTest>
    <UnitTest name="ShopFlow.Domain.Tests.Entities.CoreUserTests.IsActive_NonActiveUser_ShouldReturnFalse(status: Suspended)" storage="d:\code\.net\project_shopflow\tests\shopflow.domain.tests\bin\release\net9.0\shopflow.domain.tests.dll" id="175bd445-b191-2e96-d71a-7eeb182b0517">
      <Execution id="e5fefa84-9063-4371-9f1b-578827a22fbb" />
      <TestMethod codeBase="D:\Code\.Net\project_shopflow\Tests\ShopFlow.Domain.Tests\bin\Release\net9.0\ShopFlow.Domain.Tests.dll" adapterTypeName="executor://xunit/VsTestRunner2/netcoreapp" className="ShopFlow.Domain.Tests.Entities.CoreUserTests" name="IsActive_NonActiveUser_ShouldReturnFalse" />
    </UnitTest>
    <UnitTest name="ShopFlow.Domain.Tests.ValueObjects.MoneyTests.CompareTo_SameCurrency_ShouldCompareAmounts" storage="d:\code\.net\project_shopflow\tests\shopflow.domain.tests\bin\release\net9.0\shopflow.domain.tests.dll" id="9403de0b-3ec1-4222-e1cf-0d46330dda71">
      <Execution id="883a34ba-c424-4154-80d8-69847710d42f" />
      <TestMethod codeBase="D:\Code\.Net\project_shopflow\Tests\ShopFlow.Domain.Tests\bin\Release\net9.0\ShopFlow.Domain.Tests.dll" adapterTypeName="executor://xunit/VsTestRunner2/netcoreapp" className="ShopFlow.Domain.Tests.ValueObjects.MoneyTests" name="CompareTo_SameCurrency_ShouldCompareAmounts" />
    </UnitTest>
    <UnitTest name="ShopFlow.Domain.Tests.Entities.CoreUserTests.Constructor_NullPasswordHash_ShouldThrowException" storage="d:\code\.net\project_shopflow\tests\shopflow.domain.tests\bin\release\net9.0\shopflow.domain.tests.dll" id="664a11bb-263b-b948-def2-1f93d0ce21ce">
      <Execution id="2e71a03d-1015-40f5-9eaf-53ba3daacabe" />
      <TestMethod codeBase="D:\Code\.Net\project_shopflow\Tests\ShopFlow.Domain.Tests\bin\Release\net9.0\ShopFlow.Domain.Tests.dll" adapterTypeName="executor://xunit/VsTestRunner2/netcoreapp" className="ShopFlow.Domain.Tests.Entities.CoreUserTests" name="Constructor_NullPasswordHash_ShouldThrowException" />
    </UnitTest>
    <UnitTest name="ShopFlow.Domain.Tests.ValueObjects.MoneyTests.Division_WithZeroDivisor_ShouldThrowDivideByZeroException" storage="d:\code\.net\project_shopflow\tests\shopflow.domain.tests\bin\release\net9.0\shopflow.domain.tests.dll" id="49df7065-5f98-eeef-fb6c-62a85dcfa6bd">
      <Execution id="34b964bc-38ac-4d7f-8868-022010e2b1c4" />
      <TestMethod codeBase="D:\Code\.Net\project_shopflow\Tests\ShopFlow.Domain.Tests\bin\Release\net9.0\ShopFlow.Domain.Tests.dll" adapterTypeName="executor://xunit/VsTestRunner2/netcoreapp" className="ShopFlow.Domain.Tests.ValueObjects.MoneyTests" name="Division_WithZeroDivisor_ShouldThrowDivideByZeroException" />
    </UnitTest>
    <UnitTest name="ShopFlow.Domain.Tests.DomainServices.PricingServiceTests.ApplyDiscount_ZeroPercentage_ShouldReturnOriginalAmount" storage="d:\code\.net\project_shopflow\tests\shopflow.domain.tests\bin\release\net9.0\shopflow.domain.tests.dll" id="ab909d33-ead0-f510-62f7-b4c213c46540">
      <Execution id="76d5455f-6473-4597-9653-dbf41b4e8b49" />
      <TestMethod codeBase="D:\Code\.Net\project_shopflow\Tests\ShopFlow.Domain.Tests\bin\Release\net9.0\ShopFlow.Domain.Tests.dll" adapterTypeName="executor://xunit/VsTestRunner2/netcoreapp" className="ShopFlow.Domain.Tests.DomainServices.PricingServiceTests" name="ApplyDiscount_ZeroPercentage_ShouldReturnOriginalAmount" />
    </UnitTest>
    <UnitTest name="ShopFlow.Domain.Tests.Entities.CatProductTests.CanBeOrdered_InactiveProductWithActiveSku_ShouldReturnFalse" storage="d:\code\.net\project_shopflow\tests\shopflow.domain.tests\bin\release\net9.0\shopflow.domain.tests.dll" id="981cd72f-7507-0d24-dec6-6ff9ceb67cc5">
      <Execution id="af3c82f6-6494-4ae4-b240-40107184bfbe" />
      <TestMethod codeBase="D:\Code\.Net\project_shopflow\Tests\ShopFlow.Domain.Tests\bin\Release\net9.0\ShopFlow.Domain.Tests.dll" adapterTypeName="executor://xunit/VsTestRunner2/netcoreapp" className="ShopFlow.Domain.Tests.Entities.CatProductTests" name="CanBeOrdered_InactiveProductWithActiveSku_ShouldReturnFalse" />
    </UnitTest>
    <UnitTest name="ShopFlow.Domain.Tests.DomainServices.PricingServiceTests.ApplyDiscount_PrecisionCalculation_ShouldMaintainAccuracy" storage="d:\code\.net\project_shopflow\tests\shopflow.domain.tests\bin\release\net9.0\shopflow.domain.tests.dll" id="98fe0b63-37cb-8f2b-8b06-b4fc7066141c">
      <Execution id="17e0aa8c-ac2c-42a2-a1ba-e365bca1910b" />
      <TestMethod codeBase="D:\Code\.Net\project_shopflow\Tests\ShopFlow.Domain.Tests\bin\Release\net9.0\ShopFlow.Domain.Tests.dll" adapterTypeName="executor://xunit/VsTestRunner2/netcoreapp" className="ShopFlow.Domain.Tests.DomainServices.PricingServiceTests" name="ApplyDiscount_PrecisionCalculation_ShouldMaintainAccuracy" />
    </UnitTest>
    <UnitTest name="ShopFlow.Domain.Tests.Entities.CatProductTests.CanBeOrdered_ActiveProductWithMixedSkus_ShouldReturnTrue" storage="d:\code\.net\project_shopflow\tests\shopflow.domain.tests\bin\release\net9.0\shopflow.domain.tests.dll" id="5c0c022d-493c-efab-4147-6e2c222772cc">
      <Execution id="dae42d60-ca20-4943-9842-51bf950e7b0c" />
      <TestMethod codeBase="D:\Code\.Net\project_shopflow\Tests\ShopFlow.Domain.Tests\bin\Release\net9.0\ShopFlow.Domain.Tests.dll" adapterTypeName="executor://xunit/VsTestRunner2/netcoreapp" className="ShopFlow.Domain.Tests.Entities.CatProductTests" name="CanBeOrdered_ActiveProductWithMixedSkus_ShouldReturnTrue" />
    </UnitTest>
    <UnitTest name="ShopFlow.Domain.Tests.Entities.CoreUserTests.VerifyEmail_ShouldSetEmailVerifiedToTrue" storage="d:\code\.net\project_shopflow\tests\shopflow.domain.tests\bin\release\net9.0\shopflow.domain.tests.dll" id="ee1adf46-3dbc-4fa4-6624-c5866a212d87">
      <Execution id="8cbbc868-0dee-441a-b27a-a418af0a5acd" />
      <TestMethod codeBase="D:\Code\.Net\project_shopflow\Tests\ShopFlow.Domain.Tests\bin\Release\net9.0\ShopFlow.Domain.Tests.dll" adapterTypeName="executor://xunit/VsTestRunner2/netcoreapp" className="ShopFlow.Domain.Tests.Entities.CoreUserTests" name="VerifyEmail_ShouldSetEmailVerifiedToTrue" />
    </UnitTest>
    <UnitTest name="ShopFlow.Domain.Tests.Entities.CatProductTests.IsActive_NonActiveProduct_ShouldReturnFalse(status: Inactive)" storage="d:\code\.net\project_shopflow\tests\shopflow.domain.tests\bin\release\net9.0\shopflow.domain.tests.dll" id="b6922195-efc4-83b1-0ba3-9fa16eb58963">
      <Execution id="e4a7c71a-c840-4cd2-a833-02c0afa71437" />
      <TestMethod codeBase="D:\Code\.Net\project_shopflow\Tests\ShopFlow.Domain.Tests\bin\Release\net9.0\ShopFlow.Domain.Tests.dll" adapterTypeName="executor://xunit/VsTestRunner2/netcoreapp" className="ShopFlow.Domain.Tests.Entities.CatProductTests" name="IsActive_NonActiveProduct_ShouldReturnFalse" />
    </UnitTest>
    <UnitTest name="ShopFlow.Domain.Tests.Entities.CoreUserTests.Activate_SuspendedUser_ShouldActivateUser" storage="d:\code\.net\project_shopflow\tests\shopflow.domain.tests\bin\release\net9.0\shopflow.domain.tests.dll" id="39e5fdbf-c251-aff9-474d-a0aeabf1a26a">
      <Execution id="99e73093-8c66-46ac-8c78-7b48772d34c5" />
      <TestMethod codeBase="D:\Code\.Net\project_shopflow\Tests\ShopFlow.Domain.Tests\bin\Release\net9.0\ShopFlow.Domain.Tests.dll" adapterTypeName="executor://xunit/VsTestRunner2/netcoreapp" className="ShopFlow.Domain.Tests.Entities.CoreUserTests" name="Activate_SuspendedUser_ShouldActivateUser" />
    </UnitTest>
    <UnitTest name="ShopFlow.Domain.Tests.ValueObjects.PhoneNumberTests.Constructor_ValidPhoneWithNormalization_ShouldNormalizeCorrectly" storage="d:\code\.net\project_shopflow\tests\shopflow.domain.tests\bin\release\net9.0\shopflow.domain.tests.dll" id="686e3df9-427c-987b-79ae-05ed6ae236c3">
      <Execution id="0c76a923-d5f5-43ba-84da-f59183c2be48" />
      <TestMethod codeBase="D:\Code\.Net\project_shopflow\Tests\ShopFlow.Domain.Tests\bin\Release\net9.0\ShopFlow.Domain.Tests.dll" adapterTypeName="executor://xunit/VsTestRunner2/netcoreapp" className="ShopFlow.Domain.Tests.ValueObjects.PhoneNumberTests" name="Constructor_ValidPhoneWithNormalization_ShouldNormalizeCorrectly" />
    </UnitTest>
    <UnitTest name="ShopFlow.Domain.Tests.DomainServices.PricingServiceTests.CalculateTax_ValidAmountAndTaxRate_ShouldCalculateCorrectly(amount: 1000000, taxRate: 0,2, expectedTax: 200000)" storage="d:\code\.net\project_shopflow\tests\shopflow.domain.tests\bin\release\net9.0\shopflow.domain.tests.dll" id="1e4d4614-056a-1644-37c8-c9386704e478">
      <Execution id="2973443c-a8c3-42f9-8feb-c2f583995207" />
      <TestMethod codeBase="D:\Code\.Net\project_shopflow\Tests\ShopFlow.Domain.Tests\bin\Release\net9.0\ShopFlow.Domain.Tests.dll" adapterTypeName="executor://xunit/VsTestRunner2/netcoreapp" className="ShopFlow.Domain.Tests.DomainServices.PricingServiceTests" name="CalculateTax_ValidAmountAndTaxRate_ShouldCalculateCorrectly" />
    </UnitTest>
    <UnitTest name="ShopFlow.Domain.Tests.DomainServices.PricingServiceTests.CalculateTax_NullAmount_ShouldThrowArgumentNullException" storage="d:\code\.net\project_shopflow\tests\shopflow.domain.tests\bin\release\net9.0\shopflow.domain.tests.dll" id="12faf06f-7b3a-0d21-8d57-e2f456bf19e9">
      <Execution id="ccffa884-afaa-451f-9fb5-c8e4b3f7f284" />
      <TestMethod codeBase="D:\Code\.Net\project_shopflow\Tests\ShopFlow.Domain.Tests\bin\Release\net9.0\ShopFlow.Domain.Tests.dll" adapterTypeName="executor://xunit/VsTestRunner2/netcoreapp" className="ShopFlow.Domain.Tests.DomainServices.PricingServiceTests" name="CalculateTax_NullAmount_ShouldThrowArgumentNullException" />
    </UnitTest>
    <UnitTest name="ShopFlow.Domain.Tests.ValueObjects.MoneyTests.Constructor_NegativeAmount_ShouldThrowArgumentException" storage="d:\code\.net\project_shopflow\tests\shopflow.domain.tests\bin\release\net9.0\shopflow.domain.tests.dll" id="45082cfc-5327-3fdd-d41d-406b8dd179be">
      <Execution id="9d2fb524-413c-45ff-bb00-281db2448f2a" />
      <TestMethod codeBase="D:\Code\.Net\project_shopflow\Tests\ShopFlow.Domain.Tests\bin\Release\net9.0\ShopFlow.Domain.Tests.dll" adapterTypeName="executor://xunit/VsTestRunner2/netcoreapp" className="ShopFlow.Domain.Tests.ValueObjects.MoneyTests" name="Constructor_NegativeAmount_ShouldThrowArgumentException" />
    </UnitTest>
    <UnitTest name="ShopFlow.Domain.Tests.DomainServices.PricingServiceTests.ApplyDiscount_ValidAmountAndPercentage_ShouldCalculateCorrectly(amount: 250000, discountPercentage: 0,2, expectedResult: 200000)" storage="d:\code\.net\project_shopflow\tests\shopflow.domain.tests\bin\release\net9.0\shopflow.domain.tests.dll" id="6b92b6b7-2771-31a1-ed47-e54ddaba14a7">
      <Execution id="fe99c10e-056b-4698-8f81-f15adb25f5d0" />
      <TestMethod codeBase="D:\Code\.Net\project_shopflow\Tests\ShopFlow.Domain.Tests\bin\Release\net9.0\ShopFlow.Domain.Tests.dll" adapterTypeName="executor://xunit/VsTestRunner2/netcoreapp" className="ShopFlow.Domain.Tests.DomainServices.PricingServiceTests" name="ApplyDiscount_ValidAmountAndPercentage_ShouldCalculateCorrectly" />
    </UnitTest>
    <UnitTest name="ShopFlow.Domain.Tests.DomainServices.PricingServiceTests.CalculatePrice_LargeQuantity_ShouldCalculateCorrectly" storage="d:\code\.net\project_shopflow\tests\shopflow.domain.tests\bin\release\net9.0\shopflow.domain.tests.dll" id="3a417501-337f-a7dc-c9b3-bd9f40933236">
      <Execution id="3c512b12-2d64-4cab-b6f6-374c5da97298" />
      <TestMethod codeBase="D:\Code\.Net\project_shopflow\Tests\ShopFlow.Domain.Tests\bin\Release\net9.0\ShopFlow.Domain.Tests.dll" adapterTypeName="executor://xunit/VsTestRunner2/netcoreapp" className="ShopFlow.Domain.Tests.DomainServices.PricingServiceTests" name="CalculatePrice_LargeQuantity_ShouldCalculateCorrectly" />
    </UnitTest>
    <UnitTest name="ShopFlow.Domain.Tests.DomainServices.PricingServiceTests.CalculateTax_ZeroTaxRate_ShouldReturnZeroTax" storage="d:\code\.net\project_shopflow\tests\shopflow.domain.tests\bin\release\net9.0\shopflow.domain.tests.dll" id="227b8a65-208b-66e2-7e28-8632ba152597">
      <Execution id="402146ac-05b7-47bb-90a2-10363643a949" />
      <TestMethod codeBase="D:\Code\.Net\project_shopflow\Tests\ShopFlow.Domain.Tests\bin\Release\net9.0\ShopFlow.Domain.Tests.dll" adapterTypeName="executor://xunit/VsTestRunner2/netcoreapp" className="ShopFlow.Domain.Tests.DomainServices.PricingServiceTests" name="CalculateTax_ZeroTaxRate_ShouldReturnZeroTax" />
    </UnitTest>
    <UnitTest name="ShopFlow.Domain.Tests.ValueObjects.MoneyTests.Equals_DifferentAmountSameCurrency_ShouldReturnFalse" storage="d:\code\.net\project_shopflow\tests\shopflow.domain.tests\bin\release\net9.0\shopflow.domain.tests.dll" id="51c1ab4e-5980-a7ad-9af4-2fa0c6fa0da9">
      <Execution id="bd870506-5e1f-4dc6-9eae-dd5d5e862466" />
      <TestMethod codeBase="D:\Code\.Net\project_shopflow\Tests\ShopFlow.Domain.Tests\bin\Release\net9.0\ShopFlow.Domain.Tests.dll" adapterTypeName="executor://xunit/VsTestRunner2/netcoreapp" className="ShopFlow.Domain.Tests.ValueObjects.MoneyTests" name="Equals_DifferentAmountSameCurrency_ShouldReturnFalse" />
    </UnitTest>
    <UnitTest name="ShopFlow.Domain.Tests.DomainServices.PricingServiceTests.ApplyDiscount_ZeroAmount_ShouldReturnZero" storage="d:\code\.net\project_shopflow\tests\shopflow.domain.tests\bin\release\net9.0\shopflow.domain.tests.dll" id="f4ccda9b-20f2-8b36-4f28-423059d61d5d">
      <Execution id="80ee088a-c7ae-4576-9d06-21e73e0a3a5e" />
      <TestMethod codeBase="D:\Code\.Net\project_shopflow\Tests\ShopFlow.Domain.Tests\bin\Release\net9.0\ShopFlow.Domain.Tests.dll" adapterTypeName="executor://xunit/VsTestRunner2/netcoreapp" className="ShopFlow.Domain.Tests.DomainServices.PricingServiceTests" name="ApplyDiscount_ZeroAmount_ShouldReturnZero" />
    </UnitTest>
    <UnitTest name="ShopFlow.Domain.Tests.Entities.CatProductTests.Deactivate_ActiveProduct_ShouldDeactivateProduct" storage="d:\code\.net\project_shopflow\tests\shopflow.domain.tests\bin\release\net9.0\shopflow.domain.tests.dll" id="850dc87f-30ca-0124-783e-34e55674b383">
      <Execution id="74f4070f-7939-48b4-9d6b-683a68726f9b" />
      <TestMethod codeBase="D:\Code\.Net\project_shopflow\Tests\ShopFlow.Domain.Tests\bin\Release\net9.0\ShopFlow.Domain.Tests.dll" adapterTypeName="executor://xunit/VsTestRunner2/netcoreapp" className="ShopFlow.Domain.Tests.Entities.CatProductTests" name="Deactivate_ActiveProduct_ShouldDeactivateProduct" />
    </UnitTest>
    <UnitTest name="ShopFlow.Domain.Tests.DomainServices.PricingServiceTests.CalculateTax_PrecisionCalculation_ShouldMaintainAccuracy" storage="d:\code\.net\project_shopflow\tests\shopflow.domain.tests\bin\release\net9.0\shopflow.domain.tests.dll" id="63651d06-1619-fbbe-968a-0eb5a0b314f2">
      <Execution id="86b38d04-5984-4937-ab67-79c0986a26eb" />
      <TestMethod codeBase="D:\Code\.Net\project_shopflow\Tests\ShopFlow.Domain.Tests\bin\Release\net9.0\ShopFlow.Domain.Tests.dll" adapterTypeName="executor://xunit/VsTestRunner2/netcoreapp" className="ShopFlow.Domain.Tests.DomainServices.PricingServiceTests" name="CalculateTax_PrecisionCalculation_ShouldMaintainAccuracy" />
    </UnitTest>
    <UnitTest name="ShopFlow.Domain.Tests.ValueObjects.EmailTests.Constructor_EmailWithWhitespace_ShouldHandleCorrectly" storage="d:\code\.net\project_shopflow\tests\shopflow.domain.tests\bin\release\net9.0\shopflow.domain.tests.dll" id="04a6d51e-f58b-1226-581b-72746476ccca">
      <Execution id="03609e33-8540-4372-b51f-ede5f3141e88" />
      <TestMethod codeBase="D:\Code\.Net\project_shopflow\Tests\ShopFlow.Domain.Tests\bin\Release\net9.0\ShopFlow.Domain.Tests.dll" adapterTypeName="executor://xunit/VsTestRunner2/netcoreapp" className="ShopFlow.Domain.Tests.ValueObjects.EmailTests" name="Constructor_EmailWithWhitespace_ShouldHandleCorrectly" />
    </UnitTest>
    <UnitTest name="ShopFlow.Domain.Tests.DomainServices.PricingServiceTests.IsValidPrice_NullPrice_ShouldReturnFalse" storage="d:\code\.net\project_shopflow\tests\shopflow.domain.tests\bin\release\net9.0\shopflow.domain.tests.dll" id="e8652ddb-44dd-7267-219e-345707d6380d">
      <Execution id="01079b90-ce42-48de-bebd-0cfecc984bfd" />
      <TestMethod codeBase="D:\Code\.Net\project_shopflow\Tests\ShopFlow.Domain.Tests\bin\Release\net9.0\ShopFlow.Domain.Tests.dll" adapterTypeName="executor://xunit/VsTestRunner2/netcoreapp" className="ShopFlow.Domain.Tests.DomainServices.PricingServiceTests" name="IsValidPrice_NullPrice_ShouldReturnFalse" />
    </UnitTest>
    <UnitTest name="ShopFlow.Domain.Tests.DomainServices.PricingServiceTests.CalculateShippingFee_NullShippingZone_ShouldThrowArgumentException" storage="d:\code\.net\project_shopflow\tests\shopflow.domain.tests\bin\release\net9.0\shopflow.domain.tests.dll" id="1613560e-07a8-4cbd-1167-d80d28347abb">
      <Execution id="a1d20a2d-b912-4bbf-8134-05dda75f6aca" />
      <TestMethod codeBase="D:\Code\.Net\project_shopflow\Tests\ShopFlow.Domain.Tests\bin\Release\net9.0\ShopFlow.Domain.Tests.dll" adapterTypeName="executor://xunit/VsTestRunner2/netcoreapp" className="ShopFlow.Domain.Tests.DomainServices.PricingServiceTests" name="CalculateShippingFee_NullShippingZone_ShouldThrowArgumentException" />
    </UnitTest>
    <UnitTest name="ShopFlow.Domain.Tests.DomainServices.PricingServiceTests.CalculatePrice_ZeroOrNegativeQuantity_ShouldThrowArgumentException(invalidQuantity: -1)" storage="d:\code\.net\project_shopflow\tests\shopflow.domain.tests\bin\release\net9.0\shopflow.domain.tests.dll" id="2fa6c3a2-f131-73d3-ed74-5bdecd355a87">
      <Execution id="1e77f359-d6e2-478c-a7a8-9d4940e685b0" />
      <TestMethod codeBase="D:\Code\.Net\project_shopflow\Tests\ShopFlow.Domain.Tests\bin\Release\net9.0\ShopFlow.Domain.Tests.dll" adapterTypeName="executor://xunit/VsTestRunner2/netcoreapp" className="ShopFlow.Domain.Tests.DomainServices.PricingServiceTests" name="CalculatePrice_ZeroOrNegativeQuantity_ShouldThrowArgumentException" />
    </UnitTest>
    <UnitTest name="ShopFlow.Domain.Tests.DomainServices.PricingServiceTests.CalculatePrice_NullOffer_ShouldThrowArgumentNullException" storage="d:\code\.net\project_shopflow\tests\shopflow.domain.tests\bin\release\net9.0\shopflow.domain.tests.dll" id="94fa0ab4-61ce-c6ab-5c59-07967741738a">
      <Execution id="10dd36ef-db75-452d-afab-56e65da77431" />
      <TestMethod codeBase="D:\Code\.Net\project_shopflow\Tests\ShopFlow.Domain.Tests\bin\Release\net9.0\ShopFlow.Domain.Tests.dll" adapterTypeName="executor://xunit/VsTestRunner2/netcoreapp" className="ShopFlow.Domain.Tests.DomainServices.PricingServiceTests" name="CalculatePrice_NullOffer_ShouldThrowArgumentNullException" />
    </UnitTest>
    <UnitTest name="ShopFlow.Domain.Tests.Entities.CoreUserTests.HasRole_NonExistingRole_ShouldReturnFalse" storage="d:\code\.net\project_shopflow\tests\shopflow.domain.tests\bin\release\net9.0\shopflow.domain.tests.dll" id="a8616b4a-8b45-e777-31ba-757ec01761a4">
      <Execution id="e4809fb5-e557-4ea7-9a24-9fbcd8d152a4" />
      <TestMethod codeBase="D:\Code\.Net\project_shopflow\Tests\ShopFlow.Domain.Tests\bin\Release\net9.0\ShopFlow.Domain.Tests.dll" adapterTypeName="executor://xunit/VsTestRunner2/netcoreapp" className="ShopFlow.Domain.Tests.Entities.CoreUserTests" name="HasRole_NonExistingRole_ShouldReturnFalse" />
    </UnitTest>
    <UnitTest name="ShopFlow.Domain.Tests.DomainServices.PricingServiceTests.CalculateShippingFee_NullOrderValue_ShouldThrowArgumentNullException" storage="d:\code\.net\project_shopflow\tests\shopflow.domain.tests\bin\release\net9.0\shopflow.domain.tests.dll" id="ef9556a1-43ea-55c6-65f3-631bed6db249">
      <Execution id="b60c1ef8-55db-4628-b312-fa091b83f5b1" />
      <TestMethod codeBase="D:\Code\.Net\project_shopflow\Tests\ShopFlow.Domain.Tests\bin\Release\net9.0\ShopFlow.Domain.Tests.dll" adapterTypeName="executor://xunit/VsTestRunner2/netcoreapp" className="ShopFlow.Domain.Tests.DomainServices.PricingServiceTests" name="CalculateShippingFee_NullOrderValue_ShouldThrowArgumentNullException" />
    </UnitTest>
    <UnitTest name="ShopFlow.Domain.Tests.Entities.CoreUserTests.IsActive_ActiveUser_ShouldReturnTrue" storage="d:\code\.net\project_shopflow\tests\shopflow.domain.tests\bin\release\net9.0\shopflow.domain.tests.dll" id="c5689617-157b-3e95-d758-adc4ba7b1d41">
      <Execution id="5f3f333d-795d-4575-9601-330c6eea70c9" />
      <TestMethod codeBase="D:\Code\.Net\project_shopflow\Tests\ShopFlow.Domain.Tests\bin\Release\net9.0\ShopFlow.Domain.Tests.dll" adapterTypeName="executor://xunit/VsTestRunner2/netcoreapp" className="ShopFlow.Domain.Tests.Entities.CoreUserTests" name="IsActive_ActiveUser_ShouldReturnTrue" />
    </UnitTest>
    <UnitTest name="ShopFlow.Domain.Tests.ValueObjects.PhoneNumberTests.Constructor_PhoneNumberNormalization_ShouldHandleComplexFormats" storage="d:\code\.net\project_shopflow\tests\shopflow.domain.tests\bin\release\net9.0\shopflow.domain.tests.dll" id="26d6bbd6-0508-8780-628e-152475655955">
      <Execution id="1495efb0-1650-4a6c-9320-5260bb9e9065" />
      <TestMethod codeBase="D:\Code\.Net\project_shopflow\Tests\ShopFlow.Domain.Tests\bin\Release\net9.0\ShopFlow.Domain.Tests.dll" adapterTypeName="executor://xunit/VsTestRunner2/netcoreapp" className="ShopFlow.Domain.Tests.ValueObjects.PhoneNumberTests" name="Constructor_PhoneNumberNormalization_ShouldHandleComplexFormats" />
    </UnitTest>
    <UnitTest name="ShopFlow.Domain.Tests.DomainServices.PricingServiceTests.IsValidPrice_ValidPrices_ShouldReturnTrue(validAmount: 100)" storage="d:\code\.net\project_shopflow\tests\shopflow.domain.tests\bin\release\net9.0\shopflow.domain.tests.dll" id="6ec194a5-8a4d-463b-e43a-5172b9278b6b">
      <Execution id="6857ab3b-0491-45a2-9316-c570919c09a6" />
      <TestMethod codeBase="D:\Code\.Net\project_shopflow\Tests\ShopFlow.Domain.Tests\bin\Release\net9.0\ShopFlow.Domain.Tests.dll" adapterTypeName="executor://xunit/VsTestRunner2/netcoreapp" className="ShopFlow.Domain.Tests.DomainServices.PricingServiceTests" name="IsValidPrice_ValidPrices_ShouldReturnTrue" />
    </UnitTest>
    <UnitTest name="ShopFlow.Domain.Tests.ValueObjects.EmailTests.Constructor_ValidEmailFormats_ShouldCreateEmailObject(validEmail: &quot;user.name@domain.co.uk&quot;)" storage="d:\code\.net\project_shopflow\tests\shopflow.domain.tests\bin\release\net9.0\shopflow.domain.tests.dll" id="489f187d-0468-63e3-0e3c-46a80a2e55a4">
      <Execution id="cef7f069-cf0a-420e-90e0-a5868cf90fcb" />
      <TestMethod codeBase="D:\Code\.Net\project_shopflow\Tests\ShopFlow.Domain.Tests\bin\Release\net9.0\ShopFlow.Domain.Tests.dll" adapterTypeName="executor://xunit/VsTestRunner2/netcoreapp" className="ShopFlow.Domain.Tests.ValueObjects.EmailTests" name="Constructor_ValidEmailFormats_ShouldCreateEmailObject" />
    </UnitTest>
    <UnitTest name="ShopFlow.Domain.Tests.Entities.CatProductTests.AddSku_MultipleSkus_ShouldAddAllSkus" storage="d:\code\.net\project_shopflow\tests\shopflow.domain.tests\bin\release\net9.0\shopflow.domain.tests.dll" id="78f0c639-4a50-f219-f205-d83f18550864">
      <Execution id="4788ba04-5da3-4b30-963c-336792389b4e" />
      <TestMethod codeBase="D:\Code\.Net\project_shopflow\Tests\ShopFlow.Domain.Tests\bin\Release\net9.0\ShopFlow.Domain.Tests.dll" adapterTypeName="executor://xunit/VsTestRunner2/netcoreapp" className="ShopFlow.Domain.Tests.Entities.CatProductTests" name="AddSku_MultipleSkus_ShouldAddAllSkus" />
    </UnitTest>
    <UnitTest name="ShopFlow.Domain.Tests.ValueObjects.PhoneNumberTests.Constructor_InvalidPhoneFormat_ShouldThrowArgumentException(invalidPhone: &quot;abc1234567&quot;)" storage="d:\code\.net\project_shopflow\tests\shopflow.domain.tests\bin\release\net9.0\shopflow.domain.tests.dll" id="2cbfe38b-b012-4992-4a50-1f6c3c480a3d">
      <Execution id="db32bab4-202f-404f-9d67-647dc33f8a06" />
      <TestMethod codeBase="D:\Code\.Net\project_shopflow\Tests\ShopFlow.Domain.Tests\bin\Release\net9.0\ShopFlow.Domain.Tests.dll" adapterTypeName="executor://xunit/VsTestRunner2/netcoreapp" className="ShopFlow.Domain.Tests.ValueObjects.PhoneNumberTests" name="Constructor_InvalidPhoneFormat_ShouldThrowArgumentException" />
    </UnitTest>
    <UnitTest name="ShopFlow.Domain.Tests.Entities.CatProductTests.ProductLifecycle_CompleteFlow_ShouldWorkCorrectly" storage="d:\code\.net\project_shopflow\tests\shopflow.domain.tests\bin\release\net9.0\shopflow.domain.tests.dll" id="698fafc3-e03a-1a54-9a5c-d310e521006b">
      <Execution id="5aba4e23-ee14-4227-9d0d-a62651f74371" />
      <TestMethod codeBase="D:\Code\.Net\project_shopflow\Tests\ShopFlow.Domain.Tests\bin\Release\net9.0\ShopFlow.Domain.Tests.dll" adapterTypeName="executor://xunit/VsTestRunner2/netcoreapp" className="ShopFlow.Domain.Tests.Entities.CatProductTests" name="ProductLifecycle_CompleteFlow_ShouldWorkCorrectly" />
    </UnitTest>
    <UnitTest name="ShopFlow.Domain.Tests.Entities.CoreUserTests.ChangePassword_InvalidPasswordHash_ShouldThrowException(invalidPasswordHash: &quot;&quot;)" storage="d:\code\.net\project_shopflow\tests\shopflow.domain.tests\bin\release\net9.0\shopflow.domain.tests.dll" id="65cbeb20-68a2-2270-6d27-ac6ea42a2c0f">
      <Execution id="85f2beac-894f-470e-945d-144f260509d3" />
      <TestMethod codeBase="D:\Code\.Net\project_shopflow\Tests\ShopFlow.Domain.Tests\bin\Release\net9.0\ShopFlow.Domain.Tests.dll" adapterTypeName="executor://xunit/VsTestRunner2/netcoreapp" className="ShopFlow.Domain.Tests.Entities.CoreUserTests" name="ChangePassword_InvalidPasswordHash_ShouldThrowException" />
    </UnitTest>
    <UnitTest name="ShopFlow.Domain.Tests.DomainServices.PricingServiceTests.CalculateShippingFee_DifferentZones_ShouldCalculateSame" storage="d:\code\.net\project_shopflow\tests\shopflow.domain.tests\bin\release\net9.0\shopflow.domain.tests.dll" id="23959bcb-a051-1c85-8466-f6c4766f3676">
      <Execution id="1121d36c-8b74-4e81-ad5f-3e96ae7f1068" />
      <TestMethod codeBase="D:\Code\.Net\project_shopflow\Tests\ShopFlow.Domain.Tests\bin\Release\net9.0\ShopFlow.Domain.Tests.dll" adapterTypeName="executor://xunit/VsTestRunner2/netcoreapp" className="ShopFlow.Domain.Tests.DomainServices.PricingServiceTests" name="CalculateShippingFee_DifferentZones_ShouldCalculateSame" />
    </UnitTest>
    <UnitTest name="ShopFlow.Domain.Tests.ValueObjects.EmailTests.Constructor_InvalidEmailFormat_ShouldThrowArgumentException(invalidEmail: &quot;test@&quot;)" storage="d:\code\.net\project_shopflow\tests\shopflow.domain.tests\bin\release\net9.0\shopflow.domain.tests.dll" id="248f57ec-5f34-89a8-48ab-daf2f00d3536">
      <Execution id="99726390-f759-41ca-ac56-ac370b5c5cdd" />
      <TestMethod codeBase="D:\Code\.Net\project_shopflow\Tests\ShopFlow.Domain.Tests\bin\Release\net9.0\ShopFlow.Domain.Tests.dll" adapterTypeName="executor://xunit/VsTestRunner2/netcoreapp" className="ShopFlow.Domain.Tests.ValueObjects.EmailTests" name="Constructor_InvalidEmailFormat_ShouldThrowArgumentException" />
    </UnitTest>
    <UnitTest name="ShopFlow.Domain.Tests.ValueObjects.EmailTests.Equals_WithNull_ShouldReturnFalse" storage="d:\code\.net\project_shopflow\tests\shopflow.domain.tests\bin\release\net9.0\shopflow.domain.tests.dll" id="9bd5bfde-1bd9-bd6e-20e4-328f9754f564">
      <Execution id="7f0617fc-7040-42cf-b90b-4f386d55b990" />
      <TestMethod codeBase="D:\Code\.Net\project_shopflow\Tests\ShopFlow.Domain.Tests\bin\Release\net9.0\ShopFlow.Domain.Tests.dll" adapterTypeName="executor://xunit/VsTestRunner2/netcoreapp" className="ShopFlow.Domain.Tests.ValueObjects.EmailTests" name="Equals_WithNull_ShouldReturnFalse" />
    </UnitTest>
    <UnitTest name="ShopFlow.Domain.Tests.DomainServices.PricingServiceTests.CalculateTax_ValidAmountAndTaxRate_ShouldCalculateCorrectly(amount: 100000, taxRate: 0,1, expectedTax: 10000)" storage="d:\code\.net\project_shopflow\tests\shopflow.domain.tests\bin\release\net9.0\shopflow.domain.tests.dll" id="cc550a42-32bd-536c-6f9b-101019217d15">
      <Execution id="d9e37989-70ef-434f-93b2-9fe8a20812e5" />
      <TestMethod codeBase="D:\Code\.Net\project_shopflow\Tests\ShopFlow.Domain.Tests\bin\Release\net9.0\ShopFlow.Domain.Tests.dll" adapterTypeName="executor://xunit/VsTestRunner2/netcoreapp" className="ShopFlow.Domain.Tests.DomainServices.PricingServiceTests" name="CalculateTax_ValidAmountAndTaxRate_ShouldCalculateCorrectly" />
    </UnitTest>
    <UnitTest name="ShopFlow.Domain.Tests.ValueObjects.PhoneNumberTests.Constructor_InvalidPhoneFormat_ShouldThrowArgumentException(invalidPhone: &quot;123&quot;)" storage="d:\code\.net\project_shopflow\tests\shopflow.domain.tests\bin\release\net9.0\shopflow.domain.tests.dll" id="3e5c8ef4-df1a-7767-0819-2ea5ae25d0f6">
      <Execution id="54d4657d-6bfd-4e4e-ba4b-eb8cb0546dd7" />
      <TestMethod codeBase="D:\Code\.Net\project_shopflow\Tests\ShopFlow.Domain.Tests\bin\Release\net9.0\ShopFlow.Domain.Tests.dll" adapterTypeName="executor://xunit/VsTestRunner2/netcoreapp" className="ShopFlow.Domain.Tests.ValueObjects.PhoneNumberTests" name="Constructor_InvalidPhoneFormat_ShouldThrowArgumentException" />
    </UnitTest>
    <UnitTest name="ShopFlow.Domain.Tests.Entities.CoreUserTests.ChangePassword_ValidPasswordHash_ShouldUpdatePassword" storage="d:\code\.net\project_shopflow\tests\shopflow.domain.tests\bin\release\net9.0\shopflow.domain.tests.dll" id="7cb39dd4-cb2d-85c2-7c67-b89e50ca6ebd">
      <Execution id="741fc0e7-70ea-43e4-beaa-dfb6ff72654a" />
      <TestMethod codeBase="D:\Code\.Net\project_shopflow\Tests\ShopFlow.Domain.Tests\bin\Release\net9.0\ShopFlow.Domain.Tests.dll" adapterTypeName="executor://xunit/VsTestRunner2/netcoreapp" className="ShopFlow.Domain.Tests.Entities.CoreUserTests" name="ChangePassword_ValidPasswordHash_ShouldUpdatePassword" />
    </UnitTest>
    <UnitTest name="ShopFlow.Domain.Tests.ValueObjects.EmailTests.Constructor_ValidEmailFormats_ShouldCreateEmailObject(validEmail: &quot;a@b.co&quot;)" storage="d:\code\.net\project_shopflow\tests\shopflow.domain.tests\bin\release\net9.0\shopflow.domain.tests.dll" id="c22a34fc-e95e-5094-0b07-6980e351c5e4">
      <Execution id="910dea94-ec33-462b-9a54-c2c99437dd5f" />
      <TestMethod codeBase="D:\Code\.Net\project_shopflow\Tests\ShopFlow.Domain.Tests\bin\Release\net9.0\ShopFlow.Domain.Tests.dll" adapterTypeName="executor://xunit/VsTestRunner2/netcoreapp" className="ShopFlow.Domain.Tests.ValueObjects.EmailTests" name="Constructor_ValidEmailFormats_ShouldCreateEmailObject" />
    </UnitTest>
    <UnitTest name="ShopFlow.Domain.Tests.Entities.CoreUserTests.Ban_SuspendedUser_ShouldBanUser" storage="d:\code\.net\project_shopflow\tests\shopflow.domain.tests\bin\release\net9.0\shopflow.domain.tests.dll" id="b87e15cf-92d6-d770-9066-af27abfcde94">
      <Execution id="b75c8214-ad6a-454a-ba75-299d964c860e" />
      <TestMethod codeBase="D:\Code\.Net\project_shopflow\Tests\ShopFlow.Domain.Tests\bin\Release\net9.0\ShopFlow.Domain.Tests.dll" adapterTypeName="executor://xunit/VsTestRunner2/netcoreapp" className="ShopFlow.Domain.Tests.Entities.CoreUserTests" name="Ban_SuspendedUser_ShouldBanUser" />
    </UnitTest>
    <UnitTest name="ShopFlow.Domain.Tests.DomainServices.PricingServiceTests.CalculateTax_ValidAmountAndTaxRate_ShouldCalculateCorrectly(amount: 250000, taxRate: 0,05, expectedTax: 12500)" storage="d:\code\.net\project_shopflow\tests\shopflow.domain.tests\bin\release\net9.0\shopflow.domain.tests.dll" id="8d2fcafc-8596-5e05-3558-e9ea41ed933b">
      <Execution id="a43e6e8d-f6aa-42e6-bbe5-c5bccf520bbd" />
      <TestMethod codeBase="D:\Code\.Net\project_shopflow\Tests\ShopFlow.Domain.Tests\bin\Release\net9.0\ShopFlow.Domain.Tests.dll" adapterTypeName="executor://xunit/VsTestRunner2/netcoreapp" className="ShopFlow.Domain.Tests.DomainServices.PricingServiceTests" name="CalculateTax_ValidAmountAndTaxRate_ShouldCalculateCorrectly" />
    </UnitTest>
    <UnitTest name="ShopFlow.Domain.Tests.ValueObjects.PhoneNumberTests.EqualityOperator_NormalizedValues_ShouldReturnTrue" storage="d:\code\.net\project_shopflow\tests\shopflow.domain.tests\bin\release\net9.0\shopflow.domain.tests.dll" id="d11afebf-98cc-4bb8-c7c3-2a2d36d2b56b">
      <Execution id="5a326c53-ef15-4143-8d5e-10762d765c3a" />
      <TestMethod codeBase="D:\Code\.Net\project_shopflow\Tests\ShopFlow.Domain.Tests\bin\Release\net9.0\ShopFlow.Domain.Tests.dll" adapterTypeName="executor://xunit/VsTestRunner2/netcoreapp" className="ShopFlow.Domain.Tests.ValueObjects.PhoneNumberTests" name="EqualityOperator_NormalizedValues_ShouldReturnTrue" />
    </UnitTest>
    <UnitTest name="ShopFlow.Domain.Tests.DomainServices.PricingServiceTests.CalculatePrice_OfferBelowMinQuantity_ShouldCalculateNormally" storage="d:\code\.net\project_shopflow\tests\shopflow.domain.tests\bin\release\net9.0\shopflow.domain.tests.dll" id="6a980786-6fa6-67f1-9c0a-cc710344bf12">
      <Execution id="9e3f023c-2662-4c70-9621-ca6efcc7277b" />
      <TestMethod codeBase="D:\Code\.Net\project_shopflow\Tests\ShopFlow.Domain.Tests\bin\Release\net9.0\ShopFlow.Domain.Tests.dll" adapterTypeName="executor://xunit/VsTestRunner2/netcoreapp" className="ShopFlow.Domain.Tests.DomainServices.PricingServiceTests" name="CalculatePrice_OfferBelowMinQuantity_ShouldCalculateNormally" />
    </UnitTest>
    <UnitTest name="ShopFlow.Domain.Tests.DomainServices.PricingServiceTests.CalculateTotal_AllZeroAmounts_ShouldReturnZero" storage="d:\code\.net\project_shopflow\tests\shopflow.domain.tests\bin\release\net9.0\shopflow.domain.tests.dll" id="1fe8703c-05f0-b2e4-295f-94e81b117d3b">
      <Execution id="623a1f9a-f848-4c0b-98a7-f662ba0f0fba" />
      <TestMethod codeBase="D:\Code\.Net\project_shopflow\Tests\ShopFlow.Domain.Tests\bin\Release\net9.0\ShopFlow.Domain.Tests.dll" adapterTypeName="executor://xunit/VsTestRunner2/netcoreapp" className="ShopFlow.Domain.Tests.DomainServices.PricingServiceTests" name="CalculateTotal_AllZeroAmounts_ShouldReturnZero" />
    </UnitTest>
    <UnitTest name="ShopFlow.Domain.Tests.ValueObjects.MoneyTests.Constructor_CurrencyWithLowerCase_ShouldNormalizeToUpperCase" storage="d:\code\.net\project_shopflow\tests\shopflow.domain.tests\bin\release\net9.0\shopflow.domain.tests.dll" id="14433b58-ac7a-f628-f534-069ece792b0a">
      <Execution id="9df379c4-321e-49d2-9d13-80397a382985" />
      <TestMethod codeBase="D:\Code\.Net\project_shopflow\Tests\ShopFlow.Domain.Tests\bin\Release\net9.0\ShopFlow.Domain.Tests.dll" adapterTypeName="executor://xunit/VsTestRunner2/netcoreapp" className="ShopFlow.Domain.Tests.ValueObjects.MoneyTests" name="Constructor_CurrencyWithLowerCase_ShouldNormalizeToUpperCase" />
    </UnitTest>
    <UnitTest name="ShopFlow.Domain.Tests.Entities.CoreUserTests.Constructor_NullEmail_ShouldThrowException" storage="d:\code\.net\project_shopflow\tests\shopflow.domain.tests\bin\release\net9.0\shopflow.domain.tests.dll" id="72003abc-dd77-74ef-7265-34dcb8d39883">
      <Execution id="42c359fc-ff8c-4347-a25c-0e4d3ccb4632" />
      <TestMethod codeBase="D:\Code\.Net\project_shopflow\Tests\ShopFlow.Domain.Tests\bin\Release\net9.0\ShopFlow.Domain.Tests.dll" adapterTypeName="executor://xunit/VsTestRunner2/netcoreapp" className="ShopFlow.Domain.Tests.Entities.CoreUserTests" name="Constructor_NullEmail_ShouldThrowException" />
    </UnitTest>
    <UnitTest name="ShopFlow.Domain.Tests.ValueObjects.EmailTests.Equals_DifferentEmailValues_ShouldReturnFalse" storage="d:\code\.net\project_shopflow\tests\shopflow.domain.tests\bin\release\net9.0\shopflow.domain.tests.dll" id="d9fd218d-a39e-f63b-4bdf-e6b60408c1f6">
      <Execution id="e1e95952-a5f3-4651-8302-01c28b62fad0" />
      <TestMethod codeBase="D:\Code\.Net\project_shopflow\Tests\ShopFlow.Domain.Tests\bin\Release\net9.0\ShopFlow.Domain.Tests.dll" adapterTypeName="executor://xunit/VsTestRunner2/netcoreapp" className="ShopFlow.Domain.Tests.ValueObjects.EmailTests" name="Equals_DifferentEmailValues_ShouldReturnFalse" />
    </UnitTest>
    <UnitTest name="ShopFlow.Domain.Tests.Entities.CatProductTests.AddSku_ValidSku_ShouldAddSku" storage="d:\code\.net\project_shopflow\tests\shopflow.domain.tests\bin\release\net9.0\shopflow.domain.tests.dll" id="a278073e-9121-4b4a-fec3-93c889bb4a36">
      <Execution id="0906b65b-ca87-46a2-85c3-55947e5d768a" />
      <TestMethod codeBase="D:\Code\.Net\project_shopflow\Tests\ShopFlow.Domain.Tests\bin\Release\net9.0\ShopFlow.Domain.Tests.dll" adapterTypeName="executor://xunit/VsTestRunner2/netcoreapp" className="ShopFlow.Domain.Tests.Entities.CatProductTests" name="AddSku_ValidSku_ShouldAddSku" />
    </UnitTest>
    <UnitTest name="ShopFlow.Domain.Tests.DomainServices.PricingServiceTests.CalculateTotal_NullParameter_ShouldThrowArgumentNullException(nullParameter: &quot;tax&quot;)" storage="d:\code\.net\project_shopflow\tests\shopflow.domain.tests\bin\release\net9.0\shopflow.domain.tests.dll" id="dc8e0a4f-cfc3-4885-ef9c-a62fa51590d7">
      <Execution id="79f8b9da-2f3f-4a81-bdc8-b78b74feb0c6" />
      <TestMethod codeBase="D:\Code\.Net\project_shopflow\Tests\ShopFlow.Domain.Tests\bin\Release\net9.0\ShopFlow.Domain.Tests.dll" adapterTypeName="executor://xunit/VsTestRunner2/netcoreapp" className="ShopFlow.Domain.Tests.DomainServices.PricingServiceTests" name="CalculateTotal_NullParameter_ShouldThrowArgumentNullException" />
    </UnitTest>
    <UnitTest name="ShopFlow.Domain.Tests.DomainServices.PricingServiceTests.CalculateTax_DifferentCurrency_ShouldPreserveCurrency" storage="d:\code\.net\project_shopflow\tests\shopflow.domain.tests\bin\release\net9.0\shopflow.domain.tests.dll" id="44b04f12-35b3-762a-2992-38190e021938">
      <Execution id="ee84629d-efee-4586-ac8a-905f6595fe43" />
      <TestMethod codeBase="D:\Code\.Net\project_shopflow\Tests\ShopFlow.Domain.Tests\bin\Release\net9.0\ShopFlow.Domain.Tests.dll" adapterTypeName="executor://xunit/VsTestRunner2/netcoreapp" className="ShopFlow.Domain.Tests.DomainServices.PricingServiceTests" name="CalculateTax_DifferentCurrency_ShouldPreserveCurrency" />
    </UnitTest>
    <UnitTest name="ShopFlow.Domain.Tests.DomainServices.PricingServiceTests.CalculateTotal_LargeDiscountExceedsSubtotal_ShouldThrowException" storage="d:\code\.net\project_shopflow\tests\shopflow.domain.tests\bin\release\net9.0\shopflow.domain.tests.dll" id="e3c6b8bd-2717-8ba4-43a1-dd794fde5e54">
      <Execution id="af5d82aa-8c60-4ed8-9169-85b2106ed145" />
      <TestMethod codeBase="D:\Code\.Net\project_shopflow\Tests\ShopFlow.Domain.Tests\bin\Release\net9.0\ShopFlow.Domain.Tests.dll" adapterTypeName="executor://xunit/VsTestRunner2/netcoreapp" className="ShopFlow.Domain.Tests.DomainServices.PricingServiceTests" name="CalculateTotal_LargeDiscountExceedsSubtotal_ShouldThrowException" />
    </UnitTest>
    <UnitTest name="ShopFlow.Domain.Tests.Entities.CatProductTests.IsActive_ActiveProduct_ShouldReturnTrue" storage="d:\code\.net\project_shopflow\tests\shopflow.domain.tests\bin\release\net9.0\shopflow.domain.tests.dll" id="22e7f319-2869-14f0-4c11-1312a43cb76f">
      <Execution id="166cdd1c-c5cb-4e31-ae6b-9401c3d9fb08" />
      <TestMethod codeBase="D:\Code\.Net\project_shopflow\Tests\ShopFlow.Domain.Tests\bin\Release\net9.0\ShopFlow.Domain.Tests.dll" adapterTypeName="executor://xunit/VsTestRunner2/netcoreapp" className="ShopFlow.Domain.Tests.Entities.CatProductTests" name="IsActive_ActiveProduct_ShouldReturnTrue" />
    </UnitTest>
    <UnitTest name="ShopFlow.Domain.Tests.DomainServices.PricingServiceTests.CalculateShippingFee_MinimalWeight_ShouldIncludeBaseFee" storage="d:\code\.net\project_shopflow\tests\shopflow.domain.tests\bin\release\net9.0\shopflow.domain.tests.dll" id="74111794-6dff-91e6-4f2b-7636775d48bd">
      <Execution id="c3295208-d3f2-4ad6-984b-c32ff39870e4" />
      <TestMethod codeBase="D:\Code\.Net\project_shopflow\Tests\ShopFlow.Domain.Tests\bin\Release\net9.0\ShopFlow.Domain.Tests.dll" adapterTypeName="executor://xunit/VsTestRunner2/netcoreapp" className="ShopFlow.Domain.Tests.DomainServices.PricingServiceTests" name="CalculateShippingFee_MinimalWeight_ShouldIncludeBaseFee" />
    </UnitTest>
    <UnitTest name="ShopFlow.Domain.Tests.Entities.CoreUserTests.Constructor_WithoutPhone_ShouldCreateUser" storage="d:\code\.net\project_shopflow\tests\shopflow.domain.tests\bin\release\net9.0\shopflow.domain.tests.dll" id="b251b759-b56c-2c15-d53e-79277be353c5">
      <Execution id="8d72d136-ef91-47e3-8c2c-0b6b4209f019" />
      <TestMethod codeBase="D:\Code\.Net\project_shopflow\Tests\ShopFlow.Domain.Tests\bin\Release\net9.0\ShopFlow.Domain.Tests.dll" adapterTypeName="executor://xunit/VsTestRunner2/netcoreapp" className="ShopFlow.Domain.Tests.Entities.CoreUserTests" name="Constructor_WithoutPhone_ShouldCreateUser" />
    </UnitTest>
    <UnitTest name="ShopFlow.Domain.Tests.Entities.CatProductTests.Constructor_WithoutReturnDays_ShouldCreateProduct" storage="d:\code\.net\project_shopflow\tests\shopflow.domain.tests\bin\release\net9.0\shopflow.domain.tests.dll" id="c4925a94-1819-a230-7546-6d73996c4d00">
      <Execution id="4b10c826-f261-4f5a-a6e7-8f0bbe64d9d6" />
      <TestMethod codeBase="D:\Code\.Net\project_shopflow\Tests\ShopFlow.Domain.Tests\bin\Release\net9.0\ShopFlow.Domain.Tests.dll" adapterTypeName="executor://xunit/VsTestRunner2/netcoreapp" className="ShopFlow.Domain.Tests.Entities.CatProductTests" name="Constructor_WithoutReturnDays_ShouldCreateProduct" />
    </UnitTest>
    <UnitTest name="ShopFlow.Domain.Tests.Entities.CatProductTests.RemoveCategory_NullCategory_ShouldThrowException" storage="d:\code\.net\project_shopflow\tests\shopflow.domain.tests\bin\release\net9.0\shopflow.domain.tests.dll" id="b81ae511-7191-ccca-2cae-a0f1b8b777fa">
      <Execution id="811a4dba-6c34-4bc3-86a9-43edb9929bea" />
      <TestMethod codeBase="D:\Code\.Net\project_shopflow\Tests\ShopFlow.Domain.Tests\bin\Release\net9.0\ShopFlow.Domain.Tests.dll" adapterTypeName="executor://xunit/VsTestRunner2/netcoreapp" className="ShopFlow.Domain.Tests.Entities.CatProductTests" name="RemoveCategory_NullCategory_ShouldThrowException" />
    </UnitTest>
    <UnitTest name="ShopFlow.Domain.Tests.Entities.CatProductTests.Constructor_VariousReturnDays_ShouldCreateProduct(returnDays: 15)" storage="d:\code\.net\project_shopflow\tests\shopflow.domain.tests\bin\release\net9.0\shopflow.domain.tests.dll" id="02899070-be20-188d-b8d1-2f75c98f396f">
      <Execution id="af83338a-3f2e-4be8-9e6e-849d2410b098" />
      <TestMethod codeBase="D:\Code\.Net\project_shopflow\Tests\ShopFlow.Domain.Tests\bin\Release\net9.0\ShopFlow.Domain.Tests.dll" adapterTypeName="executor://xunit/VsTestRunner2/netcoreapp" className="ShopFlow.Domain.Tests.Entities.CatProductTests" name="Constructor_VariousReturnDays_ShouldCreateProduct" />
    </UnitTest>
    <UnitTest name="ShopFlow.Domain.Tests.Entities.CoreUserTests.Activate_BannedUser_ShouldThrowException" storage="d:\code\.net\project_shopflow\tests\shopflow.domain.tests\bin\release\net9.0\shopflow.domain.tests.dll" id="de7bdf3c-cbb5-8931-de7f-015a28c1c0ae">
      <Execution id="519d0ad1-f99e-4789-8c55-146a9199b41b" />
      <TestMethod codeBase="D:\Code\.Net\project_shopflow\Tests\ShopFlow.Domain.Tests\bin\Release\net9.0\ShopFlow.Domain.Tests.dll" adapterTypeName="executor://xunit/VsTestRunner2/netcoreapp" className="ShopFlow.Domain.Tests.Entities.CoreUserTests" name="Activate_BannedUser_ShouldThrowException" />
    </UnitTest>
    <UnitTest name="ShopFlow.Domain.Tests.DomainServices.PricingServiceTests.CalculatePrice_SingleQuantity_ShouldReturnBasePrice" storage="d:\code\.net\project_shopflow\tests\shopflow.domain.tests\bin\release\net9.0\shopflow.domain.tests.dll" id="0c123a8c-ee3d-4ec8-c156-e17c2858344c">
      <Execution id="1832b0f5-1e0d-4e32-80db-42fbe8dbc47f" />
      <TestMethod codeBase="D:\Code\.Net\project_shopflow\Tests\ShopFlow.Domain.Tests\bin\Release\net9.0\ShopFlow.Domain.Tests.dll" adapterTypeName="executor://xunit/VsTestRunner2/netcoreapp" className="ShopFlow.Domain.Tests.DomainServices.PricingServiceTests" name="CalculatePrice_SingleQuantity_ShouldReturnBasePrice" />
    </UnitTest>
    <UnitTest name="ShopFlow.Domain.Tests.Entities.CatProductTests.AddCategory_DuplicateCategory_ShouldNotAddDuplicate" storage="d:\code\.net\project_shopflow\tests\shopflow.domain.tests\bin\release\net9.0\shopflow.domain.tests.dll" id="81515737-6cbe-6a47-4f3f-90cb2c639187">
      <Execution id="58e969eb-e112-43e2-bd4a-5463b3dda64a" />
      <TestMethod codeBase="D:\Code\.Net\project_shopflow\Tests\ShopFlow.Domain.Tests\bin\Release\net9.0\ShopFlow.Domain.Tests.dll" adapterTypeName="executor://xunit/VsTestRunner2/netcoreapp" className="ShopFlow.Domain.Tests.Entities.CatProductTests" name="AddCategory_DuplicateCategory_ShouldNotAddDuplicate" />
    </UnitTest>
    <UnitTest name="ShopFlow.Domain.Tests.Entities.CoreUserTests.Suspend_ActiveUser_ShouldSuspendUser" storage="d:\code\.net\project_shopflow\tests\shopflow.domain.tests\bin\release\net9.0\shopflow.domain.tests.dll" id="f8a8970a-390d-63e3-5fd4-4750485b34dc">
      <Execution id="f4e2bdaf-2760-40e0-abc4-6d9bd894093a" />
      <TestMethod codeBase="D:\Code\.Net\project_shopflow\Tests\ShopFlow.Domain.Tests\bin\Release\net9.0\ShopFlow.Domain.Tests.dll" adapterTypeName="executor://xunit/VsTestRunner2/netcoreapp" className="ShopFlow.Domain.Tests.Entities.CoreUserTests" name="Suspend_ActiveUser_ShouldSuspendUser" />
    </UnitTest>
    <UnitTest name="ShopFlow.Domain.Tests.Entities.CoreUserTests.HasRole_EmptyRoles_ShouldReturnFalse" storage="d:\code\.net\project_shopflow\tests\shopflow.domain.tests\bin\release\net9.0\shopflow.domain.tests.dll" id="558b3c36-4bfa-d017-852f-a510fa197df8">
      <Execution id="8df83237-7643-4aa5-b015-e2bf96a3c0d9" />
      <TestMethod codeBase="D:\Code\.Net\project_shopflow\Tests\ShopFlow.Domain.Tests\bin\Release\net9.0\ShopFlow.Domain.Tests.dll" adapterTypeName="executor://xunit/VsTestRunner2/netcoreapp" className="ShopFlow.Domain.Tests.Entities.CoreUserTests" name="HasRole_EmptyRoles_ShouldReturnFalse" />
    </UnitTest>
    <UnitTest name="ShopFlow.Domain.Tests.ValueObjects.EmailTests.ToString_ShouldReturnEmailValue" storage="d:\code\.net\project_shopflow\tests\shopflow.domain.tests\bin\release\net9.0\shopflow.domain.tests.dll" id="6d04ea57-053f-8179-0feb-46e0a3ecb668">
      <Execution id="dde28c1d-8cb0-4683-9e19-cb62fb587077" />
      <TestMethod codeBase="D:\Code\.Net\project_shopflow\Tests\ShopFlow.Domain.Tests\bin\Release\net9.0\ShopFlow.Domain.Tests.dll" adapterTypeName="executor://xunit/VsTestRunner2/netcoreapp" className="ShopFlow.Domain.Tests.ValueObjects.EmailTests" name="ToString_ShouldReturnEmailValue" />
    </UnitTest>
    <UnitTest name="ShopFlow.Domain.Tests.ValueObjects.PhoneNumberTests.Constructor_PhoneWithSpecialCharacters_ShouldThrowArgumentException(phoneWithSpecialChars: &quot;+84-90-123-4567&quot;)" storage="d:\code\.net\project_shopflow\tests\shopflow.domain.tests\bin\release\net9.0\shopflow.domain.tests.dll" id="b04c4fc4-0b4c-de75-1429-e6b7f4254d67">
      <Execution id="f3a1f7b2-7b92-4886-815d-e73b8782deb9" />
      <TestMethod codeBase="D:\Code\.Net\project_shopflow\Tests\ShopFlow.Domain.Tests\bin\Release\net9.0\ShopFlow.Domain.Tests.dll" adapterTypeName="executor://xunit/VsTestRunner2/netcoreapp" className="ShopFlow.Domain.Tests.ValueObjects.PhoneNumberTests" name="Constructor_PhoneWithSpecialCharacters_ShouldThrowArgumentException" />
    </UnitTest>
    <UnitTest name="ShopFlow.Domain.Tests.Entities.CoreUserTests.Suspend_BannedUser_ShouldThrowException" storage="d:\code\.net\project_shopflow\tests\shopflow.domain.tests\bin\release\net9.0\shopflow.domain.tests.dll" id="4bf1aef0-cd2d-34dd-30c0-14eaad310a29">
      <Execution id="ea1594c2-6986-4c73-b1d5-22ad1775bee9" />
      <TestMethod codeBase="D:\Code\.Net\project_shopflow\Tests\ShopFlow.Domain.Tests\bin\Release\net9.0\ShopFlow.Domain.Tests.dll" adapterTypeName="executor://xunit/VsTestRunner2/netcoreapp" className="ShopFlow.Domain.Tests.Entities.CoreUserTests" name="Suspend_BannedUser_ShouldThrowException" />
    </UnitTest>
    <UnitTest name="ShopFlow.Domain.Tests.ValueObjects.PhoneNumberTests.Constructor_ValidVietnamesePhone_ShouldCreatePhoneNumberObject(input: &quot;0901234567&quot;, expected: &quot;901234567&quot;)" storage="d:\code\.net\project_shopflow\tests\shopflow.domain.tests\bin\release\net9.0\shopflow.domain.tests.dll" id="0087f13b-1314-cf32-af94-8db5c62b9de3">
      <Execution id="d1ec2d1c-0b8c-44df-a663-860a0f5b8ef8" />
      <TestMethod codeBase="D:\Code\.Net\project_shopflow\Tests\ShopFlow.Domain.Tests\bin\Release\net9.0\ShopFlow.Domain.Tests.dll" adapterTypeName="executor://xunit/VsTestRunner2/netcoreapp" className="ShopFlow.Domain.Tests.ValueObjects.PhoneNumberTests" name="Constructor_ValidVietnamesePhone_ShouldCreatePhoneNumberObject" />
    </UnitTest>
    <UnitTest name="ShopFlow.Domain.Tests.Entities.CoreUserTests.UpdatePhone_ValidPhone_ShouldUpdatePhone" storage="d:\code\.net\project_shopflow\tests\shopflow.domain.tests\bin\release\net9.0\shopflow.domain.tests.dll" id="51d4e05c-c0a2-baca-58a6-8b5de7318d9f">
      <Execution id="6af6f98f-7556-40c3-8d5d-5098b26e00f0" />
      <TestMethod codeBase="D:\Code\.Net\project_shopflow\Tests\ShopFlow.Domain.Tests\bin\Release\net9.0\ShopFlow.Domain.Tests.dll" adapterTypeName="executor://xunit/VsTestRunner2/netcoreapp" className="ShopFlow.Domain.Tests.Entities.CoreUserTests" name="UpdatePhone_ValidPhone_ShouldUpdatePhone" />
    </UnitTest>
    <UnitTest name="ShopFlow.Domain.Tests.ValueObjects.EmailTests.ExplicitEmailConversion_ValidString_ShouldCreateEmail" storage="d:\code\.net\project_shopflow\tests\shopflow.domain.tests\bin\release\net9.0\shopflow.domain.tests.dll" id="00ec3ee8-68a3-a137-d508-0e8509b1b810">
      <Execution id="b3e534c6-d432-4126-874c-e4fc36610d4c" />
      <TestMethod codeBase="D:\Code\.Net\project_shopflow\Tests\ShopFlow.Domain.Tests\bin\Release\net9.0\ShopFlow.Domain.Tests.dll" adapterTypeName="executor://xunit/VsTestRunner2/netcoreapp" className="ShopFlow.Domain.Tests.ValueObjects.EmailTests" name="ExplicitEmailConversion_ValidString_ShouldCreateEmail" />
    </UnitTest>
    <UnitTest name="ShopFlow.Domain.Tests.ValueObjects.PhoneNumberTests.Equals_DifferentPhoneValues_ShouldReturnFalse" storage="d:\code\.net\project_shopflow\tests\shopflow.domain.tests\bin\release\net9.0\shopflow.domain.tests.dll" id="47107c25-74f6-756a-c4cd-f6080afcf3e4">
      <Execution id="cb35e1a3-b95e-4356-85b3-7af4a083b501" />
      <TestMethod codeBase="D:\Code\.Net\project_shopflow\Tests\ShopFlow.Domain.Tests\bin\Release\net9.0\ShopFlow.Domain.Tests.dll" adapterTypeName="executor://xunit/VsTestRunner2/netcoreapp" className="ShopFlow.Domain.Tests.ValueObjects.PhoneNumberTests" name="Equals_DifferentPhoneValues_ShouldReturnFalse" />
    </UnitTest>
    <UnitTest name="ShopFlow.Domain.Tests.ValueObjects.EmailTests.EqualityOperator_SameValues_ShouldReturnTrue" storage="d:\code\.net\project_shopflow\tests\shopflow.domain.tests\bin\release\net9.0\shopflow.domain.tests.dll" id="5180e411-3992-ca19-fa45-01f299856246">
      <Execution id="f68622cf-39ca-412c-ac45-643146351bbd" />
      <TestMethod codeBase="D:\Code\.Net\project_shopflow\Tests\ShopFlow.Domain.Tests\bin\Release\net9.0\ShopFlow.Domain.Tests.dll" adapterTypeName="executor://xunit/VsTestRunner2/netcoreapp" className="ShopFlow.Domain.Tests.ValueObjects.EmailTests" name="EqualityOperator_SameValues_ShouldReturnTrue" />
    </UnitTest>
    <UnitTest name="ShopFlow.Domain.Tests.DomainServices.PricingServiceTests.ApplyDiscount_ValidAmountAndPercentage_ShouldCalculateCorrectly(amount: 500000, discountPercentage: 0,05, expectedResult: 475000)" storage="d:\code\.net\project_shopflow\tests\shopflow.domain.tests\bin\release\net9.0\shopflow.domain.tests.dll" id="e7ddc4e7-233e-bd05-db85-65781e45e703">
      <Execution id="bf074c24-e16b-43ef-838d-d0f805796cb9" />
      <TestMethod codeBase="D:\Code\.Net\project_shopflow\Tests\ShopFlow.Domain.Tests\bin\Release\net9.0\ShopFlow.Domain.Tests.dll" adapterTypeName="executor://xunit/VsTestRunner2/netcoreapp" className="ShopFlow.Domain.Tests.DomainServices.PricingServiceTests" name="ApplyDiscount_ValidAmountAndPercentage_ShouldCalculateCorrectly" />
    </UnitTest>
    <UnitTest name="ShopFlow.Domain.Tests.Entities.CatProductTests.UpdateReturnDays_NullDays_ShouldSetToNull" storage="d:\code\.net\project_shopflow\tests\shopflow.domain.tests\bin\release\net9.0\shopflow.domain.tests.dll" id="b6ec0be4-a778-7730-8025-fceb74f1be59">
      <Execution id="91436fc1-32e9-4ca9-bf16-4e9f4a2a72a3" />
      <TestMethod codeBase="D:\Code\.Net\project_shopflow\Tests\ShopFlow.Domain.Tests\bin\Release\net9.0\ShopFlow.Domain.Tests.dll" adapterTypeName="executor://xunit/VsTestRunner2/netcoreapp" className="ShopFlow.Domain.Tests.Entities.CatProductTests" name="UpdateReturnDays_NullDays_ShouldSetToNull" />
    </UnitTest>
    <UnitTest name="ShopFlow.Domain.Tests.DomainServices.PricingServiceTests.ApplyDiscount_InvalidDiscountPercentage_ShouldThrowArgumentException(invalidPercentage: -0,1)" storage="d:\code\.net\project_shopflow\tests\shopflow.domain.tests\bin\release\net9.0\shopflow.domain.tests.dll" id="f8a95b44-1e62-0c8d-8e35-4976fa7a3784">
      <Execution id="285d4770-715b-40f1-a2c6-0c0e6a046758" />
      <TestMethod codeBase="D:\Code\.Net\project_shopflow\Tests\ShopFlow.Domain.Tests\bin\Release\net9.0\ShopFlow.Domain.Tests.dll" adapterTypeName="executor://xunit/VsTestRunner2/netcoreapp" className="ShopFlow.Domain.Tests.DomainServices.PricingServiceTests" name="ApplyDiscount_InvalidDiscountPercentage_ShouldThrowArgumentException" />
    </UnitTest>
    <UnitTest name="ShopFlow.Domain.Tests.ValueObjects.PhoneNumberTests.Constructor_ValidVietnameseMobileNumbers_ShouldCreatePhoneNumberObject(validPhone: &quot;0945678901&quot;)" storage="d:\code\.net\project_shopflow\tests\shopflow.domain.tests\bin\release\net9.0\shopflow.domain.tests.dll" id="3d90761a-15e7-75a1-ae51-2bfb2c629dc0">
      <Execution id="c251b02c-a963-422a-82ff-f33c3f99701f" />
      <TestMethod codeBase="D:\Code\.Net\project_shopflow\Tests\ShopFlow.Domain.Tests\bin\Release\net9.0\ShopFlow.Domain.Tests.dll" adapterTypeName="executor://xunit/VsTestRunner2/netcoreapp" className="ShopFlow.Domain.Tests.ValueObjects.PhoneNumberTests" name="Constructor_ValidVietnameseMobileNumbers_ShouldCreatePhoneNumberObject" />
    </UnitTest>
    <UnitTest name="ShopFlow.Domain.Tests.ValueObjects.EmailTests.Constructor_InvalidEmailFormat_ShouldThrowArgumentException(invalidEmail: &quot;test.domain.com&quot;)" storage="d:\code\.net\project_shopflow\tests\shopflow.domain.tests\bin\release\net9.0\shopflow.domain.tests.dll" id="47728473-b9e5-4b51-7b23-7416763c7769">
      <Execution id="8df8b3b3-9e92-47db-922c-65dc20a5d70d" />
      <TestMethod codeBase="D:\Code\.Net\project_shopflow\Tests\ShopFlow.Domain.Tests\bin\Release\net9.0\ShopFlow.Domain.Tests.dll" adapterTypeName="executor://xunit/VsTestRunner2/netcoreapp" className="ShopFlow.Domain.Tests.ValueObjects.EmailTests" name="Constructor_InvalidEmailFormat_ShouldThrowArgumentException" />
    </UnitTest>
    <UnitTest name="ShopFlow.Domain.Tests.ValueObjects.EmailTests.Constructor_EmptyOrWhitespaceEmail_ShouldThrowArgumentException(invalidEmail: &quot;&quot;)" storage="d:\code\.net\project_shopflow\tests\shopflow.domain.tests\bin\release\net9.0\shopflow.domain.tests.dll" id="9eea0cc8-ab11-8963-dec4-4c41687a9a5f">
      <Execution id="e668be3d-3d0e-4df5-a121-36d26329a4b5" />
      <TestMethod codeBase="D:\Code\.Net\project_shopflow\Tests\ShopFlow.Domain.Tests\bin\Release\net9.0\ShopFlow.Domain.Tests.dll" adapterTypeName="executor://xunit/VsTestRunner2/netcoreapp" className="ShopFlow.Domain.Tests.ValueObjects.EmailTests" name="Constructor_EmptyOrWhitespaceEmail_ShouldThrowArgumentException" />
    </UnitTest>
    <UnitTest name="ShopFlow.Domain.Tests.ValueObjects.MoneyTests.Subtraction_SameCurrency_ShouldSubtractAmounts" storage="d:\code\.net\project_shopflow\tests\shopflow.domain.tests\bin\release\net9.0\shopflow.domain.tests.dll" id="8c93b9fd-98c5-f2cc-88a5-07d2a373329b">
      <Execution id="c121d89f-855c-43ec-a76a-b1a6afa65e6c" />
      <TestMethod codeBase="D:\Code\.Net\project_shopflow\Tests\ShopFlow.Domain.Tests\bin\Release\net9.0\ShopFlow.Domain.Tests.dll" adapterTypeName="executor://xunit/VsTestRunner2/netcoreapp" className="ShopFlow.Domain.Tests.ValueObjects.MoneyTests" name="Subtraction_SameCurrency_ShouldSubtractAmounts" />
    </UnitTest>
    <UnitTest name="ShopFlow.Domain.Tests.Entities.CatProductTests.UpdateReturnDays_ZeroDays_ShouldUpdateReturnDays" storage="d:\code\.net\project_shopflow\tests\shopflow.domain.tests\bin\release\net9.0\shopflow.domain.tests.dll" id="8c26801c-2a75-5ae3-cbf7-adc0bc316ab0">
      <Execution id="ff0602b0-0372-497e-8497-00ec1a05d698" />
      <TestMethod codeBase="D:\Code\.Net\project_shopflow\Tests\ShopFlow.Domain.Tests\bin\Release\net9.0\ShopFlow.Domain.Tests.dll" adapterTypeName="executor://xunit/VsTestRunner2/netcoreapp" className="ShopFlow.Domain.Tests.Entities.CatProductTests" name="UpdateReturnDays_ZeroDays_ShouldUpdateReturnDays" />
    </UnitTest>
    <UnitTest name="ShopFlow.Domain.Tests.ValueObjects.MoneyTests.CompareTo_DifferentCurrency_ShouldThrowInvalidOperationException" storage="d:\code\.net\project_shopflow\tests\shopflow.domain.tests\bin\release\net9.0\shopflow.domain.tests.dll" id="bea138e1-1fad-cac8-5bf5-4387f1606a5b">
      <Execution id="a641b2e3-19a7-40ed-9274-9a7264901817" />
      <TestMethod codeBase="D:\Code\.Net\project_shopflow\Tests\ShopFlow.Domain.Tests\bin\Release\net9.0\ShopFlow.Domain.Tests.dll" adapterTypeName="executor://xunit/VsTestRunner2/netcoreapp" className="ShopFlow.Domain.Tests.ValueObjects.MoneyTests" name="CompareTo_DifferentCurrency_ShouldThrowInvalidOperationException" />
    </UnitTest>
    <UnitTest name="ShopFlow.Domain.Tests.ValueObjects.PhoneNumberTests.Constructor_ValidVietnameseMobileNumbers_ShouldCreatePhoneNumberObject(validPhone: &quot;0901234567&quot;)" storage="d:\code\.net\project_shopflow\tests\shopflow.domain.tests\bin\release\net9.0\shopflow.domain.tests.dll" id="54e4ddb2-aef6-898e-d9e1-68eb80b8d222">
      <Execution id="ab941a83-918b-4057-b165-bdc9e4cd3615" />
      <TestMethod codeBase="D:\Code\.Net\project_shopflow\Tests\ShopFlow.Domain.Tests\bin\Release\net9.0\ShopFlow.Domain.Tests.dll" adapterTypeName="executor://xunit/VsTestRunner2/netcoreapp" className="ShopFlow.Domain.Tests.ValueObjects.PhoneNumberTests" name="Constructor_ValidVietnameseMobileNumbers_ShouldCreatePhoneNumberObject" />
    </UnitTest>
    <UnitTest name="ShopFlow.Domain.Tests.ValueObjects.PhoneNumberTests.Constructor_PhoneWithSpecialCharacters_ShouldThrowArgumentException(phoneWithSpecialChars: &quot;(090) 123-4567&quot;)" storage="d:\code\.net\project_shopflow\tests\shopflow.domain.tests\bin\release\net9.0\shopflow.domain.tests.dll" id="052ee71f-26c2-9859-72b9-feadda7d966d">
      <Execution id="a3556d05-4ad0-4a10-ba45-5b01a1ea318c" />
      <TestMethod codeBase="D:\Code\.Net\project_shopflow\Tests\ShopFlow.Domain.Tests\bin\Release\net9.0\ShopFlow.Domain.Tests.dll" adapterTypeName="executor://xunit/VsTestRunner2/netcoreapp" className="ShopFlow.Domain.Tests.ValueObjects.PhoneNumberTests" name="Constructor_PhoneWithSpecialCharacters_ShouldThrowArgumentException" />
    </UnitTest>
    <UnitTest name="ShopFlow.Domain.Tests.Entities.CatProductTests.AddCategory_NullCategory_ShouldThrowException" storage="d:\code\.net\project_shopflow\tests\shopflow.domain.tests\bin\release\net9.0\shopflow.domain.tests.dll" id="bbf44016-4f44-60af-a29d-a1548af75744">
      <Execution id="bcd19459-31ef-4a62-87d0-afe7b0f530f0" />
      <TestMethod codeBase="D:\Code\.Net\project_shopflow\Tests\ShopFlow.Domain.Tests\bin\Release\net9.0\ShopFlow.Domain.Tests.dll" adapterTypeName="executor://xunit/VsTestRunner2/netcoreapp" className="ShopFlow.Domain.Tests.Entities.CatProductTests" name="AddCategory_NullCategory_ShouldThrowException" />
    </UnitTest>
    <UnitTest name="ShopFlow.Domain.Tests.ValueObjects.PhoneNumberTests.Constructor_ValidVietnamesePhone_ShouldCreatePhoneNumberObject(input: &quot;84901234567&quot;, expected: &quot;901234567&quot;)" storage="d:\code\.net\project_shopflow\tests\shopflow.domain.tests\bin\release\net9.0\shopflow.domain.tests.dll" id="f235275b-3e48-57c2-555d-e0dc21c6f743">
      <Execution id="1648b10a-2c95-4b05-960e-a76b8b4f2bd3" />
      <TestMethod codeBase="D:\Code\.Net\project_shopflow\Tests\ShopFlow.Domain.Tests\bin\Release\net9.0\ShopFlow.Domain.Tests.dll" adapterTypeName="executor://xunit/VsTestRunner2/netcoreapp" className="ShopFlow.Domain.Tests.ValueObjects.PhoneNumberTests" name="Constructor_ValidVietnamesePhone_ShouldCreatePhoneNumberObject" />
    </UnitTest>
    <UnitTest name="ShopFlow.Domain.Tests.ValueObjects.EmailTests.Constructor_EmailWithSpecialCharacters_ShouldCreateEmailObject(emailWithSpecialChars: &quot;test_name@example.com&quot;)" storage="d:\code\.net\project_shopflow\tests\shopflow.domain.tests\bin\release\net9.0\shopflow.domain.tests.dll" id="f326b5f8-1830-ef38-5782-9bd8fb54e336">
      <Execution id="f7320341-1be0-469f-8fc3-10b4e38e81e0" />
      <TestMethod codeBase="D:\Code\.Net\project_shopflow\Tests\ShopFlow.Domain.Tests\bin\Release\net9.0\ShopFlow.Domain.Tests.dll" adapterTypeName="executor://xunit/VsTestRunner2/netcoreapp" className="ShopFlow.Domain.Tests.ValueObjects.EmailTests" name="Constructor_EmailWithSpecialCharacters_ShouldCreateEmailObject" />
    </UnitTest>
    <UnitTest name="ShopFlow.Domain.Tests.ValueObjects.PhoneNumberTests.Constructor_ValidVietnameseMobileNumbers_ShouldCreatePhoneNumberObject(validPhone: &quot;0934567890&quot;)" storage="d:\code\.net\project_shopflow\tests\shopflow.domain.tests\bin\release\net9.0\shopflow.domain.tests.dll" id="ead1bc3c-7c14-6fc6-a76f-e89d49472238">
      <Execution id="a135152d-1f44-49bb-9499-46add4441011" />
      <TestMethod codeBase="D:\Code\.Net\project_shopflow\Tests\ShopFlow.Domain.Tests\bin\Release\net9.0\ShopFlow.Domain.Tests.dll" adapterTypeName="executor://xunit/VsTestRunner2/netcoreapp" className="ShopFlow.Domain.Tests.ValueObjects.PhoneNumberTests" name="Constructor_ValidVietnameseMobileNumbers_ShouldCreatePhoneNumberObject" />
    </UnitTest>
    <UnitTest name="ShopFlow.Domain.Tests.ValueObjects.EmailTests.Constructor_ValidEmailFormats_ShouldCreateEmailObject(validEmail: &quot;test@example.com&quot;)" storage="d:\code\.net\project_shopflow\tests\shopflow.domain.tests\bin\release\net9.0\shopflow.domain.tests.dll" id="abf3d1b0-0a87-e1ac-9237-e866dd26696b">
      <Execution id="a7c2f4f3-1d72-4bf1-ae0d-309d4a4f4816" />
      <TestMethod codeBase="D:\Code\.Net\project_shopflow\Tests\ShopFlow.Domain.Tests\bin\Release\net9.0\ShopFlow.Domain.Tests.dll" adapterTypeName="executor://xunit/VsTestRunner2/netcoreapp" className="ShopFlow.Domain.Tests.ValueObjects.EmailTests" name="Constructor_ValidEmailFormats_ShouldCreateEmailObject" />
    </UnitTest>
    <UnitTest name="ShopFlow.Domain.Tests.ValueObjects.PhoneNumberTests.Equals_WithNull_ShouldReturnFalse" storage="d:\code\.net\project_shopflow\tests\shopflow.domain.tests\bin\release\net9.0\shopflow.domain.tests.dll" id="02f80128-4937-8905-e9d5-9b62b01ea616">
      <Execution id="e48e13f4-cfc2-46b0-b661-0176e04081de" />
      <TestMethod codeBase="D:\Code\.Net\project_shopflow\Tests\ShopFlow.Domain.Tests\bin\Release\net9.0\ShopFlow.Domain.Tests.dll" adapterTypeName="executor://xunit/VsTestRunner2/netcoreapp" className="ShopFlow.Domain.Tests.ValueObjects.PhoneNumberTests" name="Equals_WithNull_ShouldReturnFalse" />
    </UnitTest>
    <UnitTest name="ShopFlow.Domain.Tests.Entities.CatProductTests.Activate_DiscontinuedProduct_ShouldThrowException" storage="d:\code\.net\project_shopflow\tests\shopflow.domain.tests\bin\release\net9.0\shopflow.domain.tests.dll" id="27c23e06-a466-dd2e-8213-895213eda3ab">
      <Execution id="17089ce5-6795-4192-a337-1a20c9f3ce13" />
      <TestMethod codeBase="D:\Code\.Net\project_shopflow\Tests\ShopFlow.Domain.Tests\bin\Release\net9.0\ShopFlow.Domain.Tests.dll" adapterTypeName="executor://xunit/VsTestRunner2/netcoreapp" className="ShopFlow.Domain.Tests.Entities.CatProductTests" name="Activate_DiscontinuedProduct_ShouldThrowException" />
    </UnitTest>
    <UnitTest name="ShopFlow.Domain.Tests.Entities.CatProductTests.Skus_ShouldBeReadOnlyCollection" storage="d:\code\.net\project_shopflow\tests\shopflow.domain.tests\bin\release\net9.0\shopflow.domain.tests.dll" id="b2a6a34b-188a-7015-69c9-dd621fb68f79">
      <Execution id="5268daa9-0265-4128-856f-d525362bd60c" />
      <TestMethod codeBase="D:\Code\.Net\project_shopflow\Tests\ShopFlow.Domain.Tests\bin\Release\net9.0\ShopFlow.Domain.Tests.dll" adapterTypeName="executor://xunit/VsTestRunner2/netcoreapp" className="ShopFlow.Domain.Tests.Entities.CatProductTests" name="Skus_ShouldBeReadOnlyCollection" />
    </UnitTest>
    <UnitTest name="ShopFlow.Domain.Tests.ValueObjects.MoneyTests.Constructor_AmountWithManyDecimals_ShouldRoundToFourDecimals" storage="d:\code\.net\project_shopflow\tests\shopflow.domain.tests\bin\release\net9.0\shopflow.domain.tests.dll" id="f9746748-86d6-845b-270f-2273d35cd085">
      <Execution id="d750dde8-727c-4b1c-b1db-7456b6c2643e" />
      <TestMethod codeBase="D:\Code\.Net\project_shopflow\Tests\ShopFlow.Domain.Tests\bin\Release\net9.0\ShopFlow.Domain.Tests.dll" adapterTypeName="executor://xunit/VsTestRunner2/netcoreapp" className="ShopFlow.Domain.Tests.ValueObjects.MoneyTests" name="Constructor_AmountWithManyDecimals_ShouldRoundToFourDecimals" />
    </UnitTest>
    <UnitTest name="ShopFlow.Domain.Tests.ValueObjects.MoneyTests.Subtraction_DifferentCurrency_ShouldThrowInvalidOperationException" storage="d:\code\.net\project_shopflow\tests\shopflow.domain.tests\bin\release\net9.0\shopflow.domain.tests.dll" id="f97b4287-9130-4273-2524-920e467deab9">
      <Execution id="5a4560fa-b02e-48b9-8472-cd46902bc0ea" />
      <TestMethod codeBase="D:\Code\.Net\project_shopflow\Tests\ShopFlow.Domain.Tests\bin\Release\net9.0\ShopFlow.Domain.Tests.dll" adapterTypeName="executor://xunit/VsTestRunner2/netcoreapp" className="ShopFlow.Domain.Tests.ValueObjects.MoneyTests" name="Subtraction_DifferentCurrency_ShouldThrowInvalidOperationException" />
    </UnitTest>
    <UnitTest name="ShopFlow.Domain.Tests.DomainServices.PricingServiceTests.IsValidPrice_ValidPrices_ShouldReturnTrue(validAmount: 999999,99)" storage="d:\code\.net\project_shopflow\tests\shopflow.domain.tests\bin\release\net9.0\shopflow.domain.tests.dll" id="cf6c64d9-adf8-439e-136f-b5535dd9aead">
      <Execution id="9343503f-9243-4ceb-ac5e-d6d626ac5c42" />
      <TestMethod codeBase="D:\Code\.Net\project_shopflow\Tests\ShopFlow.Domain.Tests\bin\Release\net9.0\ShopFlow.Domain.Tests.dll" adapterTypeName="executor://xunit/VsTestRunner2/netcoreapp" className="ShopFlow.Domain.Tests.DomainServices.PricingServiceTests" name="IsValidPrice_ValidPrices_ShouldReturnTrue" />
    </UnitTest>
    <UnitTest name="ShopFlow.Domain.Tests.ValueObjects.MoneyTests.Constructor_VeryLargeAmount_ShouldCreateValidMoneyObject" storage="d:\code\.net\project_shopflow\tests\shopflow.domain.tests\bin\release\net9.0\shopflow.domain.tests.dll" id="ab766660-3569-6124-ff57-ac0b9246e162">
      <Execution id="076199be-7aab-49cd-907e-b5ce463b90cb" />
      <TestMethod codeBase="D:\Code\.Net\project_shopflow\Tests\ShopFlow.Domain.Tests\bin\Release\net9.0\ShopFlow.Domain.Tests.dll" adapterTypeName="executor://xunit/VsTestRunner2/netcoreapp" className="ShopFlow.Domain.Tests.ValueObjects.MoneyTests" name="Constructor_VeryLargeAmount_ShouldCreateValidMoneyObject" />
    </UnitTest>
    <UnitTest name="ShopFlow.Domain.Tests.ValueObjects.EmailTests.Constructor_InvalidEmailFormat_ShouldThrowArgumentException(invalidEmail: &quot;invalid-email&quot;)" storage="d:\code\.net\project_shopflow\tests\shopflow.domain.tests\bin\release\net9.0\shopflow.domain.tests.dll" id="2ee18862-4e71-c5e0-efd4-9ebc5c202d61">
      <Execution id="763dc8a6-03b7-4af9-8bca-6a9e1321ffc6" />
      <TestMethod codeBase="D:\Code\.Net\project_shopflow\Tests\ShopFlow.Domain.Tests\bin\Release\net9.0\ShopFlow.Domain.Tests.dll" adapterTypeName="executor://xunit/VsTestRunner2/netcoreapp" className="ShopFlow.Domain.Tests.ValueObjects.EmailTests" name="Constructor_InvalidEmailFormat_ShouldThrowArgumentException" />
    </UnitTest>
    <UnitTest name="ShopFlow.Domain.Tests.Entities.CatProductTests.RemoveCategory_ExistingCategory_ShouldRemoveCategory" storage="d:\code\.net\project_shopflow\tests\shopflow.domain.tests\bin\release\net9.0\shopflow.domain.tests.dll" id="0ea52cb3-a170-fe99-a05c-139d909b8fbc">
      <Execution id="9a249400-aba7-454d-bbd7-8ae9a9ff5326" />
      <TestMethod codeBase="D:\Code\.Net\project_shopflow\Tests\ShopFlow.Domain.Tests\bin\Release\net9.0\ShopFlow.Domain.Tests.dll" adapterTypeName="executor://xunit/VsTestRunner2/netcoreapp" className="ShopFlow.Domain.Tests.Entities.CatProductTests" name="RemoveCategory_ExistingCategory_ShouldRemoveCategory" />
    </UnitTest>
    <UnitTest name="ShopFlow.Domain.Tests.ValueObjects.EmailTests.Constructor_EmailWithUpperCase_ShouldNormalizeToLowerCase" storage="d:\code\.net\project_shopflow\tests\shopflow.domain.tests\bin\release\net9.0\shopflow.domain.tests.dll" id="cd56bb72-ee08-febd-4e16-288868200a20">
      <Execution id="5ccc1a43-de9a-4201-b163-1698c09963eb" />
      <TestMethod codeBase="D:\Code\.Net\project_shopflow\Tests\ShopFlow.Domain.Tests\bin\Release\net9.0\ShopFlow.Domain.Tests.dll" adapterTypeName="executor://xunit/VsTestRunner2/netcoreapp" className="ShopFlow.Domain.Tests.ValueObjects.EmailTests" name="Constructor_EmailWithUpperCase_ShouldNormalizeToLowerCase" />
    </UnitTest>
    <UnitTest name="ShopFlow.Domain.Tests.DomainServices.PricingServiceTests.CalculateTotal_PrecisionCalculation_ShouldMaintainAccuracy" storage="d:\code\.net\project_shopflow\tests\shopflow.domain.tests\bin\release\net9.0\shopflow.domain.tests.dll" id="de5a8ad5-4a44-36d9-37cc-26d95dca0320">
      <Execution id="a2566de4-ce8a-4e6b-aedc-5525b0c4fd38" />
      <TestMethod codeBase="D:\Code\.Net\project_shopflow\Tests\ShopFlow.Domain.Tests\bin\Release\net9.0\ShopFlow.Domain.Tests.dll" adapterTypeName="executor://xunit/VsTestRunner2/netcoreapp" className="ShopFlow.Domain.Tests.DomainServices.PricingServiceTests" name="CalculateTotal_PrecisionCalculation_ShouldMaintainAccuracy" />
    </UnitTest>
    <UnitTest name="ShopFlow.Domain.Tests.Entities.CatProductTests.RemoveCategory_OneOfMultipleCategories_ShouldRemoveOnlySpecified" storage="d:\code\.net\project_shopflow\tests\shopflow.domain.tests\bin\release\net9.0\shopflow.domain.tests.dll" id="b614e99a-e42f-5ceb-c611-8702698b9bf1">
      <Execution id="e9d488e2-4f46-4168-aeb4-4b9a45a70922" />
      <TestMethod codeBase="D:\Code\.Net\project_shopflow\Tests\ShopFlow.Domain.Tests\bin\Release\net9.0\ShopFlow.Domain.Tests.dll" adapterTypeName="executor://xunit/VsTestRunner2/netcoreapp" className="ShopFlow.Domain.Tests.Entities.CatProductTests" name="RemoveCategory_OneOfMultipleCategories_ShouldRemoveOnlySpecified" />
    </UnitTest>
    <UnitTest name="ShopFlow.Domain.Tests.ValueObjects.EmailTests.Constructor_NullEmail_ShouldThrowArgumentException" storage="d:\code\.net\project_shopflow\tests\shopflow.domain.tests\bin\release\net9.0\shopflow.domain.tests.dll" id="d6c734e5-b549-cf04-a0df-7c0345645822">
      <Execution id="8708c2cd-f107-4584-9635-a0b7fcd6c601" />
      <TestMethod codeBase="D:\Code\.Net\project_shopflow\Tests\ShopFlow.Domain.Tests\bin\Release\net9.0\ShopFlow.Domain.Tests.dll" adapterTypeName="executor://xunit/VsTestRunner2/netcoreapp" className="ShopFlow.Domain.Tests.ValueObjects.EmailTests" name="Constructor_NullEmail_ShouldThrowArgumentException" />
    </UnitTest>
    <UnitTest name="ShopFlow.Domain.Tests.Entities.CoreUserTests.UpdateEmail_NullEmail_ShouldThrowException" storage="d:\code\.net\project_shopflow\tests\shopflow.domain.tests\bin\release\net9.0\shopflow.domain.tests.dll" id="1c2d2e1e-0fd3-fc86-5d43-170f0b68775e">
      <Execution id="7572f952-35da-4c81-869d-4abe2fa5fe4f" />
      <TestMethod codeBase="D:\Code\.Net\project_shopflow\Tests\ShopFlow.Domain.Tests\bin\Release\net9.0\ShopFlow.Domain.Tests.dll" adapterTypeName="executor://xunit/VsTestRunner2/netcoreapp" className="ShopFlow.Domain.Tests.Entities.CoreUserTests" name="UpdateEmail_NullEmail_ShouldThrowException" />
    </UnitTest>
    <UnitTest name="ShopFlow.Domain.Tests.Entities.CoreUserTests.Constructor_ValidParameters_ShouldCreateUser" storage="d:\code\.net\project_shopflow\tests\shopflow.domain.tests\bin\release\net9.0\shopflow.domain.tests.dll" id="8bf10d9f-0afa-b6dd-127c-9642859e68ec">
      <Execution id="e81d40ad-59d9-4cc5-ada4-ed3bf780f97c" />
      <TestMethod codeBase="D:\Code\.Net\project_shopflow\Tests\ShopFlow.Domain.Tests\bin\Release\net9.0\ShopFlow.Domain.Tests.dll" adapterTypeName="executor://xunit/VsTestRunner2/netcoreapp" className="ShopFlow.Domain.Tests.Entities.CoreUserTests" name="Constructor_ValidParameters_ShouldCreateUser" />
    </UnitTest>
    <UnitTest name="ShopFlow.Domain.Tests.Entities.CatProductTests.Constructor_ValidParameters_ShouldCreateProduct" storage="d:\code\.net\project_shopflow\tests\shopflow.domain.tests\bin\release\net9.0\shopflow.domain.tests.dll" id="0102d947-d787-64d1-35c9-a375adad05b5">
      <Execution id="9db3360c-6e39-4c91-a114-a8d5e8db9706" />
      <TestMethod codeBase="D:\Code\.Net\project_shopflow\Tests\ShopFlow.Domain.Tests\bin\Release\net9.0\ShopFlow.Domain.Tests.dll" adapterTypeName="executor://xunit/VsTestRunner2/netcoreapp" className="ShopFlow.Domain.Tests.Entities.CatProductTests" name="Constructor_ValidParameters_ShouldCreateProduct" />
    </UnitTest>
    <UnitTest name="ShopFlow.Domain.Tests.DomainServices.PricingServiceTests.CalculateShippingFee_LargeWeight_ShouldCalculateCorrectly" storage="d:\code\.net\project_shopflow\tests\shopflow.domain.tests\bin\release\net9.0\shopflow.domain.tests.dll" id="e59e8aa4-eeae-8916-aa6d-620e8eab4aa8">
      <Execution id="235b2e0f-6d80-42c0-bb94-f9f86acb26ce" />
      <TestMethod codeBase="D:\Code\.Net\project_shopflow\Tests\ShopFlow.Domain.Tests\bin\Release\net9.0\ShopFlow.Domain.Tests.dll" adapterTypeName="executor://xunit/VsTestRunner2/netcoreapp" className="ShopFlow.Domain.Tests.DomainServices.PricingServiceTests" name="CalculateShippingFee_LargeWeight_ShouldCalculateCorrectly" />
    </UnitTest>
    <UnitTest name="ShopFlow.Domain.Tests.ValueObjects.PhoneNumberTests.ToString_ShouldReturnNormalizedPhoneValue" storage="d:\code\.net\project_shopflow\tests\shopflow.domain.tests\bin\release\net9.0\shopflow.domain.tests.dll" id="31bdbc99-0e38-b05a-bfc7-f7c211e4f869">
      <Execution id="e91dd0de-1fb0-48a5-b9a2-49a53dd27d44" />
      <TestMethod codeBase="D:\Code\.Net\project_shopflow\Tests\ShopFlow.Domain.Tests\bin\Release\net9.0\ShopFlow.Domain.Tests.dll" adapterTypeName="executor://xunit/VsTestRunner2/netcoreapp" className="ShopFlow.Domain.Tests.ValueObjects.PhoneNumberTests" name="ToString_ShouldReturnNormalizedPhoneValue" />
    </UnitTest>
    <UnitTest name="ShopFlow.Domain.Tests.Entities.CatProductTests.CanBeOrdered_ActiveProductWithActiveSku_ShouldReturnTrue" storage="d:\code\.net\project_shopflow\tests\shopflow.domain.tests\bin\release\net9.0\shopflow.domain.tests.dll" id="ee748996-9cd4-355e-469a-f5cfefd00f4b">
      <Execution id="5df67f9a-3120-4e88-9970-9fdd40be1d3e" />
      <TestMethod codeBase="D:\Code\.Net\project_shopflow\Tests\ShopFlow.Domain.Tests\bin\Release\net9.0\ShopFlow.Domain.Tests.dll" adapterTypeName="executor://xunit/VsTestRunner2/netcoreapp" className="ShopFlow.Domain.Tests.Entities.CatProductTests" name="CanBeOrdered_ActiveProductWithActiveSku_ShouldReturnTrue" />
    </UnitTest>
    <UnitTest name="ShopFlow.Domain.Tests.Entities.CoreUserTests.IsActive_NonActiveUser_ShouldReturnFalse(status: Banned)" storage="d:\code\.net\project_shopflow\tests\shopflow.domain.tests\bin\release\net9.0\shopflow.domain.tests.dll" id="bdd00bde-b155-18a7-3ea5-be3cb3909dca">
      <Execution id="4f6e60a6-4e35-46b9-9453-b0781ab2063e" />
      <TestMethod codeBase="D:\Code\.Net\project_shopflow\Tests\ShopFlow.Domain.Tests\bin\Release\net9.0\ShopFlow.Domain.Tests.dll" adapterTypeName="executor://xunit/VsTestRunner2/netcoreapp" className="ShopFlow.Domain.Tests.Entities.CoreUserTests" name="IsActive_NonActiveUser_ShouldReturnFalse" />
    </UnitTest>
    <UnitTest name="ShopFlow.Domain.Tests.DomainServices.PricingServiceTests.CalculateTotal_ValidInputs_ShouldCalculateCorrectly" storage="d:\code\.net\project_shopflow\tests\shopflow.domain.tests\bin\release\net9.0\shopflow.domain.tests.dll" id="67d41ff5-5257-cf3f-7402-5e8db4936dfe">
      <Execution id="cdad8ee9-b4e4-4439-a0a5-cb0232d8902e" />
      <TestMethod codeBase="D:\Code\.Net\project_shopflow\Tests\ShopFlow.Domain.Tests\bin\Release\net9.0\ShopFlow.Domain.Tests.dll" adapterTypeName="executor://xunit/VsTestRunner2/netcoreapp" className="ShopFlow.Domain.Tests.DomainServices.PricingServiceTests" name="CalculateTotal_ValidInputs_ShouldCalculateCorrectly" />
    </UnitTest>
    <UnitTest name="ShopFlow.Domain.Tests.ValueObjects.MoneyTests.Multiplication_WithDecimalMultiplier_ShouldMultiplyAmount" storage="d:\code\.net\project_shopflow\tests\shopflow.domain.tests\bin\release\net9.0\shopflow.domain.tests.dll" id="7e86f5eb-5a95-f243-503d-4bfe55305a83">
      <Execution id="17d0ba5a-1816-4702-8a5e-4a0106ebc38b" />
      <TestMethod codeBase="D:\Code\.Net\project_shopflow\Tests\ShopFlow.Domain.Tests\bin\Release\net9.0\ShopFlow.Domain.Tests.dll" adapterTypeName="executor://xunit/VsTestRunner2/netcoreapp" className="ShopFlow.Domain.Tests.ValueObjects.MoneyTests" name="Multiplication_WithDecimalMultiplier_ShouldMultiplyAmount" />
    </UnitTest>
    <UnitTest name="ShopFlow.Domain.Tests.ValueObjects.PhoneNumberTests.Constructor_ValidVietnameseMobileNumbers_ShouldCreatePhoneNumberObject(validPhone: &quot;0912345678&quot;)" storage="d:\code\.net\project_shopflow\tests\shopflow.domain.tests\bin\release\net9.0\shopflow.domain.tests.dll" id="f70e9f2f-d1ab-315d-3e4d-a27f323a779d">
      <Execution id="7798b97b-5b12-4fbb-b277-92471264fb2a" />
      <TestMethod codeBase="D:\Code\.Net\project_shopflow\Tests\ShopFlow.Domain.Tests\bin\Release\net9.0\ShopFlow.Domain.Tests.dll" adapterTypeName="executor://xunit/VsTestRunner2/netcoreapp" className="ShopFlow.Domain.Tests.ValueObjects.PhoneNumberTests" name="Constructor_ValidVietnameseMobileNumbers_ShouldCreatePhoneNumberObject" />
    </UnitTest>
    <UnitTest name="ShopFlow.Domain.Tests.Entities.CatProductTests.Constructor_VariousReturnDays_ShouldCreateProduct(returnDays: 365)" storage="d:\code\.net\project_shopflow\tests\shopflow.domain.tests\bin\release\net9.0\shopflow.domain.tests.dll" id="8698d5b3-9a57-0708-93ce-8e38d668e009">
      <Execution id="839e71bc-85a2-4329-8bee-ee824d2d22bc" />
      <TestMethod codeBase="D:\Code\.Net\project_shopflow\Tests\ShopFlow.Domain.Tests\bin\Release\net9.0\ShopFlow.Domain.Tests.dll" adapterTypeName="executor://xunit/VsTestRunner2/netcoreapp" className="ShopFlow.Domain.Tests.Entities.CatProductTests" name="Constructor_VariousReturnDays_ShouldCreateProduct" />
    </UnitTest>
    <UnitTest name="ShopFlow.Domain.Tests.Entities.CoreUserTests.AddAddress_MultipleAddresses_ShouldAddAllAddresses" storage="d:\code\.net\project_shopflow\tests\shopflow.domain.tests\bin\release\net9.0\shopflow.domain.tests.dll" id="8cb05ff7-3893-426b-0a54-24c8fd2d7e89">
      <Execution id="b1c6abcd-bdee-4530-8d27-a16d434d9328" />
      <TestMethod codeBase="D:\Code\.Net\project_shopflow\Tests\ShopFlow.Domain.Tests\bin\Release\net9.0\ShopFlow.Domain.Tests.dll" adapterTypeName="executor://xunit/VsTestRunner2/netcoreapp" className="ShopFlow.Domain.Tests.Entities.CoreUserTests" name="AddAddress_MultipleAddresses_ShouldAddAllAddresses" />
    </UnitTest>
    <UnitTest name="ShopFlow.Domain.Tests.ValueObjects.EmailTests.GetHashCode_SameEmailValues_ShouldReturnSameHashCode" storage="d:\code\.net\project_shopflow\tests\shopflow.domain.tests\bin\release\net9.0\shopflow.domain.tests.dll" id="f496865f-5b97-2f56-0467-a866c3a0c44b">
      <Execution id="69ae0245-badc-4724-84bb-5a97b1776f5a" />
      <TestMethod codeBase="D:\Code\.Net\project_shopflow\Tests\ShopFlow.Domain.Tests\bin\Release\net9.0\ShopFlow.Domain.Tests.dll" adapterTypeName="executor://xunit/VsTestRunner2/netcoreapp" className="ShopFlow.Domain.Tests.ValueObjects.EmailTests" name="GetHashCode_SameEmailValues_ShouldReturnSameHashCode" />
    </UnitTest>
    <UnitTest name="ShopFlow.Domain.Tests.ValueObjects.PhoneNumberTests.Constructor_PhoneWithSpecialCharacters_ShouldThrowArgumentException(phoneWithSpecialChars: &quot;090-123-4567&quot;)" storage="d:\code\.net\project_shopflow\tests\shopflow.domain.tests\bin\release\net9.0\shopflow.domain.tests.dll" id="11b45b42-4656-9a28-325b-0da0ab9cfd18">
      <Execution id="2cc5ec1f-ad74-4c2f-9e87-a2e1e7f040d7" />
      <TestMethod codeBase="D:\Code\.Net\project_shopflow\Tests\ShopFlow.Domain.Tests\bin\Release\net9.0\ShopFlow.Domain.Tests.dll" adapterTypeName="executor://xunit/VsTestRunner2/netcoreapp" className="ShopFlow.Domain.Tests.ValueObjects.PhoneNumberTests" name="Constructor_PhoneWithSpecialCharacters_ShouldThrowArgumentException" />
    </UnitTest>
    <UnitTest name="ShopFlow.Domain.Tests.ValueObjects.PhoneNumberTests.Constructor_ValidVietnamesePhone_ShouldCreatePhoneNumberObject(input: &quot;+84901234567&quot;, expected: &quot;901234567&quot;)" storage="d:\code\.net\project_shopflow\tests\shopflow.domain.tests\bin\release\net9.0\shopflow.domain.tests.dll" id="76ae6fe4-721b-3385-a9d0-3b8d1c2dc22b">
      <Execution id="7ff66789-667d-445d-8b08-42b35fb5a244" />
      <TestMethod codeBase="D:\Code\.Net\project_shopflow\Tests\ShopFlow.Domain.Tests\bin\Release\net9.0\ShopFlow.Domain.Tests.dll" adapterTypeName="executor://xunit/VsTestRunner2/netcoreapp" className="ShopFlow.Domain.Tests.ValueObjects.PhoneNumberTests" name="Constructor_ValidVietnamesePhone_ShouldCreatePhoneNumberObject" />
    </UnitTest>
    <UnitTest name="ShopFlow.Domain.Tests.Entities.CoreUserTests.AddRole_ValidUserRole_ShouldAddRole" storage="d:\code\.net\project_shopflow\tests\shopflow.domain.tests\bin\release\net9.0\shopflow.domain.tests.dll" id="e9e9b3eb-0aa1-4a7d-e0f7-9c306dafa9a5">
      <Execution id="fa3c59e7-1cd9-48e1-8998-3d3b1f38d1c4" />
      <TestMethod codeBase="D:\Code\.Net\project_shopflow\Tests\ShopFlow.Domain.Tests\bin\Release\net9.0\ShopFlow.Domain.Tests.dll" adapterTypeName="executor://xunit/VsTestRunner2/netcoreapp" className="ShopFlow.Domain.Tests.Entities.CoreUserTests" name="AddRole_ValidUserRole_ShouldAddRole" />
    </UnitTest>
    <UnitTest name="ShopFlow.Domain.Tests.ValueObjects.MoneyTests.Division_WithValidDivisor_ShouldDivideAmount" storage="d:\code\.net\project_shopflow\tests\shopflow.domain.tests\bin\release\net9.0\shopflow.domain.tests.dll" id="c701119c-4de8-34f9-4037-4d632db40ca7">
      <Execution id="4fea8a40-3c3c-48d3-b732-cc0bffdcfbc0" />
      <TestMethod codeBase="D:\Code\.Net\project_shopflow\Tests\ShopFlow.Domain.Tests\bin\Release\net9.0\ShopFlow.Domain.Tests.dll" adapterTypeName="executor://xunit/VsTestRunner2/netcoreapp" className="ShopFlow.Domain.Tests.ValueObjects.MoneyTests" name="Division_WithValidDivisor_ShouldDivideAmount" />
    </UnitTest>
    <UnitTest name="ShopFlow.Domain.Tests.ValueObjects.PhoneNumberTests.ExplicitPhoneConversion_ValidString_ShouldCreatePhone" storage="d:\code\.net\project_shopflow\tests\shopflow.domain.tests\bin\release\net9.0\shopflow.domain.tests.dll" id="5ec1a1c8-8690-0aed-b5ac-ec1898c6a02c">
      <Execution id="ecee884c-ebb8-4361-928a-49219dc9cfca" />
      <TestMethod codeBase="D:\Code\.Net\project_shopflow\Tests\ShopFlow.Domain.Tests\bin\Release\net9.0\ShopFlow.Domain.Tests.dll" adapterTypeName="executor://xunit/VsTestRunner2/netcoreapp" className="ShopFlow.Domain.Tests.ValueObjects.PhoneNumberTests" name="ExplicitPhoneConversion_ValidString_ShouldCreatePhone" />
    </UnitTest>
    <UnitTest name="ShopFlow.Domain.Tests.Entities.CoreUserTests.HasRole_MultipleRoles_ShouldReturnCorrectResult" storage="d:\code\.net\project_shopflow\tests\shopflow.domain.tests\bin\release\net9.0\shopflow.domain.tests.dll" id="099a1caa-c4be-4f2c-8472-fdf4e819f8d5">
      <Execution id="e37c2044-fc67-4e2f-bc5a-f0f4127566c0" />
      <TestMethod codeBase="D:\Code\.Net\project_shopflow\Tests\ShopFlow.Domain.Tests\bin\Release\net9.0\ShopFlow.Domain.Tests.dll" adapterTypeName="executor://xunit/VsTestRunner2/netcoreapp" className="ShopFlow.Domain.Tests.Entities.CoreUserTests" name="HasRole_MultipleRoles_ShouldReturnCorrectResult" />
    </UnitTest>
    <UnitTest name="ShopFlow.Domain.Tests.ValueObjects.EmailTests.Constructor_EmailWithSpecialCharacters_ShouldCreateEmailObject(emailWithSpecialChars: &quot;test.name+tag@example.com&quot;)" storage="d:\code\.net\project_shopflow\tests\shopflow.domain.tests\bin\release\net9.0\shopflow.domain.tests.dll" id="8d523190-9f67-adef-340e-83b2a27022a7">
      <Execution id="179e377a-1af9-4ee3-b435-779305f4656f" />
      <TestMethod codeBase="D:\Code\.Net\project_shopflow\Tests\ShopFlow.Domain.Tests\bin\Release\net9.0\ShopFlow.Domain.Tests.dll" adapterTypeName="executor://xunit/VsTestRunner2/netcoreapp" className="ShopFlow.Domain.Tests.ValueObjects.EmailTests" name="Constructor_EmailWithSpecialCharacters_ShouldCreateEmailObject" />
    </UnitTest>
    <UnitTest name="ShopFlow.Domain.Tests.Entities.CatProductTests.IsActive_NonActiveProduct_ShouldReturnFalse(status: Draft)" storage="d:\code\.net\project_shopflow\tests\shopflow.domain.tests\bin\release\net9.0\shopflow.domain.tests.dll" id="265056d7-87e9-cd3d-9557-0a41f5841fcf">
      <Execution id="1b129200-31b7-4df9-a171-e8eeeb961412" />
      <TestMethod codeBase="D:\Code\.Net\project_shopflow\Tests\ShopFlow.Domain.Tests\bin\Release\net9.0\ShopFlow.Domain.Tests.dll" adapterTypeName="executor://xunit/VsTestRunner2/netcoreapp" className="ShopFlow.Domain.Tests.Entities.CatProductTests" name="IsActive_NonActiveProduct_ShouldReturnFalse" />
    </UnitTest>
    <UnitTest name="ShopFlow.Domain.Tests.Entities.CatProductTests.UpdateReturnDays_VariousNegativeValues_ShouldThrowException(negativeDays: -999)" storage="d:\code\.net\project_shopflow\tests\shopflow.domain.tests\bin\release\net9.0\shopflow.domain.tests.dll" id="b72c2606-5708-4c57-292e-24b59f47238b">
      <Execution id="afdefd95-f865-4e01-a340-ca85fcefead4" />
      <TestMethod codeBase="D:\Code\.Net\project_shopflow\Tests\ShopFlow.Domain.Tests\bin\Release\net9.0\ShopFlow.Domain.Tests.dll" adapterTypeName="executor://xunit/VsTestRunner2/netcoreapp" className="ShopFlow.Domain.Tests.Entities.CatProductTests" name="UpdateReturnDays_VariousNegativeValues_ShouldThrowException" />
    </UnitTest>
    <UnitTest name="ShopFlow.Domain.Tests.ValueObjects.PhoneNumberTests.ImplicitStringConversion_ShouldReturnNormalizedPhoneValue" storage="d:\code\.net\project_shopflow\tests\shopflow.domain.tests\bin\release\net9.0\shopflow.domain.tests.dll" id="e417a92b-be8d-ea49-a654-9a3d9502f3e0">
      <Execution id="55f670c4-a2b6-464c-9025-0e2c948e3aaf" />
      <TestMethod codeBase="D:\Code\.Net\project_shopflow\Tests\ShopFlow.Domain.Tests\bin\Release\net9.0\ShopFlow.Domain.Tests.dll" adapterTypeName="executor://xunit/VsTestRunner2/netcoreapp" className="ShopFlow.Domain.Tests.ValueObjects.PhoneNumberTests" name="ImplicitStringConversion_ShouldReturnNormalizedPhoneValue" />
    </UnitTest>
    <UnitTest name="ShopFlow.Domain.Tests.ValueObjects.MoneyTests.Constructor_ZeroAmount_ShouldCreateValidMoneyObject" storage="d:\code\.net\project_shopflow\tests\shopflow.domain.tests\bin\release\net9.0\shopflow.domain.tests.dll" id="9275c802-bced-7974-15f3-5b71d5853b7a">
      <Execution id="2eeedc7c-0cb7-49cd-be3c-daf61ebcacfc" />
      <TestMethod codeBase="D:\Code\.Net\project_shopflow\Tests\ShopFlow.Domain.Tests\bin\Release\net9.0\ShopFlow.Domain.Tests.dll" adapterTypeName="executor://xunit/VsTestRunner2/netcoreapp" className="ShopFlow.Domain.Tests.ValueObjects.MoneyTests" name="Constructor_ZeroAmount_ShouldCreateValidMoneyObject" />
    </UnitTest>
    <UnitTest name="ShopFlow.Domain.Tests.Entities.CoreUserTests.AddAddress_ValidAddress_ShouldAddAddress" storage="d:\code\.net\project_shopflow\tests\shopflow.domain.tests\bin\release\net9.0\shopflow.domain.tests.dll" id="077d126d-bf82-0850-a786-9bffb554e161">
      <Execution id="ee6cb11a-fa9b-43d2-a05d-1e2747897091" />
      <TestMethod codeBase="D:\Code\.Net\project_shopflow\Tests\ShopFlow.Domain.Tests\bin\Release\net9.0\ShopFlow.Domain.Tests.dll" adapterTypeName="executor://xunit/VsTestRunner2/netcoreapp" className="ShopFlow.Domain.Tests.Entities.CoreUserTests" name="AddAddress_ValidAddress_ShouldAddAddress" />
    </UnitTest>
    <UnitTest name="ShopFlow.Domain.Tests.Entities.CoreUserTests.IsActive_NonActiveUser_ShouldReturnFalse(status: Inactive)" storage="d:\code\.net\project_shopflow\tests\shopflow.domain.tests\bin\release\net9.0\shopflow.domain.tests.dll" id="7839b1cc-fc32-8268-0fbc-44f9ecd9a6fc">
      <Execution id="58105ca9-38b2-497e-8319-db34c942eb33" />
      <TestMethod codeBase="D:\Code\.Net\project_shopflow\Tests\ShopFlow.Domain.Tests\bin\Release\net9.0\ShopFlow.Domain.Tests.dll" adapterTypeName="executor://xunit/VsTestRunner2/netcoreapp" className="ShopFlow.Domain.Tests.Entities.CoreUserTests" name="IsActive_NonActiveUser_ShouldReturnFalse" />
    </UnitTest>
    <UnitTest name="ShopFlow.Domain.Tests.DomainServices.PricingServiceTests.CalculatePrice_DecimalPrice_ShouldCalculateCorrectly" storage="d:\code\.net\project_shopflow\tests\shopflow.domain.tests\bin\release\net9.0\shopflow.domain.tests.dll" id="b9ac74c5-e41c-24a8-afc4-b8890807d9ca">
      <Execution id="892713c2-a58a-4378-88b7-0e5865af8eb8" />
      <TestMethod codeBase="D:\Code\.Net\project_shopflow\Tests\ShopFlow.Domain.Tests\bin\Release\net9.0\ShopFlow.Domain.Tests.dll" adapterTypeName="executor://xunit/VsTestRunner2/netcoreapp" className="ShopFlow.Domain.Tests.DomainServices.PricingServiceTests" name="CalculatePrice_DecimalPrice_ShouldCalculateCorrectly" />
    </UnitTest>
    <UnitTest name="ShopFlow.Domain.Tests.DomainServices.PricingServiceTests.CalculateShippingFee_PreciseWeight_ShouldCalculateCorrectly" storage="d:\code\.net\project_shopflow\tests\shopflow.domain.tests\bin\release\net9.0\shopflow.domain.tests.dll" id="20e680d3-37bd-5dcd-6cd9-321a1c196e07">
      <Execution id="92ae2e6b-99cc-4ec3-b76f-00dbe94f70d7" />
      <TestMethod codeBase="D:\Code\.Net\project_shopflow\Tests\ShopFlow.Domain.Tests\bin\Release\net9.0\ShopFlow.Domain.Tests.dll" adapterTypeName="executor://xunit/VsTestRunner2/netcoreapp" className="ShopFlow.Domain.Tests.DomainServices.PricingServiceTests" name="CalculateShippingFee_PreciseWeight_ShouldCalculateCorrectly" />
    </UnitTest>
    <UnitTest name="ShopFlow.Domain.Tests.DomainServices.PricingServiceTests.CalculateTax_InvalidTaxRate_ShouldThrowArgumentException(invalidTaxRate: 1,1)" storage="d:\code\.net\project_shopflow\tests\shopflow.domain.tests\bin\release\net9.0\shopflow.domain.tests.dll" id="c673d55e-61ed-3eb6-41ab-ae60b4e47391">
      <Execution id="1d27e8bb-b88f-433b-a494-09a03499e235" />
      <TestMethod codeBase="D:\Code\.Net\project_shopflow\Tests\ShopFlow.Domain.Tests\bin\Release\net9.0\ShopFlow.Domain.Tests.dll" adapterTypeName="executor://xunit/VsTestRunner2/netcoreapp" className="ShopFlow.Domain.Tests.DomainServices.PricingServiceTests" name="CalculateTax_InvalidTaxRate_ShouldThrowArgumentException" />
    </UnitTest>
    <UnitTest name="ShopFlow.Domain.Tests.Entities.CatProductTests.Deactivate_DraftProduct_ShouldDeactivateProduct" storage="d:\code\.net\project_shopflow\tests\shopflow.domain.tests\bin\release\net9.0\shopflow.domain.tests.dll" id="784ba244-b990-3b2e-f6c3-993ce8ce6ef5">
      <Execution id="a5407729-308f-4083-83e8-d8f71664cf64" />
      <TestMethod codeBase="D:\Code\.Net\project_shopflow\Tests\ShopFlow.Domain.Tests\bin\Release\net9.0\ShopFlow.Domain.Tests.dll" adapterTypeName="executor://xunit/VsTestRunner2/netcoreapp" className="ShopFlow.Domain.Tests.Entities.CatProductTests" name="Deactivate_DraftProduct_ShouldDeactivateProduct" />
    </UnitTest>
    <UnitTest name="ShopFlow.Domain.Tests.Entities.CoreUserTests.Constructor_ShouldRaiseUserCreatedEvent" storage="d:\code\.net\project_shopflow\tests\shopflow.domain.tests\bin\release\net9.0\shopflow.domain.tests.dll" id="c1ca7d91-84db-23b8-6457-76b45debd27c">
      <Execution id="11d0465c-ee50-4106-a5a3-041a3bcbf36e" />
      <TestMethod codeBase="D:\Code\.Net\project_shopflow\Tests\ShopFlow.Domain.Tests\bin\Release\net9.0\ShopFlow.Domain.Tests.dll" adapterTypeName="executor://xunit/VsTestRunner2/netcoreapp" className="ShopFlow.Domain.Tests.Entities.CoreUserTests" name="Constructor_ShouldRaiseUserCreatedEvent" />
    </UnitTest>
    <UnitTest name="ShopFlow.Domain.Tests.Entities.CoreUserTests.UserRoles_ShouldBeReadOnlyCollection" storage="d:\code\.net\project_shopflow\tests\shopflow.domain.tests\bin\release\net9.0\shopflow.domain.tests.dll" id="a378124c-fbc1-e14c-9b62-431a623fdea0">
      <Execution id="4b2aa2f0-b872-4c79-b15b-ec1d878a5597" />
      <TestMethod codeBase="D:\Code\.Net\project_shopflow\Tests\ShopFlow.Domain.Tests\bin\Release\net9.0\ShopFlow.Domain.Tests.dll" adapterTypeName="executor://xunit/VsTestRunner2/netcoreapp" className="ShopFlow.Domain.Tests.Entities.CoreUserTests" name="UserRoles_ShouldBeReadOnlyCollection" />
    </UnitTest>
    <UnitTest name="ShopFlow.Domain.Tests.Entities.CatProductTests.Activate_InactiveProduct_ShouldActivateProduct" storage="d:\code\.net\project_shopflow\tests\shopflow.domain.tests\bin\release\net9.0\shopflow.domain.tests.dll" id="6c899109-2aa0-7921-8c18-7b097807c0f4">
      <Execution id="137f6dd0-dc5e-4413-a65c-ce5bc605f926" />
      <TestMethod codeBase="D:\Code\.Net\project_shopflow\Tests\ShopFlow.Domain.Tests\bin\Release\net9.0\ShopFlow.Domain.Tests.dll" adapterTypeName="executor://xunit/VsTestRunner2/netcoreapp" className="ShopFlow.Domain.Tests.Entities.CatProductTests" name="Activate_InactiveProduct_ShouldActivateProduct" />
    </UnitTest>
    <UnitTest name="ShopFlow.Domain.Tests.Entities.CatProductTests.ProductWithComplexCategoryManagement_ShouldHandleCorrectly" storage="d:\code\.net\project_shopflow\tests\shopflow.domain.tests\bin\release\net9.0\shopflow.domain.tests.dll" id="6a65bb7e-98d5-ee3a-8c37-84eb9bebd3f4">
      <Execution id="fa040061-1871-4aa0-b9a0-25b53e65ecad" />
      <TestMethod codeBase="D:\Code\.Net\project_shopflow\Tests\ShopFlow.Domain.Tests\bin\Release\net9.0\ShopFlow.Domain.Tests.dll" adapterTypeName="executor://xunit/VsTestRunner2/netcoreapp" className="ShopFlow.Domain.Tests.Entities.CatProductTests" name="ProductWithComplexCategoryManagement_ShouldHandleCorrectly" />
    </UnitTest>
    <UnitTest name="ShopFlow.Domain.Tests.DomainServices.PricingServiceTests.ApplyDiscount_ValidAmountAndPercentage_ShouldCalculateCorrectly(amount: 100000, discountPercentage: 0,1, expectedResult: 90000)" storage="d:\code\.net\project_shopflow\tests\shopflow.domain.tests\bin\release\net9.0\shopflow.domain.tests.dll" id="5ff0f98f-03f0-f146-6118-597b50f86b87">
      <Execution id="caf62b33-ee26-4597-8641-1ac31dc3ffb9" />
      <TestMethod codeBase="D:\Code\.Net\project_shopflow\Tests\ShopFlow.Domain.Tests\bin\Release\net9.0\ShopFlow.Domain.Tests.dll" adapterTypeName="executor://xunit/VsTestRunner2/netcoreapp" className="ShopFlow.Domain.Tests.DomainServices.PricingServiceTests" name="ApplyDiscount_ValidAmountAndPercentage_ShouldCalculateCorrectly" />
    </UnitTest>
    <UnitTest name="ShopFlow.Domain.Tests.DomainServices.PricingServiceTests.IsValidPrice_ValidPrices_ShouldReturnTrue(validAmount: 0)" storage="d:\code\.net\project_shopflow\tests\shopflow.domain.tests\bin\release\net9.0\shopflow.domain.tests.dll" id="9162760f-7a92-4313-8801-aaa9b9d5ea56">
      <Execution id="35a5a1c3-eeb8-4616-b072-3bcd2aecc02d" />
      <TestMethod codeBase="D:\Code\.Net\project_shopflow\Tests\ShopFlow.Domain.Tests\bin\Release\net9.0\ShopFlow.Domain.Tests.dll" adapterTypeName="executor://xunit/VsTestRunner2/netcoreapp" className="ShopFlow.Domain.Tests.DomainServices.PricingServiceTests" name="IsValidPrice_ValidPrices_ShouldReturnTrue" />
    </UnitTest>
    <UnitTest name="ShopFlow.Domain.Tests.Entities.CatProductTests.AddCategory_ValidCategory_ShouldAddCategory" storage="d:\code\.net\project_shopflow\tests\shopflow.domain.tests\bin\release\net9.0\shopflow.domain.tests.dll" id="c297598c-32f8-14c6-3c3e-4a7542022254">
      <Execution id="488cc706-8965-4213-b4a1-2b0a36321d45" />
      <TestMethod codeBase="D:\Code\.Net\project_shopflow\Tests\ShopFlow.Domain.Tests\bin\Release\net9.0\ShopFlow.Domain.Tests.dll" adapterTypeName="executor://xunit/VsTestRunner2/netcoreapp" className="ShopFlow.Domain.Tests.Entities.CatProductTests" name="AddCategory_ValidCategory_ShouldAddCategory" />
    </UnitTest>
    <UnitTest name="ShopFlow.Domain.Tests.Entities.CoreUserTests.ChangePassword_InvalidPasswordHash_ShouldThrowException(invalidPasswordHash: null)" storage="d:\code\.net\project_shopflow\tests\shopflow.domain.tests\bin\release\net9.0\shopflow.domain.tests.dll" id="6a0d94b9-be6d-23cd-64bc-d59669bc2f33">
      <Execution id="5fc01ded-2d5f-43de-b3c2-51c25069f54e" />
      <TestMethod codeBase="D:\Code\.Net\project_shopflow\Tests\ShopFlow.Domain.Tests\bin\Release\net9.0\ShopFlow.Domain.Tests.dll" adapterTypeName="executor://xunit/VsTestRunner2/netcoreapp" className="ShopFlow.Domain.Tests.Entities.CoreUserTests" name="ChangePassword_InvalidPasswordHash_ShouldThrowException" />
    </UnitTest>
    <UnitTest name="ShopFlow.Domain.Tests.Entities.CoreUserTests.Activate_InactiveUser_ShouldActivateUser" storage="d:\code\.net\project_shopflow\tests\shopflow.domain.tests\bin\release\net9.0\shopflow.domain.tests.dll" id="a433ee57-a2b0-e881-257a-12bdf52cdff4">
      <Execution id="600a5ef2-ef6b-443d-b17c-f119c68d2ec3" />
      <TestMethod codeBase="D:\Code\.Net\project_shopflow\Tests\ShopFlow.Domain.Tests\bin\Release\net9.0\ShopFlow.Domain.Tests.dll" adapterTypeName="executor://xunit/VsTestRunner2/netcoreapp" className="ShopFlow.Domain.Tests.Entities.CoreUserTests" name="Activate_InactiveUser_ShouldActivateUser" />
    </UnitTest>
    <UnitTest name="ShopFlow.Domain.Tests.ValueObjects.MoneyTests.Constructor_NullCurrency_ShouldThrowArgumentException" storage="d:\code\.net\project_shopflow\tests\shopflow.domain.tests\bin\release\net9.0\shopflow.domain.tests.dll" id="b41fd184-51bd-02d7-0f99-0ce51c2c7459">
      <Execution id="b30d83d5-a51d-4adf-9df5-b1f86152b82e" />
      <TestMethod codeBase="D:\Code\.Net\project_shopflow\Tests\ShopFlow.Domain.Tests\bin\Release\net9.0\ShopFlow.Domain.Tests.dll" adapterTypeName="executor://xunit/VsTestRunner2/netcoreapp" className="ShopFlow.Domain.Tests.ValueObjects.MoneyTests" name="Constructor_NullCurrency_ShouldThrowArgumentException" />
    </UnitTest>
    <UnitTest name="ShopFlow.Domain.Tests.ValueObjects.EmailTests.ImplicitStringConversion_ShouldReturnEmailValue" storage="d:\code\.net\project_shopflow\tests\shopflow.domain.tests\bin\release\net9.0\shopflow.domain.tests.dll" id="f7d805f1-0959-3570-4505-7fdf579785bc">
      <Execution id="90d677ab-953c-43f1-b663-b9a161d4d1a7" />
      <TestMethod codeBase="D:\Code\.Net\project_shopflow\Tests\ShopFlow.Domain.Tests\bin\Release\net9.0\ShopFlow.Domain.Tests.dll" adapterTypeName="executor://xunit/VsTestRunner2/netcoreapp" className="ShopFlow.Domain.Tests.ValueObjects.EmailTests" name="ImplicitStringConversion_ShouldReturnEmailValue" />
    </UnitTest>
    <UnitTest name="ShopFlow.Domain.Tests.ValueObjects.EmailTests.Constructor_EmptyOrWhitespaceEmail_ShouldThrowArgumentException(invalidEmail: &quot; &quot;)" storage="d:\code\.net\project_shopflow\tests\shopflow.domain.tests\bin\release\net9.0\shopflow.domain.tests.dll" id="ff7b49f6-de60-6c3d-360b-a6f40745a7d0">
      <Execution id="5fbd62f0-999d-44eb-92e0-763835ab0154" />
      <TestMethod codeBase="D:\Code\.Net\project_shopflow\Tests\ShopFlow.Domain.Tests\bin\Release\net9.0\ShopFlow.Domain.Tests.dll" adapterTypeName="executor://xunit/VsTestRunner2/netcoreapp" className="ShopFlow.Domain.Tests.ValueObjects.EmailTests" name="Constructor_EmptyOrWhitespaceEmail_ShouldThrowArgumentException" />
    </UnitTest>
    <UnitTest name="ShopFlow.Domain.Tests.DomainServices.PricingServiceTests.ApplyDiscount_InvalidDiscountPercentage_ShouldThrowArgumentException(invalidPercentage: 1,1)" storage="d:\code\.net\project_shopflow\tests\shopflow.domain.tests\bin\release\net9.0\shopflow.domain.tests.dll" id="6b230a50-f2a7-19d8-8209-f2ec41e29998">
      <Execution id="46609b7d-0016-4292-a0e9-788dc63a2c2a" />
      <TestMethod codeBase="D:\Code\.Net\project_shopflow\Tests\ShopFlow.Domain.Tests\bin\Release\net9.0\ShopFlow.Domain.Tests.dll" adapterTypeName="executor://xunit/VsTestRunner2/netcoreapp" className="ShopFlow.Domain.Tests.DomainServices.PricingServiceTests" name="ApplyDiscount_InvalidDiscountPercentage_ShouldThrowArgumentException" />
    </UnitTest>
    <UnitTest name="ShopFlow.Domain.Tests.DomainServices.PricingServiceTests.CalculateShippingFee_ZeroOrNegativeWeight_ShouldThrowArgumentException(invalidWeight: -1)" storage="d:\code\.net\project_shopflow\tests\shopflow.domain.tests\bin\release\net9.0\shopflow.domain.tests.dll" id="7b0e8ce6-39e4-bdc0-f025-1b82a0a9b806">
      <Execution id="40e8b7db-4d55-4714-9fa9-f8d5c588e64a" />
      <TestMethod codeBase="D:\Code\.Net\project_shopflow\Tests\ShopFlow.Domain.Tests\bin\Release\net9.0\ShopFlow.Domain.Tests.dll" adapterTypeName="executor://xunit/VsTestRunner2/netcoreapp" className="ShopFlow.Domain.Tests.DomainServices.PricingServiceTests" name="CalculateShippingFee_ZeroOrNegativeWeight_ShouldThrowArgumentException" />
    </UnitTest>
    <UnitTest name="ShopFlow.Domain.Tests.DomainServices.PricingServiceTests.CalculateTotal_NullParameter_ShouldThrowArgumentNullException(nullParameter: &quot;subtotal&quot;)" storage="d:\code\.net\project_shopflow\tests\shopflow.domain.tests\bin\release\net9.0\shopflow.domain.tests.dll" id="2449ef5d-6bef-4146-b726-61a685312f4f">
      <Execution id="c5762293-6d3f-4474-bcec-aeedc843673b" />
      <TestMethod codeBase="D:\Code\.Net\project_shopflow\Tests\ShopFlow.Domain.Tests\bin\Release\net9.0\ShopFlow.Domain.Tests.dll" adapterTypeName="executor://xunit/VsTestRunner2/netcoreapp" className="ShopFlow.Domain.Tests.DomainServices.PricingServiceTests" name="CalculateTotal_NullParameter_ShouldThrowArgumentNullException" />
    </UnitTest>
    <UnitTest name="ShopFlow.Domain.Tests.Entities.CatProductTests.CanBeOrdered_ActiveProductWithoutSkus_ShouldReturnFalse" storage="d:\code\.net\project_shopflow\tests\shopflow.domain.tests\bin\release\net9.0\shopflow.domain.tests.dll" id="a19daab8-4404-e039-91af-1d7e2df78ec5">
      <Execution id="2e044157-7e5e-4342-8a2a-ce027fd5941b" />
      <TestMethod codeBase="D:\Code\.Net\project_shopflow\Tests\ShopFlow.Domain.Tests\bin\Release\net9.0\ShopFlow.Domain.Tests.dll" adapterTypeName="executor://xunit/VsTestRunner2/netcoreapp" className="ShopFlow.Domain.Tests.Entities.CatProductTests" name="CanBeOrdered_ActiveProductWithoutSkus_ShouldReturnFalse" />
    </UnitTest>
    <UnitTest name="ShopFlow.Domain.Tests.ValueObjects.PhoneNumberTests.InequalityOperator_DifferentValues_ShouldReturnTrue" storage="d:\code\.net\project_shopflow\tests\shopflow.domain.tests\bin\release\net9.0\shopflow.domain.tests.dll" id="817734a0-650f-5309-2eea-8bfb9908324d">
      <Execution id="a740ea7f-b131-4cee-9c5f-6899f9eec886" />
      <TestMethod codeBase="D:\Code\.Net\project_shopflow\Tests\ShopFlow.Domain.Tests\bin\Release\net9.0\ShopFlow.Domain.Tests.dll" adapterTypeName="executor://xunit/VsTestRunner2/netcoreapp" className="ShopFlow.Domain.Tests.ValueObjects.PhoneNumberTests" name="InequalityOperator_DifferentValues_ShouldReturnTrue" />
    </UnitTest>
    <UnitTest name="ShopFlow.Domain.Tests.DomainServices.PricingServiceTests.CalculateShippingFee_ValidInputs_ShouldCalculateCorrectly" storage="d:\code\.net\project_shopflow\tests\shopflow.domain.tests\bin\release\net9.0\shopflow.domain.tests.dll" id="428052d8-7882-dd77-29a9-baaef9dda7cb">
      <Execution id="3394d0a3-62ef-4f53-9093-f4083fbf30ef" />
      <TestMethod codeBase="D:\Code\.Net\project_shopflow\Tests\ShopFlow.Domain.Tests\bin\Release\net9.0\ShopFlow.Domain.Tests.dll" adapterTypeName="executor://xunit/VsTestRunner2/netcoreapp" className="ShopFlow.Domain.Tests.DomainServices.PricingServiceTests" name="CalculateShippingFee_ValidInputs_ShouldCalculateCorrectly" />
    </UnitTest>
    <UnitTest name="ShopFlow.Domain.Tests.ValueObjects.EmailTests.EqualityOperator_WithNull_ShouldHandleCorrectly" storage="d:\code\.net\project_shopflow\tests\shopflow.domain.tests\bin\release\net9.0\shopflow.domain.tests.dll" id="02842bee-58ef-ddaa-6566-060b91848051">
      <Execution id="8d070f9d-fccc-4279-a3d7-c689b5d15bc4" />
      <TestMethod codeBase="D:\Code\.Net\project_shopflow\Tests\ShopFlow.Domain.Tests\bin\Release\net9.0\ShopFlow.Domain.Tests.dll" adapterTypeName="executor://xunit/VsTestRunner2/netcoreapp" className="ShopFlow.Domain.Tests.ValueObjects.EmailTests" name="EqualityOperator_WithNull_ShouldHandleCorrectly" />
    </UnitTest>
    <UnitTest name="ShopFlow.Domain.Tests.ValueObjects.PhoneNumberTests.Constructor_PhoneStartingWith84_ShouldRemoveCountryCode" storage="d:\code\.net\project_shopflow\tests\shopflow.domain.tests\bin\release\net9.0\shopflow.domain.tests.dll" id="d2743171-1c43-3951-f79f-92abb08a800c">
      <Execution id="03d3cdf4-cbaf-4d15-a27e-cd8185002b07" />
      <TestMethod codeBase="D:\Code\.Net\project_shopflow\Tests\ShopFlow.Domain.Tests\bin\Release\net9.0\ShopFlow.Domain.Tests.dll" adapterTypeName="executor://xunit/VsTestRunner2/netcoreapp" className="ShopFlow.Domain.Tests.ValueObjects.PhoneNumberTests" name="Constructor_PhoneStartingWith84_ShouldRemoveCountryCode" />
    </UnitTest>
  </TestDefinitions>
  <TestEntries>
    <TestEntry testId="ead1bc3c-7c14-6fc6-a76f-e89d49472238" executionId="a135152d-1f44-49bb-9499-46add4441011" testListId="8c84fa94-04c1-424b-9868-57a2d4851a1d" />
    <TestEntry testId="248f57ec-5f34-89a8-48ab-daf2f00d3536" executionId="99726390-f759-41ca-ac56-ac370b5c5cdd" testListId="8c84fa94-04c1-424b-9868-57a2d4851a1d" />
    <TestEntry testId="9eea0cc8-ab11-8963-dec4-4c41687a9a5f" executionId="e668be3d-3d0e-4df5-a121-36d26329a4b5" testListId="8c84fa94-04c1-424b-9868-57a2d4851a1d" />
    <TestEntry testId="f70e9f2f-d1ab-315d-3e4d-a27f323a779d" executionId="7798b97b-5b12-4fbb-b277-92471264fb2a" testListId="8c84fa94-04c1-424b-9868-57a2d4851a1d" />
    <TestEntry testId="785b1a14-4b08-1c34-371f-7c06f3409df8" executionId="b109cf2b-e89f-44c6-9275-4dc0f8b2f25e" testListId="8c84fa94-04c1-424b-9868-57a2d4851a1d" />
    <TestEntry testId="72003abc-dd77-74ef-7265-34dcb8d39883" executionId="42c359fc-ff8c-4347-a25c-0e4d3ccb4632" testListId="8c84fa94-04c1-424b-9868-57a2d4851a1d" />
    <TestEntry testId="b81ae511-7191-ccca-2cae-a0f1b8b777fa" executionId="811a4dba-6c34-4bc3-86a9-43edb9929bea" testListId="8c84fa94-04c1-424b-9868-57a2d4851a1d" />
    <TestEntry testId="44b04f12-35b3-762a-2992-38190e021938" executionId="ee84629d-efee-4586-ac8a-905f6595fe43" testListId="8c84fa94-04c1-424b-9868-57a2d4851a1d" />
    <TestEntry testId="0f7ebf89-9abd-4e10-8a52-3e2117395bbb" executionId="ef25986c-bb2f-4169-8d4f-0e0560c53fae" testListId="8c84fa94-04c1-424b-9868-57a2d4851a1d" />
    <TestEntry testId="3a417501-337f-a7dc-c9b3-bd9f40933236" executionId="3c512b12-2d64-4cab-b6f6-374c5da97298" testListId="8c84fa94-04c1-424b-9868-57a2d4851a1d" />
    <TestEntry testId="c4925a94-1819-a230-7546-6d73996c4d00" executionId="4b10c826-f261-4f5a-a6e7-8f0bbe64d9d6" testListId="8c84fa94-04c1-424b-9868-57a2d4851a1d" />
    <TestEntry testId="62d0f97e-bdb8-742a-1a37-f9f69c8ebde5" executionId="c3407321-907f-4eb1-aceb-8baef756a6a0" testListId="8c84fa94-04c1-424b-9868-57a2d4851a1d" />
    <TestEntry testId="81515737-6cbe-6a47-4f3f-90cb2c639187" executionId="58e969eb-e112-43e2-bd4a-5463b3dda64a" testListId="8c84fa94-04c1-424b-9868-57a2d4851a1d" />
    <TestEntry testId="6a54b469-f464-6fc4-a151-96e4b314ace6" executionId="92a14d34-8bf9-4b95-982e-ae7d92ee1f29" testListId="8c84fa94-04c1-424b-9868-57a2d4851a1d" />
    <TestEntry testId="d1ebe375-31ed-748d-8bab-b8701181e687" executionId="7c768334-1bd7-4cb9-b515-79c58694f78e" testListId="8c84fa94-04c1-424b-9868-57a2d4851a1d" />
    <TestEntry testId="c1ca7d91-84db-23b8-6457-76b45debd27c" executionId="11d0465c-ee50-4106-a5a3-041a3bcbf36e" testListId="8c84fa94-04c1-424b-9868-57a2d4851a1d" />
    <TestEntry testId="11b45b42-4656-9a28-325b-0da0ab9cfd18" executionId="2cc5ec1f-ad74-4c2f-9e87-a2e1e7f040d7" testListId="8c84fa94-04c1-424b-9868-57a2d4851a1d" />
    <TestEntry testId="5c0c022d-493c-efab-4147-6e2c222772cc" executionId="dae42d60-ca20-4943-9842-51bf950e7b0c" testListId="8c84fa94-04c1-424b-9868-57a2d4851a1d" />
    <TestEntry testId="664a11bb-263b-b948-def2-1f93d0ce21ce" executionId="2e71a03d-1015-40f5-9eaf-53ba3daacabe" testListId="8c84fa94-04c1-424b-9868-57a2d4851a1d" />
    <TestEntry testId="5f838a5e-c0df-3c26-8ac8-40ca255252a8" executionId="c513a7a9-e140-4945-b14d-a6e9fe091395" testListId="8c84fa94-04c1-424b-9868-57a2d4851a1d" />
    <TestEntry testId="ab909d33-ead0-f510-62f7-b4c213c46540" executionId="76d5455f-6473-4597-9653-dbf41b4e8b49" testListId="8c84fa94-04c1-424b-9868-57a2d4851a1d" />
    <TestEntry testId="2ab3f4e7-4e06-e1e2-18fb-fe5c54676536" executionId="092d3fe3-cba6-44fe-83a8-b60ff6640b1c" testListId="8c84fa94-04c1-424b-9868-57a2d4851a1d" />
    <TestEntry testId="b9ac74c5-e41c-24a8-afc4-b8890807d9ca" executionId="892713c2-a58a-4378-88b7-0e5865af8eb8" testListId="8c84fa94-04c1-424b-9868-57a2d4851a1d" />
    <TestEntry testId="49df7065-5f98-eeef-fb6c-62a85dcfa6bd" executionId="34b964bc-38ac-4d7f-8868-022010e2b1c4" testListId="8c84fa94-04c1-424b-9868-57a2d4851a1d" />
    <TestEntry testId="428052d8-7882-dd77-29a9-baaef9dda7cb" executionId="3394d0a3-62ef-4f53-9093-f4083fbf30ef" testListId="8c84fa94-04c1-424b-9868-57a2d4851a1d" />
    <TestEntry testId="d9fd218d-a39e-f63b-4bdf-e6b60408c1f6" executionId="e1e95952-a5f3-4651-8302-01c28b62fad0" testListId="8c84fa94-04c1-424b-9868-57a2d4851a1d" />
    <TestEntry testId="d2743171-1c43-3951-f79f-92abb08a800c" executionId="03d3cdf4-cbaf-4d15-a27e-cd8185002b07" testListId="8c84fa94-04c1-424b-9868-57a2d4851a1d" />
    <TestEntry testId="6c899109-2aa0-7921-8c18-7b097807c0f4" executionId="137f6dd0-dc5e-4413-a65c-ce5bc605f926" testListId="8c84fa94-04c1-424b-9868-57a2d4851a1d" />
    <TestEntry testId="b5932fcb-4c37-0441-b5e6-68bc6dd6051d" executionId="4c60f755-f37e-48ab-9a07-64e25b2282b2" testListId="8c84fa94-04c1-424b-9868-57a2d4851a1d" />
    <TestEntry testId="f8a95b44-1e62-0c8d-8e35-4976fa7a3784" executionId="285d4770-715b-40f1-a2c6-0c0e6a046758" testListId="8c84fa94-04c1-424b-9868-57a2d4851a1d" />
    <TestEntry testId="63651d06-1619-fbbe-968a-0eb5a0b314f2" executionId="86b38d04-5984-4937-ab67-79c0986a26eb" testListId="8c84fa94-04c1-424b-9868-57a2d4851a1d" />
    <TestEntry testId="b251b759-b56c-2c15-d53e-79277be353c5" executionId="8d72d136-ef91-47e3-8c2c-0b6b4209f019" testListId="8c84fa94-04c1-424b-9868-57a2d4851a1d" />
    <TestEntry testId="e0c28ef0-a292-b8a1-93a9-7d23a9e30c04" executionId="c44e86a9-87d6-49c1-afde-ea32273b5d96" testListId="8c84fa94-04c1-424b-9868-57a2d4851a1d" />
    <TestEntry testId="20fc2039-6aa7-3901-68f2-3b205d538d7e" executionId="5d64dcd3-a11d-424f-be5a-2b5dff9276f0" testListId="8c84fa94-04c1-424b-9868-57a2d4851a1d" />
    <TestEntry testId="51c1ab4e-5980-a7ad-9af4-2fa0c6fa0da9" executionId="bd870506-5e1f-4dc6-9eae-dd5d5e862466" testListId="8c84fa94-04c1-424b-9868-57a2d4851a1d" />
    <TestEntry testId="12faf06f-7b3a-0d21-8d57-e2f456bf19e9" executionId="ccffa884-afaa-451f-9fb5-c8e4b3f7f284" testListId="8c84fa94-04c1-424b-9868-57a2d4851a1d" />
    <TestEntry testId="d6c734e5-b549-cf04-a0df-7c0345645822" executionId="8708c2cd-f107-4584-9635-a0b7fcd6c601" testListId="8c84fa94-04c1-424b-9868-57a2d4851a1d" />
    <TestEntry testId="2ee18862-4e71-c5e0-efd4-9ebc5c202d61" executionId="763dc8a6-03b7-4af9-8bca-6a9e1321ffc6" testListId="8c84fa94-04c1-424b-9868-57a2d4851a1d" />
    <TestEntry testId="0102d947-d787-64d1-35c9-a375adad05b5" executionId="9db3360c-6e39-4c91-a114-a8d5e8db9706" testListId="8c84fa94-04c1-424b-9868-57a2d4851a1d" />
    <TestEntry testId="5281dede-359e-b0e8-173a-911308f45a74" executionId="7c1e563d-7666-4641-8a2c-f6a5743fa7da" testListId="8c84fa94-04c1-424b-9868-57a2d4851a1d" />
    <TestEntry testId="de5a8ad5-4a44-36d9-37cc-26d95dca0320" executionId="a2566de4-ce8a-4e6b-aedc-5525b0c4fd38" testListId="8c84fa94-04c1-424b-9868-57a2d4851a1d" />
    <TestEntry testId="976871b9-e3e5-b6a8-f973-545d05bc9da4" executionId="a2dcc986-18cc-43a9-9142-95841114ecd1" testListId="8c84fa94-04c1-424b-9868-57a2d4851a1d" />
    <TestEntry testId="76ae6fe4-721b-3385-a9d0-3b8d1c2dc22b" executionId="7ff66789-667d-445d-8b08-42b35fb5a244" testListId="8c84fa94-04c1-424b-9868-57a2d4851a1d" />
    <TestEntry testId="c5689617-157b-3e95-d758-adc4ba7b1d41" executionId="5f3f333d-795d-4575-9601-330c6eea70c9" testListId="8c84fa94-04c1-424b-9868-57a2d4851a1d" />
    <TestEntry testId="6ec194a5-8a4d-463b-e43a-5172b9278b6b" executionId="6857ab3b-0491-45a2-9316-c570919c09a6" testListId="8c84fa94-04c1-424b-9868-57a2d4851a1d" />
    <TestEntry testId="b9f31684-cce6-a2d3-b7ad-6e5a6fd7a8d9" executionId="b340fae5-65a9-4ec7-a5ed-3b5b10daf873" testListId="8c84fa94-04c1-424b-9868-57a2d4851a1d" />
    <TestEntry testId="b820a673-3374-0a5f-6c59-d079c6861030" executionId="c8a4b2da-909d-4836-a3d8-f6b8d923eed6" testListId="8c84fa94-04c1-424b-9868-57a2d4851a1d" />
    <TestEntry testId="5965bb70-4daa-f3cd-c616-6f2ec7a907dd" executionId="5a4dc411-da24-431b-92c5-6dba23de9aaf" testListId="8c84fa94-04c1-424b-9868-57a2d4851a1d" />
    <TestEntry testId="98fe0b63-37cb-8f2b-8b06-b4fc7066141c" executionId="17e0aa8c-ac2c-42a2-a1ba-e365bca1910b" testListId="8c84fa94-04c1-424b-9868-57a2d4851a1d" />
    <TestEntry testId="1ddcdaa1-7424-efd4-e8cf-fbe6c1da9826" executionId="a1839b08-fc54-4141-af25-e49438f5a859" testListId="8c84fa94-04c1-424b-9868-57a2d4851a1d" />
    <TestEntry testId="d4d1e0fb-3a0f-5262-fdf5-bb0908ed430a" executionId="d4029c44-a579-4efb-b697-467453f2243a" testListId="8c84fa94-04c1-424b-9868-57a2d4851a1d" />
    <TestEntry testId="b119e76e-e18b-e606-8a28-bb0f028f0c29" executionId="a1923603-3f55-4e41-b7dd-2c8efcd30da7" testListId="8c84fa94-04c1-424b-9868-57a2d4851a1d" />
    <TestEntry testId="61017103-881a-2e18-0f8b-b2f7f3239faa" executionId="f9f8192f-c0aa-4c31-b0ee-b3c8bc1b11b6" testListId="8c84fa94-04c1-424b-9868-57a2d4851a1d" />
    <TestEntry testId="cd56bb72-ee08-febd-4e16-288868200a20" executionId="5ccc1a43-de9a-4201-b163-1698c09963eb" testListId="8c84fa94-04c1-424b-9868-57a2d4851a1d" />
    <TestEntry testId="d669172f-1bef-cf95-b351-7843af45b606" executionId="0fe0f959-2a7f-4510-acc4-19fd178a5d33" testListId="8c84fa94-04c1-424b-9868-57a2d4851a1d" />
    <TestEntry testId="f8a8970a-390d-63e3-5fd4-4750485b34dc" executionId="f4e2bdaf-2760-40e0-abc4-6d9bd894093a" testListId="8c84fa94-04c1-424b-9868-57a2d4851a1d" />
    <TestEntry testId="b6922195-efc4-83b1-0ba3-9fa16eb58963" executionId="e4a7c71a-c840-4cd2-a833-02c0afa71437" testListId="8c84fa94-04c1-424b-9868-57a2d4851a1d" />
    <TestEntry testId="175bd445-b191-2e96-d71a-7eeb182b0517" executionId="e5fefa84-9063-4371-9f1b-578827a22fbb" testListId="8c84fa94-04c1-424b-9868-57a2d4851a1d" />
    <TestEntry testId="3e5c8ef4-df1a-7767-0819-2ea5ae25d0f6" executionId="54d4657d-6bfd-4e4e-ba4b-eb8cb0546dd7" testListId="8c84fa94-04c1-424b-9868-57a2d4851a1d" />
    <TestEntry testId="a10b48e5-7ad3-87ce-3932-dfdd067f76e1" executionId="48d132da-4d08-4591-85fd-ad2acd1ec67b" testListId="8c84fa94-04c1-424b-9868-57a2d4851a1d" />
    <TestEntry testId="9275c802-bced-7974-15f3-5b71d5853b7a" executionId="2eeedc7c-0cb7-49cd-be3c-daf61ebcacfc" testListId="8c84fa94-04c1-424b-9868-57a2d4851a1d" />
    <TestEntry testId="e9e9b3eb-0aa1-4a7d-e0f7-9c306dafa9a5" executionId="fa3c59e7-1cd9-48e1-8998-3d3b1f38d1c4" testListId="8c84fa94-04c1-424b-9868-57a2d4851a1d" />
    <TestEntry testId="8c26801c-2a75-5ae3-cbf7-adc0bc316ab0" executionId="ff0602b0-0372-497e-8497-00ec1a05d698" testListId="8c84fa94-04c1-424b-9868-57a2d4851a1d" />
    <TestEntry testId="af9f2b58-c460-7c46-7be3-493eb54312c4" executionId="0d72f874-36e0-41d1-b338-3e983cf4abfe" testListId="8c84fa94-04c1-424b-9868-57a2d4851a1d" />
    <TestEntry testId="9162760f-7a92-4313-8801-aaa9b9d5ea56" executionId="35a5a1c3-eeb8-4616-b072-3bcd2aecc02d" testListId="8c84fa94-04c1-424b-9868-57a2d4851a1d" />
    <TestEntry testId="a433ee57-a2b0-e881-257a-12bdf52cdff4" executionId="600a5ef2-ef6b-443d-b17c-f119c68d2ec3" testListId="8c84fa94-04c1-424b-9868-57a2d4851a1d" />
    <TestEntry testId="74111794-6dff-91e6-4f2b-7636775d48bd" executionId="c3295208-d3f2-4ad6-984b-c32ff39870e4" testListId="8c84fa94-04c1-424b-9868-57a2d4851a1d" />
    <TestEntry testId="c701119c-4de8-34f9-4037-4d632db40ca7" executionId="4fea8a40-3c3c-48d3-b732-cc0bffdcfbc0" testListId="8c84fa94-04c1-424b-9868-57a2d4851a1d" />
    <TestEntry testId="f496865f-5b97-2f56-0467-a866c3a0c44b" executionId="69ae0245-badc-4724-84bb-5a97b1776f5a" testListId="8c84fa94-04c1-424b-9868-57a2d4851a1d" />
    <TestEntry testId="38d5ca41-3c1f-aaf3-5ad1-f088b96220e5" executionId="7c0af911-3433-4de9-a59a-60adad764aa8" testListId="8c84fa94-04c1-424b-9868-57a2d4851a1d" />
    <TestEntry testId="f7d805f1-0959-3570-4505-7fdf579785bc" executionId="90d677ab-953c-43f1-b663-b9a161d4d1a7" testListId="8c84fa94-04c1-424b-9868-57a2d4851a1d" />
    <TestEntry testId="6a980786-6fa6-67f1-9c0a-cc710344bf12" executionId="9e3f023c-2662-4c70-9621-ca6efcc7277b" testListId="8c84fa94-04c1-424b-9868-57a2d4851a1d" />
    <TestEntry testId="ab766660-3569-6124-ff57-ac0b9246e162" executionId="076199be-7aab-49cd-907e-b5ce463b90cb" testListId="8c84fa94-04c1-424b-9868-57a2d4851a1d" />
    <TestEntry testId="5e76006e-cedc-5f17-2fcf-18d9ff89c96e" executionId="5c0fbb06-41c9-4340-b472-b6e991ceb306" testListId="8c84fa94-04c1-424b-9868-57a2d4851a1d" />
    <TestEntry testId="ff7b49f6-de60-6c3d-360b-a6f40745a7d0" executionId="5fbd62f0-999d-44eb-92e0-763835ab0154" testListId="8c84fa94-04c1-424b-9868-57a2d4851a1d" />
    <TestEntry testId="cf6c64d9-adf8-439e-136f-b5535dd9aead" executionId="9343503f-9243-4ceb-ac5e-d6d626ac5c42" testListId="8c84fa94-04c1-424b-9868-57a2d4851a1d" />
    <TestEntry testId="b6ec0be4-a778-7730-8025-fceb74f1be59" executionId="91436fc1-32e9-4ca9-bf16-4e9f4a2a72a3" testListId="8c84fa94-04c1-424b-9868-57a2d4851a1d" />
    <TestEntry testId="2725e4d8-00f0-565e-cb44-f63d4216b36d" executionId="d427356d-7168-4fc5-92a6-4821d1a0718a" testListId="8c84fa94-04c1-424b-9868-57a2d4851a1d" />
    <TestEntry testId="5ff0f98f-03f0-f146-6118-597b50f86b87" executionId="caf62b33-ee26-4597-8641-1ac31dc3ffb9" testListId="8c84fa94-04c1-424b-9868-57a2d4851a1d" />
    <TestEntry testId="65cbeb20-68a2-2270-6d27-ac6ea42a2c0f" executionId="85f2beac-894f-470e-945d-144f260509d3" testListId="8c84fa94-04c1-424b-9868-57a2d4851a1d" />
    <TestEntry testId="9c23c586-4bc5-908e-7311-9471a636e3e3" executionId="618f473b-214c-4eb2-9799-e29cd93c173c" testListId="8c84fa94-04c1-424b-9868-57a2d4851a1d" />
    <TestEntry testId="e7ddc4e7-233e-bd05-db85-65781e45e703" executionId="bf074c24-e16b-43ef-838d-d0f805796cb9" testListId="8c84fa94-04c1-424b-9868-57a2d4851a1d" />
    <TestEntry testId="099a1caa-c4be-4f2c-8472-fdf4e819f8d5" executionId="e37c2044-fc67-4e2f-bc5a-f0f4127566c0" testListId="8c84fa94-04c1-424b-9868-57a2d4851a1d" />
    <TestEntry testId="cc550a42-32bd-536c-6f9b-101019217d15" executionId="d9e37989-70ef-434f-93b2-9fe8a20812e5" testListId="8c84fa94-04c1-424b-9868-57a2d4851a1d" />
    <TestEntry testId="bbb0bc2d-fe25-e803-c6be-aa595a381c32" executionId="5d30f164-c755-4944-9902-1727f70670c2" testListId="8c84fa94-04c1-424b-9868-57a2d4851a1d" />
    <TestEntry testId="3ebefe60-d45f-c561-bec3-35fd3bc290fe" executionId="837ad2ff-e570-4ab4-98f1-0f8b8dbb1497" testListId="8c84fa94-04c1-424b-9868-57a2d4851a1d" />
    <TestEntry testId="dc8e0a4f-cfc3-4885-ef9c-a62fa51590d7" executionId="79f8b9da-2f3f-4a81-bdc8-b78b74feb0c6" testListId="8c84fa94-04c1-424b-9868-57a2d4851a1d" />
    <TestEntry testId="d11afebf-98cc-4bb8-c7c3-2a2d36d2b56b" executionId="5a326c53-ef15-4143-8d5e-10762d765c3a" testListId="8c84fa94-04c1-424b-9868-57a2d4851a1d" />
    <TestEntry testId="47107c25-74f6-756a-c4cd-f6080afcf3e4" executionId="cb35e1a3-b95e-4356-85b3-7af4a083b501" testListId="8c84fa94-04c1-424b-9868-57a2d4851a1d" />
    <TestEntry testId="23959bcb-a051-1c85-8466-f6c4766f3676" executionId="1121d36c-8b74-4e81-ad5f-3e96ae7f1068" testListId="8c84fa94-04c1-424b-9868-57a2d4851a1d" />
    <TestEntry testId="02f80128-4937-8905-e9d5-9b62b01ea616" executionId="e48e13f4-cfc2-46b0-b661-0176e04081de" testListId="8c84fa94-04c1-424b-9868-57a2d4851a1d" />
    <TestEntry testId="6a82f305-bb24-dfb4-21d0-d614d5943265" executionId="7a670c47-4178-4c3c-a17a-032bf370b8a8" testListId="8c84fa94-04c1-424b-9868-57a2d4851a1d" />
    <TestEntry testId="6b230a50-f2a7-19d8-8209-f2ec41e29998" executionId="46609b7d-0016-4292-a0e9-788dc63a2c2a" testListId="8c84fa94-04c1-424b-9868-57a2d4851a1d" />
    <TestEntry testId="bd90f36d-58fe-ca87-7a93-55778b7904aa" executionId="bb4f305a-23f3-4569-81ad-be19ee55d3bd" testListId="8c84fa94-04c1-424b-9868-57a2d4851a1d" />
    <TestEntry testId="b095f523-bb6d-5a3c-c615-b9b955d71fa5" executionId="5c392e5a-1c78-46df-bde7-f4610ab3d2b9" testListId="8c84fa94-04c1-424b-9868-57a2d4851a1d" />
    <TestEntry testId="1286d986-ad89-0ae1-0573-a7a3eac4e449" executionId="83895c40-7422-4d9f-838f-a107fb7c8950" testListId="8c84fa94-04c1-424b-9868-57a2d4851a1d" />
    <TestEntry testId="1e4d4614-056a-1644-37c8-c9386704e478" executionId="2973443c-a8c3-42f9-8feb-c2f583995207" testListId="8c84fa94-04c1-424b-9868-57a2d4851a1d" />
    <TestEntry testId="7a68ed83-521f-8f4f-ed77-8126dcb94941" executionId="5178d666-a92f-498f-bc8d-dd458dcb64b8" testListId="8c84fa94-04c1-424b-9868-57a2d4851a1d" />
    <TestEntry testId="686e3df9-427c-987b-79ae-05ed6ae236c3" executionId="0c76a923-d5f5-43ba-84da-f59183c2be48" testListId="8c84fa94-04c1-424b-9868-57a2d4851a1d" />
    <TestEntry testId="4bf1aef0-cd2d-34dd-30c0-14eaad310a29" executionId="ea1594c2-6986-4c73-b1d5-22ad1775bee9" testListId="8c84fa94-04c1-424b-9868-57a2d4851a1d" />
    <TestEntry testId="02842bee-58ef-ddaa-6566-060b91848051" executionId="8d070f9d-fccc-4279-a3d7-c689b5d15bc4" testListId="8c84fa94-04c1-424b-9868-57a2d4851a1d" />
    <TestEntry testId="350832a1-e94f-6e58-be7d-f1a32e7b56f7" executionId="c4b54383-754e-4f21-949b-21c6ecddd746" testListId="8c84fa94-04c1-424b-9868-57a2d4851a1d" />
    <TestEntry testId="04a6d51e-f58b-1226-581b-72746476ccca" executionId="03609e33-8540-4372-b51f-ede5f3141e88" testListId="8c84fa94-04c1-424b-9868-57a2d4851a1d" />
    <TestEntry testId="2fa6c3a2-f131-73d3-ed74-5bdecd355a87" executionId="1e77f359-d6e2-478c-a7a8-9d4940e685b0" testListId="8c84fa94-04c1-424b-9868-57a2d4851a1d" />
    <TestEntry testId="f8cab81c-c4da-516a-0717-8f51486e331c" executionId="6d797510-9837-4d28-875d-b4105560bc01" testListId="8c84fa94-04c1-424b-9868-57a2d4851a1d" />
    <TestEntry testId="a19daab8-4404-e039-91af-1d7e2df78ec5" executionId="2e044157-7e5e-4342-8a2a-ce027fd5941b" testListId="8c84fa94-04c1-424b-9868-57a2d4851a1d" />
    <TestEntry testId="5ec1a1c8-8690-0aed-b5ac-ec1898c6a02c" executionId="ecee884c-ebb8-4361-928a-49219dc9cfca" testListId="8c84fa94-04c1-424b-9868-57a2d4851a1d" />
    <TestEntry testId="03342a62-c671-786c-1f08-b89752fa9253" executionId="df20207c-e8b8-4ffc-9f13-1690b7c2dc6c" testListId="8c84fa94-04c1-424b-9868-57a2d4851a1d" />
    <TestEntry testId="b1e40d23-6334-fd1f-256b-139e40aa0325" executionId="a55cd2df-1e86-4aa1-bd11-86e6b9ff2e3a" testListId="8c84fa94-04c1-424b-9868-57a2d4851a1d" />
    <TestEntry testId="42146c62-504e-c46b-a485-d69b4f28292c" executionId="eb736c61-f50b-41b9-8a60-54ed374343ff" testListId="8c84fa94-04c1-424b-9868-57a2d4851a1d" />
    <TestEntry testId="eb38a30f-0300-d9ea-1acd-35a309a33d63" executionId="cb386ce7-4dbb-4bb7-8561-79f091e4e020" testListId="8c84fa94-04c1-424b-9868-57a2d4851a1d" />
    <TestEntry testId="a378124c-fbc1-e14c-9b62-431a623fdea0" executionId="4b2aa2f0-b872-4c79-b15b-ec1d878a5597" testListId="8c84fa94-04c1-424b-9868-57a2d4851a1d" />
    <TestEntry testId="54e4ddb2-aef6-898e-d9e1-68eb80b8d222" executionId="ab941a83-918b-4057-b165-bdc9e4cd3615" testListId="8c84fa94-04c1-424b-9868-57a2d4851a1d" />
    <TestEntry testId="2cbfe38b-b012-4992-4a50-1f6c3c480a3d" executionId="db32bab4-202f-404f-9d67-647dc33f8a06" testListId="8c84fa94-04c1-424b-9868-57a2d4851a1d" />
    <TestEntry testId="0087f13b-1314-cf32-af94-8db5c62b9de3" executionId="d1ec2d1c-0b8c-44df-a663-860a0f5b8ef8" testListId="8c84fa94-04c1-424b-9868-57a2d4851a1d" />
    <TestEntry testId="c28b970a-bf15-a853-acb5-cdbf52d26806" executionId="976fbcee-8019-4550-8bfc-f644f582e662" testListId="8c84fa94-04c1-424b-9868-57a2d4851a1d" />
    <TestEntry testId="8c93b9fd-98c5-f2cc-88a5-07d2a373329b" executionId="c121d89f-855c-43ec-a76a-b1a6afa65e6c" testListId="8c84fa94-04c1-424b-9868-57a2d4851a1d" />
    <TestEntry testId="de7bdf3c-cbb5-8931-de7f-015a28c1c0ae" executionId="519d0ad1-f99e-4789-8c55-146a9199b41b" testListId="8c84fa94-04c1-424b-9868-57a2d4851a1d" />
    <TestEntry testId="78f0c639-4a50-f219-f205-d83f18550864" executionId="4788ba04-5da3-4b30-963c-336792389b4e" testListId="8c84fa94-04c1-424b-9868-57a2d4851a1d" />
    <TestEntry testId="2449ef5d-6bef-4146-b726-61a685312f4f" executionId="c5762293-6d3f-4474-bcec-aeedc843673b" testListId="8c84fa94-04c1-424b-9868-57a2d4851a1d" />
    <TestEntry testId="b2a6a34b-188a-7015-69c9-dd621fb68f79" executionId="5268daa9-0265-4128-856f-d525362bd60c" testListId="8c84fa94-04c1-424b-9868-57a2d4851a1d" />
    <TestEntry testId="9403de0b-3ec1-4222-e1cf-0d46330dda71" executionId="883a34ba-c424-4154-80d8-69847710d42f" testListId="8c84fa94-04c1-424b-9868-57a2d4851a1d" />
    <TestEntry testId="599ca3f9-cc9e-c8a0-b5d5-bbf1d797404c" executionId="667a0360-5b75-4587-b333-16b1d6de5af4" testListId="8c84fa94-04c1-424b-9868-57a2d4851a1d" />
    <TestEntry testId="64b6bcd9-3dca-c05b-e272-b4205dfa307d" executionId="2bc9e500-5b99-45e3-9fc7-ce5ff760a0e3" testListId="8c84fa94-04c1-424b-9868-57a2d4851a1d" />
    <TestEntry testId="8457349a-3463-eafd-228f-f71776ca72b8" executionId="e43a16ef-be25-4477-87a7-c010b3acf340" testListId="8c84fa94-04c1-424b-9868-57a2d4851a1d" />
    <TestEntry testId="5180e411-3992-ca19-fa45-01f299856246" executionId="f68622cf-39ca-412c-ac45-643146351bbd" testListId="8c84fa94-04c1-424b-9868-57a2d4851a1d" />
    <TestEntry testId="0c123a8c-ee3d-4ec8-c156-e17c2858344c" executionId="1832b0f5-1e0d-4e32-80db-42fbe8dbc47f" testListId="8c84fa94-04c1-424b-9868-57a2d4851a1d" />
    <TestEntry testId="283c2f61-5bea-e19b-0136-ae8f0da92e79" executionId="521c3c66-41db-42f2-a18d-b00276987673" testListId="8c84fa94-04c1-424b-9868-57a2d4851a1d" />
    <TestEntry testId="6331362b-9c58-7503-b444-72ac258e84cf" executionId="446d604f-4384-4080-903f-0d309d39bb4f" testListId="8c84fa94-04c1-424b-9868-57a2d4851a1d" />
    <TestEntry testId="e7e6c5fa-e16e-8c54-06e5-8592cb3328c0" executionId="d223697b-0fb0-4f6d-849f-a700466a9893" testListId="8c84fa94-04c1-424b-9868-57a2d4851a1d" />
    <TestEntry testId="265056d7-87e9-cd3d-9557-0a41f5841fcf" executionId="1b129200-31b7-4df9-a171-e8eeeb961412" testListId="8c84fa94-04c1-424b-9868-57a2d4851a1d" />
    <TestEntry testId="20e680d3-37bd-5dcd-6cd9-321a1c196e07" executionId="92ae2e6b-99cc-4ec3-b76f-00dbe94f70d7" testListId="8c84fa94-04c1-424b-9868-57a2d4851a1d" />
    <TestEntry testId="83f5bdcd-2c1c-9e19-76e8-646b42a221e4" executionId="3e673842-aabb-4640-a8b3-d66b1a5384e5" testListId="8c84fa94-04c1-424b-9868-57a2d4851a1d" />
    <TestEntry testId="9a007a00-e44b-4471-8591-53dcac8274ff" executionId="bd2b3ced-6c47-4ee5-a92b-cdf034a0dbaf" testListId="8c84fa94-04c1-424b-9868-57a2d4851a1d" />
    <TestEntry testId="8227669a-089c-c315-f950-a96230acb800" executionId="11978b6a-a4a9-4c85-b1ba-4ae200b08f12" testListId="8c84fa94-04c1-424b-9868-57a2d4851a1d" />
    <TestEntry testId="9360ccc8-e628-6476-62fa-8cb6546f9b33" executionId="f668bbbe-f93a-440b-b7e5-c08483ed75ad" testListId="8c84fa94-04c1-424b-9868-57a2d4851a1d" />
    <TestEntry testId="ef9556a1-43ea-55c6-65f3-631bed6db249" executionId="b60c1ef8-55db-4628-b312-fa091b83f5b1" testListId="8c84fa94-04c1-424b-9868-57a2d4851a1d" />
    <TestEntry testId="51d4e05c-c0a2-baca-58a6-8b5de7318d9f" executionId="6af6f98f-7556-40c3-8d5d-5098b26e00f0" testListId="8c84fa94-04c1-424b-9868-57a2d4851a1d" />
    <TestEntry testId="b04c4fc4-0b4c-de75-1429-e6b7f4254d67" executionId="f3a1f7b2-7b92-4886-815d-e73b8782deb9" testListId="8c84fa94-04c1-424b-9868-57a2d4851a1d" />
    <TestEntry testId="489f187d-0468-63e3-0e3c-46a80a2e55a4" executionId="cef7f069-cf0a-420e-90e0-a5868cf90fcb" testListId="8c84fa94-04c1-424b-9868-57a2d4851a1d" />
    <TestEntry testId="052ee71f-26c2-9859-72b9-feadda7d966d" executionId="a3556d05-4ad0-4a10-ba45-5b01a1ea318c" testListId="8c84fa94-04c1-424b-9868-57a2d4851a1d" />
    <TestEntry testId="82a235da-de78-ba4a-bc15-106870e18ce5" executionId="4196dae1-fc50-4a32-bde7-8fffc438d15a" testListId="8c84fa94-04c1-424b-9868-57a2d4851a1d" />
    <TestEntry testId="3d90761a-15e7-75a1-ae51-2bfb2c629dc0" executionId="c251b02c-a963-422a-82ff-f33c3f99701f" testListId="8c84fa94-04c1-424b-9868-57a2d4851a1d" />
    <TestEntry testId="94fa0ab4-61ce-c6ab-5c59-07967741738a" executionId="10dd36ef-db75-452d-afab-56e65da77431" testListId="8c84fa94-04c1-424b-9868-57a2d4851a1d" />
    <TestEntry testId="e59e8aa4-eeae-8916-aa6d-620e8eab4aa8" executionId="235b2e0f-6d80-42c0-bb94-f9f86acb26ce" testListId="8c84fa94-04c1-424b-9868-57a2d4851a1d" />
    <TestEntry testId="64209470-d058-3cea-6c75-fff70dcf3d5d" executionId="33b52b48-15df-429b-a176-65a58cf46512" testListId="8c84fa94-04c1-424b-9868-57a2d4851a1d" />
    <TestEntry testId="490636a1-cc1a-e079-4fb4-4c9f2f773374" executionId="726b93e3-e876-4d91-91bd-7dd84e3764d7" testListId="8c84fa94-04c1-424b-9868-57a2d4851a1d" />
    <TestEntry testId="1613560e-07a8-4cbd-1167-d80d28347abb" executionId="a1d20a2d-b912-4bbf-8134-05dda75f6aca" testListId="8c84fa94-04c1-424b-9868-57a2d4851a1d" />
    <TestEntry testId="3acbbe98-c61f-9d46-3fdf-7766f22f4fc9" executionId="76a86201-15ac-4658-8ecb-fc55c5b359e8" testListId="8c84fa94-04c1-424b-9868-57a2d4851a1d" />
    <TestEntry testId="c673d55e-61ed-3eb6-41ab-ae60b4e47391" executionId="1d27e8bb-b88f-433b-a494-09a03499e235" testListId="8c84fa94-04c1-424b-9868-57a2d4851a1d" />
    <TestEntry testId="67a9263d-3a19-034f-57e3-ff5323ef61c9" executionId="a53f62d4-0e12-4815-9a14-a88216eddb27" testListId="8c84fa94-04c1-424b-9868-57a2d4851a1d" />
    <TestEntry testId="b614e99a-e42f-5ceb-c611-8702698b9bf1" executionId="e9d488e2-4f46-4168-aeb4-4b9a45a70922" testListId="8c84fa94-04c1-424b-9868-57a2d4851a1d" />
    <TestEntry testId="19660cff-a1de-c0e5-5e2f-640bdd7db3ec" executionId="66744198-edfc-49d8-a416-5c39e4cfe7ff" testListId="8c84fa94-04c1-424b-9868-57a2d4851a1d" />
    <TestEntry testId="c349a500-9814-8897-b266-1b220601c7b5" executionId="d26eb687-6f6d-4bf3-9948-36ff3e9b1a25" testListId="8c84fa94-04c1-424b-9868-57a2d4851a1d" />
    <TestEntry testId="784ba244-b990-3b2e-f6c3-993ce8ce6ef5" executionId="a5407729-308f-4083-83e8-d8f71664cf64" testListId="8c84fa94-04c1-424b-9868-57a2d4851a1d" />
    <TestEntry testId="7e86f5eb-5a95-f243-503d-4bfe55305a83" executionId="17d0ba5a-1816-4702-8a5e-4a0106ebc38b" testListId="8c84fa94-04c1-424b-9868-57a2d4851a1d" />
    <TestEntry testId="51d931e0-4a6d-e9e2-d239-1736dc358211" executionId="d8d9daf0-e35f-46b0-82cb-b58043ece686" testListId="8c84fa94-04c1-424b-9868-57a2d4851a1d" />
    <TestEntry testId="e417a92b-be8d-ea49-a654-9a3d9502f3e0" executionId="55f670c4-a2b6-464c-9025-0e2c948e3aaf" testListId="8c84fa94-04c1-424b-9868-57a2d4851a1d" />
    <TestEntry testId="27c23e06-a466-dd2e-8213-895213eda3ab" executionId="17089ce5-6795-4192-a337-1a20c9f3ce13" testListId="8c84fa94-04c1-424b-9868-57a2d4851a1d" />
    <TestEntry testId="26d6bbd6-0508-8780-628e-152475655955" executionId="1495efb0-1650-4a6c-9320-5260bb9e9065" testListId="8c84fa94-04c1-424b-9868-57a2d4851a1d" />
    <TestEntry testId="21ee0cf7-92ff-a69e-6fab-1adda00b32df" executionId="5932b647-1751-4cb0-88b3-56c278b2922e" testListId="8c84fa94-04c1-424b-9868-57a2d4851a1d" />
    <TestEntry testId="f326b5f8-1830-ef38-5782-9bd8fb54e336" executionId="f7320341-1be0-469f-8fc3-10b4e38e81e0" testListId="8c84fa94-04c1-424b-9868-57a2d4851a1d" />
    <TestEntry testId="698fafc3-e03a-1a54-9a5c-d310e521006b" executionId="5aba4e23-ee14-4227-9d0d-a62651f74371" testListId="8c84fa94-04c1-424b-9868-57a2d4851a1d" />
    <TestEntry testId="66a712f0-1239-a974-628e-103cd5419f14" executionId="445a7da6-aeea-4bfe-8708-5bb601d7301a" testListId="8c84fa94-04c1-424b-9868-57a2d4851a1d" />
    <TestEntry testId="8698d5b3-9a57-0708-93ce-8e38d668e009" executionId="839e71bc-85a2-4329-8bee-ee824d2d22bc" testListId="8c84fa94-04c1-424b-9868-57a2d4851a1d" />
    <TestEntry testId="02899070-be20-188d-b8d1-2f75c98f396f" executionId="af83338a-3f2e-4be8-9e6e-849d2410b098" testListId="8c84fa94-04c1-424b-9868-57a2d4851a1d" />
    <TestEntry testId="e3c6b8bd-2717-8ba4-43a1-dd794fde5e54" executionId="af5d82aa-8c60-4ed8-9169-85b2106ed145" testListId="8c84fa94-04c1-424b-9868-57a2d4851a1d" />
    <TestEntry testId="f97b4287-9130-4273-2524-920e467deab9" executionId="5a4560fa-b02e-48b9-8472-cd46902bc0ea" testListId="8c84fa94-04c1-424b-9868-57a2d4851a1d" />
    <TestEntry testId="47728473-b9e5-4b51-7b23-7416763c7769" executionId="8df8b3b3-9e92-47db-922c-65dc20a5d70d" testListId="8c84fa94-04c1-424b-9868-57a2d4851a1d" />
    <TestEntry testId="37268108-18da-b9d3-075e-a58a9390dae2" executionId="45909f3b-4b08-4091-8296-6c469ee989aa" testListId="8c84fa94-04c1-424b-9868-57a2d4851a1d" />
    <TestEntry testId="49d7b575-ad9f-89d2-f6b6-832f2b3660f8" executionId="25f6cc99-bca9-4800-84d2-25ff7a87df25" testListId="8c84fa94-04c1-424b-9868-57a2d4851a1d" />
    <TestEntry testId="6f58c3ef-7d94-8667-b912-cdc1678e7d0a" executionId="b04e9658-7ac2-4521-a4a9-f54cb32056dc" testListId="8c84fa94-04c1-424b-9868-57a2d4851a1d" />
    <TestEntry testId="bea138e1-1fad-cac8-5bf5-4387f1606a5b" executionId="a641b2e3-19a7-40ed-9274-9a7264901817" testListId="8c84fa94-04c1-424b-9868-57a2d4851a1d" />
    <TestEntry testId="c22a34fc-e95e-5094-0b07-6980e351c5e4" executionId="910dea94-ec33-462b-9a54-c2c99437dd5f" testListId="8c84fa94-04c1-424b-9868-57a2d4851a1d" />
    <TestEntry testId="45082cfc-5327-3fdd-d41d-406b8dd179be" executionId="9d2fb524-413c-45ff-bb00-281db2448f2a" testListId="8c84fa94-04c1-424b-9868-57a2d4851a1d" />
    <TestEntry testId="1807b013-3efc-338b-5515-25690da0f308" executionId="08a8f104-689a-46ee-a015-b1c64b193b30" testListId="8c84fa94-04c1-424b-9868-57a2d4851a1d" />
    <TestEntry testId="0ea52cb3-a170-fe99-a05c-139d909b8fbc" executionId="9a249400-aba7-454d-bbd7-8ae9a9ff5326" testListId="8c84fa94-04c1-424b-9868-57a2d4851a1d" />
    <TestEntry testId="1c2d2e1e-0fd3-fc86-5d43-170f0b68775e" executionId="7572f952-35da-4c81-869d-4abe2fa5fe4f" testListId="8c84fa94-04c1-424b-9868-57a2d4851a1d" />
    <TestEntry testId="676fdd5c-23ef-1c9f-7ec3-7aa35d6a212e" executionId="d0d4dcc8-8c62-4e6f-b923-a881a9e515ca" testListId="8c84fa94-04c1-424b-9868-57a2d4851a1d" />
    <TestEntry testId="f235275b-3e48-57c2-555d-e0dc21c6f743" executionId="1648b10a-2c95-4b05-960e-a76b8b4f2bd3" testListId="8c84fa94-04c1-424b-9868-57a2d4851a1d" />
    <TestEntry testId="ee1adf46-3dbc-4fa4-6624-c5866a212d87" executionId="8cbbc868-0dee-441a-b27a-a418af0a5acd" testListId="8c84fa94-04c1-424b-9868-57a2d4851a1d" />
    <TestEntry testId="31378fda-0f31-0b08-d74b-18a508f11802" executionId="d9fe22f5-db5d-4968-8ac0-cbb019600dbb" testListId="8c84fa94-04c1-424b-9868-57a2d4851a1d" />
    <TestEntry testId="6b92b6b7-2771-31a1-ed47-e54ddaba14a7" executionId="fe99c10e-056b-4698-8f81-f15adb25f5d0" testListId="8c84fa94-04c1-424b-9868-57a2d4851a1d" />
    <TestEntry testId="b64eff7d-2849-b441-532d-2379356b2b61" executionId="7020b9d2-af81-4e7b-80f0-8d78d33d0364" testListId="8c84fa94-04c1-424b-9868-57a2d4851a1d" />
    <TestEntry testId="7cb39dd4-cb2d-85c2-7c67-b89e50ca6ebd" executionId="741fc0e7-70ea-43e4-beaa-dfb6ff72654a" testListId="8c84fa94-04c1-424b-9868-57a2d4851a1d" />
    <TestEntry testId="558b3c36-4bfa-d017-852f-a510fa197df8" executionId="8df83237-7643-4aa5-b015-e2bf96a3c0d9" testListId="8c84fa94-04c1-424b-9868-57a2d4851a1d" />
    <TestEntry testId="dca3a84d-4ece-7664-1d57-025529f11686" executionId="e27e2c3b-8cf0-483f-b7e8-78e994c1ff15" testListId="8c84fa94-04c1-424b-9868-57a2d4851a1d" />
    <TestEntry testId="8cb05ff7-3893-426b-0a54-24c8fd2d7e89" executionId="b1c6abcd-bdee-4530-8d27-a16d434d9328" testListId="8c84fa94-04c1-424b-9868-57a2d4851a1d" />
    <TestEntry testId="8e0a9cee-2598-724d-3ca2-4a214d7ba7e8" executionId="337428ce-17da-4019-bc91-d0426bbc6be9" testListId="8c84fa94-04c1-424b-9868-57a2d4851a1d" />
    <TestEntry testId="7b573cfc-abab-ac9f-6083-33dbb3052041" executionId="0de02d9a-3d1d-4d49-88c4-97f5c67e8491" testListId="8c84fa94-04c1-424b-9868-57a2d4851a1d" />
    <TestEntry testId="bbf44016-4f44-60af-a29d-a1548af75744" executionId="bcd19459-31ef-4a62-87d0-afe7b0f530f0" testListId="8c84fa94-04c1-424b-9868-57a2d4851a1d" />
    <TestEntry testId="abf3d1b0-0a87-e1ac-9237-e866dd26696b" executionId="a7c2f4f3-1d72-4bf1-ae0d-309d4a4f4816" testListId="8c84fa94-04c1-424b-9868-57a2d4851a1d" />
    <TestEntry testId="a8616b4a-8b45-e777-31ba-757ec01761a4" executionId="e4809fb5-e557-4ea7-9a24-9fbcd8d152a4" testListId="8c84fa94-04c1-424b-9868-57a2d4851a1d" />
    <TestEntry testId="79b2e787-75eb-ada0-1fb7-9139ee283fa0" executionId="23ba10f2-de98-4422-95ba-5f386e7bf2f1" testListId="8c84fa94-04c1-424b-9868-57a2d4851a1d" />
    <TestEntry testId="bd9a101b-15ce-6716-abd4-489bab9cc742" executionId="1a28b1e2-234a-40fa-8135-1e3a489035c0" testListId="8c84fa94-04c1-424b-9868-57a2d4851a1d" />
    <TestEntry testId="6a0d94b9-be6d-23cd-64bc-d59669bc2f33" executionId="5fc01ded-2d5f-43de-b3c2-51c25069f54e" testListId="8c84fa94-04c1-424b-9868-57a2d4851a1d" />
    <TestEntry testId="31bdbc99-0e38-b05a-bfc7-f7c211e4f869" executionId="e91dd0de-1fb0-48a5-b9a2-49a53dd27d44" testListId="8c84fa94-04c1-424b-9868-57a2d4851a1d" />
    <TestEntry testId="8d523190-9f67-adef-340e-83b2a27022a7" executionId="179e377a-1af9-4ee3-b435-779305f4656f" testListId="8c84fa94-04c1-424b-9868-57a2d4851a1d" />
    <TestEntry testId="7839b1cc-fc32-8268-0fbc-44f9ecd9a6fc" executionId="58105ca9-38b2-497e-8319-db34c942eb33" testListId="8c84fa94-04c1-424b-9868-57a2d4851a1d" />
    <TestEntry testId="f9746748-86d6-845b-270f-2273d35cd085" executionId="d750dde8-727c-4b1c-b1db-7456b6c2643e" testListId="8c84fa94-04c1-424b-9868-57a2d4851a1d" />
    <TestEntry testId="14433b58-ac7a-f628-f534-069ece792b0a" executionId="9df379c4-321e-49d2-9d13-80397a382985" testListId="8c84fa94-04c1-424b-9868-57a2d4851a1d" />
    <TestEntry testId="00ec3ee8-68a3-a137-d508-0e8509b1b810" executionId="b3e534c6-d432-4126-874c-e4fc36610d4c" testListId="8c84fa94-04c1-424b-9868-57a2d4851a1d" />
    <TestEntry testId="e8652ddb-44dd-7267-219e-345707d6380d" executionId="01079b90-ce42-48de-bebd-0cfecc984bfd" testListId="8c84fa94-04c1-424b-9868-57a2d4851a1d" />
    <TestEntry testId="7c359d95-09c2-5194-7104-23c6787fa98b" executionId="14c08de1-37a6-4760-8500-ddef38ea3924" testListId="8c84fa94-04c1-424b-9868-57a2d4851a1d" />
    <TestEntry testId="817734a0-650f-5309-2eea-8bfb9908324d" executionId="a740ea7f-b131-4cee-9c5f-6899f9eec886" testListId="8c84fa94-04c1-424b-9868-57a2d4851a1d" />
    <TestEntry testId="bdd00bde-b155-18a7-3ea5-be3cb3909dca" executionId="4f6e60a6-4e35-46b9-9453-b0781ab2063e" testListId="8c84fa94-04c1-424b-9868-57a2d4851a1d" />
    <TestEntry testId="306d5900-e8ef-ff9f-ca16-9368d7a803dc" executionId="278a035c-63b1-4943-a9dc-2e6f8d4c190b" testListId="8c84fa94-04c1-424b-9868-57a2d4851a1d" />
    <TestEntry testId="7b0e8ce6-39e4-bdc0-f025-1b82a0a9b806" executionId="40e8b7db-4d55-4714-9fa9-f8d5c588e64a" testListId="8c84fa94-04c1-424b-9868-57a2d4851a1d" />
    <TestEntry testId="850dc87f-30ca-0124-783e-34e55674b383" executionId="74f4070f-7939-48b4-9d6b-683a68726f9b" testListId="8c84fa94-04c1-424b-9868-57a2d4851a1d" />
    <TestEntry testId="1fe8703c-05f0-b2e4-295f-94e81b117d3b" executionId="623a1f9a-f848-4c0b-98a7-f662ba0f0fba" testListId="8c84fa94-04c1-424b-9868-57a2d4851a1d" />
    <TestEntry testId="1b260d25-2350-cdf0-a0f5-e49eb8dab1ac" executionId="3337f4bd-c02b-4286-ae55-012302dc31ba" testListId="8c84fa94-04c1-424b-9868-57a2d4851a1d" />
    <TestEntry testId="9bd5bfde-1bd9-bd6e-20e4-328f9754f564" executionId="7f0617fc-7040-42cf-b90b-4f386d55b990" testListId="8c84fa94-04c1-424b-9868-57a2d4851a1d" />
    <TestEntry testId="39e5fdbf-c251-aff9-474d-a0aeabf1a26a" executionId="99e73093-8c66-46ac-8c78-7b48772d34c5" testListId="8c84fa94-04c1-424b-9868-57a2d4851a1d" />
    <TestEntry testId="acdcd4e7-69b8-8479-4c4a-77aaa96b9c64" executionId="20105dbd-4e5a-4e69-8167-4bfc9a437ec7" testListId="8c84fa94-04c1-424b-9868-57a2d4851a1d" />
    <TestEntry testId="8bf10d9f-0afa-b6dd-127c-9642859e68ec" executionId="e81d40ad-59d9-4cc5-ada4-ed3bf780f97c" testListId="8c84fa94-04c1-424b-9868-57a2d4851a1d" />
    <TestEntry testId="f4ccda9b-20f2-8b36-4f28-423059d61d5d" executionId="80ee088a-c7ae-4576-9d06-21e73e0a3a5e" testListId="8c84fa94-04c1-424b-9868-57a2d4851a1d" />
    <TestEntry testId="739c201b-4289-8fea-4e47-f625242937cc" executionId="6c95d46f-417b-476a-ba26-fd949acd9ce7" testListId="8c84fa94-04c1-424b-9868-57a2d4851a1d" />
    <TestEntry testId="981cd72f-7507-0d24-dec6-6ff9ceb67cc5" executionId="af3c82f6-6494-4ae4-b240-40107184bfbe" testListId="8c84fa94-04c1-424b-9868-57a2d4851a1d" />
    <TestEntry testId="3f339b29-febf-ee29-5dc9-c8ef840b17d4" executionId="b6467381-5baf-436c-b6fd-ef33ce8f7f95" testListId="8c84fa94-04c1-424b-9868-57a2d4851a1d" />
    <TestEntry testId="b87e15cf-92d6-d770-9066-af27abfcde94" executionId="b75c8214-ad6a-454a-ba75-299d964c860e" testListId="8c84fa94-04c1-424b-9868-57a2d4851a1d" />
    <TestEntry testId="a278073e-9121-4b4a-fec3-93c889bb4a36" executionId="0906b65b-ca87-46a2-85c3-55947e5d768a" testListId="8c84fa94-04c1-424b-9868-57a2d4851a1d" />
    <TestEntry testId="ee748996-9cd4-355e-469a-f5cfefd00f4b" executionId="5df67f9a-3120-4e88-9970-9fdd40be1d3e" testListId="8c84fa94-04c1-424b-9868-57a2d4851a1d" />
    <TestEntry testId="b41fd184-51bd-02d7-0f99-0ce51c2c7459" executionId="b30d83d5-a51d-4adf-9df5-b1f86152b82e" testListId="8c84fa94-04c1-424b-9868-57a2d4851a1d" />
    <TestEntry testId="22e7f319-2869-14f0-4c11-1312a43cb76f" executionId="166cdd1c-c5cb-4e31-ae6b-9401c3d9fb08" testListId="8c84fa94-04c1-424b-9868-57a2d4851a1d" />
    <TestEntry testId="077d126d-bf82-0850-a786-9bffb554e161" executionId="ee6cb11a-fa9b-43d2-a05d-1e2747897091" testListId="8c84fa94-04c1-424b-9868-57a2d4851a1d" />
    <TestEntry testId="5c84f8f2-25d9-8711-019a-52987cd06c94" executionId="06995168-8af4-4107-a8a2-580d4c92cf08" testListId="8c84fa94-04c1-424b-9868-57a2d4851a1d" />
    <TestEntry testId="900e3bc2-62c9-09bd-a90d-537bbccd76c9" executionId="84f7f5bf-461e-41b9-ab8e-2cfe4379e838" testListId="8c84fa94-04c1-424b-9868-57a2d4851a1d" />
    <TestEntry testId="87fedafe-7c9a-509d-46d0-2824b1a82854" executionId="d35b3e01-bc8d-4258-a1cb-afa3ff21e5e1" testListId="8c84fa94-04c1-424b-9868-57a2d4851a1d" />
    <TestEntry testId="fe0ee952-be40-ff52-3723-3e45a9e80b14" executionId="aa7b5a01-b704-43a0-9411-d0d9151ec51f" testListId="8c84fa94-04c1-424b-9868-57a2d4851a1d" />
    <TestEntry testId="67d41ff5-5257-cf3f-7402-5e8db4936dfe" executionId="cdad8ee9-b4e4-4439-a0a5-cb0232d8902e" testListId="8c84fa94-04c1-424b-9868-57a2d4851a1d" />
    <TestEntry testId="c297598c-32f8-14c6-3c3e-4a7542022254" executionId="488cc706-8965-4213-b4a1-2b0a36321d45" testListId="8c84fa94-04c1-424b-9868-57a2d4851a1d" />
    <TestEntry testId="88586bc0-d597-f8c5-2900-56a7b3a11fd5" executionId="7863614a-fc02-4c71-a5e9-4c09c71e253d" testListId="8c84fa94-04c1-424b-9868-57a2d4851a1d" />
    <TestEntry testId="8d2fcafc-8596-5e05-3558-e9ea41ed933b" executionId="a43e6e8d-f6aa-42e6-bbe5-c5bccf520bbd" testListId="8c84fa94-04c1-424b-9868-57a2d4851a1d" />
    <TestEntry testId="6d04ea57-053f-8179-0feb-46e0a3ecb668" executionId="dde28c1d-8cb0-4683-9e19-cb62fb587077" testListId="8c84fa94-04c1-424b-9868-57a2d4851a1d" />
    <TestEntry testId="b72c2606-5708-4c57-292e-24b59f47238b" executionId="afdefd95-f865-4e01-a340-ca85fcefead4" testListId="8c84fa94-04c1-424b-9868-57a2d4851a1d" />
    <TestEntry testId="6a65bb7e-98d5-ee3a-8c37-84eb9bebd3f4" executionId="fa040061-1871-4aa0-b9a0-25b53e65ecad" testListId="8c84fa94-04c1-424b-9868-57a2d4851a1d" />
    <TestEntry testId="4b6ba6ee-801f-8cdb-9eeb-8252d6b6ef3b" executionId="7c524f45-47be-419d-9f30-b331d2cd1c64" testListId="8c84fa94-04c1-424b-9868-57a2d4851a1d" />
    <TestEntry testId="227b8a65-208b-66e2-7e28-8632ba152597" executionId="402146ac-05b7-47bb-90a2-10363643a949" testListId="8c84fa94-04c1-424b-9868-57a2d4851a1d" />
    <TestEntry testId="3a23e78c-9b5e-9066-e6f7-8bc201892426" executionId="f94b99eb-c694-443e-ace9-17c313131de8" testListId="8c84fa94-04c1-424b-9868-57a2d4851a1d" />
  </TestEntries>
  <TestLists>
    <TestList name="Results Not in a List" id="8c84fa94-04c1-424b-9868-57a2d4851a1d" />
    <TestList name="All Loaded Results" id="19431567-8539-422a-85d7-44ee4e166bda" />
  </TestLists>
  <ResultSummary outcome="Completed">
    <Counters total="239" executed="239" passed="239" failed="0" error="0" timeout="0" aborted="0" inconclusive="0" passedButRunAborted="0" notRunnable="0" notExecuted="0" disconnected="0" warning="0" completed="0" inProgress="0" pending="0" />
    <Output>
      <StdOut>[xUnit.net 00:00:00.00] xUnit.net VSTest Adapter v2.8.2+699d445a1a (64-bit .NET 9.0.8)&#xD;
[xUnit.net 00:00:00.07]   Discovering: ShopFlow.Domain.Tests&#xD;
[xUnit.net 00:00:00.22]   Discovered:  ShopFlow.Domain.Tests&#xD;
[xUnit.net 00:00:00.22]   Starting:    ShopFlow.Domain.Tests&#xD;
[xUnit.net 00:00:00.47]   Finished:    ShopFlow.Domain.Tests&#xD;
</StdOut>
    </Output>
  </ResultSummary>
</TestRun>