<?xml version="1.0" encoding="utf-8"?>
<TestRun id="ca3caebd-e6cb-4e76-8217-477827ced076" name="namng@RAY 2025-09-07 22:44:10" runUser="RAY\namng" xmlns="http://microsoft.com/schemas/VisualStudio/TeamTest/2010">
  <Times creation="2025-09-07T22:44:10.9048885+07:00" queuing="2025-09-07T22:44:10.9048887+07:00" start="2025-09-07T22:44:07.0395481+07:00" finish="2025-09-07T22:44:11.0557355+07:00" />
  <TestSettings name="default" id="e84925fa-ec5b-44bf-9894-8903efa7475c">
    <Deployment runDeploymentRoot="namng_RAY_2025-09-07_22_44_10" />
  </TestSettings>
  <Results>
    <UnitTestResult executionId="8088609c-6c9c-4eb7-825c-fea00fe610da" testId="e8b4c273-3f76-ef07-ec01-9217d6987a13" testName="ShopFlow.Application.Tests.Validators.Users.CreateUserCommandValidatorTests.Validate_ValidPhoneFormats_ShouldPass(phone: &quot;+1234567890&quot;)" computerName="RAY" duration="00:00:00.0015653" startTime="2025-09-07T22:44:10.8979702+07:00" endTime="2025-09-07T22:44:10.8979702+07:00" testType="13cdc9d9-ddb5-4fa4-a97d-d965ccfc6d4b" outcome="Passed" testListId="8c84fa94-04c1-424b-9868-57a2d4851a1d" relativeResultsDirectory="8088609c-6c9c-4eb7-825c-fea00fe610da" />
    <UnitTestResult executionId="de878406-3f11-44c7-a713-8c8d1780fc33" testId="33366420-f015-e4d4-8cad-004160035bcc" testName="ShopFlow.Application.Tests.Validators.Users.CreateUserCommandValidatorTests.Validate_PasswordMissingRequiredCharacters_ShouldFail(password: &quot;12345678&quot;)" computerName="RAY" duration="00:00:00.0013232" startTime="2025-09-07T22:44:10.9290617+07:00" endTime="2025-09-07T22:44:10.9290617+07:00" testType="13cdc9d9-ddb5-4fa4-a97d-d965ccfc6d4b" outcome="Passed" testListId="8c84fa94-04c1-424b-9868-57a2d4851a1d" relativeResultsDirectory="de878406-3f11-44c7-a713-8c8d1780fc33" />
    <UnitTestResult executionId="be583ffd-7ebe-4bf4-b706-3c270295290f" testId="903d0921-71c1-2cb9-4cef-4a6c9e7fdae3" testName="ShopFlow.Application.Tests.Behaviors.ValidationBehaviorTests.Handle_ValidationResult_ShouldCallNextAppropriately(isValid: False, expectedNextCalls: 0)" computerName="RAY" duration="00:00:00.0014779" startTime="2025-09-07T22:44:10.9383184+07:00" endTime="2025-09-07T22:44:10.9383185+07:00" testType="13cdc9d9-ddb5-4fa4-a97d-d965ccfc6d4b" outcome="Passed" testListId="8c84fa94-04c1-424b-9868-57a2d4851a1d" relativeResultsDirectory="be583ffd-7ebe-4bf4-b706-3c270295290f" />
    <UnitTestResult executionId="e4cb83e8-d80f-4d53-b4f4-13fdce94211f" testId="e398c0dc-036e-9d45-da68-dc001f666a4d" testName="ShopFlow.Application.Tests.Validators.Users.CreateUserCommandValidatorTests.Validate_ValidGender_ShouldPass(gender: &quot;Other&quot;)" computerName="RAY" duration="00:00:00.0036257" startTime="2025-09-07T22:44:10.9472372+07:00" endTime="2025-09-07T22:44:10.9472373+07:00" testType="13cdc9d9-ddb5-4fa4-a97d-d965ccfc6d4b" outcome="Passed" testListId="8c84fa94-04c1-424b-9868-57a2d4851a1d" relativeResultsDirectory="e4cb83e8-d80f-4d53-b4f4-13fdce94211f" />
    <UnitTestResult executionId="1a00d734-e055-4dfc-8cce-e33b6185295b" testId="db0fc7a8-53e2-0682-abfb-10d47773d941" testName="ShopFlow.Application.Tests.Handlers.Users.GetUserQueryHandlerTests.Handle_UserWithoutPhone_ShouldReturnUserResponseWithNullPhone" computerName="RAY" duration="00:00:00.0010213" startTime="2025-09-07T22:44:10.8870809+07:00" endTime="2025-09-07T22:44:10.8870810+07:00" testType="13cdc9d9-ddb5-4fa4-a97d-d965ccfc6d4b" outcome="Passed" testListId="8c84fa94-04c1-424b-9868-57a2d4851a1d" relativeResultsDirectory="1a00d734-e055-4dfc-8cce-e33b6185295b" />
    <UnitTestResult executionId="da705429-165e-43f7-b4d7-562d673e6753" testId="feaaa2cc-cbc4-605a-6fcc-11adbbe8349d" testName="ShopFlow.Application.Tests.Handlers.Users.GetUserQueryHandlerTests.Handle_UserWithDifferentEmailVerificationStatus_ShouldReturnCorrectVerification(emailVerified: True)" computerName="RAY" duration="00:00:00.0007110" startTime="2025-09-07T22:44:10.8876204+07:00" endTime="2025-09-07T22:44:10.8876205+07:00" testType="13cdc9d9-ddb5-4fa4-a97d-d965ccfc6d4b" outcome="Passed" testListId="8c84fa94-04c1-424b-9868-57a2d4851a1d" relativeResultsDirectory="da705429-165e-43f7-b4d7-562d673e6753" />
    <UnitTestResult executionId="0f9395b9-821f-4ae5-983f-0e407ea2c244" testId="5fa2c0de-b48e-21f8-4b1e-0189a89bc64d" testName="ShopFlow.Application.Tests.Validators.Users.CreateUserCommandValidatorTests.Validate_PasswordMissingRequiredCharacters_ShouldFail(password: &quot;password123!&quot;)" computerName="RAY" duration="00:00:00.0006669" startTime="2025-09-07T22:44:10.9321347+07:00" endTime="2025-09-07T22:44:10.9321348+07:00" testType="13cdc9d9-ddb5-4fa4-a97d-d965ccfc6d4b" outcome="Passed" testListId="8c84fa94-04c1-424b-9868-57a2d4851a1d" relativeResultsDirectory="0f9395b9-821f-4ae5-983f-0e407ea2c244" />
    <UnitTestResult executionId="3ce5ebb1-720f-4dd3-ba78-41360d06eb9b" testId="1330cbc9-cca9-f4e2-d108-5878458ddfad" testName="ShopFlow.Application.Tests.Handlers.Users.GetUserQueryHandlerTests.Handle_UserWithDifferentStatuses_ShouldReturnCorrectStatus(status: Suspended, expectedStatusByte: 2)" computerName="RAY" duration="00:00:00.0006206" startTime="2025-09-07T22:44:10.8709250+07:00" endTime="2025-09-07T22:44:10.8709251+07:00" testType="13cdc9d9-ddb5-4fa4-a97d-d965ccfc6d4b" outcome="Passed" testListId="8c84fa94-04c1-424b-9868-57a2d4851a1d" relativeResultsDirectory="3ce5ebb1-720f-4dd3-ba78-41360d06eb9b" />
    <UnitTestResult executionId="e1c5f8a3-bc81-43ae-b2d9-c61093d8ab5c" testId="0cc415a2-0ea1-ac25-47de-1b06150553ab" testName="ShopFlow.Application.Tests.Validators.Users.CreateUserCommandValidatorTests.Validate_ValidPhoneFormats_ShouldPass(phone: &quot;+112345&quot;)" computerName="RAY" duration="00:00:00.0021130" startTime="2025-09-07T22:44:10.8963791+07:00" endTime="2025-09-07T22:44:10.8963792+07:00" testType="13cdc9d9-ddb5-4fa4-a97d-d965ccfc6d4b" outcome="Passed" testListId="8c84fa94-04c1-424b-9868-57a2d4851a1d" relativeResultsDirectory="e1c5f8a3-bc81-43ae-b2d9-c61093d8ab5c" />
    <UnitTestResult executionId="ab3b6ee6-d3e2-401b-9f29-f5c94ca9f66e" testId="95f6d561-4b3d-c17a-fcdc-4ee6e8784f1c" testName="ShopFlow.Application.Tests.Validators.Users.CreateUserCommandValidatorTests.Validate_NullDateOfBirth_ShouldPass" computerName="RAY" duration="00:00:00.0017897" startTime="2025-09-07T22:44:10.9757609+07:00" endTime="2025-09-07T22:44:10.9757613+07:00" testType="13cdc9d9-ddb5-4fa4-a97d-d965ccfc6d4b" outcome="Passed" testListId="8c84fa94-04c1-424b-9868-57a2d4851a1d" relativeResultsDirectory="ab3b6ee6-d3e2-401b-9f29-f5c94ca9f66e" />
    <UnitTestResult executionId="b9d3ca45-fac1-42c2-a7c5-b4b95d092203" testId="def86f68-9f92-71c8-bf98-e100956f78f4" testName="ShopFlow.Application.Tests.Validators.Users.CreateUserCommandValidatorTests.Validate_NullPhone_ShouldPass" computerName="RAY" duration="00:00:00.0011204" startTime="2025-09-07T22:44:10.9715648+07:00" endTime="2025-09-07T22:44:10.9715649+07:00" testType="13cdc9d9-ddb5-4fa4-a97d-d965ccfc6d4b" outcome="Passed" testListId="8c84fa94-04c1-424b-9868-57a2d4851a1d" relativeResultsDirectory="b9d3ca45-fac1-42c2-a7c5-b4b95d092203" />
    <UnitTestResult executionId="778332b7-0c02-4171-97a5-244d39c314fe" testId="2e862318-0ee8-8ae8-6e32-f91f571557d7" testName="ShopFlow.Application.Tests.Validators.Users.CreateUserCommandValidatorTests.Validate_InvalidEmailFormat_ShouldFail(email: &quot;invalid-email&quot;)" computerName="RAY" duration="00:00:00.0008056" startTime="2025-09-07T22:44:10.9226078+07:00" endTime="2025-09-07T22:44:10.9226079+07:00" testType="13cdc9d9-ddb5-4fa4-a97d-d965ccfc6d4b" outcome="Passed" testListId="8c84fa94-04c1-424b-9868-57a2d4851a1d" relativeResultsDirectory="778332b7-0c02-4171-97a5-244d39c314fe" />
    <UnitTestResult executionId="54ff6759-daac-40a2-a187-b1d7131c07a0" testId="f2807d54-7676-6d78-9d9c-ca8b31a899a0" testName="ShopFlow.Application.Tests.Behaviors.ValidationBehaviorTests.Handle_ValidRequest_ShouldCallNext" computerName="RAY" duration="00:00:00.0033813" startTime="2025-09-07T22:44:10.9174099+07:00" endTime="2025-09-07T22:44:10.9174101+07:00" testType="13cdc9d9-ddb5-4fa4-a97d-d965ccfc6d4b" outcome="Passed" testListId="8c84fa94-04c1-424b-9868-57a2d4851a1d" relativeResultsDirectory="54ff6759-daac-40a2-a187-b1d7131c07a0" />
    <UnitTestResult executionId="1129670f-e2f4-49d7-96b9-10caea8d7561" testId="22b0cd16-79c9-aa9c-5df4-9bc4fc3bb3a0" testName="ShopFlow.Application.Tests.Behaviors.ValidationBehaviorTests.Handle_EmptyValidationFailures_ShouldCallNext" computerName="RAY" duration="00:00:00.0020470" startTime="2025-09-07T22:44:10.9311252+07:00" endTime="2025-09-07T22:44:10.9311253+07:00" testType="13cdc9d9-ddb5-4fa4-a97d-d965ccfc6d4b" outcome="Passed" testListId="8c84fa94-04c1-424b-9868-57a2d4851a1d" relativeResultsDirectory="1129670f-e2f4-49d7-96b9-10caea8d7561" />
    <UnitTestResult executionId="b142bf27-e9c9-44f1-904d-985d1d18ad76" testId="04d8e02a-d52b-5287-382e-194d56260157" testName="ShopFlow.Application.Tests.Handlers.Users.GetUserQueryHandlerTests.Handle_NonExistingUser_ShouldReturnNull" computerName="RAY" duration="00:00:00.0015807" startTime="2025-09-07T22:44:10.8856697+07:00" endTime="2025-09-07T22:44:10.8856698+07:00" testType="13cdc9d9-ddb5-4fa4-a97d-d965ccfc6d4b" outcome="Passed" testListId="8c84fa94-04c1-424b-9868-57a2d4851a1d" relativeResultsDirectory="b142bf27-e9c9-44f1-904d-985d1d18ad76" />
    <UnitTestResult executionId="373f9621-2e08-409a-af02-d1593455bd20" testId="f5bbb5e2-b30c-a690-4173-bd77bf064b58" testName="ShopFlow.Application.Tests.Behaviors.ValidationBehaviorTests.Handle_MultipleValidatorsWithFailures_ShouldCombineAllFailures" computerName="RAY" duration="00:00:00.0071060" startTime="2025-09-07T22:44:10.8950817+07:00" endTime="2025-09-07T22:44:10.8950819+07:00" testType="13cdc9d9-ddb5-4fa4-a97d-d965ccfc6d4b" outcome="Passed" testListId="8c84fa94-04c1-424b-9868-57a2d4851a1d" relativeResultsDirectory="373f9621-2e08-409a-af02-d1593455bd20" />
    <UnitTestResult executionId="cde19024-ed72-4288-b873-781c0348c57b" testId="25db2c85-0e1e-806b-a8d1-04b37ea0f5f5" testName="ShopFlow.Application.Tests.Validators.Users.CreateUserCommandValidatorTests.Validate_PasswordMissingRequiredCharacters_ShouldFail(password: &quot;Password!&quot;)" computerName="RAY" duration="00:00:00.0006622" startTime="2025-09-07T22:44:10.9314181+07:00" endTime="2025-09-07T22:44:10.9314181+07:00" testType="13cdc9d9-ddb5-4fa4-a97d-d965ccfc6d4b" outcome="Passed" testListId="8c84fa94-04c1-424b-9868-57a2d4851a1d" relativeResultsDirectory="cde19024-ed72-4288-b873-781c0348c57b" />
    <UnitTestResult executionId="81c739ca-4580-475e-abb3-c6c408f53135" testId="0f67c65b-4c61-bea7-7fd9-8bb8a33c4040" testName="ShopFlow.Application.Tests.Validators.Users.CreateUserCommandValidatorTests.Validate_Exactly13YearsOld_ShouldPass" computerName="RAY" duration="00:00:00.0028580" startTime="2025-09-07T22:44:10.9350697+07:00" endTime="2025-09-07T22:44:10.9350698+07:00" testType="13cdc9d9-ddb5-4fa4-a97d-d965ccfc6d4b" outcome="Passed" testListId="8c84fa94-04c1-424b-9868-57a2d4851a1d" relativeResultsDirectory="81c739ca-4580-475e-abb3-c6c408f53135" />
    <UnitTestResult executionId="07acad98-91f2-4b63-b25f-01585410762c" testId="59ecf9aa-6cbe-da39-ae09-1fe92b8e9927" testName="ShopFlow.Application.Tests.Validators.Users.CreateUserCommandValidatorTests.Validate_MultipleValidationErrors_ShouldReturnAllErrors" computerName="RAY" duration="00:00:00.0007123" startTime="2025-09-07T22:44:10.9561854+07:00" endTime="2025-09-07T22:44:10.9561855+07:00" testType="13cdc9d9-ddb5-4fa4-a97d-d965ccfc6d4b" outcome="Passed" testListId="8c84fa94-04c1-424b-9868-57a2d4851a1d" relativeResultsDirectory="07acad98-91f2-4b63-b25f-01585410762c" />
    <UnitTestResult executionId="d3982042-48de-466c-8259-2a46c13bcc5b" testId="ed2e2eb8-31b5-396b-f786-33dd14da3b9d" testName="ShopFlow.Application.Tests.Validators.Users.CreateUserCommandValidatorTests.Validate_PasswordTooShort_ShouldFail(password: &quot;Pass123&quot;)" computerName="RAY" duration="00:00:00.0009619" startTime="2025-09-07T22:44:10.9182057+07:00" endTime="2025-09-07T22:44:10.9182059+07:00" testType="13cdc9d9-ddb5-4fa4-a97d-d965ccfc6d4b" outcome="Passed" testListId="8c84fa94-04c1-424b-9868-57a2d4851a1d" relativeResultsDirectory="d3982042-48de-466c-8259-2a46c13bcc5b" />
    <UnitTestResult executionId="11dfd86f-291d-44ce-af6d-3dfc9eedd959" testId="18ea3d8b-0d48-cba9-72b0-7d021ccd53e0" testName="ShopFlow.Application.Tests.Validators.Users.CreateUserCommandValidatorTests.Validate_PasswordMissingRequiredCharacters_ShouldFail(password: &quot;password&quot;)" computerName="RAY" duration="00:00:00.0008229" startTime="2025-09-07T22:44:10.9299404+07:00" endTime="2025-09-07T22:44:10.9299406+07:00" testType="13cdc9d9-ddb5-4fa4-a97d-d965ccfc6d4b" outcome="Passed" testListId="8c84fa94-04c1-424b-9868-57a2d4851a1d" relativeResultsDirectory="11dfd86f-291d-44ce-af6d-3dfc9eedd959" />
    <UnitTestResult executionId="7adbe5d9-b827-4f75-809f-ede0fdd07091" testId="c1e399ca-2bc9-f0ef-285e-d61273c83c1d" testName="ShopFlow.Application.Tests.Handlers.Users.GetUserQueryHandlerTests.Handle_MultipleSequentialCalls_ShouldWorkCorrectly" computerName="RAY" duration="00:00:00.0046174" startTime="2025-09-07T22:44:10.8854391+07:00" endTime="2025-09-07T22:44:10.8854392+07:00" testType="13cdc9d9-ddb5-4fa4-a97d-d965ccfc6d4b" outcome="Passed" testListId="8c84fa94-04c1-424b-9868-57a2d4851a1d" relativeResultsDirectory="7adbe5d9-b827-4f75-809f-ede0fdd07091" />
    <UnitTestResult executionId="166a0c4d-f3c5-4322-9a20-0d931cad365f" testId="d8d5fe18-0bf6-2250-da74-fb2ec0367bfb" testName="ShopFlow.Application.Tests.Validators.Users.CreateUserCommandValidatorTests.Validate_ValidPasswordFormats_ShouldPass(password: &quot;Complex9$&quot;)" computerName="RAY" duration="00:00:00.0012196" startTime="2025-09-07T22:44:10.9524159+07:00" endTime="2025-09-07T22:44:10.9524160+07:00" testType="13cdc9d9-ddb5-4fa4-a97d-d965ccfc6d4b" outcome="Passed" testListId="8c84fa94-04c1-424b-9868-57a2d4851a1d" relativeResultsDirectory="166a0c4d-f3c5-4322-9a20-0d931cad365f" />
    <UnitTestResult executionId="16913942-2a04-4698-9d0b-9b67a555f1b7" testId="af27aad0-f374-05c4-b7f3-9603f172d5c6" testName="ShopFlow.Application.Tests.Validators.Users.CreateUserCommandValidatorTests.Validate_ValidFullName_ShouldPass" computerName="RAY" duration="00:00:00.0010837" startTime="2025-09-07T22:44:10.9694966+07:00" endTime="2025-09-07T22:44:10.9694967+07:00" testType="13cdc9d9-ddb5-4fa4-a97d-d965ccfc6d4b" outcome="Passed" testListId="8c84fa94-04c1-424b-9868-57a2d4851a1d" relativeResultsDirectory="16913942-2a04-4698-9d0b-9b67a555f1b7" />
    <UnitTestResult executionId="e0f7997f-24ab-4c60-bede-736ac97ac42e" testId="e6a2990b-dcde-239c-28cc-80450e978217" testName="ShopFlow.Application.Tests.Validators.Users.CreateUserCommandValidatorTests.Validate_TooYoung_ShouldFail" computerName="RAY" duration="00:00:00.0011230" startTime="2025-09-07T22:44:10.9498637+07:00" endTime="2025-09-07T22:44:10.9498639+07:00" testType="13cdc9d9-ddb5-4fa4-a97d-d965ccfc6d4b" outcome="Passed" testListId="8c84fa94-04c1-424b-9868-57a2d4851a1d" relativeResultsDirectory="e0f7997f-24ab-4c60-bede-736ac97ac42e" />
    <UnitTestResult executionId="1b60e042-3a04-4434-8dd9-65914827fbf2" testId="6c343fba-b2b7-020b-9852-4fe8517c2601" testName="ShopFlow.Application.Tests.Validators.Users.CreateUserCommandValidatorTests.Validate_PasswordMissingRequiredCharacters_ShouldFail(password: &quot;PASSWORD&quot;)" computerName="RAY" duration="00:00:00.0022954" startTime="2025-09-07T22:44:10.9276761+07:00" endTime="2025-09-07T22:44:10.9276768+07:00" testType="13cdc9d9-ddb5-4fa4-a97d-d965ccfc6d4b" outcome="Passed" testListId="8c84fa94-04c1-424b-9868-57a2d4851a1d" relativeResultsDirectory="1b60e042-3a04-4434-8dd9-65914827fbf2" />
    <UnitTestResult executionId="79d2d4d6-04d7-4008-8322-ce13ac766651" testId="8f342b49-e865-50a2-cb85-8a9c3aed23a5" testName="ShopFlow.Application.Tests.Validators.Users.CreateUserCommandValidatorTests.Validate_ValidGender_ShouldPass(gender: null)" computerName="RAY" duration="00:00:00.0008472" startTime="2025-09-07T22:44:10.9409929+07:00" endTime="2025-09-07T22:44:10.9409931+07:00" testType="13cdc9d9-ddb5-4fa4-a97d-d965ccfc6d4b" outcome="Passed" testListId="8c84fa94-04c1-424b-9868-57a2d4851a1d" relativeResultsDirectory="79d2d4d6-04d7-4008-8322-ce13ac766651" />
    <UnitTestResult executionId="978f3c1c-4ea4-4285-b227-f180376a1ee1" testId="1d5e6b28-1e5c-274f-4014-9392ce2e0703" testName="ShopFlow.Application.Tests.Validators.Users.CreateUserCommandValidatorTests.Validate_ValidEmail_ShouldPass" computerName="RAY" duration="00:00:00.0011966" startTime="2025-09-07T22:44:10.9511220+07:00" endTime="2025-09-07T22:44:10.9511222+07:00" testType="13cdc9d9-ddb5-4fa4-a97d-d965ccfc6d4b" outcome="Passed" testListId="8c84fa94-04c1-424b-9868-57a2d4851a1d" relativeResultsDirectory="978f3c1c-4ea4-4285-b227-f180376a1ee1" />
    <UnitTestResult executionId="4540e21b-caf3-4450-8fe3-fa1279ba8bbc" testId="3072600d-f71a-e6d8-eab6-0f80ccfcb5e9" testName="ShopFlow.Application.Tests.Validators.Users.CreateUserCommandValidatorTests.Validate_InvalidPhoneFormat_ShouldFail(phone: &quot;+0123456789&quot;)" computerName="RAY" duration="00:00:00.0008037" startTime="2025-09-07T22:44:10.9141774+07:00" endTime="2025-09-07T22:44:10.9141775+07:00" testType="13cdc9d9-ddb5-4fa4-a97d-d965ccfc6d4b" outcome="Passed" testListId="8c84fa94-04c1-424b-9868-57a2d4851a1d" relativeResultsDirectory="4540e21b-caf3-4450-8fe3-fa1279ba8bbc" />
    <UnitTestResult executionId="2a1d5a02-0719-41f1-bcb3-d63623c004b9" testId="28ec6df7-f84d-e089-d491-1ad080748ecf" testName="ShopFlow.Application.Tests.Handlers.Users.CreateUserCommandHandlerTests.Handle_RepositoryThrowsException_ShouldPropagateException" computerName="RAY" duration="00:00:00.0094338" startTime="2025-09-07T22:44:10.9115644+07:00" endTime="2025-09-07T22:44:10.9115649+07:00" testType="13cdc9d9-ddb5-4fa4-a97d-d965ccfc6d4b" outcome="Passed" testListId="8c84fa94-04c1-424b-9868-57a2d4851a1d" relativeResultsDirectory="2a1d5a02-0719-41f1-bcb3-d63623c004b9" />
    <UnitTestResult executionId="74a17f5b-2c94-4443-864b-222474907ee2" testId="9ecb7dcb-fa2e-f3d0-4bf5-95e0ba5a7642" testName="ShopFlow.Application.Tests.Behaviors.ValidationBehaviorTests.Handle_InvalidRequest_ShouldThrowValidationException" computerName="RAY" duration="00:00:00.9565691" startTime="2025-09-07T22:44:10.8879057+07:00" endTime="2025-09-07T22:44:10.8879058+07:00" testType="13cdc9d9-ddb5-4fa4-a97d-d965ccfc6d4b" outcome="Passed" testListId="8c84fa94-04c1-424b-9868-57a2d4851a1d" relativeResultsDirectory="74a17f5b-2c94-4443-864b-222474907ee2" />
    <UnitTestResult executionId="38893441-3c31-4963-ba4a-d65b50bc4913" testId="81fff8d8-f598-9d1d-647b-c33c4d89f3aa" testName="ShopFlow.Application.Tests.Handlers.Users.CreateUserCommandHandlerTests.Handle_CreatedUserHasCorrectDomainProperties" computerName="RAY" duration="00:00:00.0066848" startTime="2025-09-07T22:44:10.8963330+07:00" endTime="2025-09-07T22:44:10.8963331+07:00" testType="13cdc9d9-ddb5-4fa4-a97d-d965ccfc6d4b" outcome="Passed" testListId="8c84fa94-04c1-424b-9868-57a2d4851a1d" relativeResultsDirectory="38893441-3c31-4963-ba4a-d65b50bc4913" />
    <UnitTestResult executionId="7e1c4439-9955-4867-8b39-1403ffe8f418" testId="a34c11fe-96bf-f583-8945-43e0b79d1109" testName="ShopFlow.Application.Tests.Validators.Users.CreateUserCommandValidatorTests.Validate_EmailTooLong_ShouldFail" computerName="RAY" duration="00:00:00.0009608" startTime="2025-09-07T22:44:10.9207988+07:00" endTime="2025-09-07T22:44:10.9207990+07:00" testType="13cdc9d9-ddb5-4fa4-a97d-d965ccfc6d4b" outcome="Passed" testListId="8c84fa94-04c1-424b-9868-57a2d4851a1d" relativeResultsDirectory="7e1c4439-9955-4867-8b39-1403ffe8f418" />
    <UnitTestResult executionId="0527fd82-cc89-4441-ae35-9f8b06ee6b01" testId="b93d89a1-8af8-7ee2-7183-99e33e138a59" testName="ShopFlow.Application.Tests.Validators.Users.CreateUserCommandValidatorTests.Validate_EmptyPassword_ShouldFail(password: &quot;&quot;)" computerName="RAY" duration="00:00:00.0009171" startTime="2025-09-07T22:44:10.9571579+07:00" endTime="2025-09-07T22:44:10.9571580+07:00" testType="13cdc9d9-ddb5-4fa4-a97d-d965ccfc6d4b" outcome="Passed" testListId="8c84fa94-04c1-424b-9868-57a2d4851a1d" relativeResultsDirectory="0527fd82-cc89-4441-ae35-9f8b06ee6b01" />
    <UnitTestResult executionId="99738763-7c31-4f46-9c55-9a837f00ef0b" testId="e9449d11-df04-1099-ba2b-d96f2e6cdbd7" testName="ShopFlow.Application.Tests.Validators.Users.CreateUserCommandValidatorTests.Validate_ValidPasswordFormats_ShouldPass(password: &quot;Password123!&quot;)" computerName="RAY" duration="00:00:00.0008202" startTime="2025-09-07T22:44:10.9554207+07:00" endTime="2025-09-07T22:44:10.9554208+07:00" testType="13cdc9d9-ddb5-4fa4-a97d-d965ccfc6d4b" outcome="Passed" testListId="8c84fa94-04c1-424b-9868-57a2d4851a1d" relativeResultsDirectory="99738763-7c31-4f46-9c55-9a837f00ef0b" />
    <UnitTestResult executionId="b3207193-757d-4335-a95b-5ecbe97bc406" testId="9517b6c0-10d4-91cc-b0d6-c4166d05d62b" testName="ShopFlow.Application.Tests.Handlers.Users.CreateUserCommandHandlerTests.Handle_InvalidPhone_ShouldThrowArgumentException(invalidPhone: &quot;01234567890123456789&quot;)" computerName="RAY" duration="00:00:00.0069206" startTime="2025-09-07T22:44:10.8853500+07:00" endTime="2025-09-07T22:44:10.8853500+07:00" testType="13cdc9d9-ddb5-4fa4-a97d-d965ccfc6d4b" outcome="Passed" testListId="8c84fa94-04c1-424b-9868-57a2d4851a1d" relativeResultsDirectory="b3207193-757d-4335-a95b-5ecbe97bc406" />
    <UnitTestResult executionId="819f492f-5906-4a68-b2d8-cf15ce049767" testId="b5072625-e5c5-b5e0-fdd5-27ea5656cd0c" testName="ShopFlow.Application.Tests.Validators.Users.CreateUserCommandValidatorTests.Validate_ValidAge_ShouldPass" computerName="RAY" duration="00:00:00.0011453" startTime="2025-09-07T22:44:10.9738602+07:00" endTime="2025-09-07T22:44:10.9738603+07:00" testType="13cdc9d9-ddb5-4fa4-a97d-d965ccfc6d4b" outcome="Passed" testListId="8c84fa94-04c1-424b-9868-57a2d4851a1d" relativeResultsDirectory="819f492f-5906-4a68-b2d8-cf15ce049767" />
    <UnitTestResult executionId="e208526b-e344-416a-b2b8-75b17901f6d4" testId="11dcd257-5a28-3fb2-d4ed-e81dfe036e1c" testName="ShopFlow.Application.Tests.Handlers.Users.GetUserQueryHandlerTests.Handle_UserWithDifferentStatuses_ShouldReturnCorrectStatus(status: Active, expectedStatusByte: 1)" computerName="RAY" duration="00:00:00.0004668" startTime="2025-09-07T22:44:10.8709537+07:00" endTime="2025-09-07T22:44:10.8709537+07:00" testType="13cdc9d9-ddb5-4fa4-a97d-d965ccfc6d4b" outcome="Passed" testListId="8c84fa94-04c1-424b-9868-57a2d4851a1d" relativeResultsDirectory="e208526b-e344-416a-b2b8-75b17901f6d4" />
    <UnitTestResult executionId="8b22050c-4002-4731-ba05-9cfb0ebacc11" testId="593f265e-3174-43b9-c52a-22d02dfacce1" testName="ShopFlow.Application.Tests.Handlers.Users.GetUserQueryHandlerTests.Handle_ValidUser_ShouldMapAllPropertiesCorrectly" computerName="RAY" duration="00:00:00.0015070" startTime="2025-09-07T22:44:10.8855514+07:00" endTime="2025-09-07T22:44:10.8855515+07:00" testType="13cdc9d9-ddb5-4fa4-a97d-d965ccfc6d4b" outcome="Passed" testListId="8c84fa94-04c1-424b-9868-57a2d4851a1d" relativeResultsDirectory="8b22050c-4002-4731-ba05-9cfb0ebacc11" />
    <UnitTestResult executionId="642e6c72-9ced-4ae3-b93b-d78adc4ef81d" testId="56397298-8c1b-4fde-dcad-e7718fc4c816" testName="ShopFlow.Application.Tests.Validators.Users.CreateUserCommandValidatorTests.Validate_InvalidGender_ShouldFail(gender: &quot;other&quot;)" computerName="RAY" duration="00:00:00.0006901" startTime="2025-09-07T22:44:10.9674039+07:00" endTime="2025-09-07T22:44:10.9674040+07:00" testType="13cdc9d9-ddb5-4fa4-a97d-d965ccfc6d4b" outcome="Passed" testListId="8c84fa94-04c1-424b-9868-57a2d4851a1d" relativeResultsDirectory="642e6c72-9ced-4ae3-b93b-d78adc4ef81d" />
    <UnitTestResult executionId="dc051eef-5b4f-47bc-97ab-da362582c54a" testId="b6c23262-32ac-a46f-bbf8-902c1eaff77c" testName="ShopFlow.Application.Tests.Validators.Users.CreateUserCommandValidatorTests.Validate_PasswordMissingRequiredCharacters_ShouldFail(password: &quot;PASSWORD123!&quot;)" computerName="RAY" duration="00:00:00.0010908" startTime="2025-09-07T22:44:10.9255090+07:00" endTime="2025-09-07T22:44:10.9255091+07:00" testType="13cdc9d9-ddb5-4fa4-a97d-d965ccfc6d4b" outcome="Passed" testListId="8c84fa94-04c1-424b-9868-57a2d4851a1d" relativeResultsDirectory="dc051eef-5b4f-47bc-97ab-da362582c54a" />
    <UnitTestResult executionId="53ccda42-a4f7-427f-949e-d47cf04d6dbf" testId="4453923a-00ae-da57-3d99-1c4ee6fdf2ee" testName="ShopFlow.Application.Tests.Validators.Users.CreateUserCommandValidatorTests.Validate_InvalidPhoneFormat_ShouldFail(phone: &quot;0123456789&quot;)" computerName="RAY" duration="00:00:00.0007010" startTime="2025-09-07T22:44:10.9149256+07:00" endTime="2025-09-07T22:44:10.9149257+07:00" testType="13cdc9d9-ddb5-4fa4-a97d-d965ccfc6d4b" outcome="Passed" testListId="8c84fa94-04c1-424b-9868-57a2d4851a1d" relativeResultsDirectory="53ccda42-a4f7-427f-949e-d47cf04d6dbf" />
    <UnitTestResult executionId="efb0db13-9542-4e9c-996b-39a93f25d70c" testId="425f7460-db6f-70ac-ca31-9104d81a988a" testName="ShopFlow.Application.Tests.Handlers.Users.CreateUserCommandHandlerTests.Handle_InvalidEmail_ShouldThrowArgumentException(invalidEmail: &quot;invalid-email&quot;)" computerName="RAY" duration="00:00:00.0009293" startTime="2025-09-07T22:44:10.8872118+07:00" endTime="2025-09-07T22:44:10.8872119+07:00" testType="13cdc9d9-ddb5-4fa4-a97d-d965ccfc6d4b" outcome="Passed" testListId="8c84fa94-04c1-424b-9868-57a2d4851a1d" relativeResultsDirectory="efb0db13-9542-4e9c-996b-39a93f25d70c" />
    <UnitTestResult executionId="7b6430ff-15e5-44a9-a73f-c1cfe480e06f" testId="4aebb4ba-16e3-6143-7d49-90ab3fe6483e" testName="ShopFlow.Application.Tests.Handlers.Users.CreateUserCommandHandlerTests.Handle_ValidCommand_ShouldCreateUserSuccessfully" computerName="RAY" duration="00:00:00.0054731" startTime="2025-09-07T22:44:10.9018994+07:00" endTime="2025-09-07T22:44:10.9018996+07:00" testType="13cdc9d9-ddb5-4fa4-a97d-d965ccfc6d4b" outcome="Passed" testListId="8c84fa94-04c1-424b-9868-57a2d4851a1d" relativeResultsDirectory="7b6430ff-15e5-44a9-a73f-c1cfe480e06f" />
    <UnitTestResult executionId="8cf2369c-6d19-443d-8b3b-b30b1ab66d3f" testId="77b53e1b-6384-fc1e-ba8c-549d17b8a292" testName="ShopFlow.Application.Tests.Validators.Users.CreateUserCommandValidatorTests.Validate_InvalidGender_ShouldFail(gender: &quot;Unknown&quot;)" computerName="RAY" duration="00:00:00.0011277" startTime="2025-09-07T22:44:10.9650181+07:00" endTime="2025-09-07T22:44:10.9650183+07:00" testType="13cdc9d9-ddb5-4fa4-a97d-d965ccfc6d4b" outcome="Passed" testListId="8c84fa94-04c1-424b-9868-57a2d4851a1d" relativeResultsDirectory="8cf2369c-6d19-443d-8b3b-b30b1ab66d3f" />
    <UnitTestResult executionId="8362883a-e986-48ce-80b1-6601c6c8253e" testId="4233b0cf-d9ed-51d6-e376-c0d3710659e4" testName="ShopFlow.Application.Tests.Handlers.Users.GetUserQueryHandlerTests.Handle_UserWithDifferentStatuses_ShouldReturnCorrectStatus(status: Inactive, expectedStatusByte: 0)" computerName="RAY" duration="00:00:00.0005019" startTime="2025-09-07T22:44:10.8709840+07:00" endTime="2025-09-07T22:44:10.8709841+07:00" testType="13cdc9d9-ddb5-4fa4-a97d-d965ccfc6d4b" outcome="Passed" testListId="8c84fa94-04c1-424b-9868-57a2d4851a1d" relativeResultsDirectory="8362883a-e986-48ce-80b1-6601c6c8253e" />
    <UnitTestResult executionId="29364bb5-b296-42f0-9772-ebf3676fcede" testId="74017ceb-7d72-3dcb-866c-05cd2348995e" testName="ShopFlow.Application.Tests.Validators.Users.CreateUserCommandValidatorTests.Validate_InvalidPhoneFormat_ShouldFail(phone: &quot;123456789012345678&quot;)" computerName="RAY" duration="00:00:00.0078874" startTime="2025-09-07T22:44:10.9117672+07:00" endTime="2025-09-07T22:44:10.9117673+07:00" testType="13cdc9d9-ddb5-4fa4-a97d-d965ccfc6d4b" outcome="Passed" testListId="8c84fa94-04c1-424b-9868-57a2d4851a1d" relativeResultsDirectory="29364bb5-b296-42f0-9772-ebf3676fcede" />
    <UnitTestResult executionId="db22976b-cf74-4187-ade9-bafc3e281ae3" testId="1eaf2875-2adb-95b7-dd25-91d08b7e17df" testName="ShopFlow.Application.Tests.Validators.Users.CreateUserCommandValidatorTests.Validate_FullNameExactly100Characters_ShouldPass" computerName="RAY" duration="00:00:00.0013232" startTime="2025-09-07T22:44:10.9038128+07:00" endTime="2025-09-07T22:44:10.9038129+07:00" testType="13cdc9d9-ddb5-4fa4-a97d-d965ccfc6d4b" outcome="Passed" testListId="8c84fa94-04c1-424b-9868-57a2d4851a1d" relativeResultsDirectory="db22976b-cf74-4187-ade9-bafc3e281ae3" />
    <UnitTestResult executionId="4e98562b-8822-44d2-91d0-1b7b8929eb66" testId="8e96f900-5cd0-e1a2-7fb3-b05bc1ceb91e" testName="ShopFlow.Application.Tests.Handlers.Users.CreateUserCommandHandlerTests.Handle_InvalidEmail_ShouldThrowArgumentException(invalidEmail: &quot;test@&quot;)" computerName="RAY" duration="00:00:00.0008266" startTime="2025-09-07T22:44:10.8895679+07:00" endTime="2025-09-07T22:44:10.8895679+07:00" testType="13cdc9d9-ddb5-4fa4-a97d-d965ccfc6d4b" outcome="Passed" testListId="8c84fa94-04c1-424b-9868-57a2d4851a1d" relativeResultsDirectory="4e98562b-8822-44d2-91d0-1b7b8929eb66" />
    <UnitTestResult executionId="11ffb4e0-1368-4c47-b045-ada80036e094" testId="94f2a285-982a-2202-9ac7-db081235018f" testName="ShopFlow.Application.Tests.Validators.Users.CreateUserCommandValidatorTests.Validate_EmptyEmail_ShouldFail(email: &quot;&quot;)" computerName="RAY" duration="00:00:00.0012836" startTime="2025-09-07T22:44:10.9822104+07:00" endTime="2025-09-07T22:44:10.9822105+07:00" testType="13cdc9d9-ddb5-4fa4-a97d-d965ccfc6d4b" outcome="Passed" testListId="8c84fa94-04c1-424b-9868-57a2d4851a1d" relativeResultsDirectory="11ffb4e0-1368-4c47-b045-ada80036e094" />
    <UnitTestResult executionId="f9254af7-442a-414b-af64-06cc6917bfc5" testId="ed82f227-9fd7-3fd8-eb7a-93442da42f69" testName="ShopFlow.Application.Tests.Validators.Users.CreateUserCommandValidatorTests.Validate_EmptyPhone_ShouldPass" computerName="RAY" duration="00:00:00.0013647" startTime="2025-09-07T22:44:10.9486660+07:00" endTime="2025-09-07T22:44:10.9486661+07:00" testType="13cdc9d9-ddb5-4fa4-a97d-d965ccfc6d4b" outcome="Passed" testListId="8c84fa94-04c1-424b-9868-57a2d4851a1d" relativeResultsDirectory="f9254af7-442a-414b-af64-06cc6917bfc5" />
    <UnitTestResult executionId="7d286ed9-50cc-41cc-b5a4-0edfa0753819" testId="bcb2ee01-0a1c-52ea-0564-1e453209c203" testName="ShopFlow.Application.Tests.Validators.Users.CreateUserCommandValidatorTests.Validate_EmailExactly100Characters_ShouldPass" computerName="RAY" duration="00:00:00.0013873" startTime="2025-09-07T22:44:10.9846328+07:00" endTime="2025-09-07T22:44:10.9846330+07:00" testType="13cdc9d9-ddb5-4fa4-a97d-d965ccfc6d4b" outcome="Passed" testListId="8c84fa94-04c1-424b-9868-57a2d4851a1d" relativeResultsDirectory="7d286ed9-50cc-41cc-b5a4-0edfa0753819" />
    <UnitTestResult executionId="c2c04376-af5d-4336-a725-f8b420198f5a" testId="7fedc20d-f22e-4ce0-6f70-8572219a4b26" testName="ShopFlow.Application.Tests.Behaviors.ValidationBehaviorTests.Handle_CancellationTokenPassed_ShouldPassToValidators" computerName="RAY" duration="00:00:00.0044415" startTime="2025-09-07T22:44:10.9289955+07:00" endTime="2025-09-07T22:44:10.9289958+07:00" testType="13cdc9d9-ddb5-4fa4-a97d-d965ccfc6d4b" outcome="Passed" testListId="8c84fa94-04c1-424b-9868-57a2d4851a1d" relativeResultsDirectory="c2c04376-af5d-4336-a725-f8b420198f5a" />
    <UnitTestResult executionId="6ba6a630-33c9-41cb-9378-1aafd7d629ab" testId="702a5195-b49d-070b-d1eb-c62c3daf4012" testName="ShopFlow.Application.Tests.Validators.Users.CreateUserCommandValidatorTests.Validate_ValidPhoneFormats_ShouldPass(phone: &quot;+84987654321&quot;)" computerName="RAY" duration="00:00:00.9606869" startTime="2025-09-07T22:44:10.8913898+07:00" endTime="2025-09-07T22:44:10.8913899+07:00" testType="13cdc9d9-ddb5-4fa4-a97d-d965ccfc6d4b" outcome="Passed" testListId="8c84fa94-04c1-424b-9868-57a2d4851a1d" relativeResultsDirectory="6ba6a630-33c9-41cb-9378-1aafd7d629ab" />
    <UnitTestResult executionId="b25c67a4-e08c-4a6d-8947-fe7fc3ed27f7" testId="57f8eac0-5aec-6a48-bf16-6c6c4a0d18e8" testName="ShopFlow.Application.Tests.Validators.Users.CreateUserCommandValidatorTests.Validate_InvalidGender_ShouldFail(gender: &quot;female&quot;)" computerName="RAY" duration="00:00:00.0007530" startTime="2025-09-07T22:44:10.9666825+07:00" endTime="2025-09-07T22:44:10.9666826+07:00" testType="13cdc9d9-ddb5-4fa4-a97d-d965ccfc6d4b" outcome="Passed" testListId="8c84fa94-04c1-424b-9868-57a2d4851a1d" relativeResultsDirectory="b25c67a4-e08c-4a6d-8947-fe7fc3ed27f7" />
    <UnitTestResult executionId="9a1eec22-1984-4bba-a6d8-eaad297749eb" testId="cc59f096-e9f6-68a8-d374-b3ca6bf3c713" testName="ShopFlow.Application.Tests.Validators.Users.CreateUserCommandValidatorTests.Validate_InvalidPhoneFormat_ShouldFail(phone: &quot;123 456 789&quot;)" computerName="RAY" duration="00:00:00.0007158" startTime="2025-09-07T22:44:10.9156831+07:00" endTime="2025-09-07T22:44:10.9156833+07:00" testType="13cdc9d9-ddb5-4fa4-a97d-d965ccfc6d4b" outcome="Passed" testListId="8c84fa94-04c1-424b-9868-57a2d4851a1d" relativeResultsDirectory="9a1eec22-1984-4bba-a6d8-eaad297749eb" />
    <UnitTestResult executionId="9abb2660-2f0b-4917-b513-63a84b6af74a" testId="ccf205ea-506a-15fc-9633-d84f37974ed0" testName="ShopFlow.Application.Tests.Handlers.Users.GetUserQueryHandlerTests.Handle_UserWithDifferentStatuses_ShouldReturnCorrectStatus(status: Banned, expectedStatusByte: 3)" computerName="RAY" duration="00:00:00.0026356" startTime="2025-09-07T22:44:10.8705881+07:00" endTime="2025-09-07T22:44:10.8705882+07:00" testType="13cdc9d9-ddb5-4fa4-a97d-d965ccfc6d4b" outcome="Passed" testListId="8c84fa94-04c1-424b-9868-57a2d4851a1d" relativeResultsDirectory="9abb2660-2f0b-4917-b513-63a84b6af74a" />
    <UnitTestResult executionId="b377650d-d5b7-4aea-9706-e774bfc9f6df" testId="b02db883-5e5f-b796-7234-fe579f64fbdc" testName="ShopFlow.Application.Tests.Validators.Users.CreateUserCommandValidatorTests.Validate_ValidGender_ShouldPass(gender: &quot;&quot;)" computerName="RAY" duration="00:00:00.0012208" startTime="2025-09-07T22:44:10.9390525+07:00" endTime="2025-09-07T22:44:10.9390527+07:00" testType="13cdc9d9-ddb5-4fa4-a97d-d965ccfc6d4b" outcome="Passed" testListId="8c84fa94-04c1-424b-9868-57a2d4851a1d" relativeResultsDirectory="b377650d-d5b7-4aea-9706-e774bfc9f6df" />
    <UnitTestResult executionId="d118a9d1-aa6e-4725-9218-59cd9d0fc2e7" testId="393b80f2-527d-b2d3-cb4b-77de628c1a4d" testName="ShopFlow.Application.Tests.Validators.Users.CreateUserCommandValidatorTests.Validate_InvalidGender_ShouldFail(gender: &quot;NonBinary&quot;)" computerName="RAY" duration="00:00:00.0007982" startTime="2025-09-07T22:44:10.9658810+07:00" endTime="2025-09-07T22:44:10.9658811+07:00" testType="13cdc9d9-ddb5-4fa4-a97d-d965ccfc6d4b" outcome="Passed" testListId="8c84fa94-04c1-424b-9868-57a2d4851a1d" relativeResultsDirectory="d118a9d1-aa6e-4725-9218-59cd9d0fc2e7" />
    <UnitTestResult executionId="4480b153-5f1b-4ffc-9e67-b51155d5e502" testId="8825fd9e-aa9f-624e-98e1-648b0c3b3498" testName="ShopFlow.Application.Tests.Validators.Users.CreateUserCommandValidatorTests.Validate_FullNameTooLong_ShouldFail" computerName="RAY" duration="00:00:00.0009042" startTime="2025-09-07T22:44:10.9683660+07:00" endTime="2025-09-07T22:44:10.9683661+07:00" testType="13cdc9d9-ddb5-4fa4-a97d-d965ccfc6d4b" outcome="Passed" testListId="8c84fa94-04c1-424b-9868-57a2d4851a1d" relativeResultsDirectory="4480b153-5f1b-4ffc-9e67-b51155d5e502" />
    <UnitTestResult executionId="49140058-9c13-4d13-a165-4266d9d05651" testId="e4949bf4-fd77-b6e7-1c33-ed9013324cb3" testName="ShopFlow.Application.Tests.Validators.Users.CreateUserCommandValidatorTests.Validate_EmptyPassword_ShouldFail(password: null)" computerName="RAY" duration="00:00:00.0012011" startTime="2025-09-07T22:44:10.9584292+07:00" endTime="2025-09-07T22:44:10.9584293+07:00" testType="13cdc9d9-ddb5-4fa4-a97d-d965ccfc6d4b" outcome="Passed" testListId="8c84fa94-04c1-424b-9868-57a2d4851a1d" relativeResultsDirectory="49140058-9c13-4d13-a165-4266d9d05651" />
    <UnitTestResult executionId="7ff7e36f-3af3-4a45-9960-6becffade7a5" testId="acb94a9d-0222-d803-b118-884fcb7a1ed5" testName="ShopFlow.Application.Tests.Behaviors.ValidationBehaviorTests.Handle_MultipleValidationErrors_ShouldGroupErrorsByProperty" computerName="RAY" duration="00:00:00.0018949" startTime="2025-09-07T22:44:10.9244707+07:00" endTime="2025-09-07T22:44:10.9244708+07:00" testType="13cdc9d9-ddb5-4fa4-a97d-d965ccfc6d4b" outcome="Passed" testListId="8c84fa94-04c1-424b-9868-57a2d4851a1d" relativeResultsDirectory="7ff7e36f-3af3-4a45-9960-6becffade7a5" />
    <UnitTestResult executionId="a7aae816-4d72-47ee-a4f0-daa81bab4d6d" testId="ae5e42b8-3cf5-af36-50ef-c3c39bce9359" testName="ShopFlow.Application.Tests.Validators.Users.CreateUserCommandValidatorTests.Validate_FutureDate_ShouldFail" computerName="RAY" duration="00:00:00.0008501" startTime="2025-09-07T22:44:10.9704039+07:00" endTime="2025-09-07T22:44:10.9704040+07:00" testType="13cdc9d9-ddb5-4fa4-a97d-d965ccfc6d4b" outcome="Passed" testListId="8c84fa94-04c1-424b-9868-57a2d4851a1d" relativeResultsDirectory="a7aae816-4d72-47ee-a4f0-daa81bab4d6d" />
    <UnitTestResult executionId="106ef81a-726f-48c8-a6db-b4528dd91fd9" testId="4771bb6b-1b88-1e83-2187-f8dac5f6705a" testName="ShopFlow.Application.Tests.Behaviors.ValidationBehaviorTests.Handle_NoValidators_ShouldCallNext" computerName="RAY" duration="00:00:00.0024267" startTime="2025-09-07T22:44:10.9202209+07:00" endTime="2025-09-07T22:44:10.9202210+07:00" testType="13cdc9d9-ddb5-4fa4-a97d-d965ccfc6d4b" outcome="Passed" testListId="8c84fa94-04c1-424b-9868-57a2d4851a1d" relativeResultsDirectory="106ef81a-726f-48c8-a6db-b4528dd91fd9" />
    <UnitTestResult executionId="418e4ca3-2f00-4b24-86ce-24f4a5666741" testId="bfc86520-dd6e-ac4f-f264-565ff9379017" testName="ShopFlow.Application.Tests.Handlers.Users.GetUserQueryHandlerTests.Handle_DifferentUserIds_ShouldCallRepositoryWithCorrectId(userId: 1)" computerName="RAY" duration="00:00:00.0012929" startTime="2025-09-07T22:44:10.8755810+07:00" endTime="2025-09-07T22:44:10.8755812+07:00" testType="13cdc9d9-ddb5-4fa4-a97d-d965ccfc6d4b" outcome="Passed" testListId="8c84fa94-04c1-424b-9868-57a2d4851a1d" relativeResultsDirectory="418e4ca3-2f00-4b24-86ce-24f4a5666741" />
    <UnitTestResult executionId="ddfb30d5-26b5-46a4-a0ed-ed593a17a64e" testId="81c7748a-43cb-8799-dfea-52311e3756a1" testName="ShopFlow.Application.Tests.Handlers.Users.CreateUserCommandHandlerTests.Handle_InvalidPhone_ShouldThrowArgumentException(invalidPhone: &quot;+84 123 456 789 123&quot;)" computerName="RAY" duration="00:00:00.0010160" startTime="2025-09-07T22:44:10.8855089+07:00" endTime="2025-09-07T22:44:10.8855090+07:00" testType="13cdc9d9-ddb5-4fa4-a97d-d965ccfc6d4b" outcome="Passed" testListId="8c84fa94-04c1-424b-9868-57a2d4851a1d" relativeResultsDirectory="ddfb30d5-26b5-46a4-a0ed-ed593a17a64e" />
    <UnitTestResult executionId="dea1322e-9084-422b-9bdd-4c2a33542743" testId="dcd5e603-f993-344c-0192-a764cc52ed6f" testName="ShopFlow.Application.Tests.Validators.Users.CreateUserCommandValidatorTests.Validate_EmptyFullName_ShouldFail(fullName: &quot;   &quot;)" computerName="RAY" duration="00:00:00.0008159" startTime="2025-09-07T22:44:10.9369489+07:00" endTime="2025-09-07T22:44:10.9369490+07:00" testType="13cdc9d9-ddb5-4fa4-a97d-d965ccfc6d4b" outcome="Passed" testListId="8c84fa94-04c1-424b-9868-57a2d4851a1d" relativeResultsDirectory="dea1322e-9084-422b-9bdd-4c2a33542743" />
    <UnitTestResult executionId="feb1e203-dd76-4278-96de-1ba1edbb6aca" testId="009a71a2-0606-61ff-8755-ba80cdf5159c" testName="ShopFlow.Application.Tests.Validators.Users.CreateUserCommandValidatorTests.Validate_ValidPassword_ShouldPass" computerName="RAY" duration="00:00:00.0010609" startTime="2025-09-07T22:44:10.9726697+07:00" endTime="2025-09-07T22:44:10.9726698+07:00" testType="13cdc9d9-ddb5-4fa4-a97d-d965ccfc6d4b" outcome="Passed" testListId="8c84fa94-04c1-424b-9868-57a2d4851a1d" relativeResultsDirectory="feb1e203-dd76-4278-96de-1ba1edbb6aca" />
    <UnitTestResult executionId="1e0b344f-475b-45ae-947b-f7ab702673ef" testId="c7808491-b3eb-9081-5216-513e3cd0b173" testName="ShopFlow.Application.Tests.Validators.Users.CreateUserCommandValidatorTests.Validate_InvalidGender_ShouldFail(gender: &quot;male&quot;)" computerName="RAY" duration="00:00:00.0012263" startTime="2025-09-07T22:44:10.9637928+07:00" endTime="2025-09-07T22:44:10.9637930+07:00" testType="13cdc9d9-ddb5-4fa4-a97d-d965ccfc6d4b" outcome="Passed" testListId="8c84fa94-04c1-424b-9868-57a2d4851a1d" relativeResultsDirectory="1e0b344f-475b-45ae-947b-f7ab702673ef" />
    <UnitTestResult executionId="136c8403-5971-4462-8187-d0e30a85a414" testId="804acb26-e7c9-c6fd-550a-f484cf24152f" testName="ShopFlow.Application.Tests.Behaviors.ValidationBehaviorTests.Handle_ValidationFailureWithNullPropertyName_ShouldHandleGracefully" computerName="RAY" duration="00:00:00.0015735" startTime="2025-09-07T22:44:10.9346995+07:00" endTime="2025-09-07T22:44:10.9346997+07:00" testType="13cdc9d9-ddb5-4fa4-a97d-d965ccfc6d4b" outcome="Passed" testListId="8c84fa94-04c1-424b-9868-57a2d4851a1d" relativeResultsDirectory="136c8403-5971-4462-8187-d0e30a85a414" />
    <UnitTestResult executionId="e1908473-4e0a-4b8e-81fc-8b3654897a6d" testId="e5320f33-8a4d-218d-8735-d8dd2ffd7352" testName="ShopFlow.Application.Tests.Validators.Users.CreateUserCommandValidatorTests.Validate_InvalidPhoneFormat_ShouldFail(phone: &quot;abc123&quot;)" computerName="RAY" duration="00:00:00.0007050" startTime="2025-09-07T22:44:10.9171956+07:00" endTime="2025-09-07T22:44:10.9171957+07:00" testType="13cdc9d9-ddb5-4fa4-a97d-d965ccfc6d4b" outcome="Passed" testListId="8c84fa94-04c1-424b-9868-57a2d4851a1d" relativeResultsDirectory="e1908473-4e0a-4b8e-81fc-8b3654897a6d" />
    <UnitTestResult executionId="f1a2b94a-3a86-4692-a88c-dc9b7dba8a9e" testId="2759fab2-8502-a045-5a28-2711ad6c5afa" testName="ShopFlow.Application.Tests.Validators.Users.CreateUserCommandValidatorTests.Validate_PasswordTooLong_ShouldFail" computerName="RAY" duration="00:00:00.0023295" startTime="2025-09-07T22:44:10.9024253+07:00" endTime="2025-09-07T22:44:10.9024254+07:00" testType="13cdc9d9-ddb5-4fa4-a97d-d965ccfc6d4b" outcome="Passed" testListId="8c84fa94-04c1-424b-9868-57a2d4851a1d" relativeResultsDirectory="f1a2b94a-3a86-4692-a88c-dc9b7dba8a9e" />
    <UnitTestResult executionId="1dfa5bcd-c8eb-4380-9819-dc8d8ee95a8e" testId="37e237aa-6ffd-52ef-1e78-2ecd10ea0bb7" testName="ShopFlow.Application.Tests.Validators.Users.CreateUserCommandValidatorTests.Validate_ValidPasswordFormats_ShouldPass(password: &quot;MySecure1@&quot;)" computerName="RAY" duration="00:00:00.0010776" startTime="2025-09-07T22:44:10.9535315+07:00" endTime="2025-09-07T22:44:10.9535316+07:00" testType="13cdc9d9-ddb5-4fa4-a97d-d965ccfc6d4b" outcome="Passed" testListId="8c84fa94-04c1-424b-9868-57a2d4851a1d" relativeResultsDirectory="1dfa5bcd-c8eb-4380-9819-dc8d8ee95a8e" />
    <UnitTestResult executionId="5ec9f3b2-d376-46d0-8d3a-790109d31a5d" testId="8d83daba-c409-b9fe-c741-9fb737159c4c" testName="ShopFlow.Application.Tests.Validators.Users.CreateUserCommandValidatorTests.Validate_PasswordTooShort_ShouldFail(password: &quot;1234567&quot;)" computerName="RAY" duration="00:00:00.0006920" startTime="2025-09-07T22:44:10.9197768+07:00" endTime="2025-09-07T22:44:10.9197769+07:00" testType="13cdc9d9-ddb5-4fa4-a97d-d965ccfc6d4b" outcome="Passed" testListId="8c84fa94-04c1-424b-9868-57a2d4851a1d" relativeResultsDirectory="5ec9f3b2-d376-46d0-8d3a-790109d31a5d" />
    <UnitTestResult executionId="cb229f3e-6d99-48e5-87f2-311679e43ab3" testId="d3071b23-51d7-6b74-0567-31343d38165b" testName="ShopFlow.Application.Tests.Handlers.Users.GetUserQueryHandlerTests.Handle_DifferentUserIds_ShouldCallRepositoryWithCorrectId(userId: 999)" computerName="RAY" duration="00:00:00.0033885" startTime="2025-09-07T22:44:10.8741929+07:00" endTime="2025-09-07T22:44:10.8741930+07:00" testType="13cdc9d9-ddb5-4fa4-a97d-d965ccfc6d4b" outcome="Passed" testListId="8c84fa94-04c1-424b-9868-57a2d4851a1d" relativeResultsDirectory="cb229f3e-6d99-48e5-87f2-311679e43ab3" />
    <UnitTestResult executionId="b9587aa5-b5d4-4129-ac4c-eda4623b365e" testId="e9ab1485-879a-1e26-8025-fbb73163f94f" testName="ShopFlow.Application.Tests.Validators.Users.CreateUserCommandValidatorTests.Validate_EmptyEmail_ShouldFail(email: null)" computerName="RAY" duration="00:00:00.0020951" startTime="2025-09-07T22:44:10.9808594+07:00" endTime="2025-09-07T22:44:10.9808596+07:00" testType="13cdc9d9-ddb5-4fa4-a97d-d965ccfc6d4b" outcome="Passed" testListId="8c84fa94-04c1-424b-9868-57a2d4851a1d" relativeResultsDirectory="b9587aa5-b5d4-4129-ac4c-eda4623b365e" />
    <UnitTestResult executionId="7b3ec345-f117-494e-883f-de65db95481e" testId="bacc7ad8-6e3c-8990-92af-cd8cdbce9d0a" testName="ShopFlow.Application.Tests.Validators.Users.CreateUserCommandValidatorTests.Validate_InvalidEmailFormat_ShouldFail(email: &quot;@example.com&quot;)" computerName="RAY" duration="00:00:00.0009237" startTime="2025-09-07T22:44:10.9217844+07:00" endTime="2025-09-07T22:44:10.9217845+07:00" testType="13cdc9d9-ddb5-4fa4-a97d-d965ccfc6d4b" outcome="Passed" testListId="8c84fa94-04c1-424b-9868-57a2d4851a1d" relativeResultsDirectory="7b3ec345-f117-494e-883f-de65db95481e" />
    <UnitTestResult executionId="42d61449-4044-438e-8ac6-fca39019e03c" testId="f8288e4a-5fb1-6549-026e-4fe69668f6c9" testName="ShopFlow.Application.Tests.Validators.Users.CreateUserCommandValidatorTests.Validate_InvalidEmailFormat_ShouldFail(email: &quot;test@&quot;)" computerName="RAY" duration="00:00:00.0006782" startTime="2025-09-07T22:44:10.9233331+07:00" endTime="2025-09-07T22:44:10.9233333+07:00" testType="13cdc9d9-ddb5-4fa4-a97d-d965ccfc6d4b" outcome="Passed" testListId="8c84fa94-04c1-424b-9868-57a2d4851a1d" relativeResultsDirectory="42d61449-4044-438e-8ac6-fca39019e03c" />
    <UnitTestResult executionId="868bae4a-6566-4abd-baba-398a9577c37c" testId="72e46980-b44b-d0fd-ad78-0c4f333fe1f6" testName="ShopFlow.Application.Tests.Validators.Users.CreateUserCommandValidatorTests.Validate_ValidPasswordFormats_ShouldPass(password: &quot;Valid1Pass!&quot;)" computerName="RAY" duration="00:00:00.0009684" startTime="2025-09-07T22:44:10.9545582+07:00" endTime="2025-09-07T22:44:10.9545584+07:00" testType="13cdc9d9-ddb5-4fa4-a97d-d965ccfc6d4b" outcome="Passed" testListId="8c84fa94-04c1-424b-9868-57a2d4851a1d" relativeResultsDirectory="868bae4a-6566-4abd-baba-398a9577c37c" />
    <UnitTestResult executionId="f95231e3-3a47-46d5-81dc-534b5d01d8d6" testId="0c82a13a-361b-e38c-26f4-6b0045cf02b6" testName="ShopFlow.Application.Tests.Validators.Users.CreateUserCommandValidatorTests.Validate_ValidPhoneFormats_ShouldPass(phone: &quot;987654321&quot;)" computerName="RAY" duration="00:00:00.0026892" startTime="2025-09-07T22:44:10.8941226+07:00" endTime="2025-09-07T22:44:10.8941228+07:00" testType="13cdc9d9-ddb5-4fa4-a97d-d965ccfc6d4b" outcome="Passed" testListId="8c84fa94-04c1-424b-9868-57a2d4851a1d" relativeResultsDirectory="f95231e3-3a47-46d5-81dc-534b5d01d8d6" />
    <UnitTestResult executionId="c50bbee3-e047-4b81-87d3-bb6a4c1af0ec" testId="9ccf2007-f4ab-07a3-4b07-1de9bd4897fb" testName="ShopFlow.Application.Tests.Validators.Users.CreateUserCommandValidatorTests.Validate_EmptyPassword_ShouldFail(password: &quot;   &quot;)" computerName="RAY" duration="00:00:00.0018504" startTime="2025-09-07T22:44:10.9604213+07:00" endTime="2025-09-07T22:44:10.9604218+07:00" testType="13cdc9d9-ddb5-4fa4-a97d-d965ccfc6d4b" outcome="Passed" testListId="8c84fa94-04c1-424b-9868-57a2d4851a1d" relativeResultsDirectory="c50bbee3-e047-4b81-87d3-bb6a4c1af0ec" />
    <UnitTestResult executionId="73ade941-9f0a-4f7b-b8c4-7555c6f8a9bd" testId="99c37b29-a8fb-2b6c-32b1-683f4e8a17cf" testName="ShopFlow.Application.Tests.Validators.Users.CreateUserCommandValidatorTests.Validate_InvalidGender_ShouldFail(gender: &quot;Invalid&quot;)" computerName="RAY" duration="00:00:00.0019378" startTime="2025-09-07T22:44:10.9624893+07:00" endTime="2025-09-07T22:44:10.9624894+07:00" testType="13cdc9d9-ddb5-4fa4-a97d-d965ccfc6d4b" outcome="Passed" testListId="8c84fa94-04c1-424b-9868-57a2d4851a1d" relativeResultsDirectory="73ade941-9f0a-4f7b-b8c4-7555c6f8a9bd" />
    <UnitTestResult executionId="d1c7a523-885a-451e-981f-74c5d6bb181e" testId="94c96022-07a3-a623-8ce7-48a760759883" testName="ShopFlow.Application.Tests.Validators.Users.CreateUserCommandValidatorTests.Validate_PasswordMissingRequiredCharacters_ShouldFail(password: &quot;Password123&quot;)" computerName="RAY" duration="00:00:00.0007354" startTime="2025-09-07T22:44:10.9307232+07:00" endTime="2025-09-07T22:44:10.9307234+07:00" testType="13cdc9d9-ddb5-4fa4-a97d-d965ccfc6d4b" outcome="Passed" testListId="8c84fa94-04c1-424b-9868-57a2d4851a1d" relativeResultsDirectory="d1c7a523-885a-451e-981f-74c5d6bb181e" />
    <UnitTestResult executionId="c13c1615-c753-4345-8db3-c679a239a044" testId="4a1c7353-1942-9bc9-4c50-b66f3d499f13" testName="ShopFlow.Application.Tests.Validators.Users.CreateUserCommandValidatorTests.Validate_InvalidEmailFormat_ShouldFail(email: &quot;test.example.com&quot;)" computerName="RAY" duration="00:00:00.0007091" startTime="2025-09-07T22:44:10.9240810+07:00" endTime="2025-09-07T22:44:10.9240811+07:00" testType="13cdc9d9-ddb5-4fa4-a97d-d965ccfc6d4b" outcome="Passed" testListId="8c84fa94-04c1-424b-9868-57a2d4851a1d" relativeResultsDirectory="c13c1615-c753-4345-8db3-c679a239a044" />
    <UnitTestResult executionId="98d90b72-2474-424c-aaca-6574eb21ac33" testId="03f6a312-464b-acd0-c75c-ffc7d5309343" testName="ShopFlow.Application.Tests.Validators.Users.CreateUserCommandValidatorTests.Validate_ValidPhoneFormats_ShouldPass(phone: &quot;1234567890&quot;)" computerName="RAY" duration="00:00:00.0010219" startTime="2025-09-07T22:44:10.8990671+07:00" endTime="2025-09-07T22:44:10.8990672+07:00" testType="13cdc9d9-ddb5-4fa4-a97d-d965ccfc6d4b" outcome="Passed" testListId="8c84fa94-04c1-424b-9868-57a2d4851a1d" relativeResultsDirectory="98d90b72-2474-424c-aaca-6574eb21ac33" />
    <UnitTestResult executionId="c13fd7ef-9aee-49e1-b668-91141cb63af0" testId="1bd3eee9-d70b-116a-84c9-178da9f99ec6" testName="ShopFlow.Application.Tests.Behaviors.ValidationBehaviorTests.Handle_ValidationContextCreatedCorrectly_ShouldUseCorrectRequest" computerName="RAY" duration="00:00:00.0161343" startTime="2025-09-07T22:44:10.9139712+07:00" endTime="2025-09-07T22:44:10.9139713+07:00" testType="13cdc9d9-ddb5-4fa4-a97d-d965ccfc6d4b" outcome="Passed" testListId="8c84fa94-04c1-424b-9868-57a2d4851a1d" relativeResultsDirectory="c13fd7ef-9aee-49e1-b668-91141cb63af0" />
    <UnitTestResult executionId="77135aac-aa2a-410b-86a8-78428185dd92" testId="3cc10f75-12d5-0772-b43a-27eca641433d" testName="ShopFlow.Application.Tests.Handlers.Users.GetUserQueryHandlerTests.Handle_DifferentUserIds_ShouldCallRepositoryWithCorrectId(userId: 9223372036854775807)" computerName="RAY" duration="00:00:00.0008774" startTime="2025-09-07T22:44:10.8852761+07:00" endTime="2025-09-07T22:44:10.8852761+07:00" testType="13cdc9d9-ddb5-4fa4-a97d-d965ccfc6d4b" outcome="Passed" testListId="8c84fa94-04c1-424b-9868-57a2d4851a1d" relativeResultsDirectory="77135aac-aa2a-410b-86a8-78428185dd92" />
    <UnitTestResult executionId="79b3b902-85cc-451c-a5df-823a2fcc8b8d" testId="bba00ea3-ae88-cec1-3a15-f93b94254758" testName="ShopFlow.Application.Tests.Validators.Users.CreateUserCommandValidatorTests.Validate_ValidPhoneFormats_ShouldPass(phone: &quot;12345&quot;)" computerName="RAY" duration="00:00:00.0009429" startTime="2025-09-07T22:44:10.9000401+07:00" endTime="2025-09-07T22:44:10.9000402+07:00" testType="13cdc9d9-ddb5-4fa4-a97d-d965ccfc6d4b" outcome="Passed" testListId="8c84fa94-04c1-424b-9868-57a2d4851a1d" relativeResultsDirectory="79b3b902-85cc-451c-a5df-823a2fcc8b8d" />
    <UnitTestResult executionId="a205b72e-1fb5-4341-a7ff-f06623940804" testId="e215348e-1d53-0fa1-faeb-4093795189f1" testName="ShopFlow.Application.Tests.Validators.Users.CreateUserCommandValidatorTests.Validate_InvalidPhoneFormat_ShouldFail(phone: &quot;1&quot;)" computerName="RAY" duration="00:00:00.0007265" startTime="2025-09-07T22:44:10.9164480+07:00" endTime="2025-09-07T22:44:10.9164481+07:00" testType="13cdc9d9-ddb5-4fa4-a97d-d965ccfc6d4b" outcome="Passed" testListId="8c84fa94-04c1-424b-9868-57a2d4851a1d" relativeResultsDirectory="a205b72e-1fb5-4341-a7ff-f06623940804" />
    <UnitTestResult executionId="72402846-c0e0-4110-b658-45e8da6c430c" testId="93282b54-bce4-eadf-2e0f-f3190a797262" testName="ShopFlow.Application.Tests.Validators.Users.CreateUserCommandValidatorTests.Validate_ValidGender_ShouldPass(gender: &quot;Male&quot;)" computerName="RAY" duration="00:00:00.0010088" startTime="2025-09-07T22:44:10.9401154+07:00" endTime="2025-09-07T22:44:10.9401155+07:00" testType="13cdc9d9-ddb5-4fa4-a97d-d965ccfc6d4b" outcome="Passed" testListId="8c84fa94-04c1-424b-9868-57a2d4851a1d" relativeResultsDirectory="72402846-c0e0-4110-b658-45e8da6c430c" />
    <UnitTestResult executionId="67937bc5-e467-4544-b605-74aca496ad63" testId="ac97bcdc-a283-de2e-d726-0ad70f40a645" testName="ShopFlow.Application.Tests.Handlers.Users.GetUserQueryHandlerTests.Handle_UserWithComplexEmailAndPhone_ShouldReturnCorrectValues" computerName="RAY" duration="00:00:00.9330660" startTime="2025-09-07T22:44:10.8667895+07:00" endTime="2025-09-07T22:44:10.8668197+07:00" testType="13cdc9d9-ddb5-4fa4-a97d-d965ccfc6d4b" outcome="Passed" testListId="8c84fa94-04c1-424b-9868-57a2d4851a1d" relativeResultsDirectory="67937bc5-e467-4544-b605-74aca496ad63" />
    <UnitTestResult executionId="bf546117-146b-40ce-907e-b73502eca71f" testId="889cee8d-15a6-b587-d04c-efdb6a39e275" testName="ShopFlow.Application.Tests.Validators.Users.CreateUserCommandValidatorTests.Validate_PasswordTooShort_ShouldFail(password: &quot;short&quot;)" computerName="RAY" duration="00:00:00.0007924" startTime="2025-09-07T22:44:10.9190455+07:00" endTime="2025-09-07T22:44:10.9190456+07:00" testType="13cdc9d9-ddb5-4fa4-a97d-d965ccfc6d4b" outcome="Passed" testListId="8c84fa94-04c1-424b-9868-57a2d4851a1d" relativeResultsDirectory="bf546117-146b-40ce-907e-b73502eca71f" />
    <UnitTestResult executionId="670b7360-9fdc-4422-86d2-4b7bdd1b7d65" testId="a192ef44-f55e-22fb-56c3-7ba0417db44a" testName="ShopFlow.Application.Tests.Handlers.Users.CreateUserCommandHandlerTests.Handle_InvalidPhone_ShouldThrowArgumentException(invalidPhone: &quot;123&quot;)" computerName="RAY" duration="00:00:00.0018293" startTime="2025-09-07T22:44:10.8854017+07:00" endTime="2025-09-07T22:44:10.8854018+07:00" testType="13cdc9d9-ddb5-4fa4-a97d-d965ccfc6d4b" outcome="Passed" testListId="8c84fa94-04c1-424b-9868-57a2d4851a1d" relativeResultsDirectory="670b7360-9fdc-4422-86d2-4b7bdd1b7d65" />
    <UnitTestResult executionId="792a15a4-7c28-4e7c-865e-5e4b3c075368" testId="69b360a8-9ede-8b6a-ded6-eaf9897dd710" testName="ShopFlow.Application.Tests.Handlers.Users.GetUserQueryHandlerTests.Handle_ExistingUser_ShouldReturnUserResponse" computerName="RAY" duration="00:00:00.0033832" startTime="2025-09-07T22:44:10.8910809+07:00" endTime="2025-09-07T22:44:10.8910810+07:00" testType="13cdc9d9-ddb5-4fa4-a97d-d965ccfc6d4b" outcome="Passed" testListId="8c84fa94-04c1-424b-9868-57a2d4851a1d" relativeResultsDirectory="792a15a4-7c28-4e7c-865e-5e4b3c075368" />
    <UnitTestResult executionId="95d48d01-1862-42b3-b9e4-451c369ed004" testId="41da4035-f0f6-6680-cde9-d804d2f039d4" testName="ShopFlow.Application.Tests.Validators.Users.CreateUserCommandValidatorTests.Validate_InvalidPhoneFormat_ShouldFail(phone: &quot;123-456-789&quot;)" computerName="RAY" duration="00:00:00.0014502" startTime="2025-09-07T22:44:10.9133237+07:00" endTime="2025-09-07T22:44:10.9133239+07:00" testType="13cdc9d9-ddb5-4fa4-a97d-d965ccfc6d4b" outcome="Passed" testListId="8c84fa94-04c1-424b-9868-57a2d4851a1d" relativeResultsDirectory="95d48d01-1862-42b3-b9e4-451c369ed004" />
    <UnitTestResult executionId="d8711ddc-0f13-4dd6-a1d8-b83760f35da3" testId="c391fdeb-9d14-1afd-aced-986cb20538aa" testName="ShopFlow.Application.Tests.Handlers.Users.GetUserQueryHandlerTests.Handle_UserWithDifferentEmailVerificationStatus_ShouldReturnCorrectVerification(emailVerified: False)" computerName="RAY" duration="00:00:00.0013344" startTime="2025-09-07T22:44:10.8872498+07:00" endTime="2025-09-07T22:44:10.8872498+07:00" testType="13cdc9d9-ddb5-4fa4-a97d-d965ccfc6d4b" outcome="Passed" testListId="8c84fa94-04c1-424b-9868-57a2d4851a1d" relativeResultsDirectory="d8711ddc-0f13-4dd6-a1d8-b83760f35da3" />
    <UnitTestResult executionId="347c1f46-fb84-466d-aebb-37581c3836a5" testId="cd773a89-e32b-d2ee-e2a5-0766caf7f600" testName="ShopFlow.Application.Tests.Validators.Users.CreateUserCommandValidatorTests.Validate_ValidGender_ShouldPass(gender: &quot;Female&quot;)" computerName="RAY" duration="00:00:00.0023896" startTime="2025-09-07T22:44:10.9435361+07:00" endTime="2025-09-07T22:44:10.9435366+07:00" testType="13cdc9d9-ddb5-4fa4-a97d-d965ccfc6d4b" outcome="Passed" testListId="8c84fa94-04c1-424b-9868-57a2d4851a1d" relativeResultsDirectory="347c1f46-fb84-466d-aebb-37581c3836a5" />
    <UnitTestResult executionId="ff68b97d-ea1e-496c-a2f2-9d8aecfc6995" testId="014f10fc-0dc5-101d-4c3e-c97a8250672d" testName="ShopFlow.Application.Tests.Validators.Users.CreateUserCommandValidatorTests.Validate_ValidPhone_ShouldPass" computerName="RAY" duration="00:00:00.0027224" startTime="2025-09-07T22:44:10.9786509+07:00" endTime="2025-09-07T22:44:10.9786516+07:00" testType="13cdc9d9-ddb5-4fa4-a97d-d965ccfc6d4b" outcome="Passed" testListId="8c84fa94-04c1-424b-9868-57a2d4851a1d" relativeResultsDirectory="ff68b97d-ea1e-496c-a2f2-9d8aecfc6995" />
    <UnitTestResult executionId="2027e259-7ec8-403c-9802-94cb9030ecd3" testId="3e7a2dc9-fe17-25f6-0b6b-c9feaca3dfed" testName="ShopFlow.Application.Tests.Handlers.Users.GetUserQueryHandlerTests.Handle_RepositoryThrowsException_ShouldPropagateException" computerName="RAY" duration="00:00:00.0029305" startTime="2025-09-07T22:44:10.8969642+07:00" endTime="2025-09-07T22:44:10.8969643+07:00" testType="13cdc9d9-ddb5-4fa4-a97d-d965ccfc6d4b" outcome="Passed" testListId="8c84fa94-04c1-424b-9868-57a2d4851a1d" relativeResultsDirectory="2027e259-7ec8-403c-9802-94cb9030ecd3" />
    <UnitTestResult executionId="d135037e-f5e0-4b87-b2b0-28430b3ea851" testId="2c1e57b5-5336-f3f7-aac9-df49bfb42903" testName="ShopFlow.Application.Tests.Handlers.Users.GetUserQueryHandlerTests.Handle_CancellationRequested_ShouldPassCancellationToken" computerName="RAY" duration="00:00:00.0026893" startTime="2025-09-07T22:44:10.8939314+07:00" endTime="2025-09-07T22:44:10.8939315+07:00" testType="13cdc9d9-ddb5-4fa4-a97d-d965ccfc6d4b" outcome="Passed" testListId="8c84fa94-04c1-424b-9868-57a2d4851a1d" relativeResultsDirectory="d135037e-f5e0-4b87-b2b0-28430b3ea851" />
    <UnitTestResult executionId="41296c7d-9990-46aa-beac-81f818559632" testId="0c801545-f657-a100-6766-402301751c17" testName="ShopFlow.Application.Tests.Validators.Users.CreateUserCommandValidatorTests.Validate_EmptyFullName_ShouldFail(fullName: &quot;&quot;)" computerName="RAY" duration="00:00:00.0007787" startTime="2025-09-07T22:44:10.9377751+07:00" endTime="2025-09-07T22:44:10.9377752+07:00" testType="13cdc9d9-ddb5-4fa4-a97d-d965ccfc6d4b" outcome="Passed" testListId="8c84fa94-04c1-424b-9868-57a2d4851a1d" relativeResultsDirectory="41296c7d-9990-46aa-beac-81f818559632" />
    <UnitTestResult executionId="341aaa27-501a-4cb8-a05d-a6bb4dd9aad4" testId="eea35d2b-2eb4-5b99-f697-e5d88903799a" testName="ShopFlow.Application.Tests.Validators.Users.CreateUserCommandValidatorTests.Validate_FullyValidCommand_ShouldPass" computerName="RAY" duration="00:00:00.0005942" startTime="2025-09-07T22:44:10.9853004+07:00" endTime="2025-09-07T22:44:10.9853005+07:00" testType="13cdc9d9-ddb5-4fa4-a97d-d965ccfc6d4b" outcome="Passed" testListId="8c84fa94-04c1-424b-9868-57a2d4851a1d" relativeResultsDirectory="341aaa27-501a-4cb8-a05d-a6bb4dd9aad4" />
    <UnitTestResult executionId="c18c7cfd-95c9-42f1-a453-940107f3a536" testId="9478572a-3a63-3c60-50e0-227017ff501a" testName="ShopFlow.Application.Tests.Behaviors.ValidationBehaviorTests.Handle_NextHandlerThrowsException_ShouldPropagateException" computerName="RAY" duration="00:00:00.0018676" startTime="2025-09-07T22:44:10.9330773+07:00" endTime="2025-09-07T22:44:10.9330775+07:00" testType="13cdc9d9-ddb5-4fa4-a97d-d965ccfc6d4b" outcome="Passed" testListId="8c84fa94-04c1-424b-9868-57a2d4851a1d" relativeResultsDirectory="c18c7cfd-95c9-42f1-a453-940107f3a536" />
    <UnitTestResult executionId="f0987a3d-fe5a-4e0f-9eb7-15cbd1589260" testId="d9b9a226-d972-298e-2232-555df986cf18" testName="ShopFlow.Application.Tests.Handlers.Users.CreateUserCommandHandlerTests.Handle_ValidCommandWithoutPhone_ShouldCreateUserWithNullPhone" computerName="RAY" duration="00:00:00.9425003" startTime="2025-09-07T22:44:10.8719728+07:00" endTime="2025-09-07T22:44:10.8719729+07:00" testType="13cdc9d9-ddb5-4fa4-a97d-d965ccfc6d4b" outcome="Passed" testListId="8c84fa94-04c1-424b-9868-57a2d4851a1d" relativeResultsDirectory="f0987a3d-fe5a-4e0f-9eb7-15cbd1589260" />
    <UnitTestResult executionId="098ad508-32f1-47f0-8765-332deea4ccc0" testId="ef878ae3-3bb8-a3e3-3413-cab100e5a977" testName="ShopFlow.Application.Tests.Handlers.Users.CreateUserCommandHandlerTests.Handle_InvalidEmail_ShouldThrowArgumentException(invalidEmail: &quot;&quot;)" computerName="RAY" duration="00:00:00.0009647" startTime="2025-09-07T22:44:10.8877799+07:00" endTime="2025-09-07T22:44:10.8877800+07:00" testType="13cdc9d9-ddb5-4fa4-a97d-d965ccfc6d4b" outcome="Passed" testListId="8c84fa94-04c1-424b-9868-57a2d4851a1d" relativeResultsDirectory="098ad508-32f1-47f0-8765-332deea4ccc0" />
    <UnitTestResult executionId="e62d5fcf-6f95-41be-bb5d-c87743e6c66d" testId="fa0ec154-f3ec-878c-ffb3-af8cd605d9a4" testName="ShopFlow.Application.Tests.Handlers.Users.CreateUserCommandHandlerTests.Handle_InvalidEmail_ShouldThrowArgumentException(invalidEmail: &quot;   &quot;)" computerName="RAY" duration="00:00:00.0021436" startTime="2025-09-07T22:44:10.8871604+07:00" endTime="2025-09-07T22:44:10.8871605+07:00" testType="13cdc9d9-ddb5-4fa4-a97d-d965ccfc6d4b" outcome="Passed" testListId="8c84fa94-04c1-424b-9868-57a2d4851a1d" relativeResultsDirectory="e62d5fcf-6f95-41be-bb5d-c87743e6c66d" />
    <UnitTestResult executionId="c631cf10-f87f-4b8a-93e4-8d80ca879f69" testId="384efe0a-b926-12ae-eef8-2ae406426158" testName="ShopFlow.Application.Tests.Behaviors.ValidationBehaviorTests.Handle_MultipleValidators_ShouldRunAllValidators" computerName="RAY" duration="00:00:00.0025887" startTime="2025-09-07T22:44:10.9225289+07:00" endTime="2025-09-07T22:44:10.9225291+07:00" testType="13cdc9d9-ddb5-4fa4-a97d-d965ccfc6d4b" outcome="Passed" testListId="8c84fa94-04c1-424b-9868-57a2d4851a1d" relativeResultsDirectory="c631cf10-f87f-4b8a-93e4-8d80ca879f69" />
    <UnitTestResult executionId="cb923041-c0cf-4c73-8beb-07171125b5c8" testId="37ba2415-2ef0-264d-16f9-8e6e6d4d1c80" testName="ShopFlow.Application.Tests.Behaviors.ValidationBehaviorTests.Handle_ValidationResult_ShouldCallNextAppropriately(isValid: True, expectedNextCalls: 1)" computerName="RAY" duration="00:00:00.0020388" startTime="2025-09-07T22:44:10.9367838+07:00" endTime="2025-09-07T22:44:10.9367839+07:00" testType="13cdc9d9-ddb5-4fa4-a97d-d965ccfc6d4b" outcome="Passed" testListId="8c84fa94-04c1-424b-9868-57a2d4851a1d" relativeResultsDirectory="cb923041-c0cf-4c73-8beb-07171125b5c8" />
    <UnitTestResult executionId="c7e717cb-e24c-4ec4-aa39-89dc9d5aa932" testId="a725b48a-1658-1afd-b806-97b10bf75e78" testName="ShopFlow.Application.Tests.Validators.Users.CreateUserCommandValidatorTests.Validate_EmptyFullName_ShouldFail(fullName: null)" computerName="RAY" duration="00:00:00.0009899" startTime="2025-09-07T22:44:10.9360987+07:00" endTime="2025-09-07T22:44:10.9360989+07:00" testType="13cdc9d9-ddb5-4fa4-a97d-d965ccfc6d4b" outcome="Passed" testListId="8c84fa94-04c1-424b-9868-57a2d4851a1d" relativeResultsDirectory="c7e717cb-e24c-4ec4-aa39-89dc9d5aa932" />
    <UnitTestResult executionId="bc1b7175-d60b-4f38-9b1c-e7bcf012b4d5" testId="f0bc1880-6657-6d71-520b-ea711aa68609" testName="ShopFlow.Application.Tests.Behaviors.ValidationBehaviorTests.Handle_ValidatorThrowsException_ShouldPropagateException" computerName="RAY" duration="00:00:00.0025102" startTime="2025-09-07T22:44:10.8977813+07:00" endTime="2025-09-07T22:44:10.8977814+07:00" testType="13cdc9d9-ddb5-4fa4-a97d-d965ccfc6d4b" outcome="Passed" testListId="8c84fa94-04c1-424b-9868-57a2d4851a1d" relativeResultsDirectory="bc1b7175-d60b-4f38-9b1c-e7bcf012b4d5" />
    <UnitTestResult executionId="2865204e-3ba3-4ff7-8bfd-e03f90fa6ed2" testId="d9d08132-2e6d-0e46-6212-cb2965c97c72" testName="ShopFlow.Application.Tests.Validators.Users.CreateUserCommandValidatorTests.Validate_EmptyEmail_ShouldFail(email: &quot;   &quot;)" computerName="RAY" duration="00:00:00.0008781" startTime="2025-09-07T22:44:10.9831522+07:00" endTime="2025-09-07T22:44:10.9831523+07:00" testType="13cdc9d9-ddb5-4fa4-a97d-d965ccfc6d4b" outcome="Passed" testListId="8c84fa94-04c1-424b-9868-57a2d4851a1d" relativeResultsDirectory="2865204e-3ba3-4ff7-8bfd-e03f90fa6ed2" />
    <UnitTestResult executionId="6df381a5-5dce-472a-86e0-db7fefa56a69" testId="f96faa35-606a-eb00-ccfc-66f38c4d0d77" testName="ShopFlow.Application.Tests.Handlers.Users.CreateUserCommandHandlerTests.Handle_InvalidEmail_ShouldThrowArgumentException(invalidEmail: &quot;@example.com&quot;)" computerName="RAY" duration="00:00:00.0008795" startTime="2025-09-07T22:44:10.8886975+07:00" endTime="2025-09-07T22:44:10.8886976+07:00" testType="13cdc9d9-ddb5-4fa4-a97d-d965ccfc6d4b" outcome="Passed" testListId="8c84fa94-04c1-424b-9868-57a2d4851a1d" relativeResultsDirectory="6df381a5-5dce-472a-86e0-db7fefa56a69" />
    <UnitTestResult executionId="418bddda-0ab1-4a96-b710-d461c6fd1691" testId="e2c401b4-5798-f440-81c2-e76f812b8045" testName="ShopFlow.Application.Tests.Handlers.Users.CreateUserCommandHandlerTests.Handle_InvalidPhone_ShouldThrowArgumentException(invalidPhone: &quot;abc123def&quot;)" computerName="RAY" duration="00:00:00.0013888" startTime="2025-09-07T22:44:10.8856104+07:00" endTime="2025-09-07T22:44:10.8856105+07:00" testType="13cdc9d9-ddb5-4fa4-a97d-d965ccfc6d4b" outcome="Passed" testListId="8c84fa94-04c1-424b-9868-57a2d4851a1d" relativeResultsDirectory="418bddda-0ab1-4a96-b710-d461c6fd1691" />
  </Results>
  <TestDefinitions>
    <UnitTest name="ShopFlow.Application.Tests.Validators.Users.CreateUserCommandValidatorTests.Validate_FullyValidCommand_ShouldPass" storage="d:\code\.net\project_shopflow\tests\shopflow.application.tests\bin\debug\net9.0\shopflow.application.tests.dll" id="eea35d2b-2eb4-5b99-f697-e5d88903799a">
      <Execution id="341aaa27-501a-4cb8-a05d-a6bb4dd9aad4" />
      <TestMethod codeBase="D:\Code\.Net\project_shopflow\Tests\ShopFlow.Application.Tests\bin\Debug\net9.0\ShopFlow.Application.Tests.dll" adapterTypeName="executor://xunit/VsTestRunner2/netcoreapp" className="ShopFlow.Application.Tests.Validators.Users.CreateUserCommandValidatorTests" name="Validate_FullyValidCommand_ShouldPass" />
    </UnitTest>
    <UnitTest name="ShopFlow.Application.Tests.Validators.Users.CreateUserCommandValidatorTests.Validate_ValidGender_ShouldPass(gender: &quot;Other&quot;)" storage="d:\code\.net\project_shopflow\tests\shopflow.application.tests\bin\debug\net9.0\shopflow.application.tests.dll" id="e398c0dc-036e-9d45-da68-dc001f666a4d">
      <Execution id="e4cb83e8-d80f-4d53-b4f4-13fdce94211f" />
      <TestMethod codeBase="D:\Code\.Net\project_shopflow\Tests\ShopFlow.Application.Tests\bin\Debug\net9.0\ShopFlow.Application.Tests.dll" adapterTypeName="executor://xunit/VsTestRunner2/netcoreapp" className="ShopFlow.Application.Tests.Validators.Users.CreateUserCommandValidatorTests" name="Validate_ValidGender_ShouldPass" />
    </UnitTest>
    <UnitTest name="ShopFlow.Application.Tests.Validators.Users.CreateUserCommandValidatorTests.Validate_PasswordMissingRequiredCharacters_ShouldFail(password: &quot;PASSWORD123!&quot;)" storage="d:\code\.net\project_shopflow\tests\shopflow.application.tests\bin\debug\net9.0\shopflow.application.tests.dll" id="b6c23262-32ac-a46f-bbf8-902c1eaff77c">
      <Execution id="dc051eef-5b4f-47bc-97ab-da362582c54a" />
      <TestMethod codeBase="D:\Code\.Net\project_shopflow\Tests\ShopFlow.Application.Tests\bin\Debug\net9.0\ShopFlow.Application.Tests.dll" adapterTypeName="executor://xunit/VsTestRunner2/netcoreapp" className="ShopFlow.Application.Tests.Validators.Users.CreateUserCommandValidatorTests" name="Validate_PasswordMissingRequiredCharacters_ShouldFail" />
    </UnitTest>
    <UnitTest name="ShopFlow.Application.Tests.Validators.Users.CreateUserCommandValidatorTests.Validate_InvalidPhoneFormat_ShouldFail(phone: &quot;+0123456789&quot;)" storage="d:\code\.net\project_shopflow\tests\shopflow.application.tests\bin\debug\net9.0\shopflow.application.tests.dll" id="3072600d-f71a-e6d8-eab6-0f80ccfcb5e9">
      <Execution id="4540e21b-caf3-4450-8fe3-fa1279ba8bbc" />
      <TestMethod codeBase="D:\Code\.Net\project_shopflow\Tests\ShopFlow.Application.Tests\bin\Debug\net9.0\ShopFlow.Application.Tests.dll" adapterTypeName="executor://xunit/VsTestRunner2/netcoreapp" className="ShopFlow.Application.Tests.Validators.Users.CreateUserCommandValidatorTests" name="Validate_InvalidPhoneFormat_ShouldFail" />
    </UnitTest>
    <UnitTest name="ShopFlow.Application.Tests.Handlers.Users.CreateUserCommandHandlerTests.Handle_InvalidEmail_ShouldThrowArgumentException(invalidEmail: &quot;   &quot;)" storage="d:\code\.net\project_shopflow\tests\shopflow.application.tests\bin\debug\net9.0\shopflow.application.tests.dll" id="fa0ec154-f3ec-878c-ffb3-af8cd605d9a4">
      <Execution id="e62d5fcf-6f95-41be-bb5d-c87743e6c66d" />
      <TestMethod codeBase="D:\Code\.Net\project_shopflow\Tests\ShopFlow.Application.Tests\bin\Debug\net9.0\ShopFlow.Application.Tests.dll" adapterTypeName="executor://xunit/VsTestRunner2/netcoreapp" className="ShopFlow.Application.Tests.Handlers.Users.CreateUserCommandHandlerTests" name="Handle_InvalidEmail_ShouldThrowArgumentException" />
    </UnitTest>
    <UnitTest name="ShopFlow.Application.Tests.Validators.Users.CreateUserCommandValidatorTests.Validate_PasswordMissingRequiredCharacters_ShouldFail(password: &quot;Password!&quot;)" storage="d:\code\.net\project_shopflow\tests\shopflow.application.tests\bin\debug\net9.0\shopflow.application.tests.dll" id="25db2c85-0e1e-806b-a8d1-04b37ea0f5f5">
      <Execution id="cde19024-ed72-4288-b873-781c0348c57b" />
      <TestMethod codeBase="D:\Code\.Net\project_shopflow\Tests\ShopFlow.Application.Tests\bin\Debug\net9.0\ShopFlow.Application.Tests.dll" adapterTypeName="executor://xunit/VsTestRunner2/netcoreapp" className="ShopFlow.Application.Tests.Validators.Users.CreateUserCommandValidatorTests" name="Validate_PasswordMissingRequiredCharacters_ShouldFail" />
    </UnitTest>
    <UnitTest name="ShopFlow.Application.Tests.Validators.Users.CreateUserCommandValidatorTests.Validate_EmptyPassword_ShouldFail(password: null)" storage="d:\code\.net\project_shopflow\tests\shopflow.application.tests\bin\debug\net9.0\shopflow.application.tests.dll" id="e4949bf4-fd77-b6e7-1c33-ed9013324cb3">
      <Execution id="49140058-9c13-4d13-a165-4266d9d05651" />
      <TestMethod codeBase="D:\Code\.Net\project_shopflow\Tests\ShopFlow.Application.Tests\bin\Debug\net9.0\ShopFlow.Application.Tests.dll" adapterTypeName="executor://xunit/VsTestRunner2/netcoreapp" className="ShopFlow.Application.Tests.Validators.Users.CreateUserCommandValidatorTests" name="Validate_EmptyPassword_ShouldFail" />
    </UnitTest>
    <UnitTest name="ShopFlow.Application.Tests.Handlers.Users.CreateUserCommandHandlerTests.Handle_InvalidEmail_ShouldThrowArgumentException(invalidEmail: &quot;&quot;)" storage="d:\code\.net\project_shopflow\tests\shopflow.application.tests\bin\debug\net9.0\shopflow.application.tests.dll" id="ef878ae3-3bb8-a3e3-3413-cab100e5a977">
      <Execution id="098ad508-32f1-47f0-8765-332deea4ccc0" />
      <TestMethod codeBase="D:\Code\.Net\project_shopflow\Tests\ShopFlow.Application.Tests\bin\Debug\net9.0\ShopFlow.Application.Tests.dll" adapterTypeName="executor://xunit/VsTestRunner2/netcoreapp" className="ShopFlow.Application.Tests.Handlers.Users.CreateUserCommandHandlerTests" name="Handle_InvalidEmail_ShouldThrowArgumentException" />
    </UnitTest>
    <UnitTest name="ShopFlow.Application.Tests.Validators.Users.CreateUserCommandValidatorTests.Validate_EmptyPassword_ShouldFail(password: &quot;   &quot;)" storage="d:\code\.net\project_shopflow\tests\shopflow.application.tests\bin\debug\net9.0\shopflow.application.tests.dll" id="9ccf2007-f4ab-07a3-4b07-1de9bd4897fb">
      <Execution id="c50bbee3-e047-4b81-87d3-bb6a4c1af0ec" />
      <TestMethod codeBase="D:\Code\.Net\project_shopflow\Tests\ShopFlow.Application.Tests\bin\Debug\net9.0\ShopFlow.Application.Tests.dll" adapterTypeName="executor://xunit/VsTestRunner2/netcoreapp" className="ShopFlow.Application.Tests.Validators.Users.CreateUserCommandValidatorTests" name="Validate_EmptyPassword_ShouldFail" />
    </UnitTest>
    <UnitTest name="ShopFlow.Application.Tests.Behaviors.ValidationBehaviorTests.Handle_ValidationResult_ShouldCallNextAppropriately(isValid: False, expectedNextCalls: 0)" storage="d:\code\.net\project_shopflow\tests\shopflow.application.tests\bin\debug\net9.0\shopflow.application.tests.dll" id="903d0921-71c1-2cb9-4cef-4a6c9e7fdae3">
      <Execution id="be583ffd-7ebe-4bf4-b706-3c270295290f" />
      <TestMethod codeBase="D:\Code\.Net\project_shopflow\Tests\ShopFlow.Application.Tests\bin\Debug\net9.0\ShopFlow.Application.Tests.dll" adapterTypeName="executor://xunit/VsTestRunner2/netcoreapp" className="ShopFlow.Application.Tests.Behaviors.ValidationBehaviorTests" name="Handle_ValidationResult_ShouldCallNextAppropriately" />
    </UnitTest>
    <UnitTest name="ShopFlow.Application.Tests.Validators.Users.CreateUserCommandValidatorTests.Validate_ValidFullName_ShouldPass" storage="d:\code\.net\project_shopflow\tests\shopflow.application.tests\bin\debug\net9.0\shopflow.application.tests.dll" id="af27aad0-f374-05c4-b7f3-9603f172d5c6">
      <Execution id="16913942-2a04-4698-9d0b-9b67a555f1b7" />
      <TestMethod codeBase="D:\Code\.Net\project_shopflow\Tests\ShopFlow.Application.Tests\bin\Debug\net9.0\ShopFlow.Application.Tests.dll" adapterTypeName="executor://xunit/VsTestRunner2/netcoreapp" className="ShopFlow.Application.Tests.Validators.Users.CreateUserCommandValidatorTests" name="Validate_ValidFullName_ShouldPass" />
    </UnitTest>
    <UnitTest name="ShopFlow.Application.Tests.Validators.Users.CreateUserCommandValidatorTests.Validate_ValidGender_ShouldPass(gender: &quot;Male&quot;)" storage="d:\code\.net\project_shopflow\tests\shopflow.application.tests\bin\debug\net9.0\shopflow.application.tests.dll" id="93282b54-bce4-eadf-2e0f-f3190a797262">
      <Execution id="72402846-c0e0-4110-b658-45e8da6c430c" />
      <TestMethod codeBase="D:\Code\.Net\project_shopflow\Tests\ShopFlow.Application.Tests\bin\Debug\net9.0\ShopFlow.Application.Tests.dll" adapterTypeName="executor://xunit/VsTestRunner2/netcoreapp" className="ShopFlow.Application.Tests.Validators.Users.CreateUserCommandValidatorTests" name="Validate_ValidGender_ShouldPass" />
    </UnitTest>
    <UnitTest name="ShopFlow.Application.Tests.Handlers.Users.GetUserQueryHandlerTests.Handle_ExistingUser_ShouldReturnUserResponse" storage="d:\code\.net\project_shopflow\tests\shopflow.application.tests\bin\debug\net9.0\shopflow.application.tests.dll" id="69b360a8-9ede-8b6a-ded6-eaf9897dd710">
      <Execution id="792a15a4-7c28-4e7c-865e-5e4b3c075368" />
      <TestMethod codeBase="D:\Code\.Net\project_shopflow\Tests\ShopFlow.Application.Tests\bin\Debug\net9.0\ShopFlow.Application.Tests.dll" adapterTypeName="executor://xunit/VsTestRunner2/netcoreapp" className="ShopFlow.Application.Tests.Handlers.Users.GetUserQueryHandlerTests" name="Handle_ExistingUser_ShouldReturnUserResponse" />
    </UnitTest>
    <UnitTest name="ShopFlow.Application.Tests.Validators.Users.CreateUserCommandValidatorTests.Validate_EmptyFullName_ShouldFail(fullName: null)" storage="d:\code\.net\project_shopflow\tests\shopflow.application.tests\bin\debug\net9.0\shopflow.application.tests.dll" id="a725b48a-1658-1afd-b806-97b10bf75e78">
      <Execution id="c7e717cb-e24c-4ec4-aa39-89dc9d5aa932" />
      <TestMethod codeBase="D:\Code\.Net\project_shopflow\Tests\ShopFlow.Application.Tests\bin\Debug\net9.0\ShopFlow.Application.Tests.dll" adapterTypeName="executor://xunit/VsTestRunner2/netcoreapp" className="ShopFlow.Application.Tests.Validators.Users.CreateUserCommandValidatorTests" name="Validate_EmptyFullName_ShouldFail" />
    </UnitTest>
    <UnitTest name="ShopFlow.Application.Tests.Behaviors.ValidationBehaviorTests.Handle_ValidationContextCreatedCorrectly_ShouldUseCorrectRequest" storage="d:\code\.net\project_shopflow\tests\shopflow.application.tests\bin\debug\net9.0\shopflow.application.tests.dll" id="1bd3eee9-d70b-116a-84c9-178da9f99ec6">
      <Execution id="c13fd7ef-9aee-49e1-b668-91141cb63af0" />
      <TestMethod codeBase="D:\Code\.Net\project_shopflow\Tests\ShopFlow.Application.Tests\bin\Debug\net9.0\ShopFlow.Application.Tests.dll" adapterTypeName="executor://xunit/VsTestRunner2/netcoreapp" className="ShopFlow.Application.Tests.Behaviors.ValidationBehaviorTests" name="Handle_ValidationContextCreatedCorrectly_ShouldUseCorrectRequest" />
    </UnitTest>
    <UnitTest name="ShopFlow.Application.Tests.Validators.Users.CreateUserCommandValidatorTests.Validate_ValidPhoneFormats_ShouldPass(phone: &quot;+84987654321&quot;)" storage="d:\code\.net\project_shopflow\tests\shopflow.application.tests\bin\debug\net9.0\shopflow.application.tests.dll" id="702a5195-b49d-070b-d1eb-c62c3daf4012">
      <Execution id="6ba6a630-33c9-41cb-9378-1aafd7d629ab" />
      <TestMethod codeBase="D:\Code\.Net\project_shopflow\Tests\ShopFlow.Application.Tests\bin\Debug\net9.0\ShopFlow.Application.Tests.dll" adapterTypeName="executor://xunit/VsTestRunner2/netcoreapp" className="ShopFlow.Application.Tests.Validators.Users.CreateUserCommandValidatorTests" name="Validate_ValidPhoneFormats_ShouldPass" />
    </UnitTest>
    <UnitTest name="ShopFlow.Application.Tests.Validators.Users.CreateUserCommandValidatorTests.Validate_InvalidGender_ShouldFail(gender: &quot;NonBinary&quot;)" storage="d:\code\.net\project_shopflow\tests\shopflow.application.tests\bin\debug\net9.0\shopflow.application.tests.dll" id="393b80f2-527d-b2d3-cb4b-77de628c1a4d">
      <Execution id="d118a9d1-aa6e-4725-9218-59cd9d0fc2e7" />
      <TestMethod codeBase="D:\Code\.Net\project_shopflow\Tests\ShopFlow.Application.Tests\bin\Debug\net9.0\ShopFlow.Application.Tests.dll" adapterTypeName="executor://xunit/VsTestRunner2/netcoreapp" className="ShopFlow.Application.Tests.Validators.Users.CreateUserCommandValidatorTests" name="Validate_InvalidGender_ShouldFail" />
    </UnitTest>
    <UnitTest name="ShopFlow.Application.Tests.Behaviors.ValidationBehaviorTests.Handle_ValidatorThrowsException_ShouldPropagateException" storage="d:\code\.net\project_shopflow\tests\shopflow.application.tests\bin\debug\net9.0\shopflow.application.tests.dll" id="f0bc1880-6657-6d71-520b-ea711aa68609">
      <Execution id="bc1b7175-d60b-4f38-9b1c-e7bcf012b4d5" />
      <TestMethod codeBase="D:\Code\.Net\project_shopflow\Tests\ShopFlow.Application.Tests\bin\Debug\net9.0\ShopFlow.Application.Tests.dll" adapterTypeName="executor://xunit/VsTestRunner2/netcoreapp" className="ShopFlow.Application.Tests.Behaviors.ValidationBehaviorTests" name="Handle_ValidatorThrowsException_ShouldPropagateException" />
    </UnitTest>
    <UnitTest name="ShopFlow.Application.Tests.Handlers.Users.CreateUserCommandHandlerTests.Handle_ValidCommandWithoutPhone_ShouldCreateUserWithNullPhone" storage="d:\code\.net\project_shopflow\tests\shopflow.application.tests\bin\debug\net9.0\shopflow.application.tests.dll" id="d9b9a226-d972-298e-2232-555df986cf18">
      <Execution id="f0987a3d-fe5a-4e0f-9eb7-15cbd1589260" />
      <TestMethod codeBase="D:\Code\.Net\project_shopflow\Tests\ShopFlow.Application.Tests\bin\Debug\net9.0\ShopFlow.Application.Tests.dll" adapterTypeName="executor://xunit/VsTestRunner2/netcoreapp" className="ShopFlow.Application.Tests.Handlers.Users.CreateUserCommandHandlerTests" name="Handle_ValidCommandWithoutPhone_ShouldCreateUserWithNullPhone" />
    </UnitTest>
    <UnitTest name="ShopFlow.Application.Tests.Validators.Users.CreateUserCommandValidatorTests.Validate_EmptyFullName_ShouldFail(fullName: &quot;&quot;)" storage="d:\code\.net\project_shopflow\tests\shopflow.application.tests\bin\debug\net9.0\shopflow.application.tests.dll" id="0c801545-f657-a100-6766-402301751c17">
      <Execution id="41296c7d-9990-46aa-beac-81f818559632" />
      <TestMethod codeBase="D:\Code\.Net\project_shopflow\Tests\ShopFlow.Application.Tests\bin\Debug\net9.0\ShopFlow.Application.Tests.dll" adapterTypeName="executor://xunit/VsTestRunner2/netcoreapp" className="ShopFlow.Application.Tests.Validators.Users.CreateUserCommandValidatorTests" name="Validate_EmptyFullName_ShouldFail" />
    </UnitTest>
    <UnitTest name="ShopFlow.Application.Tests.Handlers.Users.GetUserQueryHandlerTests.Handle_UserWithoutPhone_ShouldReturnUserResponseWithNullPhone" storage="d:\code\.net\project_shopflow\tests\shopflow.application.tests\bin\debug\net9.0\shopflow.application.tests.dll" id="db0fc7a8-53e2-0682-abfb-10d47773d941">
      <Execution id="1a00d734-e055-4dfc-8cce-e33b6185295b" />
      <TestMethod codeBase="D:\Code\.Net\project_shopflow\Tests\ShopFlow.Application.Tests\bin\Debug\net9.0\ShopFlow.Application.Tests.dll" adapterTypeName="executor://xunit/VsTestRunner2/netcoreapp" className="ShopFlow.Application.Tests.Handlers.Users.GetUserQueryHandlerTests" name="Handle_UserWithoutPhone_ShouldReturnUserResponseWithNullPhone" />
    </UnitTest>
    <UnitTest name="ShopFlow.Application.Tests.Validators.Users.CreateUserCommandValidatorTests.Validate_ValidPasswordFormats_ShouldPass(password: &quot;Valid1Pass!&quot;)" storage="d:\code\.net\project_shopflow\tests\shopflow.application.tests\bin\debug\net9.0\shopflow.application.tests.dll" id="72e46980-b44b-d0fd-ad78-0c4f333fe1f6">
      <Execution id="868bae4a-6566-4abd-baba-398a9577c37c" />
      <TestMethod codeBase="D:\Code\.Net\project_shopflow\Tests\ShopFlow.Application.Tests\bin\Debug\net9.0\ShopFlow.Application.Tests.dll" adapterTypeName="executor://xunit/VsTestRunner2/netcoreapp" className="ShopFlow.Application.Tests.Validators.Users.CreateUserCommandValidatorTests" name="Validate_ValidPasswordFormats_ShouldPass" />
    </UnitTest>
    <UnitTest name="ShopFlow.Application.Tests.Validators.Users.CreateUserCommandValidatorTests.Validate_InvalidPhoneFormat_ShouldFail(phone: &quot;0123456789&quot;)" storage="d:\code\.net\project_shopflow\tests\shopflow.application.tests\bin\debug\net9.0\shopflow.application.tests.dll" id="4453923a-00ae-da57-3d99-1c4ee6fdf2ee">
      <Execution id="53ccda42-a4f7-427f-949e-d47cf04d6dbf" />
      <TestMethod codeBase="D:\Code\.Net\project_shopflow\Tests\ShopFlow.Application.Tests\bin\Debug\net9.0\ShopFlow.Application.Tests.dll" adapterTypeName="executor://xunit/VsTestRunner2/netcoreapp" className="ShopFlow.Application.Tests.Validators.Users.CreateUserCommandValidatorTests" name="Validate_InvalidPhoneFormat_ShouldFail" />
    </UnitTest>
    <UnitTest name="ShopFlow.Application.Tests.Behaviors.ValidationBehaviorTests.Handle_NextHandlerThrowsException_ShouldPropagateException" storage="d:\code\.net\project_shopflow\tests\shopflow.application.tests\bin\debug\net9.0\shopflow.application.tests.dll" id="9478572a-3a63-3c60-50e0-227017ff501a">
      <Execution id="c18c7cfd-95c9-42f1-a453-940107f3a536" />
      <TestMethod codeBase="D:\Code\.Net\project_shopflow\Tests\ShopFlow.Application.Tests\bin\Debug\net9.0\ShopFlow.Application.Tests.dll" adapterTypeName="executor://xunit/VsTestRunner2/netcoreapp" className="ShopFlow.Application.Tests.Behaviors.ValidationBehaviorTests" name="Handle_NextHandlerThrowsException_ShouldPropagateException" />
    </UnitTest>
    <UnitTest name="ShopFlow.Application.Tests.Validators.Users.CreateUserCommandValidatorTests.Validate_PasswordTooLong_ShouldFail" storage="d:\code\.net\project_shopflow\tests\shopflow.application.tests\bin\debug\net9.0\shopflow.application.tests.dll" id="2759fab2-8502-a045-5a28-2711ad6c5afa">
      <Execution id="f1a2b94a-3a86-4692-a88c-dc9b7dba8a9e" />
      <TestMethod codeBase="D:\Code\.Net\project_shopflow\Tests\ShopFlow.Application.Tests\bin\Debug\net9.0\ShopFlow.Application.Tests.dll" adapterTypeName="executor://xunit/VsTestRunner2/netcoreapp" className="ShopFlow.Application.Tests.Validators.Users.CreateUserCommandValidatorTests" name="Validate_PasswordTooLong_ShouldFail" />
    </UnitTest>
    <UnitTest name="ShopFlow.Application.Tests.Validators.Users.CreateUserCommandValidatorTests.Validate_InvalidGender_ShouldFail(gender: &quot;female&quot;)" storage="d:\code\.net\project_shopflow\tests\shopflow.application.tests\bin\debug\net9.0\shopflow.application.tests.dll" id="57f8eac0-5aec-6a48-bf16-6c6c4a0d18e8">
      <Execution id="b25c67a4-e08c-4a6d-8947-fe7fc3ed27f7" />
      <TestMethod codeBase="D:\Code\.Net\project_shopflow\Tests\ShopFlow.Application.Tests\bin\Debug\net9.0\ShopFlow.Application.Tests.dll" adapterTypeName="executor://xunit/VsTestRunner2/netcoreapp" className="ShopFlow.Application.Tests.Validators.Users.CreateUserCommandValidatorTests" name="Validate_InvalidGender_ShouldFail" />
    </UnitTest>
    <UnitTest name="ShopFlow.Application.Tests.Behaviors.ValidationBehaviorTests.Handle_ValidRequest_ShouldCallNext" storage="d:\code\.net\project_shopflow\tests\shopflow.application.tests\bin\debug\net9.0\shopflow.application.tests.dll" id="f2807d54-7676-6d78-9d9c-ca8b31a899a0">
      <Execution id="54ff6759-daac-40a2-a187-b1d7131c07a0" />
      <TestMethod codeBase="D:\Code\.Net\project_shopflow\Tests\ShopFlow.Application.Tests\bin\Debug\net9.0\ShopFlow.Application.Tests.dll" adapterTypeName="executor://xunit/VsTestRunner2/netcoreapp" className="ShopFlow.Application.Tests.Behaviors.ValidationBehaviorTests" name="Handle_ValidRequest_ShouldCallNext" />
    </UnitTest>
    <UnitTest name="ShopFlow.Application.Tests.Validators.Users.CreateUserCommandValidatorTests.Validate_EmailTooLong_ShouldFail" storage="d:\code\.net\project_shopflow\tests\shopflow.application.tests\bin\debug\net9.0\shopflow.application.tests.dll" id="a34c11fe-96bf-f583-8945-43e0b79d1109">
      <Execution id="7e1c4439-9955-4867-8b39-1403ffe8f418" />
      <TestMethod codeBase="D:\Code\.Net\project_shopflow\Tests\ShopFlow.Application.Tests\bin\Debug\net9.0\ShopFlow.Application.Tests.dll" adapterTypeName="executor://xunit/VsTestRunner2/netcoreapp" className="ShopFlow.Application.Tests.Validators.Users.CreateUserCommandValidatorTests" name="Validate_EmailTooLong_ShouldFail" />
    </UnitTest>
    <UnitTest name="ShopFlow.Application.Tests.Handlers.Users.GetUserQueryHandlerTests.Handle_MultipleSequentialCalls_ShouldWorkCorrectly" storage="d:\code\.net\project_shopflow\tests\shopflow.application.tests\bin\debug\net9.0\shopflow.application.tests.dll" id="c1e399ca-2bc9-f0ef-285e-d61273c83c1d">
      <Execution id="7adbe5d9-b827-4f75-809f-ede0fdd07091" />
      <TestMethod codeBase="D:\Code\.Net\project_shopflow\Tests\ShopFlow.Application.Tests\bin\Debug\net9.0\ShopFlow.Application.Tests.dll" adapterTypeName="executor://xunit/VsTestRunner2/netcoreapp" className="ShopFlow.Application.Tests.Handlers.Users.GetUserQueryHandlerTests" name="Handle_MultipleSequentialCalls_ShouldWorkCorrectly" />
    </UnitTest>
    <UnitTest name="ShopFlow.Application.Tests.Validators.Users.CreateUserCommandValidatorTests.Validate_PasswordMissingRequiredCharacters_ShouldFail(password: &quot;12345678&quot;)" storage="d:\code\.net\project_shopflow\tests\shopflow.application.tests\bin\debug\net9.0\shopflow.application.tests.dll" id="33366420-f015-e4d4-8cad-004160035bcc">
      <Execution id="de878406-3f11-44c7-a713-8c8d1780fc33" />
      <TestMethod codeBase="D:\Code\.Net\project_shopflow\Tests\ShopFlow.Application.Tests\bin\Debug\net9.0\ShopFlow.Application.Tests.dll" adapterTypeName="executor://xunit/VsTestRunner2/netcoreapp" className="ShopFlow.Application.Tests.Validators.Users.CreateUserCommandValidatorTests" name="Validate_PasswordMissingRequiredCharacters_ShouldFail" />
    </UnitTest>
    <UnitTest name="ShopFlow.Application.Tests.Validators.Users.CreateUserCommandValidatorTests.Validate_TooYoung_ShouldFail" storage="d:\code\.net\project_shopflow\tests\shopflow.application.tests\bin\debug\net9.0\shopflow.application.tests.dll" id="e6a2990b-dcde-239c-28cc-80450e978217">
      <Execution id="e0f7997f-24ab-4c60-bede-736ac97ac42e" />
      <TestMethod codeBase="D:\Code\.Net\project_shopflow\Tests\ShopFlow.Application.Tests\bin\Debug\net9.0\ShopFlow.Application.Tests.dll" adapterTypeName="executor://xunit/VsTestRunner2/netcoreapp" className="ShopFlow.Application.Tests.Validators.Users.CreateUserCommandValidatorTests" name="Validate_TooYoung_ShouldFail" />
    </UnitTest>
    <UnitTest name="ShopFlow.Application.Tests.Validators.Users.CreateUserCommandValidatorTests.Validate_NullPhone_ShouldPass" storage="d:\code\.net\project_shopflow\tests\shopflow.application.tests\bin\debug\net9.0\shopflow.application.tests.dll" id="def86f68-9f92-71c8-bf98-e100956f78f4">
      <Execution id="b9d3ca45-fac1-42c2-a7c5-b4b95d092203" />
      <TestMethod codeBase="D:\Code\.Net\project_shopflow\Tests\ShopFlow.Application.Tests\bin\Debug\net9.0\ShopFlow.Application.Tests.dll" adapterTypeName="executor://xunit/VsTestRunner2/netcoreapp" className="ShopFlow.Application.Tests.Validators.Users.CreateUserCommandValidatorTests" name="Validate_NullPhone_ShouldPass" />
    </UnitTest>
    <UnitTest name="ShopFlow.Application.Tests.Validators.Users.CreateUserCommandValidatorTests.Validate_ValidPasswordFormats_ShouldPass(password: &quot;Password123!&quot;)" storage="d:\code\.net\project_shopflow\tests\shopflow.application.tests\bin\debug\net9.0\shopflow.application.tests.dll" id="e9449d11-df04-1099-ba2b-d96f2e6cdbd7">
      <Execution id="99738763-7c31-4f46-9c55-9a837f00ef0b" />
      <TestMethod codeBase="D:\Code\.Net\project_shopflow\Tests\ShopFlow.Application.Tests\bin\Debug\net9.0\ShopFlow.Application.Tests.dll" adapterTypeName="executor://xunit/VsTestRunner2/netcoreapp" className="ShopFlow.Application.Tests.Validators.Users.CreateUserCommandValidatorTests" name="Validate_ValidPasswordFormats_ShouldPass" />
    </UnitTest>
    <UnitTest name="ShopFlow.Application.Tests.Handlers.Users.GetUserQueryHandlerTests.Handle_UserWithDifferentStatuses_ShouldReturnCorrectStatus(status: Suspended, expectedStatusByte: 2)" storage="d:\code\.net\project_shopflow\tests\shopflow.application.tests\bin\debug\net9.0\shopflow.application.tests.dll" id="1330cbc9-cca9-f4e2-d108-5878458ddfad">
      <Execution id="3ce5ebb1-720f-4dd3-ba78-41360d06eb9b" />
      <TestMethod codeBase="D:\Code\.Net\project_shopflow\Tests\ShopFlow.Application.Tests\bin\Debug\net9.0\ShopFlow.Application.Tests.dll" adapterTypeName="executor://xunit/VsTestRunner2/netcoreapp" className="ShopFlow.Application.Tests.Handlers.Users.GetUserQueryHandlerTests" name="Handle_UserWithDifferentStatuses_ShouldReturnCorrectStatus" />
    </UnitTest>
    <UnitTest name="ShopFlow.Application.Tests.Validators.Users.CreateUserCommandValidatorTests.Validate_ValidGender_ShouldPass(gender: null)" storage="d:\code\.net\project_shopflow\tests\shopflow.application.tests\bin\debug\net9.0\shopflow.application.tests.dll" id="8f342b49-e865-50a2-cb85-8a9c3aed23a5">
      <Execution id="79d2d4d6-04d7-4008-8322-ce13ac766651" />
      <TestMethod codeBase="D:\Code\.Net\project_shopflow\Tests\ShopFlow.Application.Tests\bin\Debug\net9.0\ShopFlow.Application.Tests.dll" adapterTypeName="executor://xunit/VsTestRunner2/netcoreapp" className="ShopFlow.Application.Tests.Validators.Users.CreateUserCommandValidatorTests" name="Validate_ValidGender_ShouldPass" />
    </UnitTest>
    <UnitTest name="ShopFlow.Application.Tests.Behaviors.ValidationBehaviorTests.Handle_MultipleValidatorsWithFailures_ShouldCombineAllFailures" storage="d:\code\.net\project_shopflow\tests\shopflow.application.tests\bin\debug\net9.0\shopflow.application.tests.dll" id="f5bbb5e2-b30c-a690-4173-bd77bf064b58">
      <Execution id="373f9621-2e08-409a-af02-d1593455bd20" />
      <TestMethod codeBase="D:\Code\.Net\project_shopflow\Tests\ShopFlow.Application.Tests\bin\Debug\net9.0\ShopFlow.Application.Tests.dll" adapterTypeName="executor://xunit/VsTestRunner2/netcoreapp" className="ShopFlow.Application.Tests.Behaviors.ValidationBehaviorTests" name="Handle_MultipleValidatorsWithFailures_ShouldCombineAllFailures" />
    </UnitTest>
    <UnitTest name="ShopFlow.Application.Tests.Validators.Users.CreateUserCommandValidatorTests.Validate_MultipleValidationErrors_ShouldReturnAllErrors" storage="d:\code\.net\project_shopflow\tests\shopflow.application.tests\bin\debug\net9.0\shopflow.application.tests.dll" id="59ecf9aa-6cbe-da39-ae09-1fe92b8e9927">
      <Execution id="07acad98-91f2-4b63-b25f-01585410762c" />
      <TestMethod codeBase="D:\Code\.Net\project_shopflow\Tests\ShopFlow.Application.Tests\bin\Debug\net9.0\ShopFlow.Application.Tests.dll" adapterTypeName="executor://xunit/VsTestRunner2/netcoreapp" className="ShopFlow.Application.Tests.Validators.Users.CreateUserCommandValidatorTests" name="Validate_MultipleValidationErrors_ShouldReturnAllErrors" />
    </UnitTest>
    <UnitTest name="ShopFlow.Application.Tests.Validators.Users.CreateUserCommandValidatorTests.Validate_ValidPasswordFormats_ShouldPass(password: &quot;MySecure1@&quot;)" storage="d:\code\.net\project_shopflow\tests\shopflow.application.tests\bin\debug\net9.0\shopflow.application.tests.dll" id="37e237aa-6ffd-52ef-1e78-2ecd10ea0bb7">
      <Execution id="1dfa5bcd-c8eb-4380-9819-dc8d8ee95a8e" />
      <TestMethod codeBase="D:\Code\.Net\project_shopflow\Tests\ShopFlow.Application.Tests\bin\Debug\net9.0\ShopFlow.Application.Tests.dll" adapterTypeName="executor://xunit/VsTestRunner2/netcoreapp" className="ShopFlow.Application.Tests.Validators.Users.CreateUserCommandValidatorTests" name="Validate_ValidPasswordFormats_ShouldPass" />
    </UnitTest>
    <UnitTest name="ShopFlow.Application.Tests.Behaviors.ValidationBehaviorTests.Handle_NoValidators_ShouldCallNext" storage="d:\code\.net\project_shopflow\tests\shopflow.application.tests\bin\debug\net9.0\shopflow.application.tests.dll" id="4771bb6b-1b88-1e83-2187-f8dac5f6705a">
      <Execution id="106ef81a-726f-48c8-a6db-b4528dd91fd9" />
      <TestMethod codeBase="D:\Code\.Net\project_shopflow\Tests\ShopFlow.Application.Tests\bin\Debug\net9.0\ShopFlow.Application.Tests.dll" adapterTypeName="executor://xunit/VsTestRunner2/netcoreapp" className="ShopFlow.Application.Tests.Behaviors.ValidationBehaviorTests" name="Handle_NoValidators_ShouldCallNext" />
    </UnitTest>
    <UnitTest name="ShopFlow.Application.Tests.Validators.Users.CreateUserCommandValidatorTests.Validate_EmptyPhone_ShouldPass" storage="d:\code\.net\project_shopflow\tests\shopflow.application.tests\bin\debug\net9.0\shopflow.application.tests.dll" id="ed82f227-9fd7-3fd8-eb7a-93442da42f69">
      <Execution id="f9254af7-442a-414b-af64-06cc6917bfc5" />
      <TestMethod codeBase="D:\Code\.Net\project_shopflow\Tests\ShopFlow.Application.Tests\bin\Debug\net9.0\ShopFlow.Application.Tests.dll" adapterTypeName="executor://xunit/VsTestRunner2/netcoreapp" className="ShopFlow.Application.Tests.Validators.Users.CreateUserCommandValidatorTests" name="Validate_EmptyPhone_ShouldPass" />
    </UnitTest>
    <UnitTest name="ShopFlow.Application.Tests.Validators.Users.CreateUserCommandValidatorTests.Validate_InvalidPhoneFormat_ShouldFail(phone: &quot;123-456-789&quot;)" storage="d:\code\.net\project_shopflow\tests\shopflow.application.tests\bin\debug\net9.0\shopflow.application.tests.dll" id="41da4035-f0f6-6680-cde9-d804d2f039d4">
      <Execution id="95d48d01-1862-42b3-b9e4-451c369ed004" />
      <TestMethod codeBase="D:\Code\.Net\project_shopflow\Tests\ShopFlow.Application.Tests\bin\Debug\net9.0\ShopFlow.Application.Tests.dll" adapterTypeName="executor://xunit/VsTestRunner2/netcoreapp" className="ShopFlow.Application.Tests.Validators.Users.CreateUserCommandValidatorTests" name="Validate_InvalidPhoneFormat_ShouldFail" />
    </UnitTest>
    <UnitTest name="ShopFlow.Application.Tests.Validators.Users.CreateUserCommandValidatorTests.Validate_InvalidGender_ShouldFail(gender: &quot;Unknown&quot;)" storage="d:\code\.net\project_shopflow\tests\shopflow.application.tests\bin\debug\net9.0\shopflow.application.tests.dll" id="77b53e1b-6384-fc1e-ba8c-549d17b8a292">
      <Execution id="8cf2369c-6d19-443d-8b3b-b30b1ab66d3f" />
      <TestMethod codeBase="D:\Code\.Net\project_shopflow\Tests\ShopFlow.Application.Tests\bin\Debug\net9.0\ShopFlow.Application.Tests.dll" adapterTypeName="executor://xunit/VsTestRunner2/netcoreapp" className="ShopFlow.Application.Tests.Validators.Users.CreateUserCommandValidatorTests" name="Validate_InvalidGender_ShouldFail" />
    </UnitTest>
    <UnitTest name="ShopFlow.Application.Tests.Handlers.Users.GetUserQueryHandlerTests.Handle_UserWithDifferentStatuses_ShouldReturnCorrectStatus(status: Inactive, expectedStatusByte: 0)" storage="d:\code\.net\project_shopflow\tests\shopflow.application.tests\bin\debug\net9.0\shopflow.application.tests.dll" id="4233b0cf-d9ed-51d6-e376-c0d3710659e4">
      <Execution id="8362883a-e986-48ce-80b1-6601c6c8253e" />
      <TestMethod codeBase="D:\Code\.Net\project_shopflow\Tests\ShopFlow.Application.Tests\bin\Debug\net9.0\ShopFlow.Application.Tests.dll" adapterTypeName="executor://xunit/VsTestRunner2/netcoreapp" className="ShopFlow.Application.Tests.Handlers.Users.GetUserQueryHandlerTests" name="Handle_UserWithDifferentStatuses_ShouldReturnCorrectStatus" />
    </UnitTest>
    <UnitTest name="ShopFlow.Application.Tests.Validators.Users.CreateUserCommandValidatorTests.Validate_EmptyFullName_ShouldFail(fullName: &quot;   &quot;)" storage="d:\code\.net\project_shopflow\tests\shopflow.application.tests\bin\debug\net9.0\shopflow.application.tests.dll" id="dcd5e603-f993-344c-0192-a764cc52ed6f">
      <Execution id="dea1322e-9084-422b-9bdd-4c2a33542743" />
      <TestMethod codeBase="D:\Code\.Net\project_shopflow\Tests\ShopFlow.Application.Tests\bin\Debug\net9.0\ShopFlow.Application.Tests.dll" adapterTypeName="executor://xunit/VsTestRunner2/netcoreapp" className="ShopFlow.Application.Tests.Validators.Users.CreateUserCommandValidatorTests" name="Validate_EmptyFullName_ShouldFail" />
    </UnitTest>
    <UnitTest name="ShopFlow.Application.Tests.Validators.Users.CreateUserCommandValidatorTests.Validate_InvalidGender_ShouldFail(gender: &quot;male&quot;)" storage="d:\code\.net\project_shopflow\tests\shopflow.application.tests\bin\debug\net9.0\shopflow.application.tests.dll" id="c7808491-b3eb-9081-5216-513e3cd0b173">
      <Execution id="1e0b344f-475b-45ae-947b-f7ab702673ef" />
      <TestMethod codeBase="D:\Code\.Net\project_shopflow\Tests\ShopFlow.Application.Tests\bin\Debug\net9.0\ShopFlow.Application.Tests.dll" adapterTypeName="executor://xunit/VsTestRunner2/netcoreapp" className="ShopFlow.Application.Tests.Validators.Users.CreateUserCommandValidatorTests" name="Validate_InvalidGender_ShouldFail" />
    </UnitTest>
    <UnitTest name="ShopFlow.Application.Tests.Handlers.Users.CreateUserCommandHandlerTests.Handle_RepositoryThrowsException_ShouldPropagateException" storage="d:\code\.net\project_shopflow\tests\shopflow.application.tests\bin\debug\net9.0\shopflow.application.tests.dll" id="28ec6df7-f84d-e089-d491-1ad080748ecf">
      <Execution id="2a1d5a02-0719-41f1-bcb3-d63623c004b9" />
      <TestMethod codeBase="D:\Code\.Net\project_shopflow\Tests\ShopFlow.Application.Tests\bin\Debug\net9.0\ShopFlow.Application.Tests.dll" adapterTypeName="executor://xunit/VsTestRunner2/netcoreapp" className="ShopFlow.Application.Tests.Handlers.Users.CreateUserCommandHandlerTests" name="Handle_RepositoryThrowsException_ShouldPropagateException" />
    </UnitTest>
    <UnitTest name="ShopFlow.Application.Tests.Handlers.Users.CreateUserCommandHandlerTests.Handle_InvalidEmail_ShouldThrowArgumentException(invalidEmail: &quot;invalid-email&quot;)" storage="d:\code\.net\project_shopflow\tests\shopflow.application.tests\bin\debug\net9.0\shopflow.application.tests.dll" id="425f7460-db6f-70ac-ca31-9104d81a988a">
      <Execution id="efb0db13-9542-4e9c-996b-39a93f25d70c" />
      <TestMethod codeBase="D:\Code\.Net\project_shopflow\Tests\ShopFlow.Application.Tests\bin\Debug\net9.0\ShopFlow.Application.Tests.dll" adapterTypeName="executor://xunit/VsTestRunner2/netcoreapp" className="ShopFlow.Application.Tests.Handlers.Users.CreateUserCommandHandlerTests" name="Handle_InvalidEmail_ShouldThrowArgumentException" />
    </UnitTest>
    <UnitTest name="ShopFlow.Application.Tests.Validators.Users.CreateUserCommandValidatorTests.Validate_ValidPhoneFormats_ShouldPass(phone: &quot;+1234567890&quot;)" storage="d:\code\.net\project_shopflow\tests\shopflow.application.tests\bin\debug\net9.0\shopflow.application.tests.dll" id="e8b4c273-3f76-ef07-ec01-9217d6987a13">
      <Execution id="8088609c-6c9c-4eb7-825c-fea00fe610da" />
      <TestMethod codeBase="D:\Code\.Net\project_shopflow\Tests\ShopFlow.Application.Tests\bin\Debug\net9.0\ShopFlow.Application.Tests.dll" adapterTypeName="executor://xunit/VsTestRunner2/netcoreapp" className="ShopFlow.Application.Tests.Validators.Users.CreateUserCommandValidatorTests" name="Validate_ValidPhoneFormats_ShouldPass" />
    </UnitTest>
    <UnitTest name="ShopFlow.Application.Tests.Validators.Users.CreateUserCommandValidatorTests.Validate_ValidPassword_ShouldPass" storage="d:\code\.net\project_shopflow\tests\shopflow.application.tests\bin\debug\net9.0\shopflow.application.tests.dll" id="009a71a2-0606-61ff-8755-ba80cdf5159c">
      <Execution id="feb1e203-dd76-4278-96de-1ba1edbb6aca" />
      <TestMethod codeBase="D:\Code\.Net\project_shopflow\Tests\ShopFlow.Application.Tests\bin\Debug\net9.0\ShopFlow.Application.Tests.dll" adapterTypeName="executor://xunit/VsTestRunner2/netcoreapp" className="ShopFlow.Application.Tests.Validators.Users.CreateUserCommandValidatorTests" name="Validate_ValidPassword_ShouldPass" />
    </UnitTest>
    <UnitTest name="ShopFlow.Application.Tests.Validators.Users.CreateUserCommandValidatorTests.Validate_PasswordTooShort_ShouldFail(password: &quot;Pass123&quot;)" storage="d:\code\.net\project_shopflow\tests\shopflow.application.tests\bin\debug\net9.0\shopflow.application.tests.dll" id="ed2e2eb8-31b5-396b-f786-33dd14da3b9d">
      <Execution id="d3982042-48de-466c-8259-2a46c13bcc5b" />
      <TestMethod codeBase="D:\Code\.Net\project_shopflow\Tests\ShopFlow.Application.Tests\bin\Debug\net9.0\ShopFlow.Application.Tests.dll" adapterTypeName="executor://xunit/VsTestRunner2/netcoreapp" className="ShopFlow.Application.Tests.Validators.Users.CreateUserCommandValidatorTests" name="Validate_PasswordTooShort_ShouldFail" />
    </UnitTest>
    <UnitTest name="ShopFlow.Application.Tests.Validators.Users.CreateUserCommandValidatorTests.Validate_FutureDate_ShouldFail" storage="d:\code\.net\project_shopflow\tests\shopflow.application.tests\bin\debug\net9.0\shopflow.application.tests.dll" id="ae5e42b8-3cf5-af36-50ef-c3c39bce9359">
      <Execution id="a7aae816-4d72-47ee-a4f0-daa81bab4d6d" />
      <TestMethod codeBase="D:\Code\.Net\project_shopflow\Tests\ShopFlow.Application.Tests\bin\Debug\net9.0\ShopFlow.Application.Tests.dll" adapterTypeName="executor://xunit/VsTestRunner2/netcoreapp" className="ShopFlow.Application.Tests.Validators.Users.CreateUserCommandValidatorTests" name="Validate_FutureDate_ShouldFail" />
    </UnitTest>
    <UnitTest name="ShopFlow.Application.Tests.Handlers.Users.GetUserQueryHandlerTests.Handle_ValidUser_ShouldMapAllPropertiesCorrectly" storage="d:\code\.net\project_shopflow\tests\shopflow.application.tests\bin\debug\net9.0\shopflow.application.tests.dll" id="593f265e-3174-43b9-c52a-22d02dfacce1">
      <Execution id="8b22050c-4002-4731-ba05-9cfb0ebacc11" />
      <TestMethod codeBase="D:\Code\.Net\project_shopflow\Tests\ShopFlow.Application.Tests\bin\Debug\net9.0\ShopFlow.Application.Tests.dll" adapterTypeName="executor://xunit/VsTestRunner2/netcoreapp" className="ShopFlow.Application.Tests.Handlers.Users.GetUserQueryHandlerTests" name="Handle_ValidUser_ShouldMapAllPropertiesCorrectly" />
    </UnitTest>
    <UnitTest name="ShopFlow.Application.Tests.Validators.Users.CreateUserCommandValidatorTests.Validate_InvalidEmailFormat_ShouldFail(email: &quot;test@&quot;)" storage="d:\code\.net\project_shopflow\tests\shopflow.application.tests\bin\debug\net9.0\shopflow.application.tests.dll" id="f8288e4a-5fb1-6549-026e-4fe69668f6c9">
      <Execution id="42d61449-4044-438e-8ac6-fca39019e03c" />
      <TestMethod codeBase="D:\Code\.Net\project_shopflow\Tests\ShopFlow.Application.Tests\bin\Debug\net9.0\ShopFlow.Application.Tests.dll" adapterTypeName="executor://xunit/VsTestRunner2/netcoreapp" className="ShopFlow.Application.Tests.Validators.Users.CreateUserCommandValidatorTests" name="Validate_InvalidEmailFormat_ShouldFail" />
    </UnitTest>
    <UnitTest name="ShopFlow.Application.Tests.Validators.Users.CreateUserCommandValidatorTests.Validate_PasswordTooShort_ShouldFail(password: &quot;short&quot;)" storage="d:\code\.net\project_shopflow\tests\shopflow.application.tests\bin\debug\net9.0\shopflow.application.tests.dll" id="889cee8d-15a6-b587-d04c-efdb6a39e275">
      <Execution id="bf546117-146b-40ce-907e-b73502eca71f" />
      <TestMethod codeBase="D:\Code\.Net\project_shopflow\Tests\ShopFlow.Application.Tests\bin\Debug\net9.0\ShopFlow.Application.Tests.dll" adapterTypeName="executor://xunit/VsTestRunner2/netcoreapp" className="ShopFlow.Application.Tests.Validators.Users.CreateUserCommandValidatorTests" name="Validate_PasswordTooShort_ShouldFail" />
    </UnitTest>
    <UnitTest name="ShopFlow.Application.Tests.Behaviors.ValidationBehaviorTests.Handle_InvalidRequest_ShouldThrowValidationException" storage="d:\code\.net\project_shopflow\tests\shopflow.application.tests\bin\debug\net9.0\shopflow.application.tests.dll" id="9ecb7dcb-fa2e-f3d0-4bf5-95e0ba5a7642">
      <Execution id="74a17f5b-2c94-4443-864b-222474907ee2" />
      <TestMethod codeBase="D:\Code\.Net\project_shopflow\Tests\ShopFlow.Application.Tests\bin\Debug\net9.0\ShopFlow.Application.Tests.dll" adapterTypeName="executor://xunit/VsTestRunner2/netcoreapp" className="ShopFlow.Application.Tests.Behaviors.ValidationBehaviorTests" name="Handle_InvalidRequest_ShouldThrowValidationException" />
    </UnitTest>
    <UnitTest name="ShopFlow.Application.Tests.Validators.Users.CreateUserCommandValidatorTests.Validate_InvalidGender_ShouldFail(gender: &quot;other&quot;)" storage="d:\code\.net\project_shopflow\tests\shopflow.application.tests\bin\debug\net9.0\shopflow.application.tests.dll" id="56397298-8c1b-4fde-dcad-e7718fc4c816">
      <Execution id="642e6c72-9ced-4ae3-b93b-d78adc4ef81d" />
      <TestMethod codeBase="D:\Code\.Net\project_shopflow\Tests\ShopFlow.Application.Tests\bin\Debug\net9.0\ShopFlow.Application.Tests.dll" adapterTypeName="executor://xunit/VsTestRunner2/netcoreapp" className="ShopFlow.Application.Tests.Validators.Users.CreateUserCommandValidatorTests" name="Validate_InvalidGender_ShouldFail" />
    </UnitTest>
    <UnitTest name="ShopFlow.Application.Tests.Handlers.Users.CreateUserCommandHandlerTests.Handle_InvalidPhone_ShouldThrowArgumentException(invalidPhone: &quot;123&quot;)" storage="d:\code\.net\project_shopflow\tests\shopflow.application.tests\bin\debug\net9.0\shopflow.application.tests.dll" id="a192ef44-f55e-22fb-56c3-7ba0417db44a">
      <Execution id="670b7360-9fdc-4422-86d2-4b7bdd1b7d65" />
      <TestMethod codeBase="D:\Code\.Net\project_shopflow\Tests\ShopFlow.Application.Tests\bin\Debug\net9.0\ShopFlow.Application.Tests.dll" adapterTypeName="executor://xunit/VsTestRunner2/netcoreapp" className="ShopFlow.Application.Tests.Handlers.Users.CreateUserCommandHandlerTests" name="Handle_InvalidPhone_ShouldThrowArgumentException" />
    </UnitTest>
    <UnitTest name="ShopFlow.Application.Tests.Validators.Users.CreateUserCommandValidatorTests.Validate_InvalidPhoneFormat_ShouldFail(phone: &quot;abc123&quot;)" storage="d:\code\.net\project_shopflow\tests\shopflow.application.tests\bin\debug\net9.0\shopflow.application.tests.dll" id="e5320f33-8a4d-218d-8735-d8dd2ffd7352">
      <Execution id="e1908473-4e0a-4b8e-81fc-8b3654897a6d" />
      <TestMethod codeBase="D:\Code\.Net\project_shopflow\Tests\ShopFlow.Application.Tests\bin\Debug\net9.0\ShopFlow.Application.Tests.dll" adapterTypeName="executor://xunit/VsTestRunner2/netcoreapp" className="ShopFlow.Application.Tests.Validators.Users.CreateUserCommandValidatorTests" name="Validate_InvalidPhoneFormat_ShouldFail" />
    </UnitTest>
    <UnitTest name="ShopFlow.Application.Tests.Handlers.Users.GetUserQueryHandlerTests.Handle_DifferentUserIds_ShouldCallRepositoryWithCorrectId(userId: 999)" storage="d:\code\.net\project_shopflow\tests\shopflow.application.tests\bin\debug\net9.0\shopflow.application.tests.dll" id="d3071b23-51d7-6b74-0567-31343d38165b">
      <Execution id="cb229f3e-6d99-48e5-87f2-311679e43ab3" />
      <TestMethod codeBase="D:\Code\.Net\project_shopflow\Tests\ShopFlow.Application.Tests\bin\Debug\net9.0\ShopFlow.Application.Tests.dll" adapterTypeName="executor://xunit/VsTestRunner2/netcoreapp" className="ShopFlow.Application.Tests.Handlers.Users.GetUserQueryHandlerTests" name="Handle_DifferentUserIds_ShouldCallRepositoryWithCorrectId" />
    </UnitTest>
    <UnitTest name="ShopFlow.Application.Tests.Handlers.Users.CreateUserCommandHandlerTests.Handle_InvalidPhone_ShouldThrowArgumentException(invalidPhone: &quot;abc123def&quot;)" storage="d:\code\.net\project_shopflow\tests\shopflow.application.tests\bin\debug\net9.0\shopflow.application.tests.dll" id="e2c401b4-5798-f440-81c2-e76f812b8045">
      <Execution id="418bddda-0ab1-4a96-b710-d461c6fd1691" />
      <TestMethod codeBase="D:\Code\.Net\project_shopflow\Tests\ShopFlow.Application.Tests\bin\Debug\net9.0\ShopFlow.Application.Tests.dll" adapterTypeName="executor://xunit/VsTestRunner2/netcoreapp" className="ShopFlow.Application.Tests.Handlers.Users.CreateUserCommandHandlerTests" name="Handle_InvalidPhone_ShouldThrowArgumentException" />
    </UnitTest>
    <UnitTest name="ShopFlow.Application.Tests.Handlers.Users.CreateUserCommandHandlerTests.Handle_ValidCommand_ShouldCreateUserSuccessfully" storage="d:\code\.net\project_shopflow\tests\shopflow.application.tests\bin\debug\net9.0\shopflow.application.tests.dll" id="4aebb4ba-16e3-6143-7d49-90ab3fe6483e">
      <Execution id="7b6430ff-15e5-44a9-a73f-c1cfe480e06f" />
      <TestMethod codeBase="D:\Code\.Net\project_shopflow\Tests\ShopFlow.Application.Tests\bin\Debug\net9.0\ShopFlow.Application.Tests.dll" adapterTypeName="executor://xunit/VsTestRunner2/netcoreapp" className="ShopFlow.Application.Tests.Handlers.Users.CreateUserCommandHandlerTests" name="Handle_ValidCommand_ShouldCreateUserSuccessfully" />
    </UnitTest>
    <UnitTest name="ShopFlow.Application.Tests.Handlers.Users.GetUserQueryHandlerTests.Handle_UserWithDifferentEmailVerificationStatus_ShouldReturnCorrectVerification(emailVerified: True)" storage="d:\code\.net\project_shopflow\tests\shopflow.application.tests\bin\debug\net9.0\shopflow.application.tests.dll" id="feaaa2cc-cbc4-605a-6fcc-11adbbe8349d">
      <Execution id="da705429-165e-43f7-b4d7-562d673e6753" />
      <TestMethod codeBase="D:\Code\.Net\project_shopflow\Tests\ShopFlow.Application.Tests\bin\Debug\net9.0\ShopFlow.Application.Tests.dll" adapterTypeName="executor://xunit/VsTestRunner2/netcoreapp" className="ShopFlow.Application.Tests.Handlers.Users.GetUserQueryHandlerTests" name="Handle_UserWithDifferentEmailVerificationStatus_ShouldReturnCorrectVerification" />
    </UnitTest>
    <UnitTest name="ShopFlow.Application.Tests.Validators.Users.CreateUserCommandValidatorTests.Validate_PasswordMissingRequiredCharacters_ShouldFail(password: &quot;PASSWORD&quot;)" storage="d:\code\.net\project_shopflow\tests\shopflow.application.tests\bin\debug\net9.0\shopflow.application.tests.dll" id="6c343fba-b2b7-020b-9852-4fe8517c2601">
      <Execution id="1b60e042-3a04-4434-8dd9-65914827fbf2" />
      <TestMethod codeBase="D:\Code\.Net\project_shopflow\Tests\ShopFlow.Application.Tests\bin\Debug\net9.0\ShopFlow.Application.Tests.dll" adapterTypeName="executor://xunit/VsTestRunner2/netcoreapp" className="ShopFlow.Application.Tests.Validators.Users.CreateUserCommandValidatorTests" name="Validate_PasswordMissingRequiredCharacters_ShouldFail" />
    </UnitTest>
    <UnitTest name="ShopFlow.Application.Tests.Validators.Users.CreateUserCommandValidatorTests.Validate_ValidGender_ShouldPass(gender: &quot;&quot;)" storage="d:\code\.net\project_shopflow\tests\shopflow.application.tests\bin\debug\net9.0\shopflow.application.tests.dll" id="b02db883-5e5f-b796-7234-fe579f64fbdc">
      <Execution id="b377650d-d5b7-4aea-9706-e774bfc9f6df" />
      <TestMethod codeBase="D:\Code\.Net\project_shopflow\Tests\ShopFlow.Application.Tests\bin\Debug\net9.0\ShopFlow.Application.Tests.dll" adapterTypeName="executor://xunit/VsTestRunner2/netcoreapp" className="ShopFlow.Application.Tests.Validators.Users.CreateUserCommandValidatorTests" name="Validate_ValidGender_ShouldPass" />
    </UnitTest>
    <UnitTest name="ShopFlow.Application.Tests.Behaviors.ValidationBehaviorTests.Handle_MultipleValidators_ShouldRunAllValidators" storage="d:\code\.net\project_shopflow\tests\shopflow.application.tests\bin\debug\net9.0\shopflow.application.tests.dll" id="384efe0a-b926-12ae-eef8-2ae406426158">
      <Execution id="c631cf10-f87f-4b8a-93e4-8d80ca879f69" />
      <TestMethod codeBase="D:\Code\.Net\project_shopflow\Tests\ShopFlow.Application.Tests\bin\Debug\net9.0\ShopFlow.Application.Tests.dll" adapterTypeName="executor://xunit/VsTestRunner2/netcoreapp" className="ShopFlow.Application.Tests.Behaviors.ValidationBehaviorTests" name="Handle_MultipleValidators_ShouldRunAllValidators" />
    </UnitTest>
    <UnitTest name="ShopFlow.Application.Tests.Validators.Users.CreateUserCommandValidatorTests.Validate_ValidPasswordFormats_ShouldPass(password: &quot;Complex9$&quot;)" storage="d:\code\.net\project_shopflow\tests\shopflow.application.tests\bin\debug\net9.0\shopflow.application.tests.dll" id="d8d5fe18-0bf6-2250-da74-fb2ec0367bfb">
      <Execution id="166a0c4d-f3c5-4322-9a20-0d931cad365f" />
      <TestMethod codeBase="D:\Code\.Net\project_shopflow\Tests\ShopFlow.Application.Tests\bin\Debug\net9.0\ShopFlow.Application.Tests.dll" adapterTypeName="executor://xunit/VsTestRunner2/netcoreapp" className="ShopFlow.Application.Tests.Validators.Users.CreateUserCommandValidatorTests" name="Validate_ValidPasswordFormats_ShouldPass" />
    </UnitTest>
    <UnitTest name="ShopFlow.Application.Tests.Validators.Users.CreateUserCommandValidatorTests.Validate_InvalidPhoneFormat_ShouldFail(phone: &quot;123456789012345678&quot;)" storage="d:\code\.net\project_shopflow\tests\shopflow.application.tests\bin\debug\net9.0\shopflow.application.tests.dll" id="74017ceb-7d72-3dcb-866c-05cd2348995e">
      <Execution id="29364bb5-b296-42f0-9772-ebf3676fcede" />
      <TestMethod codeBase="D:\Code\.Net\project_shopflow\Tests\ShopFlow.Application.Tests\bin\Debug\net9.0\ShopFlow.Application.Tests.dll" adapterTypeName="executor://xunit/VsTestRunner2/netcoreapp" className="ShopFlow.Application.Tests.Validators.Users.CreateUserCommandValidatorTests" name="Validate_InvalidPhoneFormat_ShouldFail" />
    </UnitTest>
    <UnitTest name="ShopFlow.Application.Tests.Handlers.Users.GetUserQueryHandlerTests.Handle_UserWithDifferentStatuses_ShouldReturnCorrectStatus(status: Banned, expectedStatusByte: 3)" storage="d:\code\.net\project_shopflow\tests\shopflow.application.tests\bin\debug\net9.0\shopflow.application.tests.dll" id="ccf205ea-506a-15fc-9633-d84f37974ed0">
      <Execution id="9abb2660-2f0b-4917-b513-63a84b6af74a" />
      <TestMethod codeBase="D:\Code\.Net\project_shopflow\Tests\ShopFlow.Application.Tests\bin\Debug\net9.0\ShopFlow.Application.Tests.dll" adapterTypeName="executor://xunit/VsTestRunner2/netcoreapp" className="ShopFlow.Application.Tests.Handlers.Users.GetUserQueryHandlerTests" name="Handle_UserWithDifferentStatuses_ShouldReturnCorrectStatus" />
    </UnitTest>
    <UnitTest name="ShopFlow.Application.Tests.Validators.Users.CreateUserCommandValidatorTests.Validate_ValidEmail_ShouldPass" storage="d:\code\.net\project_shopflow\tests\shopflow.application.tests\bin\debug\net9.0\shopflow.application.tests.dll" id="1d5e6b28-1e5c-274f-4014-9392ce2e0703">
      <Execution id="978f3c1c-4ea4-4285-b227-f180376a1ee1" />
      <TestMethod codeBase="D:\Code\.Net\project_shopflow\Tests\ShopFlow.Application.Tests\bin\Debug\net9.0\ShopFlow.Application.Tests.dll" adapterTypeName="executor://xunit/VsTestRunner2/netcoreapp" className="ShopFlow.Application.Tests.Validators.Users.CreateUserCommandValidatorTests" name="Validate_ValidEmail_ShouldPass" />
    </UnitTest>
    <UnitTest name="ShopFlow.Application.Tests.Validators.Users.CreateUserCommandValidatorTests.Validate_ValidGender_ShouldPass(gender: &quot;Female&quot;)" storage="d:\code\.net\project_shopflow\tests\shopflow.application.tests\bin\debug\net9.0\shopflow.application.tests.dll" id="cd773a89-e32b-d2ee-e2a5-0766caf7f600">
      <Execution id="347c1f46-fb84-466d-aebb-37581c3836a5" />
      <TestMethod codeBase="D:\Code\.Net\project_shopflow\Tests\ShopFlow.Application.Tests\bin\Debug\net9.0\ShopFlow.Application.Tests.dll" adapterTypeName="executor://xunit/VsTestRunner2/netcoreapp" className="ShopFlow.Application.Tests.Validators.Users.CreateUserCommandValidatorTests" name="Validate_ValidGender_ShouldPass" />
    </UnitTest>
    <UnitTest name="ShopFlow.Application.Tests.Handlers.Users.GetUserQueryHandlerTests.Handle_UserWithDifferentEmailVerificationStatus_ShouldReturnCorrectVerification(emailVerified: False)" storage="d:\code\.net\project_shopflow\tests\shopflow.application.tests\bin\debug\net9.0\shopflow.application.tests.dll" id="c391fdeb-9d14-1afd-aced-986cb20538aa">
      <Execution id="d8711ddc-0f13-4dd6-a1d8-b83760f35da3" />
      <TestMethod codeBase="D:\Code\.Net\project_shopflow\Tests\ShopFlow.Application.Tests\bin\Debug\net9.0\ShopFlow.Application.Tests.dll" adapterTypeName="executor://xunit/VsTestRunner2/netcoreapp" className="ShopFlow.Application.Tests.Handlers.Users.GetUserQueryHandlerTests" name="Handle_UserWithDifferentEmailVerificationStatus_ShouldReturnCorrectVerification" />
    </UnitTest>
    <UnitTest name="ShopFlow.Application.Tests.Handlers.Users.CreateUserCommandHandlerTests.Handle_InvalidPhone_ShouldThrowArgumentException(invalidPhone: &quot;+84 123 456 789 123&quot;)" storage="d:\code\.net\project_shopflow\tests\shopflow.application.tests\bin\debug\net9.0\shopflow.application.tests.dll" id="81c7748a-43cb-8799-dfea-52311e3756a1">
      <Execution id="ddfb30d5-26b5-46a4-a0ed-ed593a17a64e" />
      <TestMethod codeBase="D:\Code\.Net\project_shopflow\Tests\ShopFlow.Application.Tests\bin\Debug\net9.0\ShopFlow.Application.Tests.dll" adapterTypeName="executor://xunit/VsTestRunner2/netcoreapp" className="ShopFlow.Application.Tests.Handlers.Users.CreateUserCommandHandlerTests" name="Handle_InvalidPhone_ShouldThrowArgumentException" />
    </UnitTest>
    <UnitTest name="ShopFlow.Application.Tests.Handlers.Users.GetUserQueryHandlerTests.Handle_DifferentUserIds_ShouldCallRepositoryWithCorrectId(userId: 1)" storage="d:\code\.net\project_shopflow\tests\shopflow.application.tests\bin\debug\net9.0\shopflow.application.tests.dll" id="bfc86520-dd6e-ac4f-f264-565ff9379017">
      <Execution id="418e4ca3-2f00-4b24-86ce-24f4a5666741" />
      <TestMethod codeBase="D:\Code\.Net\project_shopflow\Tests\ShopFlow.Application.Tests\bin\Debug\net9.0\ShopFlow.Application.Tests.dll" adapterTypeName="executor://xunit/VsTestRunner2/netcoreapp" className="ShopFlow.Application.Tests.Handlers.Users.GetUserQueryHandlerTests" name="Handle_DifferentUserIds_ShouldCallRepositoryWithCorrectId" />
    </UnitTest>
    <UnitTest name="ShopFlow.Application.Tests.Behaviors.ValidationBehaviorTests.Handle_MultipleValidationErrors_ShouldGroupErrorsByProperty" storage="d:\code\.net\project_shopflow\tests\shopflow.application.tests\bin\debug\net9.0\shopflow.application.tests.dll" id="acb94a9d-0222-d803-b118-884fcb7a1ed5">
      <Execution id="7ff7e36f-3af3-4a45-9960-6becffade7a5" />
      <TestMethod codeBase="D:\Code\.Net\project_shopflow\Tests\ShopFlow.Application.Tests\bin\Debug\net9.0\ShopFlow.Application.Tests.dll" adapterTypeName="executor://xunit/VsTestRunner2/netcoreapp" className="ShopFlow.Application.Tests.Behaviors.ValidationBehaviorTests" name="Handle_MultipleValidationErrors_ShouldGroupErrorsByProperty" />
    </UnitTest>
    <UnitTest name="ShopFlow.Application.Tests.Validators.Users.CreateUserCommandValidatorTests.Validate_ValidAge_ShouldPass" storage="d:\code\.net\project_shopflow\tests\shopflow.application.tests\bin\debug\net9.0\shopflow.application.tests.dll" id="b5072625-e5c5-b5e0-fdd5-27ea5656cd0c">
      <Execution id="819f492f-5906-4a68-b2d8-cf15ce049767" />
      <TestMethod codeBase="D:\Code\.Net\project_shopflow\Tests\ShopFlow.Application.Tests\bin\Debug\net9.0\ShopFlow.Application.Tests.dll" adapterTypeName="executor://xunit/VsTestRunner2/netcoreapp" className="ShopFlow.Application.Tests.Validators.Users.CreateUserCommandValidatorTests" name="Validate_ValidAge_ShouldPass" />
    </UnitTest>
    <UnitTest name="ShopFlow.Application.Tests.Validators.Users.CreateUserCommandValidatorTests.Validate_PasswordMissingRequiredCharacters_ShouldFail(password: &quot;Password123&quot;)" storage="d:\code\.net\project_shopflow\tests\shopflow.application.tests\bin\debug\net9.0\shopflow.application.tests.dll" id="94c96022-07a3-a623-8ce7-48a760759883">
      <Execution id="d1c7a523-885a-451e-981f-74c5d6bb181e" />
      <TestMethod codeBase="D:\Code\.Net\project_shopflow\Tests\ShopFlow.Application.Tests\bin\Debug\net9.0\ShopFlow.Application.Tests.dll" adapterTypeName="executor://xunit/VsTestRunner2/netcoreapp" className="ShopFlow.Application.Tests.Validators.Users.CreateUserCommandValidatorTests" name="Validate_PasswordMissingRequiredCharacters_ShouldFail" />
    </UnitTest>
    <UnitTest name="ShopFlow.Application.Tests.Handlers.Users.CreateUserCommandHandlerTests.Handle_CreatedUserHasCorrectDomainProperties" storage="d:\code\.net\project_shopflow\tests\shopflow.application.tests\bin\debug\net9.0\shopflow.application.tests.dll" id="81fff8d8-f598-9d1d-647b-c33c4d89f3aa">
      <Execution id="38893441-3c31-4963-ba4a-d65b50bc4913" />
      <TestMethod codeBase="D:\Code\.Net\project_shopflow\Tests\ShopFlow.Application.Tests\bin\Debug\net9.0\ShopFlow.Application.Tests.dll" adapterTypeName="executor://xunit/VsTestRunner2/netcoreapp" className="ShopFlow.Application.Tests.Handlers.Users.CreateUserCommandHandlerTests" name="Handle_CreatedUserHasCorrectDomainProperties" />
    </UnitTest>
    <UnitTest name="ShopFlow.Application.Tests.Validators.Users.CreateUserCommandValidatorTests.Validate_EmptyPassword_ShouldFail(password: &quot;&quot;)" storage="d:\code\.net\project_shopflow\tests\shopflow.application.tests\bin\debug\net9.0\shopflow.application.tests.dll" id="b93d89a1-8af8-7ee2-7183-99e33e138a59">
      <Execution id="0527fd82-cc89-4441-ae35-9f8b06ee6b01" />
      <TestMethod codeBase="D:\Code\.Net\project_shopflow\Tests\ShopFlow.Application.Tests\bin\Debug\net9.0\ShopFlow.Application.Tests.dll" adapterTypeName="executor://xunit/VsTestRunner2/netcoreapp" className="ShopFlow.Application.Tests.Validators.Users.CreateUserCommandValidatorTests" name="Validate_EmptyPassword_ShouldFail" />
    </UnitTest>
    <UnitTest name="ShopFlow.Application.Tests.Validators.Users.CreateUserCommandValidatorTests.Validate_InvalidGender_ShouldFail(gender: &quot;Invalid&quot;)" storage="d:\code\.net\project_shopflow\tests\shopflow.application.tests\bin\debug\net9.0\shopflow.application.tests.dll" id="99c37b29-a8fb-2b6c-32b1-683f4e8a17cf">
      <Execution id="73ade941-9f0a-4f7b-b8c4-7555c6f8a9bd" />
      <TestMethod codeBase="D:\Code\.Net\project_shopflow\Tests\ShopFlow.Application.Tests\bin\Debug\net9.0\ShopFlow.Application.Tests.dll" adapterTypeName="executor://xunit/VsTestRunner2/netcoreapp" className="ShopFlow.Application.Tests.Validators.Users.CreateUserCommandValidatorTests" name="Validate_InvalidGender_ShouldFail" />
    </UnitTest>
    <UnitTest name="ShopFlow.Application.Tests.Handlers.Users.CreateUserCommandHandlerTests.Handle_InvalidEmail_ShouldThrowArgumentException(invalidEmail: &quot;@example.com&quot;)" storage="d:\code\.net\project_shopflow\tests\shopflow.application.tests\bin\debug\net9.0\shopflow.application.tests.dll" id="f96faa35-606a-eb00-ccfc-66f38c4d0d77">
      <Execution id="6df381a5-5dce-472a-86e0-db7fefa56a69" />
      <TestMethod codeBase="D:\Code\.Net\project_shopflow\Tests\ShopFlow.Application.Tests\bin\Debug\net9.0\ShopFlow.Application.Tests.dll" adapterTypeName="executor://xunit/VsTestRunner2/netcoreapp" className="ShopFlow.Application.Tests.Handlers.Users.CreateUserCommandHandlerTests" name="Handle_InvalidEmail_ShouldThrowArgumentException" />
    </UnitTest>
    <UnitTest name="ShopFlow.Application.Tests.Validators.Users.CreateUserCommandValidatorTests.Validate_ValidPhoneFormats_ShouldPass(phone: &quot;1234567890&quot;)" storage="d:\code\.net\project_shopflow\tests\shopflow.application.tests\bin\debug\net9.0\shopflow.application.tests.dll" id="03f6a312-464b-acd0-c75c-ffc7d5309343">
      <Execution id="98d90b72-2474-424c-aaca-6574eb21ac33" />
      <TestMethod codeBase="D:\Code\.Net\project_shopflow\Tests\ShopFlow.Application.Tests\bin\Debug\net9.0\ShopFlow.Application.Tests.dll" adapterTypeName="executor://xunit/VsTestRunner2/netcoreapp" className="ShopFlow.Application.Tests.Validators.Users.CreateUserCommandValidatorTests" name="Validate_ValidPhoneFormats_ShouldPass" />
    </UnitTest>
    <UnitTest name="ShopFlow.Application.Tests.Validators.Users.CreateUserCommandValidatorTests.Validate_InvalidPhoneFormat_ShouldFail(phone: &quot;123 456 789&quot;)" storage="d:\code\.net\project_shopflow\tests\shopflow.application.tests\bin\debug\net9.0\shopflow.application.tests.dll" id="cc59f096-e9f6-68a8-d374-b3ca6bf3c713">
      <Execution id="9a1eec22-1984-4bba-a6d8-eaad297749eb" />
      <TestMethod codeBase="D:\Code\.Net\project_shopflow\Tests\ShopFlow.Application.Tests\bin\Debug\net9.0\ShopFlow.Application.Tests.dll" adapterTypeName="executor://xunit/VsTestRunner2/netcoreapp" className="ShopFlow.Application.Tests.Validators.Users.CreateUserCommandValidatorTests" name="Validate_InvalidPhoneFormat_ShouldFail" />
    </UnitTest>
    <UnitTest name="ShopFlow.Application.Tests.Validators.Users.CreateUserCommandValidatorTests.Validate_InvalidEmailFormat_ShouldFail(email: &quot;invalid-email&quot;)" storage="d:\code\.net\project_shopflow\tests\shopflow.application.tests\bin\debug\net9.0\shopflow.application.tests.dll" id="2e862318-0ee8-8ae8-6e32-f91f571557d7">
      <Execution id="778332b7-0c02-4171-97a5-244d39c314fe" />
      <TestMethod codeBase="D:\Code\.Net\project_shopflow\Tests\ShopFlow.Application.Tests\bin\Debug\net9.0\ShopFlow.Application.Tests.dll" adapterTypeName="executor://xunit/VsTestRunner2/netcoreapp" className="ShopFlow.Application.Tests.Validators.Users.CreateUserCommandValidatorTests" name="Validate_InvalidEmailFormat_ShouldFail" />
    </UnitTest>
    <UnitTest name="ShopFlow.Application.Tests.Handlers.Users.CreateUserCommandHandlerTests.Handle_InvalidEmail_ShouldThrowArgumentException(invalidEmail: &quot;test@&quot;)" storage="d:\code\.net\project_shopflow\tests\shopflow.application.tests\bin\debug\net9.0\shopflow.application.tests.dll" id="8e96f900-5cd0-e1a2-7fb3-b05bc1ceb91e">
      <Execution id="4e98562b-8822-44d2-91d0-1b7b8929eb66" />
      <TestMethod codeBase="D:\Code\.Net\project_shopflow\Tests\ShopFlow.Application.Tests\bin\Debug\net9.0\ShopFlow.Application.Tests.dll" adapterTypeName="executor://xunit/VsTestRunner2/netcoreapp" className="ShopFlow.Application.Tests.Handlers.Users.CreateUserCommandHandlerTests" name="Handle_InvalidEmail_ShouldThrowArgumentException" />
    </UnitTest>
    <UnitTest name="ShopFlow.Application.Tests.Validators.Users.CreateUserCommandValidatorTests.Validate_EmptyEmail_ShouldFail(email: &quot;   &quot;)" storage="d:\code\.net\project_shopflow\tests\shopflow.application.tests\bin\debug\net9.0\shopflow.application.tests.dll" id="d9d08132-2e6d-0e46-6212-cb2965c97c72">
      <Execution id="2865204e-3ba3-4ff7-8bfd-e03f90fa6ed2" />
      <TestMethod codeBase="D:\Code\.Net\project_shopflow\Tests\ShopFlow.Application.Tests\bin\Debug\net9.0\ShopFlow.Application.Tests.dll" adapterTypeName="executor://xunit/VsTestRunner2/netcoreapp" className="ShopFlow.Application.Tests.Validators.Users.CreateUserCommandValidatorTests" name="Validate_EmptyEmail_ShouldFail" />
    </UnitTest>
    <UnitTest name="ShopFlow.Application.Tests.Handlers.Users.GetUserQueryHandlerTests.Handle_DifferentUserIds_ShouldCallRepositoryWithCorrectId(userId: 9223372036854775807)" storage="d:\code\.net\project_shopflow\tests\shopflow.application.tests\bin\debug\net9.0\shopflow.application.tests.dll" id="3cc10f75-12d5-0772-b43a-27eca641433d">
      <Execution id="77135aac-aa2a-410b-86a8-78428185dd92" />
      <TestMethod codeBase="D:\Code\.Net\project_shopflow\Tests\ShopFlow.Application.Tests\bin\Debug\net9.0\ShopFlow.Application.Tests.dll" adapterTypeName="executor://xunit/VsTestRunner2/netcoreapp" className="ShopFlow.Application.Tests.Handlers.Users.GetUserQueryHandlerTests" name="Handle_DifferentUserIds_ShouldCallRepositoryWithCorrectId" />
    </UnitTest>
    <UnitTest name="ShopFlow.Application.Tests.Handlers.Users.GetUserQueryHandlerTests.Handle_UserWithDifferentStatuses_ShouldReturnCorrectStatus(status: Active, expectedStatusByte: 1)" storage="d:\code\.net\project_shopflow\tests\shopflow.application.tests\bin\debug\net9.0\shopflow.application.tests.dll" id="11dcd257-5a28-3fb2-d4ed-e81dfe036e1c">
      <Execution id="e208526b-e344-416a-b2b8-75b17901f6d4" />
      <TestMethod codeBase="D:\Code\.Net\project_shopflow\Tests\ShopFlow.Application.Tests\bin\Debug\net9.0\ShopFlow.Application.Tests.dll" adapterTypeName="executor://xunit/VsTestRunner2/netcoreapp" className="ShopFlow.Application.Tests.Handlers.Users.GetUserQueryHandlerTests" name="Handle_UserWithDifferentStatuses_ShouldReturnCorrectStatus" />
    </UnitTest>
    <UnitTest name="ShopFlow.Application.Tests.Validators.Users.CreateUserCommandValidatorTests.Validate_EmailExactly100Characters_ShouldPass" storage="d:\code\.net\project_shopflow\tests\shopflow.application.tests\bin\debug\net9.0\shopflow.application.tests.dll" id="bcb2ee01-0a1c-52ea-0564-1e453209c203">
      <Execution id="7d286ed9-50cc-41cc-b5a4-0edfa0753819" />
      <TestMethod codeBase="D:\Code\.Net\project_shopflow\Tests\ShopFlow.Application.Tests\bin\Debug\net9.0\ShopFlow.Application.Tests.dll" adapterTypeName="executor://xunit/VsTestRunner2/netcoreapp" className="ShopFlow.Application.Tests.Validators.Users.CreateUserCommandValidatorTests" name="Validate_EmailExactly100Characters_ShouldPass" />
    </UnitTest>
    <UnitTest name="ShopFlow.Application.Tests.Handlers.Users.CreateUserCommandHandlerTests.Handle_InvalidPhone_ShouldThrowArgumentException(invalidPhone: &quot;01234567890123456789&quot;)" storage="d:\code\.net\project_shopflow\tests\shopflow.application.tests\bin\debug\net9.0\shopflow.application.tests.dll" id="9517b6c0-10d4-91cc-b0d6-c4166d05d62b">
      <Execution id="b3207193-757d-4335-a95b-5ecbe97bc406" />
      <TestMethod codeBase="D:\Code\.Net\project_shopflow\Tests\ShopFlow.Application.Tests\bin\Debug\net9.0\ShopFlow.Application.Tests.dll" adapterTypeName="executor://xunit/VsTestRunner2/netcoreapp" className="ShopFlow.Application.Tests.Handlers.Users.CreateUserCommandHandlerTests" name="Handle_InvalidPhone_ShouldThrowArgumentException" />
    </UnitTest>
    <UnitTest name="ShopFlow.Application.Tests.Validators.Users.CreateUserCommandValidatorTests.Validate_Exactly13YearsOld_ShouldPass" storage="d:\code\.net\project_shopflow\tests\shopflow.application.tests\bin\debug\net9.0\shopflow.application.tests.dll" id="0f67c65b-4c61-bea7-7fd9-8bb8a33c4040">
      <Execution id="81c739ca-4580-475e-abb3-c6c408f53135" />
      <TestMethod codeBase="D:\Code\.Net\project_shopflow\Tests\ShopFlow.Application.Tests\bin\Debug\net9.0\ShopFlow.Application.Tests.dll" adapterTypeName="executor://xunit/VsTestRunner2/netcoreapp" className="ShopFlow.Application.Tests.Validators.Users.CreateUserCommandValidatorTests" name="Validate_Exactly13YearsOld_ShouldPass" />
    </UnitTest>
    <UnitTest name="ShopFlow.Application.Tests.Validators.Users.CreateUserCommandValidatorTests.Validate_EmptyEmail_ShouldFail(email: null)" storage="d:\code\.net\project_shopflow\tests\shopflow.application.tests\bin\debug\net9.0\shopflow.application.tests.dll" id="e9ab1485-879a-1e26-8025-fbb73163f94f">
      <Execution id="b9587aa5-b5d4-4129-ac4c-eda4623b365e" />
      <TestMethod codeBase="D:\Code\.Net\project_shopflow\Tests\ShopFlow.Application.Tests\bin\Debug\net9.0\ShopFlow.Application.Tests.dll" adapterTypeName="executor://xunit/VsTestRunner2/netcoreapp" className="ShopFlow.Application.Tests.Validators.Users.CreateUserCommandValidatorTests" name="Validate_EmptyEmail_ShouldFail" />
    </UnitTest>
    <UnitTest name="ShopFlow.Application.Tests.Validators.Users.CreateUserCommandValidatorTests.Validate_PasswordMissingRequiredCharacters_ShouldFail(password: &quot;password&quot;)" storage="d:\code\.net\project_shopflow\tests\shopflow.application.tests\bin\debug\net9.0\shopflow.application.tests.dll" id="18ea3d8b-0d48-cba9-72b0-7d021ccd53e0">
      <Execution id="11dfd86f-291d-44ce-af6d-3dfc9eedd959" />
      <TestMethod codeBase="D:\Code\.Net\project_shopflow\Tests\ShopFlow.Application.Tests\bin\Debug\net9.0\ShopFlow.Application.Tests.dll" adapterTypeName="executor://xunit/VsTestRunner2/netcoreapp" className="ShopFlow.Application.Tests.Validators.Users.CreateUserCommandValidatorTests" name="Validate_PasswordMissingRequiredCharacters_ShouldFail" />
    </UnitTest>
    <UnitTest name="ShopFlow.Application.Tests.Validators.Users.CreateUserCommandValidatorTests.Validate_InvalidEmailFormat_ShouldFail(email: &quot;test.example.com&quot;)" storage="d:\code\.net\project_shopflow\tests\shopflow.application.tests\bin\debug\net9.0\shopflow.application.tests.dll" id="4a1c7353-1942-9bc9-4c50-b66f3d499f13">
      <Execution id="c13c1615-c753-4345-8db3-c679a239a044" />
      <TestMethod codeBase="D:\Code\.Net\project_shopflow\Tests\ShopFlow.Application.Tests\bin\Debug\net9.0\ShopFlow.Application.Tests.dll" adapterTypeName="executor://xunit/VsTestRunner2/netcoreapp" className="ShopFlow.Application.Tests.Validators.Users.CreateUserCommandValidatorTests" name="Validate_InvalidEmailFormat_ShouldFail" />
    </UnitTest>
    <UnitTest name="ShopFlow.Application.Tests.Validators.Users.CreateUserCommandValidatorTests.Validate_EmptyEmail_ShouldFail(email: &quot;&quot;)" storage="d:\code\.net\project_shopflow\tests\shopflow.application.tests\bin\debug\net9.0\shopflow.application.tests.dll" id="94f2a285-982a-2202-9ac7-db081235018f">
      <Execution id="11ffb4e0-1368-4c47-b045-ada80036e094" />
      <TestMethod codeBase="D:\Code\.Net\project_shopflow\Tests\ShopFlow.Application.Tests\bin\Debug\net9.0\ShopFlow.Application.Tests.dll" adapterTypeName="executor://xunit/VsTestRunner2/netcoreapp" className="ShopFlow.Application.Tests.Validators.Users.CreateUserCommandValidatorTests" name="Validate_EmptyEmail_ShouldFail" />
    </UnitTest>
    <UnitTest name="ShopFlow.Application.Tests.Behaviors.ValidationBehaviorTests.Handle_ValidationFailureWithNullPropertyName_ShouldHandleGracefully" storage="d:\code\.net\project_shopflow\tests\shopflow.application.tests\bin\debug\net9.0\shopflow.application.tests.dll" id="804acb26-e7c9-c6fd-550a-f484cf24152f">
      <Execution id="136c8403-5971-4462-8187-d0e30a85a414" />
      <TestMethod codeBase="D:\Code\.Net\project_shopflow\Tests\ShopFlow.Application.Tests\bin\Debug\net9.0\ShopFlow.Application.Tests.dll" adapterTypeName="executor://xunit/VsTestRunner2/netcoreapp" className="ShopFlow.Application.Tests.Behaviors.ValidationBehaviorTests" name="Handle_ValidationFailureWithNullPropertyName_ShouldHandleGracefully" />
    </UnitTest>
    <UnitTest name="ShopFlow.Application.Tests.Validators.Users.CreateUserCommandValidatorTests.Validate_InvalidEmailFormat_ShouldFail(email: &quot;@example.com&quot;)" storage="d:\code\.net\project_shopflow\tests\shopflow.application.tests\bin\debug\net9.0\shopflow.application.tests.dll" id="bacc7ad8-6e3c-8990-92af-cd8cdbce9d0a">
      <Execution id="7b3ec345-f117-494e-883f-de65db95481e" />
      <TestMethod codeBase="D:\Code\.Net\project_shopflow\Tests\ShopFlow.Application.Tests\bin\Debug\net9.0\ShopFlow.Application.Tests.dll" adapterTypeName="executor://xunit/VsTestRunner2/netcoreapp" className="ShopFlow.Application.Tests.Validators.Users.CreateUserCommandValidatorTests" name="Validate_InvalidEmailFormat_ShouldFail" />
    </UnitTest>
    <UnitTest name="ShopFlow.Application.Tests.Validators.Users.CreateUserCommandValidatorTests.Validate_ValidPhoneFormats_ShouldPass(phone: &quot;987654321&quot;)" storage="d:\code\.net\project_shopflow\tests\shopflow.application.tests\bin\debug\net9.0\shopflow.application.tests.dll" id="0c82a13a-361b-e38c-26f4-6b0045cf02b6">
      <Execution id="f95231e3-3a47-46d5-81dc-534b5d01d8d6" />
      <TestMethod codeBase="D:\Code\.Net\project_shopflow\Tests\ShopFlow.Application.Tests\bin\Debug\net9.0\ShopFlow.Application.Tests.dll" adapterTypeName="executor://xunit/VsTestRunner2/netcoreapp" className="ShopFlow.Application.Tests.Validators.Users.CreateUserCommandValidatorTests" name="Validate_ValidPhoneFormats_ShouldPass" />
    </UnitTest>
    <UnitTest name="ShopFlow.Application.Tests.Validators.Users.CreateUserCommandValidatorTests.Validate_PasswordMissingRequiredCharacters_ShouldFail(password: &quot;password123!&quot;)" storage="d:\code\.net\project_shopflow\tests\shopflow.application.tests\bin\debug\net9.0\shopflow.application.tests.dll" id="5fa2c0de-b48e-21f8-4b1e-0189a89bc64d">
      <Execution id="0f9395b9-821f-4ae5-983f-0e407ea2c244" />
      <TestMethod codeBase="D:\Code\.Net\project_shopflow\Tests\ShopFlow.Application.Tests\bin\Debug\net9.0\ShopFlow.Application.Tests.dll" adapterTypeName="executor://xunit/VsTestRunner2/netcoreapp" className="ShopFlow.Application.Tests.Validators.Users.CreateUserCommandValidatorTests" name="Validate_PasswordMissingRequiredCharacters_ShouldFail" />
    </UnitTest>
    <UnitTest name="ShopFlow.Application.Tests.Validators.Users.CreateUserCommandValidatorTests.Validate_ValidPhone_ShouldPass" storage="d:\code\.net\project_shopflow\tests\shopflow.application.tests\bin\debug\net9.0\shopflow.application.tests.dll" id="014f10fc-0dc5-101d-4c3e-c97a8250672d">
      <Execution id="ff68b97d-ea1e-496c-a2f2-9d8aecfc6995" />
      <TestMethod codeBase="D:\Code\.Net\project_shopflow\Tests\ShopFlow.Application.Tests\bin\Debug\net9.0\ShopFlow.Application.Tests.dll" adapterTypeName="executor://xunit/VsTestRunner2/netcoreapp" className="ShopFlow.Application.Tests.Validators.Users.CreateUserCommandValidatorTests" name="Validate_ValidPhone_ShouldPass" />
    </UnitTest>
    <UnitTest name="ShopFlow.Application.Tests.Behaviors.ValidationBehaviorTests.Handle_EmptyValidationFailures_ShouldCallNext" storage="d:\code\.net\project_shopflow\tests\shopflow.application.tests\bin\debug\net9.0\shopflow.application.tests.dll" id="22b0cd16-79c9-aa9c-5df4-9bc4fc3bb3a0">
      <Execution id="1129670f-e2f4-49d7-96b9-10caea8d7561" />
      <TestMethod codeBase="D:\Code\.Net\project_shopflow\Tests\ShopFlow.Application.Tests\bin\Debug\net9.0\ShopFlow.Application.Tests.dll" adapterTypeName="executor://xunit/VsTestRunner2/netcoreapp" className="ShopFlow.Application.Tests.Behaviors.ValidationBehaviorTests" name="Handle_EmptyValidationFailures_ShouldCallNext" />
    </UnitTest>
    <UnitTest name="ShopFlow.Application.Tests.Handlers.Users.GetUserQueryHandlerTests.Handle_NonExistingUser_ShouldReturnNull" storage="d:\code\.net\project_shopflow\tests\shopflow.application.tests\bin\debug\net9.0\shopflow.application.tests.dll" id="04d8e02a-d52b-5287-382e-194d56260157">
      <Execution id="b142bf27-e9c9-44f1-904d-985d1d18ad76" />
      <TestMethod codeBase="D:\Code\.Net\project_shopflow\Tests\ShopFlow.Application.Tests\bin\Debug\net9.0\ShopFlow.Application.Tests.dll" adapterTypeName="executor://xunit/VsTestRunner2/netcoreapp" className="ShopFlow.Application.Tests.Handlers.Users.GetUserQueryHandlerTests" name="Handle_NonExistingUser_ShouldReturnNull" />
    </UnitTest>
    <UnitTest name="ShopFlow.Application.Tests.Validators.Users.CreateUserCommandValidatorTests.Validate_ValidPhoneFormats_ShouldPass(phone: &quot;12345&quot;)" storage="d:\code\.net\project_shopflow\tests\shopflow.application.tests\bin\debug\net9.0\shopflow.application.tests.dll" id="bba00ea3-ae88-cec1-3a15-f93b94254758">
      <Execution id="79b3b902-85cc-451c-a5df-823a2fcc8b8d" />
      <TestMethod codeBase="D:\Code\.Net\project_shopflow\Tests\ShopFlow.Application.Tests\bin\Debug\net9.0\ShopFlow.Application.Tests.dll" adapterTypeName="executor://xunit/VsTestRunner2/netcoreapp" className="ShopFlow.Application.Tests.Validators.Users.CreateUserCommandValidatorTests" name="Validate_ValidPhoneFormats_ShouldPass" />
    </UnitTest>
    <UnitTest name="ShopFlow.Application.Tests.Validators.Users.CreateUserCommandValidatorTests.Validate_NullDateOfBirth_ShouldPass" storage="d:\code\.net\project_shopflow\tests\shopflow.application.tests\bin\debug\net9.0\shopflow.application.tests.dll" id="95f6d561-4b3d-c17a-fcdc-4ee6e8784f1c">
      <Execution id="ab3b6ee6-d3e2-401b-9f29-f5c94ca9f66e" />
      <TestMethod codeBase="D:\Code\.Net\project_shopflow\Tests\ShopFlow.Application.Tests\bin\Debug\net9.0\ShopFlow.Application.Tests.dll" adapterTypeName="executor://xunit/VsTestRunner2/netcoreapp" className="ShopFlow.Application.Tests.Validators.Users.CreateUserCommandValidatorTests" name="Validate_NullDateOfBirth_ShouldPass" />
    </UnitTest>
    <UnitTest name="ShopFlow.Application.Tests.Behaviors.ValidationBehaviorTests.Handle_CancellationTokenPassed_ShouldPassToValidators" storage="d:\code\.net\project_shopflow\tests\shopflow.application.tests\bin\debug\net9.0\shopflow.application.tests.dll" id="7fedc20d-f22e-4ce0-6f70-8572219a4b26">
      <Execution id="c2c04376-af5d-4336-a725-f8b420198f5a" />
      <TestMethod codeBase="D:\Code\.Net\project_shopflow\Tests\ShopFlow.Application.Tests\bin\Debug\net9.0\ShopFlow.Application.Tests.dll" adapterTypeName="executor://xunit/VsTestRunner2/netcoreapp" className="ShopFlow.Application.Tests.Behaviors.ValidationBehaviorTests" name="Handle_CancellationTokenPassed_ShouldPassToValidators" />
    </UnitTest>
    <UnitTest name="ShopFlow.Application.Tests.Behaviors.ValidationBehaviorTests.Handle_ValidationResult_ShouldCallNextAppropriately(isValid: True, expectedNextCalls: 1)" storage="d:\code\.net\project_shopflow\tests\shopflow.application.tests\bin\debug\net9.0\shopflow.application.tests.dll" id="37ba2415-2ef0-264d-16f9-8e6e6d4d1c80">
      <Execution id="cb923041-c0cf-4c73-8beb-07171125b5c8" />
      <TestMethod codeBase="D:\Code\.Net\project_shopflow\Tests\ShopFlow.Application.Tests\bin\Debug\net9.0\ShopFlow.Application.Tests.dll" adapterTypeName="executor://xunit/VsTestRunner2/netcoreapp" className="ShopFlow.Application.Tests.Behaviors.ValidationBehaviorTests" name="Handle_ValidationResult_ShouldCallNextAppropriately" />
    </UnitTest>
    <UnitTest name="ShopFlow.Application.Tests.Validators.Users.CreateUserCommandValidatorTests.Validate_FullNameExactly100Characters_ShouldPass" storage="d:\code\.net\project_shopflow\tests\shopflow.application.tests\bin\debug\net9.0\shopflow.application.tests.dll" id="1eaf2875-2adb-95b7-dd25-91d08b7e17df">
      <Execution id="db22976b-cf74-4187-ade9-bafc3e281ae3" />
      <TestMethod codeBase="D:\Code\.Net\project_shopflow\Tests\ShopFlow.Application.Tests\bin\Debug\net9.0\ShopFlow.Application.Tests.dll" adapterTypeName="executor://xunit/VsTestRunner2/netcoreapp" className="ShopFlow.Application.Tests.Validators.Users.CreateUserCommandValidatorTests" name="Validate_FullNameExactly100Characters_ShouldPass" />
    </UnitTest>
    <UnitTest name="ShopFlow.Application.Tests.Handlers.Users.GetUserQueryHandlerTests.Handle_UserWithComplexEmailAndPhone_ShouldReturnCorrectValues" storage="d:\code\.net\project_shopflow\tests\shopflow.application.tests\bin\debug\net9.0\shopflow.application.tests.dll" id="ac97bcdc-a283-de2e-d726-0ad70f40a645">
      <Execution id="67937bc5-e467-4544-b605-74aca496ad63" />
      <TestMethod codeBase="D:\Code\.Net\project_shopflow\Tests\ShopFlow.Application.Tests\bin\Debug\net9.0\ShopFlow.Application.Tests.dll" adapterTypeName="executor://xunit/VsTestRunner2/netcoreapp" className="ShopFlow.Application.Tests.Handlers.Users.GetUserQueryHandlerTests" name="Handle_UserWithComplexEmailAndPhone_ShouldReturnCorrectValues" />
    </UnitTest>
    <UnitTest name="ShopFlow.Application.Tests.Validators.Users.CreateUserCommandValidatorTests.Validate_FullNameTooLong_ShouldFail" storage="d:\code\.net\project_shopflow\tests\shopflow.application.tests\bin\debug\net9.0\shopflow.application.tests.dll" id="8825fd9e-aa9f-624e-98e1-648b0c3b3498">
      <Execution id="4480b153-5f1b-4ffc-9e67-b51155d5e502" />
      <TestMethod codeBase="D:\Code\.Net\project_shopflow\Tests\ShopFlow.Application.Tests\bin\Debug\net9.0\ShopFlow.Application.Tests.dll" adapterTypeName="executor://xunit/VsTestRunner2/netcoreapp" className="ShopFlow.Application.Tests.Validators.Users.CreateUserCommandValidatorTests" name="Validate_FullNameTooLong_ShouldFail" />
    </UnitTest>
    <UnitTest name="ShopFlow.Application.Tests.Handlers.Users.GetUserQueryHandlerTests.Handle_RepositoryThrowsException_ShouldPropagateException" storage="d:\code\.net\project_shopflow\tests\shopflow.application.tests\bin\debug\net9.0\shopflow.application.tests.dll" id="3e7a2dc9-fe17-25f6-0b6b-c9feaca3dfed">
      <Execution id="2027e259-7ec8-403c-9802-94cb9030ecd3" />
      <TestMethod codeBase="D:\Code\.Net\project_shopflow\Tests\ShopFlow.Application.Tests\bin\Debug\net9.0\ShopFlow.Application.Tests.dll" adapterTypeName="executor://xunit/VsTestRunner2/netcoreapp" className="ShopFlow.Application.Tests.Handlers.Users.GetUserQueryHandlerTests" name="Handle_RepositoryThrowsException_ShouldPropagateException" />
    </UnitTest>
    <UnitTest name="ShopFlow.Application.Tests.Validators.Users.CreateUserCommandValidatorTests.Validate_PasswordTooShort_ShouldFail(password: &quot;1234567&quot;)" storage="d:\code\.net\project_shopflow\tests\shopflow.application.tests\bin\debug\net9.0\shopflow.application.tests.dll" id="8d83daba-c409-b9fe-c741-9fb737159c4c">
      <Execution id="5ec9f3b2-d376-46d0-8d3a-790109d31a5d" />
      <TestMethod codeBase="D:\Code\.Net\project_shopflow\Tests\ShopFlow.Application.Tests\bin\Debug\net9.0\ShopFlow.Application.Tests.dll" adapterTypeName="executor://xunit/VsTestRunner2/netcoreapp" className="ShopFlow.Application.Tests.Validators.Users.CreateUserCommandValidatorTests" name="Validate_PasswordTooShort_ShouldFail" />
    </UnitTest>
    <UnitTest name="ShopFlow.Application.Tests.Validators.Users.CreateUserCommandValidatorTests.Validate_ValidPhoneFormats_ShouldPass(phone: &quot;+112345&quot;)" storage="d:\code\.net\project_shopflow\tests\shopflow.application.tests\bin\debug\net9.0\shopflow.application.tests.dll" id="0cc415a2-0ea1-ac25-47de-1b06150553ab">
      <Execution id="e1c5f8a3-bc81-43ae-b2d9-c61093d8ab5c" />
      <TestMethod codeBase="D:\Code\.Net\project_shopflow\Tests\ShopFlow.Application.Tests\bin\Debug\net9.0\ShopFlow.Application.Tests.dll" adapterTypeName="executor://xunit/VsTestRunner2/netcoreapp" className="ShopFlow.Application.Tests.Validators.Users.CreateUserCommandValidatorTests" name="Validate_ValidPhoneFormats_ShouldPass" />
    </UnitTest>
    <UnitTest name="ShopFlow.Application.Tests.Handlers.Users.GetUserQueryHandlerTests.Handle_CancellationRequested_ShouldPassCancellationToken" storage="d:\code\.net\project_shopflow\tests\shopflow.application.tests\bin\debug\net9.0\shopflow.application.tests.dll" id="2c1e57b5-5336-f3f7-aac9-df49bfb42903">
      <Execution id="d135037e-f5e0-4b87-b2b0-28430b3ea851" />
      <TestMethod codeBase="D:\Code\.Net\project_shopflow\Tests\ShopFlow.Application.Tests\bin\Debug\net9.0\ShopFlow.Application.Tests.dll" adapterTypeName="executor://xunit/VsTestRunner2/netcoreapp" className="ShopFlow.Application.Tests.Handlers.Users.GetUserQueryHandlerTests" name="Handle_CancellationRequested_ShouldPassCancellationToken" />
    </UnitTest>
    <UnitTest name="ShopFlow.Application.Tests.Validators.Users.CreateUserCommandValidatorTests.Validate_InvalidPhoneFormat_ShouldFail(phone: &quot;1&quot;)" storage="d:\code\.net\project_shopflow\tests\shopflow.application.tests\bin\debug\net9.0\shopflow.application.tests.dll" id="e215348e-1d53-0fa1-faeb-4093795189f1">
      <Execution id="a205b72e-1fb5-4341-a7ff-f06623940804" />
      <TestMethod codeBase="D:\Code\.Net\project_shopflow\Tests\ShopFlow.Application.Tests\bin\Debug\net9.0\ShopFlow.Application.Tests.dll" adapterTypeName="executor://xunit/VsTestRunner2/netcoreapp" className="ShopFlow.Application.Tests.Validators.Users.CreateUserCommandValidatorTests" name="Validate_InvalidPhoneFormat_ShouldFail" />
    </UnitTest>
  </TestDefinitions>
  <TestEntries>
    <TestEntry testId="e8b4c273-3f76-ef07-ec01-9217d6987a13" executionId="8088609c-6c9c-4eb7-825c-fea00fe610da" testListId="8c84fa94-04c1-424b-9868-57a2d4851a1d" />
    <TestEntry testId="33366420-f015-e4d4-8cad-004160035bcc" executionId="de878406-3f11-44c7-a713-8c8d1780fc33" testListId="8c84fa94-04c1-424b-9868-57a2d4851a1d" />
    <TestEntry testId="903d0921-71c1-2cb9-4cef-4a6c9e7fdae3" executionId="be583ffd-7ebe-4bf4-b706-3c270295290f" testListId="8c84fa94-04c1-424b-9868-57a2d4851a1d" />
    <TestEntry testId="e398c0dc-036e-9d45-da68-dc001f666a4d" executionId="e4cb83e8-d80f-4d53-b4f4-13fdce94211f" testListId="8c84fa94-04c1-424b-9868-57a2d4851a1d" />
    <TestEntry testId="db0fc7a8-53e2-0682-abfb-10d47773d941" executionId="1a00d734-e055-4dfc-8cce-e33b6185295b" testListId="8c84fa94-04c1-424b-9868-57a2d4851a1d" />
    <TestEntry testId="feaaa2cc-cbc4-605a-6fcc-11adbbe8349d" executionId="da705429-165e-43f7-b4d7-562d673e6753" testListId="8c84fa94-04c1-424b-9868-57a2d4851a1d" />
    <TestEntry testId="5fa2c0de-b48e-21f8-4b1e-0189a89bc64d" executionId="0f9395b9-821f-4ae5-983f-0e407ea2c244" testListId="8c84fa94-04c1-424b-9868-57a2d4851a1d" />
    <TestEntry testId="1330cbc9-cca9-f4e2-d108-5878458ddfad" executionId="3ce5ebb1-720f-4dd3-ba78-41360d06eb9b" testListId="8c84fa94-04c1-424b-9868-57a2d4851a1d" />
    <TestEntry testId="0cc415a2-0ea1-ac25-47de-1b06150553ab" executionId="e1c5f8a3-bc81-43ae-b2d9-c61093d8ab5c" testListId="8c84fa94-04c1-424b-9868-57a2d4851a1d" />
    <TestEntry testId="95f6d561-4b3d-c17a-fcdc-4ee6e8784f1c" executionId="ab3b6ee6-d3e2-401b-9f29-f5c94ca9f66e" testListId="8c84fa94-04c1-424b-9868-57a2d4851a1d" />
    <TestEntry testId="def86f68-9f92-71c8-bf98-e100956f78f4" executionId="b9d3ca45-fac1-42c2-a7c5-b4b95d092203" testListId="8c84fa94-04c1-424b-9868-57a2d4851a1d" />
    <TestEntry testId="2e862318-0ee8-8ae8-6e32-f91f571557d7" executionId="778332b7-0c02-4171-97a5-244d39c314fe" testListId="8c84fa94-04c1-424b-9868-57a2d4851a1d" />
    <TestEntry testId="f2807d54-7676-6d78-9d9c-ca8b31a899a0" executionId="54ff6759-daac-40a2-a187-b1d7131c07a0" testListId="8c84fa94-04c1-424b-9868-57a2d4851a1d" />
    <TestEntry testId="22b0cd16-79c9-aa9c-5df4-9bc4fc3bb3a0" executionId="1129670f-e2f4-49d7-96b9-10caea8d7561" testListId="8c84fa94-04c1-424b-9868-57a2d4851a1d" />
    <TestEntry testId="04d8e02a-d52b-5287-382e-194d56260157" executionId="b142bf27-e9c9-44f1-904d-985d1d18ad76" testListId="8c84fa94-04c1-424b-9868-57a2d4851a1d" />
    <TestEntry testId="f5bbb5e2-b30c-a690-4173-bd77bf064b58" executionId="373f9621-2e08-409a-af02-d1593455bd20" testListId="8c84fa94-04c1-424b-9868-57a2d4851a1d" />
    <TestEntry testId="25db2c85-0e1e-806b-a8d1-04b37ea0f5f5" executionId="cde19024-ed72-4288-b873-781c0348c57b" testListId="8c84fa94-04c1-424b-9868-57a2d4851a1d" />
    <TestEntry testId="0f67c65b-4c61-bea7-7fd9-8bb8a33c4040" executionId="81c739ca-4580-475e-abb3-c6c408f53135" testListId="8c84fa94-04c1-424b-9868-57a2d4851a1d" />
    <TestEntry testId="59ecf9aa-6cbe-da39-ae09-1fe92b8e9927" executionId="07acad98-91f2-4b63-b25f-01585410762c" testListId="8c84fa94-04c1-424b-9868-57a2d4851a1d" />
    <TestEntry testId="ed2e2eb8-31b5-396b-f786-33dd14da3b9d" executionId="d3982042-48de-466c-8259-2a46c13bcc5b" testListId="8c84fa94-04c1-424b-9868-57a2d4851a1d" />
    <TestEntry testId="18ea3d8b-0d48-cba9-72b0-7d021ccd53e0" executionId="11dfd86f-291d-44ce-af6d-3dfc9eedd959" testListId="8c84fa94-04c1-424b-9868-57a2d4851a1d" />
    <TestEntry testId="c1e399ca-2bc9-f0ef-285e-d61273c83c1d" executionId="7adbe5d9-b827-4f75-809f-ede0fdd07091" testListId="8c84fa94-04c1-424b-9868-57a2d4851a1d" />
    <TestEntry testId="d8d5fe18-0bf6-2250-da74-fb2ec0367bfb" executionId="166a0c4d-f3c5-4322-9a20-0d931cad365f" testListId="8c84fa94-04c1-424b-9868-57a2d4851a1d" />
    <TestEntry testId="af27aad0-f374-05c4-b7f3-9603f172d5c6" executionId="16913942-2a04-4698-9d0b-9b67a555f1b7" testListId="8c84fa94-04c1-424b-9868-57a2d4851a1d" />
    <TestEntry testId="e6a2990b-dcde-239c-28cc-80450e978217" executionId="e0f7997f-24ab-4c60-bede-736ac97ac42e" testListId="8c84fa94-04c1-424b-9868-57a2d4851a1d" />
    <TestEntry testId="6c343fba-b2b7-020b-9852-4fe8517c2601" executionId="1b60e042-3a04-4434-8dd9-65914827fbf2" testListId="8c84fa94-04c1-424b-9868-57a2d4851a1d" />
    <TestEntry testId="8f342b49-e865-50a2-cb85-8a9c3aed23a5" executionId="79d2d4d6-04d7-4008-8322-ce13ac766651" testListId="8c84fa94-04c1-424b-9868-57a2d4851a1d" />
    <TestEntry testId="1d5e6b28-1e5c-274f-4014-9392ce2e0703" executionId="978f3c1c-4ea4-4285-b227-f180376a1ee1" testListId="8c84fa94-04c1-424b-9868-57a2d4851a1d" />
    <TestEntry testId="3072600d-f71a-e6d8-eab6-0f80ccfcb5e9" executionId="4540e21b-caf3-4450-8fe3-fa1279ba8bbc" testListId="8c84fa94-04c1-424b-9868-57a2d4851a1d" />
    <TestEntry testId="28ec6df7-f84d-e089-d491-1ad080748ecf" executionId="2a1d5a02-0719-41f1-bcb3-d63623c004b9" testListId="8c84fa94-04c1-424b-9868-57a2d4851a1d" />
    <TestEntry testId="9ecb7dcb-fa2e-f3d0-4bf5-95e0ba5a7642" executionId="74a17f5b-2c94-4443-864b-222474907ee2" testListId="8c84fa94-04c1-424b-9868-57a2d4851a1d" />
    <TestEntry testId="81fff8d8-f598-9d1d-647b-c33c4d89f3aa" executionId="38893441-3c31-4963-ba4a-d65b50bc4913" testListId="8c84fa94-04c1-424b-9868-57a2d4851a1d" />
    <TestEntry testId="a34c11fe-96bf-f583-8945-43e0b79d1109" executionId="7e1c4439-9955-4867-8b39-1403ffe8f418" testListId="8c84fa94-04c1-424b-9868-57a2d4851a1d" />
    <TestEntry testId="b93d89a1-8af8-7ee2-7183-99e33e138a59" executionId="0527fd82-cc89-4441-ae35-9f8b06ee6b01" testListId="8c84fa94-04c1-424b-9868-57a2d4851a1d" />
    <TestEntry testId="e9449d11-df04-1099-ba2b-d96f2e6cdbd7" executionId="99738763-7c31-4f46-9c55-9a837f00ef0b" testListId="8c84fa94-04c1-424b-9868-57a2d4851a1d" />
    <TestEntry testId="9517b6c0-10d4-91cc-b0d6-c4166d05d62b" executionId="b3207193-757d-4335-a95b-5ecbe97bc406" testListId="8c84fa94-04c1-424b-9868-57a2d4851a1d" />
    <TestEntry testId="b5072625-e5c5-b5e0-fdd5-27ea5656cd0c" executionId="819f492f-5906-4a68-b2d8-cf15ce049767" testListId="8c84fa94-04c1-424b-9868-57a2d4851a1d" />
    <TestEntry testId="11dcd257-5a28-3fb2-d4ed-e81dfe036e1c" executionId="e208526b-e344-416a-b2b8-75b17901f6d4" testListId="8c84fa94-04c1-424b-9868-57a2d4851a1d" />
    <TestEntry testId="593f265e-3174-43b9-c52a-22d02dfacce1" executionId="8b22050c-4002-4731-ba05-9cfb0ebacc11" testListId="8c84fa94-04c1-424b-9868-57a2d4851a1d" />
    <TestEntry testId="56397298-8c1b-4fde-dcad-e7718fc4c816" executionId="642e6c72-9ced-4ae3-b93b-d78adc4ef81d" testListId="8c84fa94-04c1-424b-9868-57a2d4851a1d" />
    <TestEntry testId="b6c23262-32ac-a46f-bbf8-902c1eaff77c" executionId="dc051eef-5b4f-47bc-97ab-da362582c54a" testListId="8c84fa94-04c1-424b-9868-57a2d4851a1d" />
    <TestEntry testId="4453923a-00ae-da57-3d99-1c4ee6fdf2ee" executionId="53ccda42-a4f7-427f-949e-d47cf04d6dbf" testListId="8c84fa94-04c1-424b-9868-57a2d4851a1d" />
    <TestEntry testId="425f7460-db6f-70ac-ca31-9104d81a988a" executionId="efb0db13-9542-4e9c-996b-39a93f25d70c" testListId="8c84fa94-04c1-424b-9868-57a2d4851a1d" />
    <TestEntry testId="4aebb4ba-16e3-6143-7d49-90ab3fe6483e" executionId="7b6430ff-15e5-44a9-a73f-c1cfe480e06f" testListId="8c84fa94-04c1-424b-9868-57a2d4851a1d" />
    <TestEntry testId="77b53e1b-6384-fc1e-ba8c-549d17b8a292" executionId="8cf2369c-6d19-443d-8b3b-b30b1ab66d3f" testListId="8c84fa94-04c1-424b-9868-57a2d4851a1d" />
    <TestEntry testId="4233b0cf-d9ed-51d6-e376-c0d3710659e4" executionId="8362883a-e986-48ce-80b1-6601c6c8253e" testListId="8c84fa94-04c1-424b-9868-57a2d4851a1d" />
    <TestEntry testId="74017ceb-7d72-3dcb-866c-05cd2348995e" executionId="29364bb5-b296-42f0-9772-ebf3676fcede" testListId="8c84fa94-04c1-424b-9868-57a2d4851a1d" />
    <TestEntry testId="1eaf2875-2adb-95b7-dd25-91d08b7e17df" executionId="db22976b-cf74-4187-ade9-bafc3e281ae3" testListId="8c84fa94-04c1-424b-9868-57a2d4851a1d" />
    <TestEntry testId="8e96f900-5cd0-e1a2-7fb3-b05bc1ceb91e" executionId="4e98562b-8822-44d2-91d0-1b7b8929eb66" testListId="8c84fa94-04c1-424b-9868-57a2d4851a1d" />
    <TestEntry testId="94f2a285-982a-2202-9ac7-db081235018f" executionId="11ffb4e0-1368-4c47-b045-ada80036e094" testListId="8c84fa94-04c1-424b-9868-57a2d4851a1d" />
    <TestEntry testId="ed82f227-9fd7-3fd8-eb7a-93442da42f69" executionId="f9254af7-442a-414b-af64-06cc6917bfc5" testListId="8c84fa94-04c1-424b-9868-57a2d4851a1d" />
    <TestEntry testId="bcb2ee01-0a1c-52ea-0564-1e453209c203" executionId="7d286ed9-50cc-41cc-b5a4-0edfa0753819" testListId="8c84fa94-04c1-424b-9868-57a2d4851a1d" />
    <TestEntry testId="7fedc20d-f22e-4ce0-6f70-8572219a4b26" executionId="c2c04376-af5d-4336-a725-f8b420198f5a" testListId="8c84fa94-04c1-424b-9868-57a2d4851a1d" />
    <TestEntry testId="702a5195-b49d-070b-d1eb-c62c3daf4012" executionId="6ba6a630-33c9-41cb-9378-1aafd7d629ab" testListId="8c84fa94-04c1-424b-9868-57a2d4851a1d" />
    <TestEntry testId="57f8eac0-5aec-6a48-bf16-6c6c4a0d18e8" executionId="b25c67a4-e08c-4a6d-8947-fe7fc3ed27f7" testListId="8c84fa94-04c1-424b-9868-57a2d4851a1d" />
    <TestEntry testId="cc59f096-e9f6-68a8-d374-b3ca6bf3c713" executionId="9a1eec22-1984-4bba-a6d8-eaad297749eb" testListId="8c84fa94-04c1-424b-9868-57a2d4851a1d" />
    <TestEntry testId="ccf205ea-506a-15fc-9633-d84f37974ed0" executionId="9abb2660-2f0b-4917-b513-63a84b6af74a" testListId="8c84fa94-04c1-424b-9868-57a2d4851a1d" />
    <TestEntry testId="b02db883-5e5f-b796-7234-fe579f64fbdc" executionId="b377650d-d5b7-4aea-9706-e774bfc9f6df" testListId="8c84fa94-04c1-424b-9868-57a2d4851a1d" />
    <TestEntry testId="393b80f2-527d-b2d3-cb4b-77de628c1a4d" executionId="d118a9d1-aa6e-4725-9218-59cd9d0fc2e7" testListId="8c84fa94-04c1-424b-9868-57a2d4851a1d" />
    <TestEntry testId="8825fd9e-aa9f-624e-98e1-648b0c3b3498" executionId="4480b153-5f1b-4ffc-9e67-b51155d5e502" testListId="8c84fa94-04c1-424b-9868-57a2d4851a1d" />
    <TestEntry testId="e4949bf4-fd77-b6e7-1c33-ed9013324cb3" executionId="49140058-9c13-4d13-a165-4266d9d05651" testListId="8c84fa94-04c1-424b-9868-57a2d4851a1d" />
    <TestEntry testId="acb94a9d-0222-d803-b118-884fcb7a1ed5" executionId="7ff7e36f-3af3-4a45-9960-6becffade7a5" testListId="8c84fa94-04c1-424b-9868-57a2d4851a1d" />
    <TestEntry testId="ae5e42b8-3cf5-af36-50ef-c3c39bce9359" executionId="a7aae816-4d72-47ee-a4f0-daa81bab4d6d" testListId="8c84fa94-04c1-424b-9868-57a2d4851a1d" />
    <TestEntry testId="4771bb6b-1b88-1e83-2187-f8dac5f6705a" executionId="106ef81a-726f-48c8-a6db-b4528dd91fd9" testListId="8c84fa94-04c1-424b-9868-57a2d4851a1d" />
    <TestEntry testId="bfc86520-dd6e-ac4f-f264-565ff9379017" executionId="418e4ca3-2f00-4b24-86ce-24f4a5666741" testListId="8c84fa94-04c1-424b-9868-57a2d4851a1d" />
    <TestEntry testId="81c7748a-43cb-8799-dfea-52311e3756a1" executionId="ddfb30d5-26b5-46a4-a0ed-ed593a17a64e" testListId="8c84fa94-04c1-424b-9868-57a2d4851a1d" />
    <TestEntry testId="dcd5e603-f993-344c-0192-a764cc52ed6f" executionId="dea1322e-9084-422b-9bdd-4c2a33542743" testListId="8c84fa94-04c1-424b-9868-57a2d4851a1d" />
    <TestEntry testId="009a71a2-0606-61ff-8755-ba80cdf5159c" executionId="feb1e203-dd76-4278-96de-1ba1edbb6aca" testListId="8c84fa94-04c1-424b-9868-57a2d4851a1d" />
    <TestEntry testId="c7808491-b3eb-9081-5216-513e3cd0b173" executionId="1e0b344f-475b-45ae-947b-f7ab702673ef" testListId="8c84fa94-04c1-424b-9868-57a2d4851a1d" />
    <TestEntry testId="804acb26-e7c9-c6fd-550a-f484cf24152f" executionId="136c8403-5971-4462-8187-d0e30a85a414" testListId="8c84fa94-04c1-424b-9868-57a2d4851a1d" />
    <TestEntry testId="e5320f33-8a4d-218d-8735-d8dd2ffd7352" executionId="e1908473-4e0a-4b8e-81fc-8b3654897a6d" testListId="8c84fa94-04c1-424b-9868-57a2d4851a1d" />
    <TestEntry testId="2759fab2-8502-a045-5a28-2711ad6c5afa" executionId="f1a2b94a-3a86-4692-a88c-dc9b7dba8a9e" testListId="8c84fa94-04c1-424b-9868-57a2d4851a1d" />
    <TestEntry testId="37e237aa-6ffd-52ef-1e78-2ecd10ea0bb7" executionId="1dfa5bcd-c8eb-4380-9819-dc8d8ee95a8e" testListId="8c84fa94-04c1-424b-9868-57a2d4851a1d" />
    <TestEntry testId="8d83daba-c409-b9fe-c741-9fb737159c4c" executionId="5ec9f3b2-d376-46d0-8d3a-790109d31a5d" testListId="8c84fa94-04c1-424b-9868-57a2d4851a1d" />
    <TestEntry testId="d3071b23-51d7-6b74-0567-31343d38165b" executionId="cb229f3e-6d99-48e5-87f2-311679e43ab3" testListId="8c84fa94-04c1-424b-9868-57a2d4851a1d" />
    <TestEntry testId="e9ab1485-879a-1e26-8025-fbb73163f94f" executionId="b9587aa5-b5d4-4129-ac4c-eda4623b365e" testListId="8c84fa94-04c1-424b-9868-57a2d4851a1d" />
    <TestEntry testId="bacc7ad8-6e3c-8990-92af-cd8cdbce9d0a" executionId="7b3ec345-f117-494e-883f-de65db95481e" testListId="8c84fa94-04c1-424b-9868-57a2d4851a1d" />
    <TestEntry testId="f8288e4a-5fb1-6549-026e-4fe69668f6c9" executionId="42d61449-4044-438e-8ac6-fca39019e03c" testListId="8c84fa94-04c1-424b-9868-57a2d4851a1d" />
    <TestEntry testId="72e46980-b44b-d0fd-ad78-0c4f333fe1f6" executionId="868bae4a-6566-4abd-baba-398a9577c37c" testListId="8c84fa94-04c1-424b-9868-57a2d4851a1d" />
    <TestEntry testId="0c82a13a-361b-e38c-26f4-6b0045cf02b6" executionId="f95231e3-3a47-46d5-81dc-534b5d01d8d6" testListId="8c84fa94-04c1-424b-9868-57a2d4851a1d" />
    <TestEntry testId="9ccf2007-f4ab-07a3-4b07-1de9bd4897fb" executionId="c50bbee3-e047-4b81-87d3-bb6a4c1af0ec" testListId="8c84fa94-04c1-424b-9868-57a2d4851a1d" />
    <TestEntry testId="99c37b29-a8fb-2b6c-32b1-683f4e8a17cf" executionId="73ade941-9f0a-4f7b-b8c4-7555c6f8a9bd" testListId="8c84fa94-04c1-424b-9868-57a2d4851a1d" />
    <TestEntry testId="94c96022-07a3-a623-8ce7-48a760759883" executionId="d1c7a523-885a-451e-981f-74c5d6bb181e" testListId="8c84fa94-04c1-424b-9868-57a2d4851a1d" />
    <TestEntry testId="4a1c7353-1942-9bc9-4c50-b66f3d499f13" executionId="c13c1615-c753-4345-8db3-c679a239a044" testListId="8c84fa94-04c1-424b-9868-57a2d4851a1d" />
    <TestEntry testId="03f6a312-464b-acd0-c75c-ffc7d5309343" executionId="98d90b72-2474-424c-aaca-6574eb21ac33" testListId="8c84fa94-04c1-424b-9868-57a2d4851a1d" />
    <TestEntry testId="1bd3eee9-d70b-116a-84c9-178da9f99ec6" executionId="c13fd7ef-9aee-49e1-b668-91141cb63af0" testListId="8c84fa94-04c1-424b-9868-57a2d4851a1d" />
    <TestEntry testId="3cc10f75-12d5-0772-b43a-27eca641433d" executionId="77135aac-aa2a-410b-86a8-78428185dd92" testListId="8c84fa94-04c1-424b-9868-57a2d4851a1d" />
    <TestEntry testId="bba00ea3-ae88-cec1-3a15-f93b94254758" executionId="79b3b902-85cc-451c-a5df-823a2fcc8b8d" testListId="8c84fa94-04c1-424b-9868-57a2d4851a1d" />
    <TestEntry testId="e215348e-1d53-0fa1-faeb-4093795189f1" executionId="a205b72e-1fb5-4341-a7ff-f06623940804" testListId="8c84fa94-04c1-424b-9868-57a2d4851a1d" />
    <TestEntry testId="93282b54-bce4-eadf-2e0f-f3190a797262" executionId="72402846-c0e0-4110-b658-45e8da6c430c" testListId="8c84fa94-04c1-424b-9868-57a2d4851a1d" />
    <TestEntry testId="ac97bcdc-a283-de2e-d726-0ad70f40a645" executionId="67937bc5-e467-4544-b605-74aca496ad63" testListId="8c84fa94-04c1-424b-9868-57a2d4851a1d" />
    <TestEntry testId="889cee8d-15a6-b587-d04c-efdb6a39e275" executionId="bf546117-146b-40ce-907e-b73502eca71f" testListId="8c84fa94-04c1-424b-9868-57a2d4851a1d" />
    <TestEntry testId="a192ef44-f55e-22fb-56c3-7ba0417db44a" executionId="670b7360-9fdc-4422-86d2-4b7bdd1b7d65" testListId="8c84fa94-04c1-424b-9868-57a2d4851a1d" />
    <TestEntry testId="69b360a8-9ede-8b6a-ded6-eaf9897dd710" executionId="792a15a4-7c28-4e7c-865e-5e4b3c075368" testListId="8c84fa94-04c1-424b-9868-57a2d4851a1d" />
    <TestEntry testId="41da4035-f0f6-6680-cde9-d804d2f039d4" executionId="95d48d01-1862-42b3-b9e4-451c369ed004" testListId="8c84fa94-04c1-424b-9868-57a2d4851a1d" />
    <TestEntry testId="c391fdeb-9d14-1afd-aced-986cb20538aa" executionId="d8711ddc-0f13-4dd6-a1d8-b83760f35da3" testListId="8c84fa94-04c1-424b-9868-57a2d4851a1d" />
    <TestEntry testId="cd773a89-e32b-d2ee-e2a5-0766caf7f600" executionId="347c1f46-fb84-466d-aebb-37581c3836a5" testListId="8c84fa94-04c1-424b-9868-57a2d4851a1d" />
    <TestEntry testId="014f10fc-0dc5-101d-4c3e-c97a8250672d" executionId="ff68b97d-ea1e-496c-a2f2-9d8aecfc6995" testListId="8c84fa94-04c1-424b-9868-57a2d4851a1d" />
    <TestEntry testId="3e7a2dc9-fe17-25f6-0b6b-c9feaca3dfed" executionId="2027e259-7ec8-403c-9802-94cb9030ecd3" testListId="8c84fa94-04c1-424b-9868-57a2d4851a1d" />
    <TestEntry testId="2c1e57b5-5336-f3f7-aac9-df49bfb42903" executionId="d135037e-f5e0-4b87-b2b0-28430b3ea851" testListId="8c84fa94-04c1-424b-9868-57a2d4851a1d" />
    <TestEntry testId="0c801545-f657-a100-6766-402301751c17" executionId="41296c7d-9990-46aa-beac-81f818559632" testListId="8c84fa94-04c1-424b-9868-57a2d4851a1d" />
    <TestEntry testId="eea35d2b-2eb4-5b99-f697-e5d88903799a" executionId="341aaa27-501a-4cb8-a05d-a6bb4dd9aad4" testListId="8c84fa94-04c1-424b-9868-57a2d4851a1d" />
    <TestEntry testId="9478572a-3a63-3c60-50e0-227017ff501a" executionId="c18c7cfd-95c9-42f1-a453-940107f3a536" testListId="8c84fa94-04c1-424b-9868-57a2d4851a1d" />
    <TestEntry testId="d9b9a226-d972-298e-2232-555df986cf18" executionId="f0987a3d-fe5a-4e0f-9eb7-15cbd1589260" testListId="8c84fa94-04c1-424b-9868-57a2d4851a1d" />
    <TestEntry testId="ef878ae3-3bb8-a3e3-3413-cab100e5a977" executionId="098ad508-32f1-47f0-8765-332deea4ccc0" testListId="8c84fa94-04c1-424b-9868-57a2d4851a1d" />
    <TestEntry testId="fa0ec154-f3ec-878c-ffb3-af8cd605d9a4" executionId="e62d5fcf-6f95-41be-bb5d-c87743e6c66d" testListId="8c84fa94-04c1-424b-9868-57a2d4851a1d" />
    <TestEntry testId="384efe0a-b926-12ae-eef8-2ae406426158" executionId="c631cf10-f87f-4b8a-93e4-8d80ca879f69" testListId="8c84fa94-04c1-424b-9868-57a2d4851a1d" />
    <TestEntry testId="37ba2415-2ef0-264d-16f9-8e6e6d4d1c80" executionId="cb923041-c0cf-4c73-8beb-07171125b5c8" testListId="8c84fa94-04c1-424b-9868-57a2d4851a1d" />
    <TestEntry testId="a725b48a-1658-1afd-b806-97b10bf75e78" executionId="c7e717cb-e24c-4ec4-aa39-89dc9d5aa932" testListId="8c84fa94-04c1-424b-9868-57a2d4851a1d" />
    <TestEntry testId="f0bc1880-6657-6d71-520b-ea711aa68609" executionId="bc1b7175-d60b-4f38-9b1c-e7bcf012b4d5" testListId="8c84fa94-04c1-424b-9868-57a2d4851a1d" />
    <TestEntry testId="d9d08132-2e6d-0e46-6212-cb2965c97c72" executionId="2865204e-3ba3-4ff7-8bfd-e03f90fa6ed2" testListId="8c84fa94-04c1-424b-9868-57a2d4851a1d" />
    <TestEntry testId="f96faa35-606a-eb00-ccfc-66f38c4d0d77" executionId="6df381a5-5dce-472a-86e0-db7fefa56a69" testListId="8c84fa94-04c1-424b-9868-57a2d4851a1d" />
    <TestEntry testId="e2c401b4-5798-f440-81c2-e76f812b8045" executionId="418bddda-0ab1-4a96-b710-d461c6fd1691" testListId="8c84fa94-04c1-424b-9868-57a2d4851a1d" />
  </TestEntries>
  <TestLists>
    <TestList name="Results Not in a List" id="8c84fa94-04c1-424b-9868-57a2d4851a1d" />
    <TestList name="All Loaded Results" id="19431567-8539-422a-85d7-44ee4e166bda" />
  </TestLists>
  <ResultSummary outcome="Completed">
    <Counters total="113" executed="113" passed="113" failed="0" error="0" timeout="0" aborted="0" inconclusive="0" passedButRunAborted="0" notRunnable="0" notExecuted="0" disconnected="0" warning="0" completed="0" inProgress="0" pending="0" />
    <Output>
      <StdOut>[xUnit.net 00:00:00.00] xUnit.net VSTest Adapter v2.8.2+699d445a1a (64-bit .NET 9.0.8)&#xD;
[xUnit.net 00:00:00.72]   Discovering: ShopFlow.Application.Tests&#xD;
[xUnit.net 00:00:00.79]   Discovered:  ShopFlow.Application.Tests&#xD;
[xUnit.net 00:00:00.79]   Starting:    ShopFlow.Application.Tests&#xD;
[xUnit.net 00:00:01.89]   Finished:    ShopFlow.Application.Tests&#xD;
</StdOut>
    </Output>
  </ResultSummary>
</TestRun>